[0.734s] DEBUG:colcon:Command line arguments: ['/usr/bin/colcon', 'build', '--packages-select', 'color_filter_pkg']
[0.734s] DEBUG:colcon:Parsed command line arguments: Namespace(allow_overriding=[], ament_cmake_args=None, base_paths=['.'], build_base='build', catkin_cmake_args=None, catkin_skip_building_tests=False, cmake_args=None, cmake_clean_cache=False, cmake_clean_first=False, cmake_force_configure=False, cmake_target=None, cmake_target_skip_unavailable=False, continue_on_error=False, event_handlers=None, executor='parallel', ignore_user_meta=False, install_base='install', log_base=None, log_level=None, main=<bound method BuildVerb.main of <colcon_core.verb.build.BuildVerb object at 0x7f7f9ca06100>>, merge_install=False, metas=['./colcon.meta'], packages_above=None, packages_above_and_dependencies=None, packages_above_depth=None, packages_end=None, packages_ignore=None, packages_ignore_regex=None, packages_select=['color_filter_pkg'], packages_select_build_failed=False, packages_select_by_dep=None, packages_select_regex=None, packages_select_test_failures=False, packages_skip=None, packages_skip_build_finished=False, packages_skip_by_dep=None, packages_skip_regex=None, packages_skip_test_passed=False, packages_skip_up_to=None, packages_start=None, packages_up_to=None, packages_up_to_regex=None, parallel_workers=2, paths=None, symlink_install=False, test_result_base=None, verb_extension=<colcon_core.verb.build.BuildVerb object at 0x7f7f9ca06100>, verb_name='build', verb_parser=<colcon_defaults.argument_parser.defaults.DefaultArgumentsDecorator object at 0x7f7f9ca06640>)
[0.848s] Level 1:colcon.colcon_core.package_discovery:discover_packages(colcon_meta) check parameters
[0.848s] Level 1:colcon.colcon_core.package_discovery:discover_packages(recursive) check parameters
[0.848s] Level 1:colcon.colcon_core.package_discovery:discover_packages(ignore) check parameters
[0.848s] Level 1:colcon.colcon_core.package_discovery:discover_packages(path) check parameters
[0.849s] Level 1:colcon.colcon_core.package_discovery:discover_packages(colcon_meta) discover
[0.849s] Level 1:colcon.colcon_core.package_discovery:discover_packages(recursive) discover
[0.849s] INFO:colcon.colcon_core.package_discovery:Crawling recursively for packages in '/root/deepracer_ws/color-detection-project/color_detection_ws'
[0.849s] Level 1:colcon.colcon_core.package_identification:_identify(.) by extensions ['ignore', 'ignore_ament_install']
[0.850s] Level 1:colcon.colcon_core.package_identification:_identify(.) by extension 'ignore'
[0.850s] Level 1:colcon.colcon_core.package_identification:_identify(.) by extension 'ignore_ament_install'
[0.850s] Level 1:colcon.colcon_core.package_identification:_identify(.) by extensions ['colcon_pkg']
[0.850s] Level 1:colcon.colcon_core.package_identification:_identify(.) by extension 'colcon_pkg'
[0.850s] Level 1:colcon.colcon_core.package_identification:_identify(.) by extensions ['colcon_meta']
[0.851s] Level 1:colcon.colcon_core.package_identification:_identify(.) by extension 'colcon_meta'
[0.851s] Level 1:colcon.colcon_core.package_identification:_identify(.) by extensions ['ros']
[0.851s] Level 1:colcon.colcon_core.package_identification:_identify(.) by extension 'ros'
[0.892s] Level 1:colcon.colcon_core.package_identification:_identify(.) by extensions ['cmake', 'python']
[0.892s] Level 1:colcon.colcon_core.package_identification:_identify(.) by extension 'cmake'
[0.893s] Level 1:colcon.colcon_core.package_identification:_identify(.) by extension 'python'
[0.893s] Level 1:colcon.colcon_core.package_identification:_identify(.) by extensions ['python_setup_py']
[0.893s] Level 1:colcon.colcon_core.package_identification:_identify(.) by extension 'python_setup_py'
[0.893s] Level 1:colcon.colcon_core.package_identification:_identify(build) by extensions ['ignore', 'ignore_ament_install']
[0.894s] Level 1:colcon.colcon_core.package_identification:_identify(build) by extension 'ignore'
[0.894s] Level 1:colcon.colcon_core.package_identification:_identify(build) ignored
[0.894s] Level 1:colcon.colcon_core.package_identification:_identify(install) by extensions ['ignore', 'ignore_ament_install']
[0.895s] Level 1:colcon.colcon_core.package_identification:_identify(install) by extension 'ignore'
[0.895s] Level 1:colcon.colcon_core.package_identification:_identify(install) ignored
[0.896s] Level 1:colcon.colcon_core.package_identification:_identify(log) by extensions ['ignore', 'ignore_ament_install']
[0.896s] Level 1:colcon.colcon_core.package_identification:_identify(log) by extension 'ignore'
[0.896s] Level 1:colcon.colcon_core.package_identification:_identify(log) ignored
[0.896s] Level 1:colcon.colcon_core.package_identification:_identify(src) by extensions ['ignore', 'ignore_ament_install']
[0.897s] Level 1:colcon.colcon_core.package_identification:_identify(src) by extension 'ignore'
[0.897s] Level 1:colcon.colcon_core.package_identification:_identify(src) by extension 'ignore_ament_install'
[0.897s] Level 1:colcon.colcon_core.package_identification:_identify(src) by extensions ['colcon_pkg']
[0.897s] Level 1:colcon.colcon_core.package_identification:_identify(src) by extension 'colcon_pkg'
[0.898s] Level 1:colcon.colcon_core.package_identification:_identify(src) by extensions ['colcon_meta']
[0.898s] Level 1:colcon.colcon_core.package_identification:_identify(src) by extension 'colcon_meta'
[0.898s] Level 1:colcon.colcon_core.package_identification:_identify(src) by extensions ['ros']
[0.898s] Level 1:colcon.colcon_core.package_identification:_identify(src) by extension 'ros'
[0.898s] Level 1:colcon.colcon_core.package_identification:_identify(src) by extensions ['cmake', 'python']
[0.898s] Level 1:colcon.colcon_core.package_identification:_identify(src) by extension 'cmake'
[0.899s] Level 1:colcon.colcon_core.package_identification:_identify(src) by extension 'python'
[0.899s] Level 1:colcon.colcon_core.package_identification:_identify(src) by extensions ['python_setup_py']
[0.899s] Level 1:colcon.colcon_core.package_identification:_identify(src) by extension 'python_setup_py'
[0.899s] Level 1:colcon.colcon_core.package_identification:_identify(src/color_filter_pkg) by extensions ['ignore', 'ignore_ament_install']
[0.900s] Level 1:colcon.colcon_core.package_identification:_identify(src/color_filter_pkg) by extension 'ignore'
[0.900s] Level 1:colcon.colcon_core.package_identification:_identify(src/color_filter_pkg) by extension 'ignore_ament_install'
[0.900s] Level 1:colcon.colcon_core.package_identification:_identify(src/color_filter_pkg) by extensions ['colcon_pkg']
[0.900s] Level 1:colcon.colcon_core.package_identification:_identify(src/color_filter_pkg) by extension 'colcon_pkg'
[0.900s] Level 1:colcon.colcon_core.package_identification:_identify(src/color_filter_pkg) by extensions ['colcon_meta']
[0.901s] Level 1:colcon.colcon_core.package_identification:_identify(src/color_filter_pkg) by extension 'colcon_meta'
[0.901s] Level 1:colcon.colcon_core.package_identification:_identify(src/color_filter_pkg) by extensions ['ros']
[0.901s] Level 1:colcon.colcon_core.package_identification:_identify(src/color_filter_pkg) by extension 'ros'
[0.913s] DEBUG:colcon.colcon_core.package_identification:Package 'src/color_filter_pkg' with type 'ros.ament_python' and name 'color_filter_pkg'
[0.914s] Level 1:colcon.colcon_core.package_identification:_identify(src/color_interfaces) by extensions ['ignore', 'ignore_ament_install']
[0.914s] Level 1:colcon.colcon_core.package_identification:_identify(src/color_interfaces) by extension 'ignore'
[0.914s] Level 1:colcon.colcon_core.package_identification:_identify(src/color_interfaces) by extension 'ignore_ament_install'
[0.914s] Level 1:colcon.colcon_core.package_identification:_identify(src/color_interfaces) by extensions ['colcon_pkg']
[0.915s] Level 1:colcon.colcon_core.package_identification:_identify(src/color_interfaces) by extension 'colcon_pkg'
[0.915s] Level 1:colcon.colcon_core.package_identification:_identify(src/color_interfaces) by extensions ['colcon_meta']
[0.915s] Level 1:colcon.colcon_core.package_identification:_identify(src/color_interfaces) by extension 'colcon_meta'
[0.915s] Level 1:colcon.colcon_core.package_identification:_identify(src/color_interfaces) by extensions ['ros']
[0.915s] Level 1:colcon.colcon_core.package_identification:_identify(src/color_interfaces) by extension 'ros'
[0.917s] DEBUG:colcon.colcon_core.package_identification:Package 'src/color_interfaces' with type 'ros.ament_cmake' and name 'color_interfaces'
[0.918s] Level 1:colcon.colcon_core.package_identification:_identify(src/led_color_pkg) by extensions ['ignore', 'ignore_ament_install']
[0.918s] Level 1:colcon.colcon_core.package_identification:_identify(src/led_color_pkg) by extension 'ignore'
[0.919s] Level 1:colcon.colcon_core.package_identification:_identify(src/led_color_pkg) by extension 'ignore_ament_install'
[0.919s] Level 1:colcon.colcon_core.package_identification:_identify(src/led_color_pkg) by extensions ['colcon_pkg']
[0.919s] Level 1:colcon.colcon_core.package_identification:_identify(src/led_color_pkg) by extension 'colcon_pkg'
[0.919s] Level 1:colcon.colcon_core.package_identification:_identify(src/led_color_pkg) by extensions ['colcon_meta']
[0.919s] Level 1:colcon.colcon_core.package_identification:_identify(src/led_color_pkg) by extension 'colcon_meta'
[0.919s] Level 1:colcon.colcon_core.package_identification:_identify(src/led_color_pkg) by extensions ['ros']
[0.920s] Level 1:colcon.colcon_core.package_identification:_identify(src/led_color_pkg) by extension 'ros'
[0.922s] DEBUG:colcon.colcon_core.package_identification:Package 'src/led_color_pkg' with type 'ros.ament_python' and name 'led_color_pkg'
[0.922s] Level 1:colcon.colcon_core.package_identification:_identify(src/navigation_pkg) by extensions ['ignore', 'ignore_ament_install']
[0.923s] Level 1:colcon.colcon_core.package_identification:_identify(src/navigation_pkg) by extension 'ignore'
[0.923s] Level 1:colcon.colcon_core.package_identification:_identify(src/navigation_pkg) by extension 'ignore_ament_install'
[0.923s] Level 1:colcon.colcon_core.package_identification:_identify(src/navigation_pkg) by extensions ['colcon_pkg']
[0.923s] Level 1:colcon.colcon_core.package_identification:_identify(src/navigation_pkg) by extension 'colcon_pkg'
[0.924s] Level 1:colcon.colcon_core.package_identification:_identify(src/navigation_pkg) by extensions ['colcon_meta']
[0.924s] Level 1:colcon.colcon_core.package_identification:_identify(src/navigation_pkg) by extension 'colcon_meta'
[0.924s] Level 1:colcon.colcon_core.package_identification:_identify(src/navigation_pkg) by extensions ['ros']
[0.924s] Level 1:colcon.colcon_core.package_identification:_identify(src/navigation_pkg) by extension 'ros'
[0.926s] DEBUG:colcon.colcon_core.package_identification:Package 'src/navigation_pkg' with type 'ros.ament_python' and name 'navigation_pkg'
[0.927s] Level 1:colcon.colcon_core.package_discovery:discover_packages(recursive) using defaults
[0.927s] Level 1:colcon.colcon_core.package_discovery:discover_packages(ignore) discover
[0.927s] Level 1:colcon.colcon_core.package_discovery:discover_packages(ignore) using defaults
[0.927s] Level 1:colcon.colcon_core.package_discovery:discover_packages(path) discover
[0.927s] Level 1:colcon.colcon_core.package_discovery:discover_packages(path) using defaults
[1.006s] INFO:colcon.colcon_core.package_selection:Skipping not selected package 'color_interfaces' in 'src/color_interfaces'
[1.007s] INFO:colcon.colcon_core.package_selection:Skipping not selected package 'led_color_pkg' in 'src/led_color_pkg'
[1.007s] INFO:colcon.colcon_core.package_selection:Skipping not selected package 'navigation_pkg' in 'src/navigation_pkg'
[1.010s] Level 1:colcon.colcon_core.package_discovery:discover_packages(prefix_path) check parameters
[1.010s] Level 1:colcon.colcon_core.package_discovery:discover_packages(prefix_path) discover
[1.030s] DEBUG:colcon.colcon_installed_package_information.package_discovery:Found 5 installed packages in /root/deepracer_ws/video_filtering_project/video_filtering_ws/install
[1.037s] DEBUG:colcon.colcon_installed_package_information.package_discovery:Found 19 installed packages in /opt/aws/deepracer/lib
[1.041s] Level 1:colcon.colcon_core.package_discovery:discover_packages(prefix_path) using defaults
[1.067s] Level 5:colcon.colcon_core.verb:set package 'color_filter_pkg' build argument 'cmake_args' from command line to 'None'
[1.068s] Level 5:colcon.colcon_core.verb:set package 'color_filter_pkg' build argument 'cmake_target' from command line to 'None'
[1.068s] Level 5:colcon.colcon_core.verb:set package 'color_filter_pkg' build argument 'cmake_target_skip_unavailable' from command line to 'False'
[1.068s] Level 5:colcon.colcon_core.verb:set package 'color_filter_pkg' build argument 'cmake_clean_cache' from command line to 'False'
[1.068s] Level 5:colcon.colcon_core.verb:set package 'color_filter_pkg' build argument 'cmake_clean_first' from command line to 'False'
[1.068s] Level 5:colcon.colcon_core.verb:set package 'color_filter_pkg' build argument 'cmake_force_configure' from command line to 'False'
[1.068s] Level 5:colcon.colcon_core.verb:set package 'color_filter_pkg' build argument 'ament_cmake_args' from command line to 'None'
[1.068s] Level 5:colcon.colcon_core.verb:set package 'color_filter_pkg' build argument 'catkin_cmake_args' from command line to 'None'
[1.068s] Level 5:colcon.colcon_core.verb:set package 'color_filter_pkg' build argument 'catkin_skip_building_tests' from command line to 'False'
[1.068s] DEBUG:colcon.colcon_core.verb:Building package 'color_filter_pkg' with the following arguments: {'ament_cmake_args': None, 'build_base': '/root/deepracer_ws/color-detection-project/color_detection_ws/build/color_filter_pkg', 'catkin_cmake_args': None, 'catkin_skip_building_tests': False, 'cmake_args': None, 'cmake_clean_cache': False, 'cmake_clean_first': False, 'cmake_force_configure': False, 'cmake_target': None, 'cmake_target_skip_unavailable': False, 'install_base': '/root/deepracer_ws/color-detection-project/color_detection_ws/install/color_filter_pkg', 'merge_install': False, 'path': '/root/deepracer_ws/color-detection-project/color_detection_ws/src/color_filter_pkg', 'symlink_install': False, 'test_result_base': None}
[1.072s] INFO:colcon.colcon_core.executor:Executing jobs using 'parallel' executor
[1.093s] DEBUG:colcon.colcon_parallel_executor.executor.parallel:run_until_complete
[1.095s] INFO:colcon.colcon_ros.task.ament_python.build:Building ROS package in '/root/deepracer_ws/color-detection-project/color_detection_ws/src/color_filter_pkg' with build type 'ament_python'
[1.095s] Level 1:colcon.colcon_core.shell:create_environment_hook('color_filter_pkg', 'ament_prefix_path')
[1.121s] INFO:colcon.colcon_core.plugin_system:Skipping extension 'colcon_core.shell.bat': Not used on non-Windows systems
[1.122s] INFO:colcon.colcon_core.shell:Creating environment hook '/root/deepracer_ws/color-detection-project/color_detection_ws/install/color_filter_pkg/share/color_filter_pkg/hook/ament_prefix_path.ps1'
[1.124s] INFO:colcon.colcon_core.shell:Creating environment descriptor '/root/deepracer_ws/color-detection-project/color_detection_ws/install/color_filter_pkg/share/color_filter_pkg/hook/ament_prefix_path.dsv'
[1.126s] INFO:colcon.colcon_core.shell:Creating environment hook '/root/deepracer_ws/color-detection-project/color_detection_ws/install/color_filter_pkg/share/color_filter_pkg/hook/ament_prefix_path.sh'
[1.135s] INFO:colcon.colcon_core.shell:Skip shell extension 'powershell' for command environment: Not usable outside of PowerShell
[1.136s] DEBUG:colcon.colcon_core.shell:Skip shell extension 'dsv' for command environment
[1.161s] DEBUG:colcon.colcon_core.shell:Ignoring prefix path '/opt/ros/foxy'
[2.164s] INFO:colcon.colcon_core.task.python.build:Building Python package in '/root/deepracer_ws/color-detection-project/color_detection_ws/src/color_filter_pkg'
[2.173s] INFO:colcon.colcon_core.shell:Skip shell extension 'powershell' for command environment: Not usable outside of PowerShell
[2.173s] DEBUG:colcon.colcon_core.shell:Skip shell extension 'dsv' for command environment
[2.205s] DEBUG:colcon.colcon_core.shell:Ignoring prefix path '/opt/ros/foxy'
[4.023s] DEBUG:colcon.colcon_core.event_handler.log_command:Invoking command in '/root/deepracer_ws/color-detection-project/color_detection_ws/src/color_filter_pkg': PYTHONPATH=/root/deepracer_ws/color-detection-project/color_detection_ws/install/color_filter_pkg/lib/python3.8/site-packages:${PYTHONPATH} /usr/bin/python3 setup.py egg_info --egg-base ../../build/color_filter_pkg build --build-base /root/deepracer_ws/color-detection-project/color_detection_ws/build/color_filter_pkg/build install --prefix /root/deepracer_ws/color-detection-project/color_detection_ws/install/color_filter_pkg --record /root/deepracer_ws/color-detection-project/color_detection_ws/build/color_filter_pkg/install.log --single-version-externally-managed
[5.427s] DEBUG:colcon.colcon_core.event_handler.log_command:Invoked command in '/root/deepracer_ws/color-detection-project/color_detection_ws/src/color_filter_pkg' returned '0': PYTHONPATH=/root/deepracer_ws/color-detection-project/color_detection_ws/install/color_filter_pkg/lib/python3.8/site-packages:${PYTHONPATH} /usr/bin/python3 setup.py egg_info --egg-base ../../build/color_filter_pkg build --build-base /root/deepracer_ws/color-detection-project/color_detection_ws/build/color_filter_pkg/build install --prefix /root/deepracer_ws/color-detection-project/color_detection_ws/install/color_filter_pkg --record /root/deepracer_ws/color-detection-project/color_detection_ws/build/color_filter_pkg/install.log --single-version-externally-managed
[5.447s] Level 1:colcon.colcon_core.environment:checking '/root/deepracer_ws/color-detection-project/color_detection_ws/install/color_filter_pkg' for CMake module files
[5.449s] Level 1:colcon.colcon_core.environment:checking '/root/deepracer_ws/color-detection-project/color_detection_ws/install/color_filter_pkg' for CMake config files
[5.452s] Level 1:colcon.colcon_core.environment:checking '/root/deepracer_ws/color-detection-project/color_detection_ws/install/color_filter_pkg/lib'
[5.452s] Level 1:colcon.colcon_core.environment:checking '/root/deepracer_ws/color-detection-project/color_detection_ws/install/color_filter_pkg/bin'
[5.453s] Level 1:colcon.colcon_core.environment:checking '/root/deepracer_ws/color-detection-project/color_detection_ws/install/color_filter_pkg/lib/pkgconfig/color_filter_pkg.pc'
[5.454s] Level 1:colcon.colcon_core.environment:checking '/root/deepracer_ws/color-detection-project/color_detection_ws/install/color_filter_pkg/lib/python3.8/site-packages'
[5.454s] Level 1:colcon.colcon_core.shell:create_environment_hook('color_filter_pkg', 'pythonpath')
[5.461s] INFO:colcon.colcon_core.shell:Creating environment hook '/root/deepracer_ws/color-detection-project/color_detection_ws/install/color_filter_pkg/share/color_filter_pkg/hook/pythonpath.ps1'
[5.463s] INFO:colcon.colcon_core.shell:Creating environment descriptor '/root/deepracer_ws/color-detection-project/color_detection_ws/install/color_filter_pkg/share/color_filter_pkg/hook/pythonpath.dsv'
[5.464s] INFO:colcon.colcon_core.shell:Creating environment hook '/root/deepracer_ws/color-detection-project/color_detection_ws/install/color_filter_pkg/share/color_filter_pkg/hook/pythonpath.sh'
[5.466s] Level 1:colcon.colcon_core.environment:checking '/root/deepracer_ws/color-detection-project/color_detection_ws/install/color_filter_pkg/bin'
[5.467s] Level 1:colcon.colcon_core.environment:create_environment_scripts_only(color_filter_pkg)
[5.478s] INFO:colcon.colcon_core.shell:Creating package script '/root/deepracer_ws/color-detection-project/color_detection_ws/install/color_filter_pkg/share/color_filter_pkg/package.ps1'
[5.482s] INFO:colcon.colcon_core.shell:Creating package descriptor '/root/deepracer_ws/color-detection-project/color_detection_ws/install/color_filter_pkg/share/color_filter_pkg/package.dsv'
[5.485s] INFO:colcon.colcon_core.shell:Creating package script '/root/deepracer_ws/color-detection-project/color_detection_ws/install/color_filter_pkg/share/color_filter_pkg/package.sh'
[5.488s] INFO:colcon.colcon_core.shell:Creating package script '/root/deepracer_ws/color-detection-project/color_detection_ws/install/color_filter_pkg/share/color_filter_pkg/package.bash'
[5.492s] INFO:colcon.colcon_core.shell:Creating package script '/root/deepracer_ws/color-detection-project/color_detection_ws/install/color_filter_pkg/share/color_filter_pkg/package.zsh'
[5.495s] Level 1:colcon.colcon_core.environment:create_file_with_runtime_dependencies(/root/deepracer_ws/color-detection-project/color_detection_ws/install/color_filter_pkg/share/colcon-core/packages/color_filter_pkg)
[5.496s] DEBUG:colcon.colcon_parallel_executor.executor.parallel:closing loop
[5.496s] DEBUG:colcon.colcon_parallel_executor.executor.parallel:loop closed
[5.498s] DEBUG:colcon.colcon_parallel_executor.executor.parallel:run_until_complete finished with '0'
[5.499s] DEBUG:colcon.colcon_core.event_reactor:joining thread
[5.573s] INFO:colcon.colcon_core.plugin_system:Skipping extension 'colcon_notification.desktop_notification.terminal_notifier': Not used on non-Darwin systems
[5.574s] INFO:colcon.colcon_core.plugin_system:Skipping extension 'colcon_notification.desktop_notification.win32': Not used on non-Windows systems
[5.574s] INFO:colcon.colcon_notification.desktop_notification:Sending desktop notification using 'notify2'
[5.592s] DEBUG:colcon.colcon_notification.desktop_notification.notify2:Failed to initialize notify2: org.freedesktop.DBus.Error.ServiceUnknown: The name org.freedesktop.Notifications was not provided by any .service files
[5.593s] DEBUG:colcon.colcon_core.event_reactor:joined thread
[5.603s] INFO:colcon.colcon_core.shell:Creating prefix script '/root/deepracer_ws/color-detection-project/color_detection_ws/install/local_setup.ps1'
[5.607s] INFO:colcon.colcon_core.shell:Creating prefix util module '/root/deepracer_ws/color-detection-project/color_detection_ws/install/_local_setup_util_ps1.py'
[5.612s] INFO:colcon.colcon_core.shell:Creating prefix chain script '/root/deepracer_ws/color-detection-project/color_detection_ws/install/setup.ps1'
[5.633s] INFO:colcon.colcon_core.shell:Creating prefix script '/root/deepracer_ws/color-detection-project/color_detection_ws/install/local_setup.sh'
[5.636s] INFO:colcon.colcon_core.shell:Creating prefix util module '/root/deepracer_ws/color-detection-project/color_detection_ws/install/_local_setup_util_sh.py'
[5.639s] INFO:colcon.colcon_core.shell:Creating prefix chain script '/root/deepracer_ws/color-detection-project/color_detection_ws/install/setup.sh'
[5.655s] INFO:colcon.colcon_core.shell:Creating prefix script '/root/deepracer_ws/color-detection-project/color_detection_ws/install/local_setup.bash'
[5.657s] INFO:colcon.colcon_core.shell:Creating prefix chain script '/root/deepracer_ws/color-detection-project/color_detection_ws/install/setup.bash'
[5.672s] INFO:colcon.colcon_core.shell:Creating prefix script '/root/deepracer_ws/color-detection-project/color_detection_ws/install/local_setup.zsh'
[5.674s] INFO:colcon.colcon_core.shell:Creating prefix chain script '/root/deepracer_ws/color-detection-project/color_detection_ws/install/setup.zsh'
