[2.893s] Invoking command in '/root/deepracer_ws/color-detection-project/color_detection_ws/src/navigation_pkg': PYTHONPATH=/root/deepracer_ws/color-detection-project/color_detection_ws/install/navigation_pkg/lib/python3.8/site-packages:${PYTHONPATH} /usr/bin/python3 setup.py egg_info --egg-base ../../build/navigation_pkg build --build-base /root/deepracer_ws/color-detection-project/color_detection_ws/build/navigation_pkg/build install --prefix /root/deepracer_ws/color-detection-project/color_detection_ws/install/navigation_pkg --record /root/deepracer_ws/color-detection-project/color_detection_ws/build/navigation_pkg/install.log --single-version-externally-managed
[3.913s] running egg_info
[3.917s] writing ../../build/navigation_pkg/navigation_pkg.egg-info/PKG-INFO
[3.918s] writing dependency_links to ../../build/navigation_pkg/navigation_pkg.egg-info/dependency_links.txt
[3.920s] writing entry points to ../../build/navigation_pkg/navigation_pkg.egg-info/entry_points.txt
[3.920s] writing requirements to ../../build/navigation_pkg/navigation_pkg.egg-info/requires.txt
[3.921s] writing top-level names to ../../build/navigation_pkg/navigation_pkg.egg-info/top_level.txt
[4.078s] reading manifest file '../../build/navigation_pkg/navigation_pkg.egg-info/SOURCES.txt'
[4.084s] writing manifest file '../../build/navigation_pkg/navigation_pkg.egg-info/SOURCES.txt'
[4.084s] running build
[4.085s] running build_py
[4.085s] copying navigation_pkg/navigation_color_node.py -> /root/deepracer_ws/color-detection-project/color_detection_ws/build/navigation_pkg/build/lib/navigation_pkg
[4.086s] running install
[4.088s] running install_lib
[4.092s] copying /root/deepracer_ws/color-detection-project/color_detection_ws/build/navigation_pkg/build/lib/navigation_pkg/navigation_color_node.py -> /root/deepracer_ws/color-detection-project/color_detection_ws/install/navigation_pkg/lib/python3.8/site-packages/navigation_pkg
[4.094s] byte-compiling /root/deepracer_ws/color-detection-project/color_detection_ws/install/navigation_pkg/lib/python3.8/site-packages/navigation_pkg/navigation_color_node.py to navigation_color_node.cpython-38.pyc
[4.100s] running install_data
[4.108s] running install_egg_info
[4.109s] removing '/root/deepracer_ws/color-detection-project/color_detection_ws/install/navigation_pkg/lib/python3.8/site-packages/navigation_pkg-0.0.0-py3.8.egg-info' (and everything under it)
[4.111s] Copying ../../build/navigation_pkg/navigation_pkg.egg-info to /root/deepracer_ws/color-detection-project/color_detection_ws/install/navigation_pkg/lib/python3.8/site-packages/navigation_pkg-0.0.0-py3.8.egg-info
[4.116s] running install_scripts
[4.211s] Installing navigation_color_node script to /root/deepracer_ws/color-detection-project/color_detection_ws/install/navigation_pkg/lib/navigation_pkg
[4.211s] writing list of installed files to '/root/deepracer_ws/color-detection-project/color_detection_ws/build/navigation_pkg/install.log'
[4.311s] Invoked command in '/root/deepracer_ws/color-detection-project/color_detection_ws/src/navigation_pkg' returned '0': PYTHONPATH=/root/deepracer_ws/color-detection-project/color_detection_ws/install/navigation_pkg/lib/python3.8/site-packages:${PYTHONPATH} /usr/bin/python3 setup.py egg_info --egg-base ../../build/navigation_pkg build --build-base /root/deepracer_ws/color-detection-project/color_detection_ws/build/navigation_pkg/build install --prefix /root/deepracer_ws/color-detection-project/color_detection_ws/install/navigation_pkg --record /root/deepracer_ws/color-detection-project/color_detection_ws/build/navigation_pkg/install.log --single-version-externally-managed
