running egg_info
creating ../../build/color_filter_pkg/color_filter_pkg.egg-info
writing ../../build/color_filter_pkg/color_filter_pkg.egg-info/PKG-INFO
writing dependency_links to ../../build/color_filter_pkg/color_filter_pkg.egg-info/dependency_links.txt
writing entry points to ../../build/color_filter_pkg/color_filter_pkg.egg-info/entry_points.txt
writing requirements to ../../build/color_filter_pkg/color_filter_pkg.egg-info/requires.txt
writing top-level names to ../../build/color_filter_pkg/color_filter_pkg.egg-info/top_level.txt
writing manifest file '../../build/color_filter_pkg/color_filter_pkg.egg-info/SOURCES.txt'
reading manifest file '../../build/color_filter_pkg/color_filter_pkg.egg-info/SOURCES.txt'
writing manifest file '../../build/color_filter_pkg/color_filter_pkg.egg-info/SOURCES.txt'
running build
running build_py
creating /root/deepracer_ws/color-detection-project/color_detection_ws/build/color_filter_pkg/build
creating /root/deepracer_ws/color-detection-project/color_detection_ws/build/color_filter_pkg/build/lib
creating /root/deepracer_ws/color-detection-project/color_detection_ws/build/color_filter_pkg/build/lib/color_filter_pkg
copying color_filter_pkg/__init__.py -> /root/deepracer_ws/color-detection-project/color_detection_ws/build/color_filter_pkg/build/lib/color_filter_pkg
copying color_filter_pkg/color_filter_node.py -> /root/deepracer_ws/color-detection-project/color_detection_ws/build/color_filter_pkg/build/lib/color_filter_pkg
running install
running install_lib
creating /root/deepracer_ws/color-detection-project/color_detection_ws/install/color_filter_pkg/lib/python3.8/site-packages/color_filter_pkg
copying /root/deepracer_ws/color-detection-project/color_detection_ws/build/color_filter_pkg/build/lib/color_filter_pkg/__init__.py -> /root/deepracer_ws/color-detection-project/color_detection_ws/install/color_filter_pkg/lib/python3.8/site-packages/color_filter_pkg
copying /root/deepracer_ws/color-detection-project/color_detection_ws/build/color_filter_pkg/build/lib/color_filter_pkg/color_filter_node.py -> /root/deepracer_ws/color-detection-project/color_detection_ws/install/color_filter_pkg/lib/python3.8/site-packages/color_filter_pkg
byte-compiling /root/deepracer_ws/color-detection-project/color_detection_ws/install/color_filter_pkg/lib/python3.8/site-packages/color_filter_pkg/__init__.py to __init__.cpython-38.pyc
byte-compiling /root/deepracer_ws/color-detection-project/color_detection_ws/install/color_filter_pkg/lib/python3.8/site-packages/color_filter_pkg/color_filter_node.py to color_filter_node.cpython-38.pyc
running install_data
creating /root/deepracer_ws/color-detection-project/color_detection_ws/install/color_filter_pkg/share
creating /root/deepracer_ws/color-detection-project/color_detection_ws/install/color_filter_pkg/share/ament_index
creating /root/deepracer_ws/color-detection-project/color_detection_ws/install/color_filter_pkg/share/ament_index/resource_index
creating /root/deepracer_ws/color-detection-project/color_detection_ws/install/color_filter_pkg/share/ament_index/resource_index/packages
copying resource/color_filter_pkg -> /root/deepracer_ws/color-detection-project/color_detection_ws/install/color_filter_pkg/share/ament_index/resource_index/packages
creating /root/deepracer_ws/color-detection-project/color_detection_ws/install/color_filter_pkg/share/color_filter_pkg
copying package.xml -> /root/deepracer_ws/color-detection-project/color_detection_ws/install/color_filter_pkg/share/color_filter_pkg
running install_egg_info
Copying ../../build/color_filter_pkg/color_filter_pkg.egg-info to /root/deepracer_ws/color-detection-project/color_detection_ws/install/color_filter_pkg/lib/python3.8/site-packages/color_filter_pkg-0.0.0-py3.8.egg-info
running install_scripts
Installing color_filter_node script to /root/deepracer_ws/color-detection-project/color_detection_ws/install/color_filter_pkg/lib/color_filter_pkg
writing list of installed files to '/root/deepracer_ws/color-detection-project/color_detection_ws/build/color_filter_pkg/install.log'
