-- Found ament_cmake: 0.9.8 (/opt/ros/foxy/share/ament_cmake/cmake)
-- Found PythonInterp: /usr/bin/python3 (found suitable version "3.8.10", minimum required is "3") 
-- Using PYTHON_EXECUTABLE: /usr/bin/python3
-- Found rosidl_default_generators: 1.0.0 (/opt/ros/foxy/share/rosidl_default_generators/cmake)
-- Using all available rosidl_typesupport_c: rosidl_typesupport_fastrtps_c;rosidl_typesupport_introspection_c
-- Found rosidl_adapter: 1.2.0 (/opt/ros/foxy/share/rosidl_adapter/cmake)
-- Using all available rosidl_typesupport_cpp: rosidl_typesupport_fastrtps_cpp;rosidl_typesupport_introspection_cpp
-- Found PythonInterp: /usr/bin/python3 (found version "3.8.10") 
-- Found ament_cmake_ros: 0.9.1 (/opt/ros/foxy/share/ament_cmake_ros/cmake)
-- Using all available rosidl_typesupport_c: rosidl_typesupport_fastrtps_c;rosidl_typesupport_introspection_c
-- Using all available rosidl_typesupport_cpp: rosidl_typesupport_fastrtps_cpp;rosidl_typesupport_introspection_cpp
-- Found PythonInterp: /usr/bin/python3 (found suitable version "3.8.10", minimum required is "3.5") 
-- Found python_cmake_module: 0.8.0 (/opt/ros/foxy/share/python_cmake_module/cmake)
-- Using PYTHON_EXECUTABLE: /usr/bin/python3
-- Using PYTHON_INCLUDE_DIRS: /usr/include/python3.8
-- Using PYTHON_LIBRARIES: /usr/lib/x86_64-linux-gnu/libpython3.8.so
-- Found ament_lint_auto: 0.9.6 (/opt/ros/foxy/share/ament_lint_auto/cmake)
-- Added test 'copyright' to check source files copyright and LICENSE
-- Added test 'lint_cmake' to check CMake code style
-- Added test 'xmllint' to check XML markup files
-- Configuring done
-- Generating done
-- Build files have been written to: /root/deepracer_ws/color-detection-project/color_detection_ws/build/color_interfaces
[35m[1mScanning dependencies of target color_interfaces__rosidl_generator_c[0m
[  3%] [32mBuilding C object CMakeFiles/color_interfaces__rosidl_generator_c.dir/rosidl_generator_c/color_interfaces/msg/detail/color_flag__functions.c.o[0m
[  6%] Built target color_interfaces__cpp
[35m[1mScanning dependencies of target color_interfaces__rosidl_typesupport_cpp[0m
[  9%] [32m[1mLinking C shared library libcolor_interfaces__rosidl_generator_c.so[0m
[ 12%] [32mBuilding CXX object CMakeFiles/color_interfaces__rosidl_typesupport_cpp.dir/rosidl_typesupport_cpp/color_interfaces/msg/color_flag__type_support.cpp.o[0m
[ 16%] Built target color_interfaces__rosidl_generator_c
[35m[1mScanning dependencies of target color_interfaces__rosidl_typesupport_fastrtps_cpp[0m
[ 19%] [32mBuilding CXX object CMakeFiles/color_interfaces__rosidl_typesupport_fastrtps_cpp.dir/rosidl_typesupport_fastrtps_cpp/color_interfaces/msg/detail/dds_fastrtps/color_flag__type_support.cpp.o[0m
[ 22%] [32m[1mLinking CXX shared library libcolor_interfaces__rosidl_typesupport_cpp.so[0m
[ 25%] Built target color_interfaces__rosidl_typesupport_cpp
[35m[1mScanning dependencies of target color_interfaces__rosidl_typesupport_introspection_c[0m
[ 29%] [32mBuilding C object CMakeFiles/color_interfaces__rosidl_typesupport_introspection_c.dir/rosidl_typesupport_introspection_c/color_interfaces/msg/detail/color_flag__type_support.c.o[0m
[ 32%] [32m[1mLinking C shared library libcolor_interfaces__rosidl_typesupport_introspection_c.so[0m
[ 35%] [32m[1mLinking CXX shared library libcolor_interfaces__rosidl_typesupport_fastrtps_cpp.so[0m
[ 38%] Built target color_interfaces__rosidl_typesupport_introspection_c
[35m[1mScanning dependencies of target color_interfaces__rosidl_typesupport_c[0m
[ 41%] [32mBuilding CXX object CMakeFiles/color_interfaces__rosidl_typesupport_c.dir/rosidl_typesupport_c/color_interfaces/msg/color_flag__type_support.cpp.o[0m
[ 45%] [32m[1mLinking CXX shared library libcolor_interfaces__rosidl_typesupport_c.so[0m
[ 48%] Built target color_interfaces__rosidl_typesupport_fastrtps_cpp
[35m[1mScanning dependencies of target color_interfaces__rosidl_typesupport_introspection_cpp[0m
[ 51%] Built target color_interfaces__rosidl_typesupport_c
[ 54%] [32mBuilding CXX object CMakeFiles/color_interfaces__rosidl_typesupport_introspection_cpp.dir/rosidl_typesupport_introspection_cpp/color_interfaces/msg/detail/color_flag__type_support.cpp.o[0m
[35m[1mScanning dependencies of target color_interfaces__rosidl_typesupport_fastrtps_c[0m
[ 58%] [32mBuilding CXX object CMakeFiles/color_interfaces__rosidl_typesupport_fastrtps_c.dir/rosidl_typesupport_fastrtps_c/color_interfaces/msg/detail/color_flag__type_support_c.cpp.o[0m
[ 61%] [32m[1mLinking CXX shared library libcolor_interfaces__rosidl_typesupport_introspection_cpp.so[0m
[ 64%] Built target color_interfaces__rosidl_typesupport_introspection_cpp
[ 67%] [32m[1mLinking CXX shared library libcolor_interfaces__rosidl_typesupport_fastrtps_c.so[0m
[ 70%] Built target color_interfaces__rosidl_typesupport_fastrtps_c
[ 70%] Built target color_interfaces
[ 74%] Built target color_interfaces__py
[35m[1mScanning dependencies of target color_interfaces__python[0m
[ 77%] [32mBuilding C object CMakeFiles/color_interfaces__python.dir/rosidl_generator_py/color_interfaces/msg/_color_flag_s.c.o[0m
[ 80%] [32m[1mLinking C shared library rosidl_generator_py/color_interfaces/libcolor_interfaces__python.so[0m
[ 80%] Built target color_interfaces__python
[35m[1mScanning dependencies of target color_interfaces__rosidl_typesupport_introspection_c__pyext[0m
[35m[1mScanning dependencies of target color_interfaces__rosidl_typesupport_c__pyext[0m
[ 83%] [32mBuilding C object CMakeFiles/color_interfaces__rosidl_typesupport_introspection_c__pyext.dir/rosidl_generator_py/color_interfaces/_color_interfaces_s.ep.rosidl_typesupport_introspection_c.c.o[0m
[ 87%] [32mBuilding C object CMakeFiles/color_interfaces__rosidl_typesupport_c__pyext.dir/rosidl_generator_py/color_interfaces/_color_interfaces_s.ep.rosidl_typesupport_c.c.o[0m
[ 90%] [32m[1mLinking C shared library rosidl_generator_py/color_interfaces/color_interfaces_s__rosidl_typesupport_c.cpython-38-x86_64-linux-gnu.so[0m
[ 93%] [32m[1mLinking C shared library rosidl_generator_py/color_interfaces/color_interfaces_s__rosidl_typesupport_introspection_c.cpython-38-x86_64-linux-gnu.so[0m
[ 93%] Built target color_interfaces__rosidl_typesupport_c__pyext
[35m[1mScanning dependencies of target color_interfaces__rosidl_typesupport_fastrtps_c__pyext[0m
[ 93%] Built target color_interfaces__rosidl_typesupport_introspection_c__pyext
[ 96%] [32mBuilding C object CMakeFiles/color_interfaces__rosidl_typesupport_fastrtps_c__pyext.dir/rosidl_generator_py/color_interfaces/_color_interfaces_s.ep.rosidl_typesupport_fastrtps_c.c.o[0m
[100%] [32m[1mLinking CXX shared library rosidl_generator_py/color_interfaces/color_interfaces_s__rosidl_typesupport_fastrtps_c.cpython-38-x86_64-linux-gnu.so[0m
[100%] Built target color_interfaces__rosidl_typesupport_fastrtps_c__pyext
-- Install configuration: ""
-- Up-to-date: /root/deepracer_ws/color-detection-project/color_detection_ws/install/color_interfaces/share/ament_index/resource_index/rosidl_interfaces/color_interfaces
-- Up-to-date: /root/deepracer_ws/color-detection-project/color_detection_ws/install/color_interfaces/include/color_interfaces
-- Up-to-date: /root/deepracer_ws/color-detection-project/color_detection_ws/install/color_interfaces/include/color_interfaces/msg
-- Up-to-date: /root/deepracer_ws/color-detection-project/color_detection_ws/install/color_interfaces/include/color_interfaces/msg/color_flag.h
-- Up-to-date: /root/deepracer_ws/color-detection-project/color_detection_ws/install/color_interfaces/include/color_interfaces/msg/detail
-- Up-to-date: /root/deepracer_ws/color-detection-project/color_detection_ws/install/color_interfaces/include/color_interfaces/msg/detail/color_flag__functions.c
-- Up-to-date: /root/deepracer_ws/color-detection-project/color_detection_ws/install/color_interfaces/include/color_interfaces/msg/detail/color_flag__functions.h
-- Up-to-date: /root/deepracer_ws/color-detection-project/color_detection_ws/install/color_interfaces/include/color_interfaces/msg/detail/color_flag__struct.h
-- Up-to-date: /root/deepracer_ws/color-detection-project/color_detection_ws/install/color_interfaces/include/color_interfaces/msg/detail/color_flag__type_support.h
-- Up-to-date: /root/deepracer_ws/color-detection-project/color_detection_ws/install/color_interfaces/include/color_interfaces/msg/rosidl_generator_c__visibility_control.h
-- Installing: /root/deepracer_ws/color-detection-project/color_detection_ws/install/color_interfaces/share/color_interfaces/environment/library_path.sh
-- Installing: /root/deepracer_ws/color-detection-project/color_detection_ws/install/color_interfaces/share/color_interfaces/environment/library_path.dsv
-- Installing: /root/deepracer_ws/color-detection-project/color_detection_ws/install/color_interfaces/lib/libcolor_interfaces__rosidl_generator_c.so
-- Set runtime path of "/root/deepracer_ws/color-detection-project/color_detection_ws/install/color_interfaces/lib/libcolor_interfaces__rosidl_generator_c.so" to ""
-- Up-to-date: /root/deepracer_ws/color-detection-project/color_detection_ws/install/color_interfaces/include/color_interfaces
-- Up-to-date: /root/deepracer_ws/color-detection-project/color_detection_ws/install/color_interfaces/include/color_interfaces/msg
-- Up-to-date: /root/deepracer_ws/color-detection-project/color_detection_ws/install/color_interfaces/include/color_interfaces/msg/detail
-- Up-to-date: /root/deepracer_ws/color-detection-project/color_detection_ws/install/color_interfaces/include/color_interfaces/msg/detail/color_flag__rosidl_typesupport_fastrtps_c.h
-- Up-to-date: /root/deepracer_ws/color-detection-project/color_detection_ws/install/color_interfaces/include/color_interfaces/msg/rosidl_typesupport_fastrtps_c__visibility_control.h
-- Installing: /root/deepracer_ws/color-detection-project/color_detection_ws/install/color_interfaces/lib/libcolor_interfaces__rosidl_typesupport_fastrtps_c.so
-- Set runtime path of "/root/deepracer_ws/color-detection-project/color_detection_ws/install/color_interfaces/lib/libcolor_interfaces__rosidl_typesupport_fastrtps_c.so" to ""
-- Up-to-date: /root/deepracer_ws/color-detection-project/color_detection_ws/install/color_interfaces/include/color_interfaces
-- Up-to-date: /root/deepracer_ws/color-detection-project/color_detection_ws/install/color_interfaces/include/color_interfaces/msg
-- Up-to-date: /root/deepracer_ws/color-detection-project/color_detection_ws/install/color_interfaces/include/color_interfaces/msg/detail
-- Up-to-date: /root/deepracer_ws/color-detection-project/color_detection_ws/install/color_interfaces/include/color_interfaces/msg/detail/color_flag__rosidl_typesupport_fastrtps_cpp.hpp
-- Installing: /root/deepracer_ws/color-detection-project/color_detection_ws/install/color_interfaces/include/color_interfaces/msg/detail/dds_fastrtps
-- Up-to-date: /root/deepracer_ws/color-detection-project/color_detection_ws/install/color_interfaces/include/color_interfaces/msg/rosidl_typesupport_fastrtps_cpp__visibility_control.h
-- Installing: /root/deepracer_ws/color-detection-project/color_detection_ws/install/color_interfaces/lib/libcolor_interfaces__rosidl_typesupport_fastrtps_cpp.so
-- Set runtime path of "/root/deepracer_ws/color-detection-project/color_detection_ws/install/color_interfaces/lib/libcolor_interfaces__rosidl_typesupport_fastrtps_cpp.so" to ""
-- Up-to-date: /root/deepracer_ws/color-detection-project/color_detection_ws/install/color_interfaces/include/color_interfaces
-- Up-to-date: /root/deepracer_ws/color-detection-project/color_detection_ws/install/color_interfaces/include/color_interfaces/msg
-- Up-to-date: /root/deepracer_ws/color-detection-project/color_detection_ws/install/color_interfaces/include/color_interfaces/msg/detail
-- Up-to-date: /root/deepracer_ws/color-detection-project/color_detection_ws/install/color_interfaces/include/color_interfaces/msg/detail/color_flag__rosidl_typesupport_introspection_c.h
-- Up-to-date: /root/deepracer_ws/color-detection-project/color_detection_ws/install/color_interfaces/include/color_interfaces/msg/detail/color_flag__type_support.c
-- Up-to-date: /root/deepracer_ws/color-detection-project/color_detection_ws/install/color_interfaces/include/color_interfaces/msg/rosidl_typesupport_introspection_c__visibility_control.h
-- Installing: /root/deepracer_ws/color-detection-project/color_detection_ws/install/color_interfaces/lib/libcolor_interfaces__rosidl_typesupport_introspection_c.so
-- Set runtime path of "/root/deepracer_ws/color-detection-project/color_detection_ws/install/color_interfaces/lib/libcolor_interfaces__rosidl_typesupport_introspection_c.so" to ""
-- Installing: /root/deepracer_ws/color-detection-project/color_detection_ws/install/color_interfaces/lib/libcolor_interfaces__rosidl_typesupport_c.so
-- Set runtime path of "/root/deepracer_ws/color-detection-project/color_detection_ws/install/color_interfaces/lib/libcolor_interfaces__rosidl_typesupport_c.so" to ""
-- Up-to-date: /root/deepracer_ws/color-detection-project/color_detection_ws/install/color_interfaces/include/color_interfaces
-- Up-to-date: /root/deepracer_ws/color-detection-project/color_detection_ws/install/color_interfaces/include/color_interfaces/msg
-- Up-to-date: /root/deepracer_ws/color-detection-project/color_detection_ws/install/color_interfaces/include/color_interfaces/msg/color_flag.hpp
-- Up-to-date: /root/deepracer_ws/color-detection-project/color_detection_ws/install/color_interfaces/include/color_interfaces/msg/detail
-- Up-to-date: /root/deepracer_ws/color-detection-project/color_detection_ws/install/color_interfaces/include/color_interfaces/msg/detail/color_flag__builder.hpp
-- Up-to-date: /root/deepracer_ws/color-detection-project/color_detection_ws/install/color_interfaces/include/color_interfaces/msg/detail/color_flag__struct.hpp
-- Up-to-date: /root/deepracer_ws/color-detection-project/color_detection_ws/install/color_interfaces/include/color_interfaces/msg/detail/color_flag__traits.hpp
-- Up-to-date: /root/deepracer_ws/color-detection-project/color_detection_ws/install/color_interfaces/include/color_interfaces
-- Up-to-date: /root/deepracer_ws/color-detection-project/color_detection_ws/install/color_interfaces/include/color_interfaces/msg
-- Up-to-date: /root/deepracer_ws/color-detection-project/color_detection_ws/install/color_interfaces/include/color_interfaces/msg/detail
-- Up-to-date: /root/deepracer_ws/color-detection-project/color_detection_ws/install/color_interfaces/include/color_interfaces/msg/detail/color_flag__rosidl_typesupport_introspection_cpp.hpp
-- Up-to-date: /root/deepracer_ws/color-detection-project/color_detection_ws/install/color_interfaces/include/color_interfaces/msg/detail/color_flag__type_support.cpp
-- Installing: /root/deepracer_ws/color-detection-project/color_detection_ws/install/color_interfaces/lib/libcolor_interfaces__rosidl_typesupport_introspection_cpp.so
-- Set runtime path of "/root/deepracer_ws/color-detection-project/color_detection_ws/install/color_interfaces/lib/libcolor_interfaces__rosidl_typesupport_introspection_cpp.so" to ""
-- Installing: /root/deepracer_ws/color-detection-project/color_detection_ws/install/color_interfaces/lib/libcolor_interfaces__rosidl_typesupport_cpp.so
-- Set runtime path of "/root/deepracer_ws/color-detection-project/color_detection_ws/install/color_interfaces/lib/libcolor_interfaces__rosidl_typesupport_cpp.so" to ""
-- Up-to-date: /root/deepracer_ws/color-detection-project/color_detection_ws/install/color_interfaces/share/color_interfaces/environment/pythonpath.sh
-- Installing: /root/deepracer_ws/color-detection-project/color_detection_ws/install/color_interfaces/share/color_interfaces/environment/pythonpath.dsv
-- Installing: /root/deepracer_ws/color-detection-project/color_detection_ws/install/color_interfaces/lib/python3.8/site-packages/color_interfaces/__init__.py
Compiling '/root/deepracer_ws/color-detection-project/color_detection_ws/install/color_interfaces/lib/python3.8/site-packages/color_interfaces/__init__.py'...
-- Up-to-date: /root/deepracer_ws/color-detection-project/color_detection_ws/install/color_interfaces/lib/python3.8/site-packages/color_interfaces/msg
-- Up-to-date: /root/deepracer_ws/color-detection-project/color_detection_ws/install/color_interfaces/lib/python3.8/site-packages/color_interfaces/msg/__init__.py
-- Up-to-date: /root/deepracer_ws/color-detection-project/color_detection_ws/install/color_interfaces/lib/python3.8/site-packages/color_interfaces/msg/_color_flag.py
-- Up-to-date: /root/deepracer_ws/color-detection-project/color_detection_ws/install/color_interfaces/lib/python3.8/site-packages/color_interfaces/msg/_color_flag_s.c
-- Installing: /root/deepracer_ws/color-detection-project/color_detection_ws/install/color_interfaces/lib/python3.8/site-packages/color_interfaces/color_interfaces_s__rosidl_typesupport_fastrtps_c.cpython-38-x86_64-linux-gnu.so
-- Set runtime path of "/root/deepracer_ws/color-detection-project/color_detection_ws/install/color_interfaces/lib/python3.8/site-packages/color_interfaces/color_interfaces_s__rosidl_typesupport_fastrtps_c.cpython-38-x86_64-linux-gnu.so" to ""
-- Installing: /root/deepracer_ws/color-detection-project/color_detection_ws/install/color_interfaces/lib/python3.8/site-packages/color_interfaces/color_interfaces_s__rosidl_typesupport_introspection_c.cpython-38-x86_64-linux-gnu.so
-- Set runtime path of "/root/deepracer_ws/color-detection-project/color_detection_ws/install/color_interfaces/lib/python3.8/site-packages/color_interfaces/color_interfaces_s__rosidl_typesupport_introspection_c.cpython-38-x86_64-linux-gnu.so" to ""
-- Installing: /root/deepracer_ws/color-detection-project/color_detection_ws/install/color_interfaces/lib/python3.8/site-packages/color_interfaces/color_interfaces_s__rosidl_typesupport_c.cpython-38-x86_64-linux-gnu.so
-- Set runtime path of "/root/deepracer_ws/color-detection-project/color_detection_ws/install/color_interfaces/lib/python3.8/site-packages/color_interfaces/color_interfaces_s__rosidl_typesupport_c.cpython-38-x86_64-linux-gnu.so" to ""
-- Installing: /root/deepracer_ws/color-detection-project/color_detection_ws/install/color_interfaces/lib/libcolor_interfaces__python.so
-- Set runtime path of "/root/deepracer_ws/color-detection-project/color_detection_ws/install/color_interfaces/lib/libcolor_interfaces__python.so" to ""
-- Up-to-date: /root/deepracer_ws/color-detection-project/color_detection_ws/install/color_interfaces/share/color_interfaces/msg/ColorFlag.idl
-- Up-to-date: /root/deepracer_ws/color-detection-project/color_detection_ws/install/color_interfaces/share/color_interfaces/msg/ColorFlag.msg
-- Up-to-date: /root/deepracer_ws/color-detection-project/color_detection_ws/install/color_interfaces/share/ament_index/resource_index/package_run_dependencies/color_interfaces
-- Up-to-date: /root/deepracer_ws/color-detection-project/color_detection_ws/install/color_interfaces/share/ament_index/resource_index/parent_prefix_path/color_interfaces
-- Installing: /root/deepracer_ws/color-detection-project/color_detection_ws/install/color_interfaces/share/color_interfaces/environment/ament_prefix_path.sh
-- Installing: /root/deepracer_ws/color-detection-project/color_detection_ws/install/color_interfaces/share/color_interfaces/environment/ament_prefix_path.dsv
-- Installing: /root/deepracer_ws/color-detection-project/color_detection_ws/install/color_interfaces/share/color_interfaces/environment/path.sh
-- Installing: /root/deepracer_ws/color-detection-project/color_detection_ws/install/color_interfaces/share/color_interfaces/environment/path.dsv
-- Up-to-date: /root/deepracer_ws/color-detection-project/color_detection_ws/install/color_interfaces/share/color_interfaces/local_setup.bash
-- Up-to-date: /root/deepracer_ws/color-detection-project/color_detection_ws/install/color_interfaces/share/color_interfaces/local_setup.sh
-- Up-to-date: /root/deepracer_ws/color-detection-project/color_detection_ws/install/color_interfaces/share/color_interfaces/local_setup.zsh
-- Installing: /root/deepracer_ws/color-detection-project/color_detection_ws/install/color_interfaces/share/color_interfaces/local_setup.dsv
-- Installing: /root/deepracer_ws/color-detection-project/color_detection_ws/install/color_interfaces/share/color_interfaces/package.dsv
-- Up-to-date: /root/deepracer_ws/color-detection-project/color_detection_ws/install/color_interfaces/share/ament_index/resource_index/packages/color_interfaces
-- Up-to-date: /root/deepracer_ws/color-detection-project/color_detection_ws/install/color_interfaces/share/color_interfaces/cmake/color_interfaces__rosidl_generator_cExport.cmake
-- Installing: /root/deepracer_ws/color-detection-project/color_detection_ws/install/color_interfaces/share/color_interfaces/cmake/color_interfaces__rosidl_generator_cExport-noconfig.cmake
-- Up-to-date: /root/deepracer_ws/color-detection-project/color_detection_ws/install/color_interfaces/share/color_interfaces/cmake/color_interfaces__rosidl_typesupport_introspection_cExport.cmake
-- Installing: /root/deepracer_ws/color-detection-project/color_detection_ws/install/color_interfaces/share/color_interfaces/cmake/color_interfaces__rosidl_typesupport_introspection_cExport-noconfig.cmake
-- Up-to-date: /root/deepracer_ws/color-detection-project/color_detection_ws/install/color_interfaces/share/color_interfaces/cmake/color_interfaces__rosidl_typesupport_cExport.cmake
-- Installing: /root/deepracer_ws/color-detection-project/color_detection_ws/install/color_interfaces/share/color_interfaces/cmake/color_interfaces__rosidl_typesupport_cExport-noconfig.cmake
-- Up-to-date: /root/deepracer_ws/color-detection-project/color_detection_ws/install/color_interfaces/share/color_interfaces/cmake/color_interfaces__rosidl_generator_cppExport.cmake
-- Up-to-date: /root/deepracer_ws/color-detection-project/color_detection_ws/install/color_interfaces/share/color_interfaces/cmake/color_interfaces__rosidl_typesupport_introspection_cppExport.cmake
-- Installing: /root/deepracer_ws/color-detection-project/color_detection_ws/install/color_interfaces/share/color_interfaces/cmake/color_interfaces__rosidl_typesupport_introspection_cppExport-noconfig.cmake
-- Up-to-date: /root/deepracer_ws/color-detection-project/color_detection_ws/install/color_interfaces/share/color_interfaces/cmake/color_interfaces__rosidl_typesupport_cppExport.cmake
-- Installing: /root/deepracer_ws/color-detection-project/color_detection_ws/install/color_interfaces/share/color_interfaces/cmake/color_interfaces__rosidl_typesupport_cppExport-noconfig.cmake
-- Up-to-date: /root/deepracer_ws/color-detection-project/color_detection_ws/install/color_interfaces/share/color_interfaces/cmake/rosidl_cmake-extras.cmake
-- Up-to-date: /root/deepracer_ws/color-detection-project/color_detection_ws/install/color_interfaces/share/color_interfaces/cmake/ament_cmake_export_dependencies-extras.cmake
-- Up-to-date: /root/deepracer_ws/color-detection-project/color_detection_ws/install/color_interfaces/share/color_interfaces/cmake/ament_cmake_export_libraries-extras.cmake
-- Up-to-date: /root/deepracer_ws/color-detection-project/color_detection_ws/install/color_interfaces/share/color_interfaces/cmake/ament_cmake_export_targets-extras.cmake
-- Up-to-date: /root/deepracer_ws/color-detection-project/color_detection_ws/install/color_interfaces/share/color_interfaces/cmake/ament_cmake_export_include_directories-extras.cmake
-- Up-to-date: /root/deepracer_ws/color-detection-project/color_detection_ws/install/color_interfaces/share/color_interfaces/cmake/rosidl_cmake_export_typesupport_libraries-extras.cmake
-- Up-to-date: /root/deepracer_ws/color-detection-project/color_detection_ws/install/color_interfaces/share/color_interfaces/cmake/rosidl_cmake_export_typesupport_targets-extras.cmake
-- Up-to-date: /root/deepracer_ws/color-detection-project/color_detection_ws/install/color_interfaces/share/color_interfaces/cmake/color_interfacesConfig.cmake
-- Up-to-date: /root/deepracer_ws/color-detection-project/color_detection_ws/install/color_interfaces/share/color_interfaces/cmake/color_interfacesConfig-version.cmake
-- Up-to-date: /root/deepracer_ws/color-detection-project/color_detection_ws/install/color_interfaces/share/color_interfaces/package.xml
