[1.009s] Invoking command in '/root/deepracer_ws/color-detection-project/color_detection_ws/build/color_interfaces': CMAKE_PREFIX_PATH=/opt/ros/foxy /usr/bin/cmake --build /root/deepracer_ws/color-detection-project/color_detection_ws/build/color_interfaces -- -j2 -l2
[1.098s] -- Found ament_cmake: 0.9.8 (/opt/ros/foxy/share/ament_cmake/cmake)
[1.189s] -- Found PythonInterp: /usr/bin/python3 (found suitable version "3.8.10", minimum required is "3") 
[1.190s] -- Using PYTHON_EXECUTABLE: /usr/bin/python3
[1.994s] -- Found rosidl_default_generators: 1.0.0 (/opt/ros/foxy/share/rosidl_default_generators/cmake)
[2.001s] -- Using all available rosidl_typesupport_c: rosidl_typesupport_fastrtps_c;rosidl_typesupport_introspection_c
[2.015s] -- Found rosidl_adapter: 1.2.0 (/opt/ros/foxy/share/rosidl_adapter/cmake)
[2.465s] -- Using all available rosidl_typesupport_cpp: rosidl_typesupport_fastrtps_cpp;rosidl_typesupport_introspection_cpp
[2.637s] -- Found PythonInterp: /usr/bin/python3 (found version "3.8.10") 
[3.055s] -- Found ament_cmake_ros: 0.9.1 (/opt/ros/foxy/share/ament_cmake_ros/cmake)
[3.349s] -- Using all available rosidl_typesupport_c: rosidl_typesupport_fastrtps_c;rosidl_typesupport_introspection_c
[3.373s] -- Using all available rosidl_typesupport_cpp: rosidl_typesupport_fastrtps_cpp;rosidl_typesupport_introspection_cpp
[3.455s] -- Found PythonInterp: /usr/bin/python3 (found suitable version "3.8.10", minimum required is "3.5") 
[3.456s] -- Found python_cmake_module: 0.8.0 (/opt/ros/foxy/share/python_cmake_module/cmake)
[3.545s] -- Using PYTHON_EXECUTABLE: /usr/bin/python3
[3.545s] -- Using PYTHON_INCLUDE_DIRS: /usr/include/python3.8
[3.546s] -- Using PYTHON_LIBRARIES: /usr/lib/x86_64-linux-gnu/libpython3.8.so
[3.590s] -- Found ament_lint_auto: 0.9.6 (/opt/ros/foxy/share/ament_lint_auto/cmake)
[3.646s] -- Added test 'copyright' to check source files copyright and LICENSE
[3.648s] -- Added test 'lint_cmake' to check CMake code style
[3.652s] -- Added test 'xmllint' to check XML markup files
[3.665s] -- Configuring done
[3.777s] -- Generating done
[3.785s] -- Build files have been written to: /root/deepracer_ws/color-detection-project/color_detection_ws/build/color_interfaces
[3.867s] [35m[1mScanning dependencies of target color_interfaces__rosidl_generator_c[0m
[3.900s] [  3%] [32mBuilding C object CMakeFiles/color_interfaces__rosidl_generator_c.dir/rosidl_generator_c/color_interfaces/msg/detail/color_flag__functions.c.o[0m
[3.975s] [  6%] Built target color_interfaces__cpp
[4.038s] [35m[1mScanning dependencies of target color_interfaces__rosidl_typesupport_cpp[0m
[4.068s] [  9%] [32m[1mLinking C shared library libcolor_interfaces__rosidl_generator_c.so[0m
[4.119s] [ 12%] [32mBuilding CXX object CMakeFiles/color_interfaces__rosidl_typesupport_cpp.dir/rosidl_typesupport_cpp/color_interfaces/msg/color_flag__type_support.cpp.o[0m
[4.229s] [ 16%] Built target color_interfaces__rosidl_generator_c
[4.258s] [35m[1mScanning dependencies of target color_interfaces__rosidl_typesupport_fastrtps_cpp[0m
[4.345s] [ 19%] [32mBuilding CXX object CMakeFiles/color_interfaces__rosidl_typesupport_fastrtps_cpp.dir/rosidl_typesupport_fastrtps_cpp/color_interfaces/msg/detail/dds_fastrtps/color_flag__type_support.cpp.o[0m
[6.139s] [ 22%] [32m[1mLinking CXX shared library libcolor_interfaces__rosidl_typesupport_cpp.so[0m
[6.347s] [ 25%] Built target color_interfaces__rosidl_typesupport_cpp
[6.432s] [35m[1mScanning dependencies of target color_interfaces__rosidl_typesupport_introspection_c[0m
[6.514s] [ 29%] [32mBuilding C object CMakeFiles/color_interfaces__rosidl_typesupport_introspection_c.dir/rosidl_typesupport_introspection_c/color_interfaces/msg/detail/color_flag__type_support.c.o[0m
[6.747s] [ 32%] [32m[1mLinking C shared library libcolor_interfaces__rosidl_typesupport_introspection_c.so[0m
[6.830s] [ 35%] [32m[1mLinking CXX shared library libcolor_interfaces__rosidl_typesupport_fastrtps_cpp.so[0m
[6.900s] [ 38%] Built target color_interfaces__rosidl_typesupport_introspection_c
[6.990s] [35m[1mScanning dependencies of target color_interfaces__rosidl_typesupport_c[0m
[7.090s] [ 41%] [32mBuilding CXX object CMakeFiles/color_interfaces__rosidl_typesupport_c.dir/rosidl_typesupport_c/color_interfaces/msg/color_flag__type_support.cpp.o[0m
[7.288s] [ 45%] [32m[1mLinking CXX shared library libcolor_interfaces__rosidl_typesupport_c.so[0m
[7.406s] [ 48%] Built target color_interfaces__rosidl_typesupport_fastrtps_cpp
[7.439s] [35m[1mScanning dependencies of target color_interfaces__rosidl_typesupport_introspection_cpp[0m
[7.459s] [ 51%] Built target color_interfaces__rosidl_typesupport_c
[7.474s] [ 54%] [32mBuilding CXX object CMakeFiles/color_interfaces__rosidl_typesupport_introspection_cpp.dir/rosidl_typesupport_introspection_cpp/color_interfaces/msg/detail/color_flag__type_support.cpp.o[0m
[7.534s] [35m[1mScanning dependencies of target color_interfaces__rosidl_typesupport_fastrtps_c[0m
[7.603s] [ 58%] [32mBuilding CXX object CMakeFiles/color_interfaces__rosidl_typesupport_fastrtps_c.dir/rosidl_typesupport_fastrtps_c/color_interfaces/msg/detail/color_flag__type_support_c.cpp.o[0m
[9.297s] [ 61%] [32m[1mLinking CXX shared library libcolor_interfaces__rosidl_typesupport_introspection_cpp.so[0m
[9.599s] [ 64%] Built target color_interfaces__rosidl_typesupport_introspection_cpp
[9.622s] [ 67%] [32m[1mLinking CXX shared library libcolor_interfaces__rosidl_typesupport_fastrtps_c.so[0m
[10.007s] [ 70%] Built target color_interfaces__rosidl_typesupport_fastrtps_c
[10.066s] [ 70%] Built target color_interfaces
[10.119s] [ 74%] Built target color_interfaces__py
[10.149s] [35m[1mScanning dependencies of target color_interfaces__python[0m
[10.207s] [ 77%] [32mBuilding C object CMakeFiles/color_interfaces__python.dir/rosidl_generator_py/color_interfaces/msg/_color_flag_s.c.o[0m
[10.520s] [ 80%] [32m[1mLinking C shared library rosidl_generator_py/color_interfaces/libcolor_interfaces__python.so[0m
[10.663s] [ 80%] Built target color_interfaces__python
[10.711s] [35m[1mScanning dependencies of target color_interfaces__rosidl_typesupport_introspection_c__pyext[0m
[10.734s] [35m[1mScanning dependencies of target color_interfaces__rosidl_typesupport_c__pyext[0m
[10.800s] [ 83%] [32mBuilding C object CMakeFiles/color_interfaces__rosidl_typesupport_introspection_c__pyext.dir/rosidl_generator_py/color_interfaces/_color_interfaces_s.ep.rosidl_typesupport_introspection_c.c.o[0m
[10.825s] [ 87%] [32mBuilding C object CMakeFiles/color_interfaces__rosidl_typesupport_c__pyext.dir/rosidl_generator_py/color_interfaces/_color_interfaces_s.ep.rosidl_typesupport_c.c.o[0m
[11.295s] [ 90%] [32m[1mLinking C shared library rosidl_generator_py/color_interfaces/color_interfaces_s__rosidl_typesupport_c.cpython-38-x86_64-linux-gnu.so[0m
[11.415s] [ 93%] [32m[1mLinking C shared library rosidl_generator_py/color_interfaces/color_interfaces_s__rosidl_typesupport_introspection_c.cpython-38-x86_64-linux-gnu.so[0m
[11.600s] [ 93%] Built target color_interfaces__rosidl_typesupport_c__pyext
[11.665s] [35m[1mScanning dependencies of target color_interfaces__rosidl_typesupport_fastrtps_c__pyext[0m
[11.752s] [ 93%] Built target color_interfaces__rosidl_typesupport_introspection_c__pyext
[11.835s] [ 96%] [32mBuilding C object CMakeFiles/color_interfaces__rosidl_typesupport_fastrtps_c__pyext.dir/rosidl_generator_py/color_interfaces/_color_interfaces_s.ep.rosidl_typesupport_fastrtps_c.c.o[0m
[12.247s] [100%] [32m[1mLinking CXX shared library rosidl_generator_py/color_interfaces/color_interfaces_s__rosidl_typesupport_fastrtps_c.cpython-38-x86_64-linux-gnu.so[0m
[12.452s] [100%] Built target color_interfaces__rosidl_typesupport_fastrtps_c__pyext
[12.485s] Invoked command in '/root/deepracer_ws/color-detection-project/color_detection_ws/build/color_interfaces' returned '0': CMAKE_PREFIX_PATH=/opt/ros/foxy /usr/bin/cmake --build /root/deepracer_ws/color-detection-project/color_detection_ws/build/color_interfaces -- -j2 -l2
[12.687s] Invoking command in '/root/deepracer_ws/color-detection-project/color_detection_ws/build/color_interfaces': CMAKE_PREFIX_PATH=/opt/ros/foxy /usr/bin/cmake --install /root/deepracer_ws/color-detection-project/color_detection_ws/build/color_interfaces
[12.719s] -- Install configuration: ""
[12.720s] -- Up-to-date: /root/deepracer_ws/color-detection-project/color_detection_ws/install/color_interfaces/share/ament_index/resource_index/rosidl_interfaces/color_interfaces
[12.720s] -- Up-to-date: /root/deepracer_ws/color-detection-project/color_detection_ws/install/color_interfaces/include/color_interfaces
[12.720s] -- Up-to-date: /root/deepracer_ws/color-detection-project/color_detection_ws/install/color_interfaces/include/color_interfaces/msg
[12.721s] -- Up-to-date: /root/deepracer_ws/color-detection-project/color_detection_ws/install/color_interfaces/include/color_interfaces/msg/color_flag.h
[12.721s] -- Up-to-date: /root/deepracer_ws/color-detection-project/color_detection_ws/install/color_interfaces/include/color_interfaces/msg/detail
[12.721s] -- Up-to-date: /root/deepracer_ws/color-detection-project/color_detection_ws/install/color_interfaces/include/color_interfaces/msg/detail/color_flag__functions.c
[12.722s] -- Up-to-date: /root/deepracer_ws/color-detection-project/color_detection_ws/install/color_interfaces/include/color_interfaces/msg/detail/color_flag__functions.h
[12.722s] -- Up-to-date: /root/deepracer_ws/color-detection-project/color_detection_ws/install/color_interfaces/include/color_interfaces/msg/detail/color_flag__struct.h
[12.723s] -- Up-to-date: /root/deepracer_ws/color-detection-project/color_detection_ws/install/color_interfaces/include/color_interfaces/msg/detail/color_flag__type_support.h
[12.723s] -- Up-to-date: /root/deepracer_ws/color-detection-project/color_detection_ws/install/color_interfaces/include/color_interfaces/msg/rosidl_generator_c__visibility_control.h
[12.723s] -- Installing: /root/deepracer_ws/color-detection-project/color_detection_ws/install/color_interfaces/share/color_interfaces/environment/library_path.sh
[12.724s] -- Installing: /root/deepracer_ws/color-detection-project/color_detection_ws/install/color_interfaces/share/color_interfaces/environment/library_path.dsv
[12.724s] -- Installing: /root/deepracer_ws/color-detection-project/color_detection_ws/install/color_interfaces/lib/libcolor_interfaces__rosidl_generator_c.so
[12.880s] -- Set runtime path of "/root/deepracer_ws/color-detection-project/color_detection_ws/install/color_interfaces/lib/libcolor_interfaces__rosidl_generator_c.so" to ""
[12.880s] -- Up-to-date: /root/deepracer_ws/color-detection-project/color_detection_ws/install/color_interfaces/include/color_interfaces
[12.881s] -- Up-to-date: /root/deepracer_ws/color-detection-project/color_detection_ws/install/color_interfaces/include/color_interfaces/msg
[12.881s] -- Up-to-date: /root/deepracer_ws/color-detection-project/color_detection_ws/install/color_interfaces/include/color_interfaces/msg/detail
[12.882s] -- Up-to-date: /root/deepracer_ws/color-detection-project/color_detection_ws/install/color_interfaces/include/color_interfaces/msg/detail/color_flag__rosidl_typesupport_fastrtps_c.h
[12.882s] -- Up-to-date: /root/deepracer_ws/color-detection-project/color_detection_ws/install/color_interfaces/include/color_interfaces/msg/rosidl_typesupport_fastrtps_c__visibility_control.h
[12.883s] -- Installing: /root/deepracer_ws/color-detection-project/color_detection_ws/install/color_interfaces/lib/libcolor_interfaces__rosidl_typesupport_fastrtps_c.so
[12.884s] -- Set runtime path of "/root/deepracer_ws/color-detection-project/color_detection_ws/install/color_interfaces/lib/libcolor_interfaces__rosidl_typesupport_fastrtps_c.so" to ""
[12.884s] -- Up-to-date: /root/deepracer_ws/color-detection-project/color_detection_ws/install/color_interfaces/include/color_interfaces
[12.884s] -- Up-to-date: /root/deepracer_ws/color-detection-project/color_detection_ws/install/color_interfaces/include/color_interfaces/msg
[12.885s] -- Up-to-date: /root/deepracer_ws/color-detection-project/color_detection_ws/install/color_interfaces/include/color_interfaces/msg/detail
[12.885s] -- Up-to-date: /root/deepracer_ws/color-detection-project/color_detection_ws/install/color_interfaces/include/color_interfaces/msg/detail/color_flag__rosidl_typesupport_fastrtps_cpp.hpp
[12.886s] -- Installing: /root/deepracer_ws/color-detection-project/color_detection_ws/install/color_interfaces/include/color_interfaces/msg/detail/dds_fastrtps
[12.886s] -- Up-to-date: /root/deepracer_ws/color-detection-project/color_detection_ws/install/color_interfaces/include/color_interfaces/msg/rosidl_typesupport_fastrtps_cpp__visibility_control.h
[12.886s] -- Installing: /root/deepracer_ws/color-detection-project/color_detection_ws/install/color_interfaces/lib/libcolor_interfaces__rosidl_typesupport_fastrtps_cpp.so
[12.888s] -- Set runtime path of "/root/deepracer_ws/color-detection-project/color_detection_ws/install/color_interfaces/lib/libcolor_interfaces__rosidl_typesupport_fastrtps_cpp.so" to ""
[12.888s] -- Up-to-date: /root/deepracer_ws/color-detection-project/color_detection_ws/install/color_interfaces/include/color_interfaces
[12.891s] -- Up-to-date: /root/deepracer_ws/color-detection-project/color_detection_ws/install/color_interfaces/include/color_interfaces/msg
[12.891s] -- Up-to-date: /root/deepracer_ws/color-detection-project/color_detection_ws/install/color_interfaces/include/color_interfaces/msg/detail
[12.891s] -- Up-to-date: /root/deepracer_ws/color-detection-project/color_detection_ws/install/color_interfaces/include/color_interfaces/msg/detail/color_flag__rosidl_typesupport_introspection_c.h
[12.892s] -- Up-to-date: /root/deepracer_ws/color-detection-project/color_detection_ws/install/color_interfaces/include/color_interfaces/msg/detail/color_flag__type_support.c
[12.893s] -- Up-to-date: /root/deepracer_ws/color-detection-project/color_detection_ws/install/color_interfaces/include/color_interfaces/msg/rosidl_typesupport_introspection_c__visibility_control.h
[12.894s] -- Installing: /root/deepracer_ws/color-detection-project/color_detection_ws/install/color_interfaces/lib/libcolor_interfaces__rosidl_typesupport_introspection_c.so
[12.896s] -- Set runtime path of "/root/deepracer_ws/color-detection-project/color_detection_ws/install/color_interfaces/lib/libcolor_interfaces__rosidl_typesupport_introspection_c.so" to ""
[12.897s] -- Installing: /root/deepracer_ws/color-detection-project/color_detection_ws/install/color_interfaces/lib/libcolor_interfaces__rosidl_typesupport_c.so
[12.898s] -- Set runtime path of "/root/deepracer_ws/color-detection-project/color_detection_ws/install/color_interfaces/lib/libcolor_interfaces__rosidl_typesupport_c.so" to ""
[12.899s] -- Up-to-date: /root/deepracer_ws/color-detection-project/color_detection_ws/install/color_interfaces/include/color_interfaces
[12.899s] -- Up-to-date: /root/deepracer_ws/color-detection-project/color_detection_ws/install/color_interfaces/include/color_interfaces/msg
[12.899s] -- Up-to-date: /root/deepracer_ws/color-detection-project/color_detection_ws/install/color_interfaces/include/color_interfaces/msg/color_flag.hpp
[12.900s] -- Up-to-date: /root/deepracer_ws/color-detection-project/color_detection_ws/install/color_interfaces/include/color_interfaces/msg/detail
[12.900s] -- Up-to-date: /root/deepracer_ws/color-detection-project/color_detection_ws/install/color_interfaces/include/color_interfaces/msg/detail/color_flag__builder.hpp
[12.900s] -- Up-to-date: /root/deepracer_ws/color-detection-project/color_detection_ws/install/color_interfaces/include/color_interfaces/msg/detail/color_flag__struct.hpp
[12.900s] -- Up-to-date: /root/deepracer_ws/color-detection-project/color_detection_ws/install/color_interfaces/include/color_interfaces/msg/detail/color_flag__traits.hpp
[12.901s] -- Up-to-date: /root/deepracer_ws/color-detection-project/color_detection_ws/install/color_interfaces/include/color_interfaces
[12.902s] -- Up-to-date: /root/deepracer_ws/color-detection-project/color_detection_ws/install/color_interfaces/include/color_interfaces/msg
[12.902s] -- Up-to-date: /root/deepracer_ws/color-detection-project/color_detection_ws/install/color_interfaces/include/color_interfaces/msg/detail
[12.902s] -- Up-to-date: /root/deepracer_ws/color-detection-project/color_detection_ws/install/color_interfaces/include/color_interfaces/msg/detail/color_flag__rosidl_typesupport_introspection_cpp.hpp
[12.903s] -- Up-to-date: /root/deepracer_ws/color-detection-project/color_detection_ws/install/color_interfaces/include/color_interfaces/msg/detail/color_flag__type_support.cpp
[12.903s] -- Installing: /root/deepracer_ws/color-detection-project/color_detection_ws/install/color_interfaces/lib/libcolor_interfaces__rosidl_typesupport_introspection_cpp.so
[12.905s] -- Set runtime path of "/root/deepracer_ws/color-detection-project/color_detection_ws/install/color_interfaces/lib/libcolor_interfaces__rosidl_typesupport_introspection_cpp.so" to ""
[12.907s] -- Installing: /root/deepracer_ws/color-detection-project/color_detection_ws/install/color_interfaces/lib/libcolor_interfaces__rosidl_typesupport_cpp.so
[12.911s] -- Set runtime path of "/root/deepracer_ws/color-detection-project/color_detection_ws/install/color_interfaces/lib/libcolor_interfaces__rosidl_typesupport_cpp.so" to ""
[12.912s] -- Up-to-date: /root/deepracer_ws/color-detection-project/color_detection_ws/install/color_interfaces/share/color_interfaces/environment/pythonpath.sh
[12.913s] -- Installing: /root/deepracer_ws/color-detection-project/color_detection_ws/install/color_interfaces/share/color_interfaces/environment/pythonpath.dsv
[12.914s] -- Installing: /root/deepracer_ws/color-detection-project/color_detection_ws/install/color_interfaces/lib/python3.8/site-packages/color_interfaces/__init__.py
[13.017s] Compiling '/root/deepracer_ws/color-detection-project/color_detection_ws/install/color_interfaces/lib/python3.8/site-packages/color_interfaces/__init__.py'...
[13.034s] -- Up-to-date: /root/deepracer_ws/color-detection-project/color_detection_ws/install/color_interfaces/lib/python3.8/site-packages/color_interfaces/msg
[13.035s] -- Up-to-date: /root/deepracer_ws/color-detection-project/color_detection_ws/install/color_interfaces/lib/python3.8/site-packages/color_interfaces/msg/__init__.py
[13.037s] -- Up-to-date: /root/deepracer_ws/color-detection-project/color_detection_ws/install/color_interfaces/lib/python3.8/site-packages/color_interfaces/msg/_color_flag.py
[13.037s] -- Up-to-date: /root/deepracer_ws/color-detection-project/color_detection_ws/install/color_interfaces/lib/python3.8/site-packages/color_interfaces/msg/_color_flag_s.c
[13.038s] -- Installing: /root/deepracer_ws/color-detection-project/color_detection_ws/install/color_interfaces/lib/python3.8/site-packages/color_interfaces/color_interfaces_s__rosidl_typesupport_fastrtps_c.cpython-38-x86_64-linux-gnu.so
[13.197s] -- Set runtime path of "/root/deepracer_ws/color-detection-project/color_detection_ws/install/color_interfaces/lib/python3.8/site-packages/color_interfaces/color_interfaces_s__rosidl_typesupport_fastrtps_c.cpython-38-x86_64-linux-gnu.so" to ""
[13.199s] -- Installing: /root/deepracer_ws/color-detection-project/color_detection_ws/install/color_interfaces/lib/python3.8/site-packages/color_interfaces/color_interfaces_s__rosidl_typesupport_introspection_c.cpython-38-x86_64-linux-gnu.so
[13.205s] -- Set runtime path of "/root/deepracer_ws/color-detection-project/color_detection_ws/install/color_interfaces/lib/python3.8/site-packages/color_interfaces/color_interfaces_s__rosidl_typesupport_introspection_c.cpython-38-x86_64-linux-gnu.so" to ""
[13.207s] -- Installing: /root/deepracer_ws/color-detection-project/color_detection_ws/install/color_interfaces/lib/python3.8/site-packages/color_interfaces/color_interfaces_s__rosidl_typesupport_c.cpython-38-x86_64-linux-gnu.so
[13.211s] -- Set runtime path of "/root/deepracer_ws/color-detection-project/color_detection_ws/install/color_interfaces/lib/python3.8/site-packages/color_interfaces/color_interfaces_s__rosidl_typesupport_c.cpython-38-x86_64-linux-gnu.so" to ""
[13.212s] -- Installing: /root/deepracer_ws/color-detection-project/color_detection_ws/install/color_interfaces/lib/libcolor_interfaces__python.so
[13.216s] -- Set runtime path of "/root/deepracer_ws/color-detection-project/color_detection_ws/install/color_interfaces/lib/libcolor_interfaces__python.so" to ""
[13.217s] -- Up-to-date: /root/deepracer_ws/color-detection-project/color_detection_ws/install/color_interfaces/share/color_interfaces/msg/ColorFlag.idl
[13.218s] -- Up-to-date: /root/deepracer_ws/color-detection-project/color_detection_ws/install/color_interfaces/share/color_interfaces/msg/ColorFlag.msg
[13.220s] -- Up-to-date: /root/deepracer_ws/color-detection-project/color_detection_ws/install/color_interfaces/share/ament_index/resource_index/package_run_dependencies/color_interfaces
[13.221s] -- Up-to-date: /root/deepracer_ws/color-detection-project/color_detection_ws/install/color_interfaces/share/ament_index/resource_index/parent_prefix_path/color_interfaces
[13.222s] -- Installing: /root/deepracer_ws/color-detection-project/color_detection_ws/install/color_interfaces/share/color_interfaces/environment/ament_prefix_path.sh
[13.223s] -- Installing: /root/deepracer_ws/color-detection-project/color_detection_ws/install/color_interfaces/share/color_interfaces/environment/ament_prefix_path.dsv
[13.225s] -- Installing: /root/deepracer_ws/color-detection-project/color_detection_ws/install/color_interfaces/share/color_interfaces/environment/path.sh
[13.226s] -- Installing: /root/deepracer_ws/color-detection-project/color_detection_ws/install/color_interfaces/share/color_interfaces/environment/path.dsv
[13.228s] -- Up-to-date: /root/deepracer_ws/color-detection-project/color_detection_ws/install/color_interfaces/share/color_interfaces/local_setup.bash
[13.229s] -- Up-to-date: /root/deepracer_ws/color-detection-project/color_detection_ws/install/color_interfaces/share/color_interfaces/local_setup.sh
[13.230s] -- Up-to-date: /root/deepracer_ws/color-detection-project/color_detection_ws/install/color_interfaces/share/color_interfaces/local_setup.zsh
[13.231s] -- Installing: /root/deepracer_ws/color-detection-project/color_detection_ws/install/color_interfaces/share/color_interfaces/local_setup.dsv
[13.233s] -- Installing: /root/deepracer_ws/color-detection-project/color_detection_ws/install/color_interfaces/share/color_interfaces/package.dsv
[13.234s] -- Up-to-date: /root/deepracer_ws/color-detection-project/color_detection_ws/install/color_interfaces/share/ament_index/resource_index/packages/color_interfaces
[13.236s] -- Up-to-date: /root/deepracer_ws/color-detection-project/color_detection_ws/install/color_interfaces/share/color_interfaces/cmake/color_interfaces__rosidl_generator_cExport.cmake
[13.237s] -- Installing: /root/deepracer_ws/color-detection-project/color_detection_ws/install/color_interfaces/share/color_interfaces/cmake/color_interfaces__rosidl_generator_cExport-noconfig.cmake
[13.239s] -- Up-to-date: /root/deepracer_ws/color-detection-project/color_detection_ws/install/color_interfaces/share/color_interfaces/cmake/color_interfaces__rosidl_typesupport_introspection_cExport.cmake
[13.240s] -- Installing: /root/deepracer_ws/color-detection-project/color_detection_ws/install/color_interfaces/share/color_interfaces/cmake/color_interfaces__rosidl_typesupport_introspection_cExport-noconfig.cmake
[13.242s] -- Up-to-date: /root/deepracer_ws/color-detection-project/color_detection_ws/install/color_interfaces/share/color_interfaces/cmake/color_interfaces__rosidl_typesupport_cExport.cmake
[13.243s] -- Installing: /root/deepracer_ws/color-detection-project/color_detection_ws/install/color_interfaces/share/color_interfaces/cmake/color_interfaces__rosidl_typesupport_cExport-noconfig.cmake
[13.245s] -- Up-to-date: /root/deepracer_ws/color-detection-project/color_detection_ws/install/color_interfaces/share/color_interfaces/cmake/color_interfaces__rosidl_generator_cppExport.cmake
[13.247s] -- Up-to-date: /root/deepracer_ws/color-detection-project/color_detection_ws/install/color_interfaces/share/color_interfaces/cmake/color_interfaces__rosidl_typesupport_introspection_cppExport.cmake
[13.248s] -- Installing: /root/deepracer_ws/color-detection-project/color_detection_ws/install/color_interfaces/share/color_interfaces/cmake/color_interfaces__rosidl_typesupport_introspection_cppExport-noconfig.cmake
[13.250s] -- Up-to-date: /root/deepracer_ws/color-detection-project/color_detection_ws/install/color_interfaces/share/color_interfaces/cmake/color_interfaces__rosidl_typesupport_cppExport.cmake
[13.252s] -- Installing: /root/deepracer_ws/color-detection-project/color_detection_ws/install/color_interfaces/share/color_interfaces/cmake/color_interfaces__rosidl_typesupport_cppExport-noconfig.cmake
[13.253s] -- Up-to-date: /root/deepracer_ws/color-detection-project/color_detection_ws/install/color_interfaces/share/color_interfaces/cmake/rosidl_cmake-extras.cmake
[13.254s] -- Up-to-date: /root/deepracer_ws/color-detection-project/color_detection_ws/install/color_interfaces/share/color_interfaces/cmake/ament_cmake_export_dependencies-extras.cmake
[13.255s] -- Up-to-date: /root/deepracer_ws/color-detection-project/color_detection_ws/install/color_interfaces/share/color_interfaces/cmake/ament_cmake_export_libraries-extras.cmake
[13.256s] -- Up-to-date: /root/deepracer_ws/color-detection-project/color_detection_ws/install/color_interfaces/share/color_interfaces/cmake/ament_cmake_export_targets-extras.cmake
[13.257s] -- Up-to-date: /root/deepracer_ws/color-detection-project/color_detection_ws/install/color_interfaces/share/color_interfaces/cmake/ament_cmake_export_include_directories-extras.cmake
[13.259s] -- Up-to-date: /root/deepracer_ws/color-detection-project/color_detection_ws/install/color_interfaces/share/color_interfaces/cmake/rosidl_cmake_export_typesupport_libraries-extras.cmake
[13.260s] -- Up-to-date: /root/deepracer_ws/color-detection-project/color_detection_ws/install/color_interfaces/share/color_interfaces/cmake/rosidl_cmake_export_typesupport_targets-extras.cmake
[13.261s] -- Up-to-date: /root/deepracer_ws/color-detection-project/color_detection_ws/install/color_interfaces/share/color_interfaces/cmake/color_interfacesConfig.cmake
[13.262s] -- Up-to-date: /root/deepracer_ws/color-detection-project/color_detection_ws/install/color_interfaces/share/color_interfaces/cmake/color_interfacesConfig-version.cmake
[13.263s] -- Up-to-date: /root/deepracer_ws/color-detection-project/color_detection_ws/install/color_interfaces/share/color_interfaces/package.xml
[13.270s] Invoked command in '/root/deepracer_ws/color-detection-project/color_detection_ws/build/color_interfaces' returned '0': CMAKE_PREFIX_PATH=/opt/ros/foxy /usr/bin/cmake --install /root/deepracer_ws/color-detection-project/color_detection_ws/build/color_interfaces
