running egg_info
creating ../../build/led_color_pkg/led_color_pkg.egg-info
writing ../../build/led_color_pkg/led_color_pkg.egg-info/PKG-INFO
writing dependency_links to ../../build/led_color_pkg/led_color_pkg.egg-info/dependency_links.txt
writing entry points to ../../build/led_color_pkg/led_color_pkg.egg-info/entry_points.txt
writing requirements to ../../build/led_color_pkg/led_color_pkg.egg-info/requires.txt
writing top-level names to ../../build/led_color_pkg/led_color_pkg.egg-info/top_level.txt
writing manifest file '../../build/led_color_pkg/led_color_pkg.egg-info/SOURCES.txt'
reading manifest file '../../build/led_color_pkg/led_color_pkg.egg-info/SOURCES.txt'
writing manifest file '../../build/led_color_pkg/led_color_pkg.egg-info/SOURCES.txt'
running build
running build_py
creating /root/deepracer_ws/color-detection-project/color_detection_ws/build/led_color_pkg/build
creating /root/deepracer_ws/color-detection-project/color_detection_ws/build/led_color_pkg/build/lib
creating /root/deepracer_ws/color-detection-project/color_detection_ws/build/led_color_pkg/build/lib/led_color_pkg
copying led_color_pkg/__init__.py -> /root/deepracer_ws/color-detection-project/color_detection_ws/build/led_color_pkg/build/lib/led_color_pkg
copying led_color_pkg/led_color_node.py -> /root/deepracer_ws/color-detection-project/color_detection_ws/build/led_color_pkg/build/lib/led_color_pkg
running install
running install_lib
creating /root/deepracer_ws/color-detection-project/color_detection_ws/install/led_color_pkg/lib/python3.8/site-packages/led_color_pkg
copying /root/deepracer_ws/color-detection-project/color_detection_ws/build/led_color_pkg/build/lib/led_color_pkg/__init__.py -> /root/deepracer_ws/color-detection-project/color_detection_ws/install/led_color_pkg/lib/python3.8/site-packages/led_color_pkg
copying /root/deepracer_ws/color-detection-project/color_detection_ws/build/led_color_pkg/build/lib/led_color_pkg/led_color_node.py -> /root/deepracer_ws/color-detection-project/color_detection_ws/install/led_color_pkg/lib/python3.8/site-packages/led_color_pkg
byte-compiling /root/deepracer_ws/color-detection-project/color_detection_ws/install/led_color_pkg/lib/python3.8/site-packages/led_color_pkg/__init__.py to __init__.cpython-38.pyc
byte-compiling /root/deepracer_ws/color-detection-project/color_detection_ws/install/led_color_pkg/lib/python3.8/site-packages/led_color_pkg/led_color_node.py to led_color_node.cpython-38.pyc
running install_data
creating /root/deepracer_ws/color-detection-project/color_detection_ws/install/led_color_pkg/share
creating /root/deepracer_ws/color-detection-project/color_detection_ws/install/led_color_pkg/share/ament_index
creating /root/deepracer_ws/color-detection-project/color_detection_ws/install/led_color_pkg/share/ament_index/resource_index
creating /root/deepracer_ws/color-detection-project/color_detection_ws/install/led_color_pkg/share/ament_index/resource_index/packages
copying resource/led_color_pkg -> /root/deepracer_ws/color-detection-project/color_detection_ws/install/led_color_pkg/share/ament_index/resource_index/packages
creating /root/deepracer_ws/color-detection-project/color_detection_ws/install/led_color_pkg/share/led_color_pkg
copying package.xml -> /root/deepracer_ws/color-detection-project/color_detection_ws/install/led_color_pkg/share/led_color_pkg
running install_egg_info
Copying ../../build/led_color_pkg/led_color_pkg.egg-info to /root/deepracer_ws/color-detection-project/color_detection_ws/install/led_color_pkg/lib/python3.8/site-packages/led_color_pkg-0.0.0-py3.8.egg-info
running install_scripts
Installing led_color_node script to /root/deepracer_ws/color-detection-project/color_detection_ws/install/led_color_pkg/lib/led_color_pkg
writing list of installed files to '/root/deepracer_ws/color-detection-project/color_detection_ws/build/led_color_pkg/install.log'
