[0.766s] DEBUG:colcon:Command line arguments: ['/usr/bin/colcon', 'build']
[0.767s] DEBUG:colcon:Parsed command line arguments: Namespace(allow_overriding=[], ament_cmake_args=None, base_paths=['.'], build_base='build', catkin_cmake_args=None, catkin_skip_building_tests=False, cmake_args=None, cmake_clean_cache=False, cmake_clean_first=False, cmake_force_configure=False, cmake_target=None, cmake_target_skip_unavailable=False, continue_on_error=False, event_handlers=None, executor='parallel', ignore_user_meta=False, install_base='install', log_base=None, log_level=None, main=<bound method BuildVerb.main of <colcon_core.verb.build.BuildVerb object at 0x7fb5e449b1c0>>, merge_install=False, metas=['./colcon.meta'], packages_above=None, packages_above_and_dependencies=None, packages_above_depth=None, packages_end=None, packages_ignore=None, packages_ignore_regex=None, packages_select=None, packages_select_build_failed=False, packages_select_by_dep=None, packages_select_regex=None, packages_select_test_failures=False, packages_skip=None, packages_skip_build_finished=False, packages_skip_by_dep=None, packages_skip_regex=None, packages_skip_test_passed=False, packages_skip_up_to=None, packages_start=None, packages_up_to=None, packages_up_to_regex=None, parallel_workers=2, paths=None, symlink_install=False, test_result_base=None, verb_extension=<colcon_core.verb.build.BuildVerb object at 0x7fb5e449b1c0>, verb_name='build', verb_parser=<colcon_defaults.argument_parser.defaults.DefaultArgumentsDecorator object at 0x7fb5e449b700>)
[0.872s] Level 1:colcon.colcon_core.package_discovery:discover_packages(colcon_meta) check parameters
[0.872s] Level 1:colcon.colcon_core.package_discovery:discover_packages(recursive) check parameters
[0.873s] Level 1:colcon.colcon_core.package_discovery:discover_packages(ignore) check parameters
[0.873s] Level 1:colcon.colcon_core.package_discovery:discover_packages(path) check parameters
[0.873s] Level 1:colcon.colcon_core.package_discovery:discover_packages(colcon_meta) discover
[0.873s] Level 1:colcon.colcon_core.package_discovery:discover_packages(recursive) discover
[0.873s] INFO:colcon.colcon_core.package_discovery:Crawling recursively for packages in '/root/deepracer_ws/color-detection-project/color_detection_ws'
[0.874s] Level 1:colcon.colcon_core.package_identification:_identify(.) by extensions ['ignore', 'ignore_ament_install']
[0.874s] Level 1:colcon.colcon_core.package_identification:_identify(.) by extension 'ignore'
[0.874s] Level 1:colcon.colcon_core.package_identification:_identify(.) by extension 'ignore_ament_install'
[0.874s] Level 1:colcon.colcon_core.package_identification:_identify(.) by extensions ['colcon_pkg']
[0.875s] Level 1:colcon.colcon_core.package_identification:_identify(.) by extension 'colcon_pkg'
[0.875s] Level 1:colcon.colcon_core.package_identification:_identify(.) by extensions ['colcon_meta']
[0.875s] Level 1:colcon.colcon_core.package_identification:_identify(.) by extension 'colcon_meta'
[0.875s] Level 1:colcon.colcon_core.package_identification:_identify(.) by extensions ['ros']
[0.875s] Level 1:colcon.colcon_core.package_identification:_identify(.) by extension 'ros'
[0.915s] Level 1:colcon.colcon_core.package_identification:_identify(.) by extensions ['cmake', 'python']
[0.915s] Level 1:colcon.colcon_core.package_identification:_identify(.) by extension 'cmake'
[0.915s] Level 1:colcon.colcon_core.package_identification:_identify(.) by extension 'python'
[0.916s] Level 1:colcon.colcon_core.package_identification:_identify(.) by extensions ['python_setup_py']
[0.916s] Level 1:colcon.colcon_core.package_identification:_identify(.) by extension 'python_setup_py'
[0.916s] Level 1:colcon.colcon_core.package_identification:_identify(build) by extensions ['ignore', 'ignore_ament_install']
[0.917s] Level 1:colcon.colcon_core.package_identification:_identify(build) by extension 'ignore'
[0.917s] Level 1:colcon.colcon_core.package_identification:_identify(build) ignored
[0.917s] Level 1:colcon.colcon_core.package_identification:_identify(install) by extensions ['ignore', 'ignore_ament_install']
[0.918s] Level 1:colcon.colcon_core.package_identification:_identify(install) by extension 'ignore'
[0.918s] Level 1:colcon.colcon_core.package_identification:_identify(install) ignored
[0.918s] Level 1:colcon.colcon_core.package_identification:_identify(log) by extensions ['ignore', 'ignore_ament_install']
[0.919s] Level 1:colcon.colcon_core.package_identification:_identify(log) by extension 'ignore'
[0.919s] Level 1:colcon.colcon_core.package_identification:_identify(log) ignored
[0.919s] Level 1:colcon.colcon_core.package_identification:_identify(src) by extensions ['ignore', 'ignore_ament_install']
[0.920s] Level 1:colcon.colcon_core.package_identification:_identify(src) by extension 'ignore'
[0.920s] Level 1:colcon.colcon_core.package_identification:_identify(src) by extension 'ignore_ament_install'
[0.920s] Level 1:colcon.colcon_core.package_identification:_identify(src) by extensions ['colcon_pkg']
[0.920s] Level 1:colcon.colcon_core.package_identification:_identify(src) by extension 'colcon_pkg'
[0.920s] Level 1:colcon.colcon_core.package_identification:_identify(src) by extensions ['colcon_meta']
[0.921s] Level 1:colcon.colcon_core.package_identification:_identify(src) by extension 'colcon_meta'
[0.921s] Level 1:colcon.colcon_core.package_identification:_identify(src) by extensions ['ros']
[0.921s] Level 1:colcon.colcon_core.package_identification:_identify(src) by extension 'ros'
[0.921s] Level 1:colcon.colcon_core.package_identification:_identify(src) by extensions ['cmake', 'python']
[0.921s] Level 1:colcon.colcon_core.package_identification:_identify(src) by extension 'cmake'
[0.922s] Level 1:colcon.colcon_core.package_identification:_identify(src) by extension 'python'
[0.922s] Level 1:colcon.colcon_core.package_identification:_identify(src) by extensions ['python_setup_py']
[0.922s] Level 1:colcon.colcon_core.package_identification:_identify(src) by extension 'python_setup_py'
[0.922s] Level 1:colcon.colcon_core.package_identification:_identify(src/color_filter_pkg) by extensions ['ignore', 'ignore_ament_install']
[0.923s] Level 1:colcon.colcon_core.package_identification:_identify(src/color_filter_pkg) by extension 'ignore'
[0.923s] Level 1:colcon.colcon_core.package_identification:_identify(src/color_filter_pkg) by extension 'ignore_ament_install'
[0.923s] Level 1:colcon.colcon_core.package_identification:_identify(src/color_filter_pkg) by extensions ['colcon_pkg']
[0.923s] Level 1:colcon.colcon_core.package_identification:_identify(src/color_filter_pkg) by extension 'colcon_pkg'
[0.923s] Level 1:colcon.colcon_core.package_identification:_identify(src/color_filter_pkg) by extensions ['colcon_meta']
[0.924s] Level 1:colcon.colcon_core.package_identification:_identify(src/color_filter_pkg) by extension 'colcon_meta'
[0.924s] Level 1:colcon.colcon_core.package_identification:_identify(src/color_filter_pkg) by extensions ['ros']
[0.924s] Level 1:colcon.colcon_core.package_identification:_identify(src/color_filter_pkg) by extension 'ros'
[0.936s] DEBUG:colcon.colcon_core.package_identification:Package 'src/color_filter_pkg' with type 'ros.ament_python' and name 'color_filter_pkg'
[0.937s] Level 1:colcon.colcon_core.package_identification:_identify(src/color_interfaces) by extensions ['ignore', 'ignore_ament_install']
[0.937s] Level 1:colcon.colcon_core.package_identification:_identify(src/color_interfaces) by extension 'ignore'
[0.937s] Level 1:colcon.colcon_core.package_identification:_identify(src/color_interfaces) by extension 'ignore_ament_install'
[0.938s] Level 1:colcon.colcon_core.package_identification:_identify(src/color_interfaces) by extensions ['colcon_pkg']
[0.938s] Level 1:colcon.colcon_core.package_identification:_identify(src/color_interfaces) by extension 'colcon_pkg'
[0.938s] Level 1:colcon.colcon_core.package_identification:_identify(src/color_interfaces) by extensions ['colcon_meta']
[0.938s] Level 1:colcon.colcon_core.package_identification:_identify(src/color_interfaces) by extension 'colcon_meta'
[0.938s] Level 1:colcon.colcon_core.package_identification:_identify(src/color_interfaces) by extensions ['ros']
[0.938s] Level 1:colcon.colcon_core.package_identification:_identify(src/color_interfaces) by extension 'ros'
[0.940s] DEBUG:colcon.colcon_core.package_identification:Package 'src/color_interfaces' with type 'ros.ament_cmake' and name 'color_interfaces'
[0.941s] Level 1:colcon.colcon_core.package_identification:_identify(src/led_color_pkg) by extensions ['ignore', 'ignore_ament_install']
[0.941s] Level 1:colcon.colcon_core.package_identification:_identify(src/led_color_pkg) by extension 'ignore'
[0.942s] Level 1:colcon.colcon_core.package_identification:_identify(src/led_color_pkg) by extension 'ignore_ament_install'
[0.942s] Level 1:colcon.colcon_core.package_identification:_identify(src/led_color_pkg) by extensions ['colcon_pkg']
[0.942s] Level 1:colcon.colcon_core.package_identification:_identify(src/led_color_pkg) by extension 'colcon_pkg'
[0.942s] Level 1:colcon.colcon_core.package_identification:_identify(src/led_color_pkg) by extensions ['colcon_meta']
[0.942s] Level 1:colcon.colcon_core.package_identification:_identify(src/led_color_pkg) by extension 'colcon_meta'
[0.942s] Level 1:colcon.colcon_core.package_identification:_identify(src/led_color_pkg) by extensions ['ros']
[0.943s] Level 1:colcon.colcon_core.package_identification:_identify(src/led_color_pkg) by extension 'ros'
[0.945s] DEBUG:colcon.colcon_core.package_identification:Package 'src/led_color_pkg' with type 'ros.ament_python' and name 'led_color_pkg'
[0.946s] Level 1:colcon.colcon_core.package_identification:_identify(src/navigation_pkg) by extensions ['ignore', 'ignore_ament_install']
[0.946s] Level 1:colcon.colcon_core.package_identification:_identify(src/navigation_pkg) by extension 'ignore'
[0.946s] Level 1:colcon.colcon_core.package_identification:_identify(src/navigation_pkg) by extension 'ignore_ament_install'
[0.946s] Level 1:colcon.colcon_core.package_identification:_identify(src/navigation_pkg) by extensions ['colcon_pkg']
[0.946s] Level 1:colcon.colcon_core.package_identification:_identify(src/navigation_pkg) by extension 'colcon_pkg'
[0.947s] Level 1:colcon.colcon_core.package_identification:_identify(src/navigation_pkg) by extensions ['colcon_meta']
[0.947s] Level 1:colcon.colcon_core.package_identification:_identify(src/navigation_pkg) by extension 'colcon_meta'
[0.947s] Level 1:colcon.colcon_core.package_identification:_identify(src/navigation_pkg) by extensions ['ros']
[0.947s] Level 1:colcon.colcon_core.package_identification:_identify(src/navigation_pkg) by extension 'ros'
[0.949s] DEBUG:colcon.colcon_core.package_identification:Package 'src/navigation_pkg' with type 'ros.ament_python' and name 'navigation_pkg'
[0.950s] Level 1:colcon.colcon_core.package_discovery:discover_packages(recursive) using defaults
[0.950s] Level 1:colcon.colcon_core.package_discovery:discover_packages(ignore) discover
[0.950s] Level 1:colcon.colcon_core.package_discovery:discover_packages(ignore) using defaults
[0.950s] Level 1:colcon.colcon_core.package_discovery:discover_packages(path) discover
[0.950s] Level 1:colcon.colcon_core.package_discovery:discover_packages(path) using defaults
[1.026s] Level 1:colcon.colcon_core.package_discovery:discover_packages(prefix_path) check parameters
[1.026s] Level 1:colcon.colcon_core.package_discovery:discover_packages(prefix_path) discover
[1.043s] Level 1:colcon.colcon_core.package_discovery:discover_packages(prefix_path) using defaults
[1.061s] Level 5:colcon.colcon_core.verb:set package 'color_filter_pkg' build argument 'cmake_args' from command line to 'None'
[1.062s] Level 5:colcon.colcon_core.verb:set package 'color_filter_pkg' build argument 'cmake_target' from command line to 'None'
[1.062s] Level 5:colcon.colcon_core.verb:set package 'color_filter_pkg' build argument 'cmake_target_skip_unavailable' from command line to 'False'
[1.062s] Level 5:colcon.colcon_core.verb:set package 'color_filter_pkg' build argument 'cmake_clean_cache' from command line to 'False'
[1.062s] Level 5:colcon.colcon_core.verb:set package 'color_filter_pkg' build argument 'cmake_clean_first' from command line to 'False'
[1.062s] Level 5:colcon.colcon_core.verb:set package 'color_filter_pkg' build argument 'cmake_force_configure' from command line to 'False'
[1.062s] Level 5:colcon.colcon_core.verb:set package 'color_filter_pkg' build argument 'ament_cmake_args' from command line to 'None'
[1.062s] Level 5:colcon.colcon_core.verb:set package 'color_filter_pkg' build argument 'catkin_cmake_args' from command line to 'None'
[1.062s] Level 5:colcon.colcon_core.verb:set package 'color_filter_pkg' build argument 'catkin_skip_building_tests' from command line to 'False'
[1.063s] DEBUG:colcon.colcon_core.verb:Building package 'color_filter_pkg' with the following arguments: {'ament_cmake_args': None, 'build_base': '/root/deepracer_ws/color-detection-project/color_detection_ws/build/color_filter_pkg', 'catkin_cmake_args': None, 'catkin_skip_building_tests': False, 'cmake_args': None, 'cmake_clean_cache': False, 'cmake_clean_first': False, 'cmake_force_configure': False, 'cmake_target': None, 'cmake_target_skip_unavailable': False, 'install_base': '/root/deepracer_ws/color-detection-project/color_detection_ws/install/color_filter_pkg', 'merge_install': False, 'path': '/root/deepracer_ws/color-detection-project/color_detection_ws/src/color_filter_pkg', 'symlink_install': False, 'test_result_base': None}
[1.078s] Level 5:colcon.colcon_core.verb:set package 'color_interfaces' build argument 'cmake_args' from command line to 'None'
[1.079s] Level 5:colcon.colcon_core.verb:set package 'color_interfaces' build argument 'cmake_target' from command line to 'None'
[1.079s] Level 5:colcon.colcon_core.verb:set package 'color_interfaces' build argument 'cmake_target_skip_unavailable' from command line to 'False'
[1.079s] Level 5:colcon.colcon_core.verb:set package 'color_interfaces' build argument 'cmake_clean_cache' from command line to 'False'
[1.079s] Level 5:colcon.colcon_core.verb:set package 'color_interfaces' build argument 'cmake_clean_first' from command line to 'False'
[1.079s] Level 5:colcon.colcon_core.verb:set package 'color_interfaces' build argument 'cmake_force_configure' from command line to 'False'
[1.080s] Level 5:colcon.colcon_core.verb:set package 'color_interfaces' build argument 'ament_cmake_args' from command line to 'None'
[1.080s] Level 5:colcon.colcon_core.verb:set package 'color_interfaces' build argument 'catkin_cmake_args' from command line to 'None'
[1.080s] Level 5:colcon.colcon_core.verb:set package 'color_interfaces' build argument 'catkin_skip_building_tests' from command line to 'False'
[1.080s] DEBUG:colcon.colcon_core.verb:Building package 'color_interfaces' with the following arguments: {'ament_cmake_args': None, 'build_base': '/root/deepracer_ws/color-detection-project/color_detection_ws/build/color_interfaces', 'catkin_cmake_args': None, 'catkin_skip_building_tests': False, 'cmake_args': None, 'cmake_clean_cache': False, 'cmake_clean_first': False, 'cmake_force_configure': False, 'cmake_target': None, 'cmake_target_skip_unavailable': False, 'install_base': '/root/deepracer_ws/color-detection-project/color_detection_ws/install/color_interfaces', 'merge_install': False, 'path': '/root/deepracer_ws/color-detection-project/color_detection_ws/src/color_interfaces', 'symlink_install': False, 'test_result_base': None}
[1.095s] Level 5:colcon.colcon_core.verb:set package 'led_color_pkg' build argument 'cmake_args' from command line to 'None'
[1.095s] Level 5:colcon.colcon_core.verb:set package 'led_color_pkg' build argument 'cmake_target' from command line to 'None'
[1.095s] Level 5:colcon.colcon_core.verb:set package 'led_color_pkg' build argument 'cmake_target_skip_unavailable' from command line to 'False'
[1.096s] Level 5:colcon.colcon_core.verb:set package 'led_color_pkg' build argument 'cmake_clean_cache' from command line to 'False'
[1.096s] Level 5:colcon.colcon_core.verb:set package 'led_color_pkg' build argument 'cmake_clean_first' from command line to 'False'
[1.096s] Level 5:colcon.colcon_core.verb:set package 'led_color_pkg' build argument 'cmake_force_configure' from command line to 'False'
[1.096s] Level 5:colcon.colcon_core.verb:set package 'led_color_pkg' build argument 'ament_cmake_args' from command line to 'None'
[1.096s] Level 5:colcon.colcon_core.verb:set package 'led_color_pkg' build argument 'catkin_cmake_args' from command line to 'None'
[1.096s] Level 5:colcon.colcon_core.verb:set package 'led_color_pkg' build argument 'catkin_skip_building_tests' from command line to 'False'
[1.096s] DEBUG:colcon.colcon_core.verb:Building package 'led_color_pkg' with the following arguments: {'ament_cmake_args': None, 'build_base': '/root/deepracer_ws/color-detection-project/color_detection_ws/build/led_color_pkg', 'catkin_cmake_args': None, 'catkin_skip_building_tests': False, 'cmake_args': None, 'cmake_clean_cache': False, 'cmake_clean_first': False, 'cmake_force_configure': False, 'cmake_target': None, 'cmake_target_skip_unavailable': False, 'install_base': '/root/deepracer_ws/color-detection-project/color_detection_ws/install/led_color_pkg', 'merge_install': False, 'path': '/root/deepracer_ws/color-detection-project/color_detection_ws/src/led_color_pkg', 'symlink_install': False, 'test_result_base': None}
[1.112s] Level 5:colcon.colcon_core.verb:set package 'navigation_pkg' build argument 'cmake_args' from command line to 'None'
[1.112s] Level 5:colcon.colcon_core.verb:set package 'navigation_pkg' build argument 'cmake_target' from command line to 'None'
[1.112s] Level 5:colcon.colcon_core.verb:set package 'navigation_pkg' build argument 'cmake_target_skip_unavailable' from command line to 'False'
[1.112s] Level 5:colcon.colcon_core.verb:set package 'navigation_pkg' build argument 'cmake_clean_cache' from command line to 'False'
[1.112s] Level 5:colcon.colcon_core.verb:set package 'navigation_pkg' build argument 'cmake_clean_first' from command line to 'False'
[1.112s] Level 5:colcon.colcon_core.verb:set package 'navigation_pkg' build argument 'cmake_force_configure' from command line to 'False'
[1.113s] Level 5:colcon.colcon_core.verb:set package 'navigation_pkg' build argument 'ament_cmake_args' from command line to 'None'
[1.113s] Level 5:colcon.colcon_core.verb:set package 'navigation_pkg' build argument 'catkin_cmake_args' from command line to 'None'
[1.113s] Level 5:colcon.colcon_core.verb:set package 'navigation_pkg' build argument 'catkin_skip_building_tests' from command line to 'False'
[1.113s] DEBUG:colcon.colcon_core.verb:Building package 'navigation_pkg' with the following arguments: {'ament_cmake_args': None, 'build_base': '/root/deepracer_ws/color-detection-project/color_detection_ws/build/navigation_pkg', 'catkin_cmake_args': None, 'catkin_skip_building_tests': False, 'cmake_args': None, 'cmake_clean_cache': False, 'cmake_clean_first': False, 'cmake_force_configure': False, 'cmake_target': None, 'cmake_target_skip_unavailable': False, 'install_base': '/root/deepracer_ws/color-detection-project/color_detection_ws/install/navigation_pkg', 'merge_install': False, 'path': '/root/deepracer_ws/color-detection-project/color_detection_ws/src/navigation_pkg', 'symlink_install': False, 'test_result_base': None}
[1.116s] INFO:colcon.colcon_core.executor:Executing jobs using 'parallel' executor
[1.134s] DEBUG:colcon.colcon_parallel_executor.executor.parallel:run_until_complete
[1.135s] INFO:colcon.colcon_ros.task.ament_python.build:Building ROS package in '/root/deepracer_ws/color-detection-project/color_detection_ws/src/color_filter_pkg' with build type 'ament_python'
[1.137s] Level 1:colcon.colcon_core.shell:create_environment_hook('color_filter_pkg', 'ament_prefix_path')
[1.167s] INFO:colcon.colcon_core.plugin_system:Skipping extension 'colcon_core.shell.bat': Not used on non-Windows systems
[1.170s] INFO:colcon.colcon_core.shell:Creating environment hook '/root/deepracer_ws/color-detection-project/color_detection_ws/install/color_filter_pkg/share/color_filter_pkg/hook/ament_prefix_path.ps1'
[1.172s] INFO:colcon.colcon_core.shell:Creating environment descriptor '/root/deepracer_ws/color-detection-project/color_detection_ws/install/color_filter_pkg/share/color_filter_pkg/hook/ament_prefix_path.dsv'
[1.174s] INFO:colcon.colcon_core.shell:Creating environment hook '/root/deepracer_ws/color-detection-project/color_detection_ws/install/color_filter_pkg/share/color_filter_pkg/hook/ament_prefix_path.sh'
[1.188s] INFO:colcon.colcon_core.shell:Skip shell extension 'powershell' for command environment: Not usable outside of PowerShell
[1.188s] DEBUG:colcon.colcon_core.shell:Skip shell extension 'dsv' for command environment
[1.206s] DEBUG:colcon.colcon_core.shell:Ignoring prefix path '/opt/ros/foxy'
[1.217s] INFO:colcon.colcon_ros.task.ament_cmake.build:Building ROS package in '/root/deepracer_ws/color-detection-project/color_detection_ws/src/color_interfaces' with build type 'ament_cmake'
[1.221s] INFO:colcon.colcon_cmake.task.cmake.build:Building CMake package in '/root/deepracer_ws/color-detection-project/color_detection_ws/src/color_interfaces'
[1.232s] INFO:colcon.colcon_core.shell:Skip shell extension 'powershell' for command environment: Not usable outside of PowerShell
[1.233s] DEBUG:colcon.colcon_core.shell:Skip shell extension 'dsv' for command environment
[1.253s] DEBUG:colcon.colcon_core.shell:Ignoring prefix path '/opt/ros/foxy'
[2.164s] INFO:colcon.colcon_core.task.python.build:Building Python package in '/root/deepracer_ws/color-detection-project/color_detection_ws/src/color_filter_pkg'
[2.173s] INFO:colcon.colcon_core.shell:Skip shell extension 'powershell' for command environment: Not usable outside of PowerShell
[2.173s] DEBUG:colcon.colcon_core.shell:Skip shell extension 'dsv' for command environment
[2.188s] DEBUG:colcon.colcon_core.shell:Ignoring prefix path '/opt/ros/foxy'
[2.216s] DEBUG:colcon.colcon_core.event_handler.log_command:Invoking command in '/root/deepracer_ws/color-detection-project/color_detection_ws/build/color_interfaces': CMAKE_PREFIX_PATH=/opt/ros/foxy /usr/bin/cmake --build /root/deepracer_ws/color-detection-project/color_detection_ws/build/color_interfaces -- -j2 -l2
[4.050s] DEBUG:colcon.colcon_core.event_handler.log_command:Invoking command in '/root/deepracer_ws/color-detection-project/color_detection_ws/src/color_filter_pkg': PYTHONPATH=/root/deepracer_ws/color-detection-project/color_detection_ws/install/color_filter_pkg/lib/python3.8/site-packages:${PYTHONPATH} /usr/bin/python3 setup.py egg_info --egg-base ../../build/color_filter_pkg build --build-base /root/deepracer_ws/color-detection-project/color_detection_ws/build/color_filter_pkg/build install --prefix /root/deepracer_ws/color-detection-project/color_detection_ws/install/color_filter_pkg --record /root/deepracer_ws/color-detection-project/color_detection_ws/build/color_filter_pkg/install.log --single-version-externally-managed
[5.275s] DEBUG:colcon.colcon_core.event_handler.log_command:Invoked command in '/root/deepracer_ws/color-detection-project/color_detection_ws/src/color_filter_pkg' returned '0': PYTHONPATH=/root/deepracer_ws/color-detection-project/color_detection_ws/install/color_filter_pkg/lib/python3.8/site-packages:${PYTHONPATH} /usr/bin/python3 setup.py egg_info --egg-base ../../build/color_filter_pkg build --build-base /root/deepracer_ws/color-detection-project/color_detection_ws/build/color_filter_pkg/build install --prefix /root/deepracer_ws/color-detection-project/color_detection_ws/install/color_filter_pkg --record /root/deepracer_ws/color-detection-project/color_detection_ws/build/color_filter_pkg/install.log --single-version-externally-managed
[5.312s] Level 1:colcon.colcon_core.environment:checking '/root/deepracer_ws/color-detection-project/color_detection_ws/install/color_filter_pkg' for CMake module files
[5.316s] Level 1:colcon.colcon_core.environment:checking '/root/deepracer_ws/color-detection-project/color_detection_ws/install/color_filter_pkg' for CMake config files
[5.319s] Level 1:colcon.colcon_core.environment:checking '/root/deepracer_ws/color-detection-project/color_detection_ws/install/color_filter_pkg/lib'
[5.320s] Level 1:colcon.colcon_core.environment:checking '/root/deepracer_ws/color-detection-project/color_detection_ws/install/color_filter_pkg/bin'
[5.321s] Level 1:colcon.colcon_core.environment:checking '/root/deepracer_ws/color-detection-project/color_detection_ws/install/color_filter_pkg/lib/pkgconfig/color_filter_pkg.pc'
[5.321s] Level 1:colcon.colcon_core.environment:checking '/root/deepracer_ws/color-detection-project/color_detection_ws/install/color_filter_pkg/lib/python3.8/site-packages'
[5.322s] Level 1:colcon.colcon_core.shell:create_environment_hook('color_filter_pkg', 'pythonpath')
[5.344s] INFO:colcon.colcon_core.shell:Creating environment hook '/root/deepracer_ws/color-detection-project/color_detection_ws/install/color_filter_pkg/share/color_filter_pkg/hook/pythonpath.ps1'
[5.346s] INFO:colcon.colcon_core.shell:Creating environment descriptor '/root/deepracer_ws/color-detection-project/color_detection_ws/install/color_filter_pkg/share/color_filter_pkg/hook/pythonpath.dsv'
[5.348s] INFO:colcon.colcon_core.shell:Creating environment hook '/root/deepracer_ws/color-detection-project/color_detection_ws/install/color_filter_pkg/share/color_filter_pkg/hook/pythonpath.sh'
[5.350s] Level 1:colcon.colcon_core.environment:checking '/root/deepracer_ws/color-detection-project/color_detection_ws/install/color_filter_pkg/bin'
[5.350s] Level 1:colcon.colcon_core.environment:create_environment_scripts_only(color_filter_pkg)
[5.366s] INFO:colcon.colcon_core.shell:Creating package script '/root/deepracer_ws/color-detection-project/color_detection_ws/install/color_filter_pkg/share/color_filter_pkg/package.ps1'
[5.372s] INFO:colcon.colcon_core.shell:Creating package descriptor '/root/deepracer_ws/color-detection-project/color_detection_ws/install/color_filter_pkg/share/color_filter_pkg/package.dsv'
[5.375s] INFO:colcon.colcon_core.shell:Creating package script '/root/deepracer_ws/color-detection-project/color_detection_ws/install/color_filter_pkg/share/color_filter_pkg/package.sh'
[5.381s] INFO:colcon.colcon_core.shell:Creating package script '/root/deepracer_ws/color-detection-project/color_detection_ws/install/color_filter_pkg/share/color_filter_pkg/package.bash'
[5.386s] INFO:colcon.colcon_core.shell:Creating package script '/root/deepracer_ws/color-detection-project/color_detection_ws/install/color_filter_pkg/share/color_filter_pkg/package.zsh'
[5.388s] Level 1:colcon.colcon_core.environment:create_file_with_runtime_dependencies(/root/deepracer_ws/color-detection-project/color_detection_ws/install/color_filter_pkg/share/colcon-core/packages/color_filter_pkg)
[5.390s] INFO:colcon.colcon_ros.task.ament_python.build:Building ROS package in '/root/deepracer_ws/color-detection-project/color_detection_ws/src/led_color_pkg' with build type 'ament_python'
[5.393s] Level 1:colcon.colcon_core.shell:create_environment_hook('led_color_pkg', 'ament_prefix_path')
[5.460s] INFO:colcon.colcon_core.shell:Creating environment hook '/root/deepracer_ws/color-detection-project/color_detection_ws/install/led_color_pkg/share/led_color_pkg/hook/ament_prefix_path.ps1'
[5.462s] INFO:colcon.colcon_core.shell:Creating environment descriptor '/root/deepracer_ws/color-detection-project/color_detection_ws/install/led_color_pkg/share/led_color_pkg/hook/ament_prefix_path.dsv'
[5.463s] INFO:colcon.colcon_core.shell:Creating environment hook '/root/deepracer_ws/color-detection-project/color_detection_ws/install/led_color_pkg/share/led_color_pkg/hook/ament_prefix_path.sh'
[5.478s] INFO:colcon.colcon_core.shell:Skip shell extension 'powershell' for command environment: Not usable outside of PowerShell
[5.478s] DEBUG:colcon.colcon_core.shell:Skip shell extension 'dsv' for command environment
[5.505s] DEBUG:colcon.colcon_core.shell:Ignoring prefix path '/opt/ros/foxy'
[7.139s] INFO:colcon.colcon_core.task.python.build:Building Python package in '/root/deepracer_ws/color-detection-project/color_detection_ws/src/led_color_pkg'
[7.146s] INFO:colcon.colcon_core.shell:Skip shell extension 'powershell' for command environment: Not usable outside of PowerShell
[7.146s] DEBUG:colcon.colcon_core.shell:Skip shell extension 'dsv' for command environment
[7.170s] DEBUG:colcon.colcon_core.shell:Ignoring prefix path '/opt/ros/foxy'
[9.435s] DEBUG:colcon.colcon_core.event_handler.log_command:Invoking command in '/root/deepracer_ws/color-detection-project/color_detection_ws/src/led_color_pkg': PYTHONPATH=/root/deepracer_ws/color-detection-project/color_detection_ws/install/led_color_pkg/lib/python3.8/site-packages:${PYTHONPATH} /usr/bin/python3 setup.py egg_info --egg-base ../../build/led_color_pkg build --build-base /root/deepracer_ws/color-detection-project/color_detection_ws/build/led_color_pkg/build install --prefix /root/deepracer_ws/color-detection-project/color_detection_ws/install/led_color_pkg --record /root/deepracer_ws/color-detection-project/color_detection_ws/build/led_color_pkg/install.log --single-version-externally-managed
[10.962s] DEBUG:colcon.colcon_core.event_handler.log_command:Invoked command in '/root/deepracer_ws/color-detection-project/color_detection_ws/src/led_color_pkg' returned '0': PYTHONPATH=/root/deepracer_ws/color-detection-project/color_detection_ws/install/led_color_pkg/lib/python3.8/site-packages:${PYTHONPATH} /usr/bin/python3 setup.py egg_info --egg-base ../../build/led_color_pkg build --build-base /root/deepracer_ws/color-detection-project/color_detection_ws/build/led_color_pkg/build install --prefix /root/deepracer_ws/color-detection-project/color_detection_ws/install/led_color_pkg --record /root/deepracer_ws/color-detection-project/color_detection_ws/build/led_color_pkg/install.log --single-version-externally-managed
[10.969s] Level 1:colcon.colcon_core.environment:checking '/root/deepracer_ws/color-detection-project/color_detection_ws/install/led_color_pkg' for CMake module files
[10.971s] Level 1:colcon.colcon_core.environment:checking '/root/deepracer_ws/color-detection-project/color_detection_ws/install/led_color_pkg' for CMake config files
[10.973s] Level 1:colcon.colcon_core.environment:checking '/root/deepracer_ws/color-detection-project/color_detection_ws/install/led_color_pkg/lib'
[10.974s] Level 1:colcon.colcon_core.environment:checking '/root/deepracer_ws/color-detection-project/color_detection_ws/install/led_color_pkg/bin'
[10.974s] Level 1:colcon.colcon_core.environment:checking '/root/deepracer_ws/color-detection-project/color_detection_ws/install/led_color_pkg/lib/pkgconfig/led_color_pkg.pc'
[10.975s] Level 1:colcon.colcon_core.environment:checking '/root/deepracer_ws/color-detection-project/color_detection_ws/install/led_color_pkg/lib/python3.8/site-packages'
[10.975s] Level 1:colcon.colcon_core.shell:create_environment_hook('led_color_pkg', 'pythonpath')
[10.982s] INFO:colcon.colcon_core.shell:Creating environment hook '/root/deepracer_ws/color-detection-project/color_detection_ws/install/led_color_pkg/share/led_color_pkg/hook/pythonpath.ps1'
[10.984s] INFO:colcon.colcon_core.shell:Creating environment descriptor '/root/deepracer_ws/color-detection-project/color_detection_ws/install/led_color_pkg/share/led_color_pkg/hook/pythonpath.dsv'
[10.985s] INFO:colcon.colcon_core.shell:Creating environment hook '/root/deepracer_ws/color-detection-project/color_detection_ws/install/led_color_pkg/share/led_color_pkg/hook/pythonpath.sh'
[10.988s] Level 1:colcon.colcon_core.environment:checking '/root/deepracer_ws/color-detection-project/color_detection_ws/install/led_color_pkg/bin'
[10.988s] Level 1:colcon.colcon_core.environment:create_environment_scripts_only(led_color_pkg)
[10.995s] INFO:colcon.colcon_core.shell:Creating package script '/root/deepracer_ws/color-detection-project/color_detection_ws/install/led_color_pkg/share/led_color_pkg/package.ps1'
[10.998s] INFO:colcon.colcon_core.shell:Creating package descriptor '/root/deepracer_ws/color-detection-project/color_detection_ws/install/led_color_pkg/share/led_color_pkg/package.dsv'
[11.000s] INFO:colcon.colcon_core.shell:Creating package script '/root/deepracer_ws/color-detection-project/color_detection_ws/install/led_color_pkg/share/led_color_pkg/package.sh'
[11.002s] INFO:colcon.colcon_core.shell:Creating package script '/root/deepracer_ws/color-detection-project/color_detection_ws/install/led_color_pkg/share/led_color_pkg/package.bash'
[11.004s] INFO:colcon.colcon_core.shell:Creating package script '/root/deepracer_ws/color-detection-project/color_detection_ws/install/led_color_pkg/share/led_color_pkg/package.zsh'
[11.005s] Level 1:colcon.colcon_core.environment:create_file_with_runtime_dependencies(/root/deepracer_ws/color-detection-project/color_detection_ws/install/led_color_pkg/share/colcon-core/packages/led_color_pkg)
[11.009s] INFO:colcon.colcon_ros.task.ament_python.build:Building ROS package in '/root/deepracer_ws/color-detection-project/color_detection_ws/src/navigation_pkg' with build type 'ament_python'
[11.010s] Level 1:colcon.colcon_core.shell:create_environment_hook('navigation_pkg', 'ament_prefix_path')
[11.017s] INFO:colcon.colcon_core.shell:Creating environment hook '/root/deepracer_ws/color-detection-project/color_detection_ws/install/navigation_pkg/share/navigation_pkg/hook/ament_prefix_path.ps1'
[11.024s] INFO:colcon.colcon_core.shell:Creating environment descriptor '/root/deepracer_ws/color-detection-project/color_detection_ws/install/navigation_pkg/share/navigation_pkg/hook/ament_prefix_path.dsv'
[11.025s] INFO:colcon.colcon_core.shell:Creating environment hook '/root/deepracer_ws/color-detection-project/color_detection_ws/install/navigation_pkg/share/navigation_pkg/hook/ament_prefix_path.sh'
[11.048s] INFO:colcon.colcon_core.shell:Skip shell extension 'powershell' for command environment: Not usable outside of PowerShell
[11.049s] DEBUG:colcon.colcon_core.shell:Skip shell extension 'dsv' for command environment
[11.088s] DEBUG:colcon.colcon_core.shell:Ignoring prefix path '/opt/ros/foxy'
[12.210s] INFO:colcon.colcon_core.task.python.build:Building Python package in '/root/deepracer_ws/color-detection-project/color_detection_ws/src/navigation_pkg'
[12.218s] INFO:colcon.colcon_core.shell:Skip shell extension 'powershell' for command environment: Not usable outside of PowerShell
[12.218s] DEBUG:colcon.colcon_core.shell:Skip shell extension 'dsv' for command environment
[12.229s] DEBUG:colcon.colcon_core.shell:Ignoring prefix path '/opt/ros/foxy'
[13.125s] DEBUG:colcon.colcon_core.event_handler.log_command:Invoked command in '/root/deepracer_ws/color-detection-project/color_detection_ws/build/color_interfaces' returned '0': CMAKE_PREFIX_PATH=/opt/ros/foxy /usr/bin/cmake --build /root/deepracer_ws/color-detection-project/color_detection_ws/build/color_interfaces -- -j2 -l2
[13.334s] DEBUG:colcon.colcon_core.event_handler.log_command:Invoking command in '/root/deepracer_ws/color-detection-project/color_detection_ws/build/color_interfaces': CMAKE_PREFIX_PATH=/opt/ros/foxy /usr/bin/cmake --install /root/deepracer_ws/color-detection-project/color_detection_ws/build/color_interfaces
[13.793s] Level 1:colcon.colcon_core.environment:create_environment_scripts_only(color_interfaces)
[13.801s] DEBUG:colcon.colcon_core.event_handler.log_command:Invoked command in '/root/deepracer_ws/color-detection-project/color_detection_ws/build/color_interfaces' returned '0': CMAKE_PREFIX_PATH=/opt/ros/foxy /usr/bin/cmake --install /root/deepracer_ws/color-detection-project/color_detection_ws/build/color_interfaces
[13.804s] Level 1:colcon.colcon_core.environment:checking '/root/deepracer_ws/color-detection-project/color_detection_ws/install/color_interfaces' for CMake module files
[13.807s] Level 1:colcon.colcon_core.environment:checking '/root/deepracer_ws/color-detection-project/color_detection_ws/install/color_interfaces' for CMake config files
[13.810s] Level 1:colcon.colcon_core.shell:create_environment_hook('color_interfaces', 'cmake_prefix_path')
[13.816s] INFO:colcon.colcon_core.shell:Creating environment hook '/root/deepracer_ws/color-detection-project/color_detection_ws/install/color_interfaces/share/color_interfaces/hook/cmake_prefix_path.ps1'
[13.818s] INFO:colcon.colcon_core.shell:Creating environment descriptor '/root/deepracer_ws/color-detection-project/color_detection_ws/install/color_interfaces/share/color_interfaces/hook/cmake_prefix_path.dsv'
[13.820s] INFO:colcon.colcon_core.shell:Creating environment hook '/root/deepracer_ws/color-detection-project/color_detection_ws/install/color_interfaces/share/color_interfaces/hook/cmake_prefix_path.sh'
[13.822s] Level 1:colcon.colcon_core.environment:checking '/root/deepracer_ws/color-detection-project/color_detection_ws/install/color_interfaces/lib'
[13.823s] Level 1:colcon.colcon_core.shell:create_environment_hook('color_interfaces', 'ld_library_path_lib')
[13.829s] INFO:colcon.colcon_core.shell:Creating environment hook '/root/deepracer_ws/color-detection-project/color_detection_ws/install/color_interfaces/share/color_interfaces/hook/ld_library_path_lib.ps1'
[13.831s] INFO:colcon.colcon_core.shell:Creating environment descriptor '/root/deepracer_ws/color-detection-project/color_detection_ws/install/color_interfaces/share/color_interfaces/hook/ld_library_path_lib.dsv'
[13.833s] INFO:colcon.colcon_core.shell:Creating environment hook '/root/deepracer_ws/color-detection-project/color_detection_ws/install/color_interfaces/share/color_interfaces/hook/ld_library_path_lib.sh'
[13.834s] Level 1:colcon.colcon_core.environment:checking '/root/deepracer_ws/color-detection-project/color_detection_ws/install/color_interfaces/bin'
[13.835s] Level 1:colcon.colcon_core.environment:checking '/root/deepracer_ws/color-detection-project/color_detection_ws/install/color_interfaces/lib/pkgconfig/color_interfaces.pc'
[13.836s] Level 1:colcon.colcon_core.environment:checking '/root/deepracer_ws/color-detection-project/color_detection_ws/install/color_interfaces/lib/python3.8/site-packages'
[13.836s] Level 1:colcon.colcon_core.shell:create_environment_hook('color_interfaces', 'pythonpath')
[13.843s] INFO:colcon.colcon_core.shell:Creating environment hook '/root/deepracer_ws/color-detection-project/color_detection_ws/install/color_interfaces/share/color_interfaces/hook/pythonpath.ps1'
[13.846s] INFO:colcon.colcon_core.shell:Creating environment descriptor '/root/deepracer_ws/color-detection-project/color_detection_ws/install/color_interfaces/share/color_interfaces/hook/pythonpath.dsv'
[13.847s] INFO:colcon.colcon_core.shell:Creating environment hook '/root/deepracer_ws/color-detection-project/color_detection_ws/install/color_interfaces/share/color_interfaces/hook/pythonpath.sh'
[13.849s] Level 1:colcon.colcon_core.environment:checking '/root/deepracer_ws/color-detection-project/color_detection_ws/install/color_interfaces/bin'
[13.858s] INFO:colcon.colcon_core.shell:Creating package script '/root/deepracer_ws/color-detection-project/color_detection_ws/install/color_interfaces/share/color_interfaces/package.ps1'
[13.862s] INFO:colcon.colcon_core.shell:Creating package descriptor '/root/deepracer_ws/color-detection-project/color_detection_ws/install/color_interfaces/share/color_interfaces/package.dsv'
[13.866s] INFO:colcon.colcon_core.shell:Creating package script '/root/deepracer_ws/color-detection-project/color_detection_ws/install/color_interfaces/share/color_interfaces/package.sh'
[13.868s] INFO:colcon.colcon_core.shell:Creating package script '/root/deepracer_ws/color-detection-project/color_detection_ws/install/color_interfaces/share/color_interfaces/package.bash'
[13.869s] INFO:colcon.colcon_core.shell:Creating package script '/root/deepracer_ws/color-detection-project/color_detection_ws/install/color_interfaces/share/color_interfaces/package.zsh'
[13.873s] Level 1:colcon.colcon_core.environment:create_file_with_runtime_dependencies(/root/deepracer_ws/color-detection-project/color_detection_ws/install/color_interfaces/share/colcon-core/packages/color_interfaces)
[13.894s] DEBUG:colcon.colcon_core.event_handler.log_command:Invoking command in '/root/deepracer_ws/color-detection-project/color_detection_ws/src/navigation_pkg': PYTHONPATH=/root/deepracer_ws/color-detection-project/color_detection_ws/install/navigation_pkg/lib/python3.8/site-packages:${PYTHONPATH} /usr/bin/python3 setup.py egg_info --egg-base ../../build/navigation_pkg build --build-base /root/deepracer_ws/color-detection-project/color_detection_ws/build/navigation_pkg/build install --prefix /root/deepracer_ws/color-detection-project/color_detection_ws/install/navigation_pkg --record /root/deepracer_ws/color-detection-project/color_detection_ws/build/navigation_pkg/install.log --single-version-externally-managed
[13.993s] Level 1:colcon.colcon_core.environment:create_environment_scripts_only(color_interfaces)
[14.002s] Level 1:colcon.colcon_core.environment:checking '/root/deepracer_ws/color-detection-project/color_detection_ws/install/color_interfaces' for CMake module files
[14.005s] Level 1:colcon.colcon_core.environment:checking '/root/deepracer_ws/color-detection-project/color_detection_ws/install/color_interfaces' for CMake config files
[14.007s] Level 1:colcon.colcon_core.shell:create_environment_hook('color_interfaces', 'cmake_prefix_path')
[14.014s] INFO:colcon.colcon_core.shell:Creating environment hook '/root/deepracer_ws/color-detection-project/color_detection_ws/install/color_interfaces/share/color_interfaces/hook/cmake_prefix_path.ps1'
[14.017s] INFO:colcon.colcon_core.shell:Creating environment descriptor '/root/deepracer_ws/color-detection-project/color_detection_ws/install/color_interfaces/share/color_interfaces/hook/cmake_prefix_path.dsv'
[14.018s] INFO:colcon.colcon_core.shell:Creating environment hook '/root/deepracer_ws/color-detection-project/color_detection_ws/install/color_interfaces/share/color_interfaces/hook/cmake_prefix_path.sh'
[14.021s] Level 1:colcon.colcon_core.environment:checking '/root/deepracer_ws/color-detection-project/color_detection_ws/install/color_interfaces/lib'
[14.021s] Level 1:colcon.colcon_core.shell:create_environment_hook('color_interfaces', 'ld_library_path_lib')
[14.029s] INFO:colcon.colcon_core.shell:Creating environment hook '/root/deepracer_ws/color-detection-project/color_detection_ws/install/color_interfaces/share/color_interfaces/hook/ld_library_path_lib.ps1'
[14.030s] INFO:colcon.colcon_core.shell:Creating environment descriptor '/root/deepracer_ws/color-detection-project/color_detection_ws/install/color_interfaces/share/color_interfaces/hook/ld_library_path_lib.dsv'
[14.032s] INFO:colcon.colcon_core.shell:Creating environment hook '/root/deepracer_ws/color-detection-project/color_detection_ws/install/color_interfaces/share/color_interfaces/hook/ld_library_path_lib.sh'
[14.034s] Level 1:colcon.colcon_core.environment:checking '/root/deepracer_ws/color-detection-project/color_detection_ws/install/color_interfaces/bin'
[14.034s] Level 1:colcon.colcon_core.environment:checking '/root/deepracer_ws/color-detection-project/color_detection_ws/install/color_interfaces/lib/pkgconfig/color_interfaces.pc'
[14.035s] Level 1:colcon.colcon_core.environment:checking '/root/deepracer_ws/color-detection-project/color_detection_ws/install/color_interfaces/lib/python3.8/site-packages'
[14.035s] Level 1:colcon.colcon_core.shell:create_environment_hook('color_interfaces', 'pythonpath')
[14.042s] INFO:colcon.colcon_core.shell:Creating environment hook '/root/deepracer_ws/color-detection-project/color_detection_ws/install/color_interfaces/share/color_interfaces/hook/pythonpath.ps1'
[14.043s] INFO:colcon.colcon_core.shell:Creating environment descriptor '/root/deepracer_ws/color-detection-project/color_detection_ws/install/color_interfaces/share/color_interfaces/hook/pythonpath.dsv'
[14.046s] INFO:colcon.colcon_core.shell:Creating environment hook '/root/deepracer_ws/color-detection-project/color_detection_ws/install/color_interfaces/share/color_interfaces/hook/pythonpath.sh'
[14.048s] Level 1:colcon.colcon_core.environment:checking '/root/deepracer_ws/color-detection-project/color_detection_ws/install/color_interfaces/bin'
[14.057s] INFO:colcon.colcon_core.shell:Creating package script '/root/deepracer_ws/color-detection-project/color_detection_ws/install/color_interfaces/share/color_interfaces/package.ps1'
[14.060s] INFO:colcon.colcon_core.shell:Creating package descriptor '/root/deepracer_ws/color-detection-project/color_detection_ws/install/color_interfaces/share/color_interfaces/package.dsv'
[14.062s] INFO:colcon.colcon_core.shell:Creating package script '/root/deepracer_ws/color-detection-project/color_detection_ws/install/color_interfaces/share/color_interfaces/package.sh'
[14.065s] INFO:colcon.colcon_core.shell:Creating package script '/root/deepracer_ws/color-detection-project/color_detection_ws/install/color_interfaces/share/color_interfaces/package.bash'
[14.067s] INFO:colcon.colcon_core.shell:Creating package script '/root/deepracer_ws/color-detection-project/color_detection_ws/install/color_interfaces/share/color_interfaces/package.zsh'
[14.069s] Level 1:colcon.colcon_core.environment:create_file_with_runtime_dependencies(/root/deepracer_ws/color-detection-project/color_detection_ws/install/color_interfaces/share/colcon-core/packages/color_interfaces)
[15.076s] Level 1:colcon.colcon_core.environment:checking '/root/deepracer_ws/color-detection-project/color_detection_ws/install/navigation_pkg' for CMake module files
[15.078s] DEBUG:colcon.colcon_core.event_handler.log_command:Invoked command in '/root/deepracer_ws/color-detection-project/color_detection_ws/src/navigation_pkg' returned '0': PYTHONPATH=/root/deepracer_ws/color-detection-project/color_detection_ws/install/navigation_pkg/lib/python3.8/site-packages:${PYTHONPATH} /usr/bin/python3 setup.py egg_info --egg-base ../../build/navigation_pkg build --build-base /root/deepracer_ws/color-detection-project/color_detection_ws/build/navigation_pkg/build install --prefix /root/deepracer_ws/color-detection-project/color_detection_ws/install/navigation_pkg --record /root/deepracer_ws/color-detection-project/color_detection_ws/build/navigation_pkg/install.log --single-version-externally-managed
[15.086s] Level 1:colcon.colcon_core.environment:checking '/root/deepracer_ws/color-detection-project/color_detection_ws/install/navigation_pkg' for CMake config files
[15.088s] Level 1:colcon.colcon_core.environment:checking '/root/deepracer_ws/color-detection-project/color_detection_ws/install/navigation_pkg/lib'
[15.089s] Level 1:colcon.colcon_core.environment:checking '/root/deepracer_ws/color-detection-project/color_detection_ws/install/navigation_pkg/bin'
[15.089s] Level 1:colcon.colcon_core.environment:checking '/root/deepracer_ws/color-detection-project/color_detection_ws/install/navigation_pkg/lib/pkgconfig/navigation_pkg.pc'
[15.090s] Level 1:colcon.colcon_core.environment:checking '/root/deepracer_ws/color-detection-project/color_detection_ws/install/navigation_pkg/lib/python3.8/site-packages'
[15.090s] Level 1:colcon.colcon_core.shell:create_environment_hook('navigation_pkg', 'pythonpath')
[15.097s] INFO:colcon.colcon_core.shell:Creating environment hook '/root/deepracer_ws/color-detection-project/color_detection_ws/install/navigation_pkg/share/navigation_pkg/hook/pythonpath.ps1'
[15.099s] INFO:colcon.colcon_core.shell:Creating environment descriptor '/root/deepracer_ws/color-detection-project/color_detection_ws/install/navigation_pkg/share/navigation_pkg/hook/pythonpath.dsv'
[15.100s] INFO:colcon.colcon_core.shell:Creating environment hook '/root/deepracer_ws/color-detection-project/color_detection_ws/install/navigation_pkg/share/navigation_pkg/hook/pythonpath.sh'
[15.102s] Level 1:colcon.colcon_core.environment:checking '/root/deepracer_ws/color-detection-project/color_detection_ws/install/navigation_pkg/bin'
[15.103s] Level 1:colcon.colcon_core.environment:create_environment_scripts_only(navigation_pkg)
[15.110s] INFO:colcon.colcon_core.shell:Creating package script '/root/deepracer_ws/color-detection-project/color_detection_ws/install/navigation_pkg/share/navigation_pkg/package.ps1'
[15.112s] INFO:colcon.colcon_core.shell:Creating package descriptor '/root/deepracer_ws/color-detection-project/color_detection_ws/install/navigation_pkg/share/navigation_pkg/package.dsv'
[15.114s] INFO:colcon.colcon_core.shell:Creating package script '/root/deepracer_ws/color-detection-project/color_detection_ws/install/navigation_pkg/share/navigation_pkg/package.sh'
[15.117s] INFO:colcon.colcon_core.shell:Creating package script '/root/deepracer_ws/color-detection-project/color_detection_ws/install/navigation_pkg/share/navigation_pkg/package.bash'
[15.118s] INFO:colcon.colcon_core.shell:Creating package script '/root/deepracer_ws/color-detection-project/color_detection_ws/install/navigation_pkg/share/navigation_pkg/package.zsh'
[15.120s] Level 1:colcon.colcon_core.environment:create_file_with_runtime_dependencies(/root/deepracer_ws/color-detection-project/color_detection_ws/install/navigation_pkg/share/colcon-core/packages/navigation_pkg)
[15.122s] DEBUG:colcon.colcon_parallel_executor.executor.parallel:closing loop
[15.124s] DEBUG:colcon.colcon_parallel_executor.executor.parallel:loop closed
[15.124s] DEBUG:colcon.colcon_parallel_executor.executor.parallel:run_until_complete finished with '0'
[15.124s] DEBUG:colcon.colcon_core.event_reactor:joining thread
[15.173s] INFO:colcon.colcon_core.plugin_system:Skipping extension 'colcon_notification.desktop_notification.terminal_notifier': Not used on non-Darwin systems
[15.173s] INFO:colcon.colcon_core.plugin_system:Skipping extension 'colcon_notification.desktop_notification.win32': Not used on non-Windows systems
[15.174s] INFO:colcon.colcon_notification.desktop_notification:Sending desktop notification using 'notify2'
[15.190s] DEBUG:colcon.colcon_notification.desktop_notification.notify2:Failed to initialize notify2: org.freedesktop.DBus.Error.ServiceUnknown: The name org.freedesktop.Notifications was not provided by any .service files
[15.191s] DEBUG:colcon.colcon_core.event_reactor:joined thread
[15.201s] INFO:colcon.colcon_core.shell:Creating prefix script '/root/deepracer_ws/color-detection-project/color_detection_ws/install/local_setup.ps1'
[15.205s] INFO:colcon.colcon_core.shell:Creating prefix util module '/root/deepracer_ws/color-detection-project/color_detection_ws/install/_local_setup_util_ps1.py'
[15.210s] INFO:colcon.colcon_core.shell:Creating prefix chain script '/root/deepracer_ws/color-detection-project/color_detection_ws/install/setup.ps1'
[15.221s] INFO:colcon.colcon_core.shell:Creating prefix script '/root/deepracer_ws/color-detection-project/color_detection_ws/install/local_setup.sh'
[15.223s] INFO:colcon.colcon_core.shell:Creating prefix util module '/root/deepracer_ws/color-detection-project/color_detection_ws/install/_local_setup_util_sh.py'
[15.226s] INFO:colcon.colcon_core.shell:Creating prefix chain script '/root/deepracer_ws/color-detection-project/color_detection_ws/install/setup.sh'
[15.237s] INFO:colcon.colcon_core.shell:Creating prefix script '/root/deepracer_ws/color-detection-project/color_detection_ws/install/local_setup.bash'
[15.239s] INFO:colcon.colcon_core.shell:Creating prefix chain script '/root/deepracer_ws/color-detection-project/color_detection_ws/install/setup.bash'
[15.249s] INFO:colcon.colcon_core.shell:Creating prefix script '/root/deepracer_ws/color-detection-project/color_detection_ws/install/local_setup.zsh'
[15.252s] INFO:colcon.colcon_core.shell:Creating prefix chain script '/root/deepracer_ws/color-detection-project/color_detection_ws/install/setup.zsh'
