[0.997s] Invoking command in '/root/deepracer_ws/color-detection-project/color_detection_ws/build/color_interfaces': CMAKE_PREFIX_PATH=/opt/ros/foxy /usr/bin/cmake --build /root/deepracer_ws/color-detection-project/color_detection_ws/build/color_interfaces -- -j2 -l2
[1.358s] [  3%] Built target color_interfaces__cpp
[1.398s] [ 12%] Built target color_interfaces__rosidl_generator_c
[1.499s] [ 22%] Built target color_interfaces__rosidl_typesupport_cpp
[1.552s] [ 32%] Built target color_interfaces__rosidl_typesupport_fastrtps_cpp
[1.620s] [ 41%] Built target color_interfaces__rosidl_typesupport_introspection_c
[1.710s] [ 51%] Built target color_interfaces__rosidl_typesupport_c
[1.819s] [ 61%] Built target color_interfaces__rosidl_typesupport_introspection_cpp
[1.937s] [ 70%] Built target color_interfaces__rosidl_typesupport_fastrtps_c
[2.038s] [ 70%] Built target color_interfaces
[2.103s] [ 74%] Built target color_interfaces__py
[2.175s] [ 80%] Built target color_interfaces__python
[2.373s] [ 87%] Built target color_interfaces__rosidl_typesupport_c__pyext
[2.404s] [ 93%] Built target color_interfaces__rosidl_typesupport_introspection_c__pyext
[2.475s] [100%] Built target color_interfaces__rosidl_typesupport_fastrtps_c__pyext
[2.524s] Invoked command in '/root/deepracer_ws/color-detection-project/color_detection_ws/build/color_interfaces' returned '0': CMAKE_PREFIX_PATH=/opt/ros/foxy /usr/bin/cmake --build /root/deepracer_ws/color-detection-project/color_detection_ws/build/color_interfaces -- -j2 -l2
[2.898s] Invoking command in '/root/deepracer_ws/color-detection-project/color_detection_ws/build/color_interfaces': CMAKE_PREFIX_PATH=/opt/ros/foxy /usr/bin/cmake --install /root/deepracer_ws/color-detection-project/color_detection_ws/build/color_interfaces
[3.017s] -- Install configuration: ""
[3.018s] -- Up-to-date: /root/deepracer_ws/color-detection-project/color_detection_ws/install/color_interfaces/share/ament_index/resource_index/rosidl_interfaces/color_interfaces
[3.019s] -- Up-to-date: /root/deepracer_ws/color-detection-project/color_detection_ws/install/color_interfaces/include/color_interfaces
[3.019s] -- Up-to-date: /root/deepracer_ws/color-detection-project/color_detection_ws/install/color_interfaces/include/color_interfaces/msg
[3.020s] -- Up-to-date: /root/deepracer_ws/color-detection-project/color_detection_ws/install/color_interfaces/include/color_interfaces/msg/color_flag.h
[3.021s] -- Up-to-date: /root/deepracer_ws/color-detection-project/color_detection_ws/install/color_interfaces/include/color_interfaces/msg/detail
[3.022s] -- Up-to-date: /root/deepracer_ws/color-detection-project/color_detection_ws/install/color_interfaces/include/color_interfaces/msg/detail/color_flag__functions.c
[3.022s] -- Up-to-date: /root/deepracer_ws/color-detection-project/color_detection_ws/install/color_interfaces/include/color_interfaces/msg/detail/color_flag__functions.h
[3.022s] -- Up-to-date: /root/deepracer_ws/color-detection-project/color_detection_ws/install/color_interfaces/include/color_interfaces/msg/detail/color_flag__struct.h
[3.034s] -- Up-to-date: /root/deepracer_ws/color-detection-project/color_detection_ws/install/color_interfaces/include/color_interfaces/msg/detail/color_flag__type_support.h
[3.034s] -- Up-to-date: /root/deepracer_ws/color-detection-project/color_detection_ws/install/color_interfaces/include/color_interfaces/msg/rosidl_generator_c__visibility_control.h
[3.035s] -- Up-to-date: /root/deepracer_ws/color-detection-project/color_detection_ws/install/color_interfaces/share/color_interfaces/environment/library_path.sh
[3.035s] -- Up-to-date: /root/deepracer_ws/color-detection-project/color_detection_ws/install/color_interfaces/share/color_interfaces/environment/library_path.dsv
[3.035s] -- Up-to-date: /root/deepracer_ws/color-detection-project/color_detection_ws/install/color_interfaces/lib/libcolor_interfaces__rosidl_generator_c.so
[3.036s] -- Up-to-date: /root/deepracer_ws/color-detection-project/color_detection_ws/install/color_interfaces/include/color_interfaces
[3.036s] -- Up-to-date: /root/deepracer_ws/color-detection-project/color_detection_ws/install/color_interfaces/include/color_interfaces/msg
[3.036s] -- Up-to-date: /root/deepracer_ws/color-detection-project/color_detection_ws/install/color_interfaces/include/color_interfaces/msg/detail
[3.036s] -- Up-to-date: /root/deepracer_ws/color-detection-project/color_detection_ws/install/color_interfaces/include/color_interfaces/msg/detail/color_flag__rosidl_typesupport_fastrtps_c.h
[3.037s] -- Up-to-date: /root/deepracer_ws/color-detection-project/color_detection_ws/install/color_interfaces/include/color_interfaces/msg/rosidl_typesupport_fastrtps_c__visibility_control.h
[3.037s] -- Up-to-date: /root/deepracer_ws/color-detection-project/color_detection_ws/install/color_interfaces/lib/libcolor_interfaces__rosidl_typesupport_fastrtps_c.so
[3.050s] -- Up-to-date: /root/deepracer_ws/color-detection-project/color_detection_ws/install/color_interfaces/include/color_interfaces
[3.051s] -- Up-to-date: /root/deepracer_ws/color-detection-project/color_detection_ws/install/color_interfaces/include/color_interfaces/msg
[3.051s] -- Up-to-date: /root/deepracer_ws/color-detection-project/color_detection_ws/install/color_interfaces/include/color_interfaces/msg/detail
[3.053s] -- Up-to-date: /root/deepracer_ws/color-detection-project/color_detection_ws/install/color_interfaces/include/color_interfaces/msg/detail/color_flag__rosidl_typesupport_fastrtps_cpp.hpp
[3.053s] -- Up-to-date: /root/deepracer_ws/color-detection-project/color_detection_ws/install/color_interfaces/include/color_interfaces/msg/detail/dds_fastrtps
[3.055s] -- Up-to-date: /root/deepracer_ws/color-detection-project/color_detection_ws/install/color_interfaces/include/color_interfaces/msg/rosidl_typesupport_fastrtps_cpp__visibility_control.h
[3.058s] -- Up-to-date: /root/deepracer_ws/color-detection-project/color_detection_ws/install/color_interfaces/lib/libcolor_interfaces__rosidl_typesupport_fastrtps_cpp.so
[3.058s] -- Up-to-date: /root/deepracer_ws/color-detection-project/color_detection_ws/install/color_interfaces/include/color_interfaces
[3.059s] -- Up-to-date: /root/deepracer_ws/color-detection-project/color_detection_ws/install/color_interfaces/include/color_interfaces/msg
[3.059s] -- Up-to-date: /root/deepracer_ws/color-detection-project/color_detection_ws/install/color_interfaces/include/color_interfaces/msg/detail
[3.059s] -- Up-to-date: /root/deepracer_ws/color-detection-project/color_detection_ws/install/color_interfaces/include/color_interfaces/msg/detail/color_flag__rosidl_typesupport_introspection_c.h
[3.060s] -- Up-to-date: /root/deepracer_ws/color-detection-project/color_detection_ws/install/color_interfaces/include/color_interfaces/msg/detail/color_flag__type_support.c
[3.060s] -- Up-to-date: /root/deepracer_ws/color-detection-project/color_detection_ws/install/color_interfaces/include/color_interfaces/msg/rosidl_typesupport_introspection_c__visibility_control.h
[3.060s] -- Up-to-date: /root/deepracer_ws/color-detection-project/color_detection_ws/install/color_interfaces/lib/libcolor_interfaces__rosidl_typesupport_introspection_c.so
[3.062s] -- Up-to-date: /root/deepracer_ws/color-detection-project/color_detection_ws/install/color_interfaces/lib/libcolor_interfaces__rosidl_typesupport_c.so
[3.063s] -- Up-to-date: /root/deepracer_ws/color-detection-project/color_detection_ws/install/color_interfaces/include/color_interfaces
[3.064s] -- Up-to-date: /root/deepracer_ws/color-detection-project/color_detection_ws/install/color_interfaces/include/color_interfaces/msg
[3.066s] -- Up-to-date: /root/deepracer_ws/color-detection-project/color_detection_ws/install/color_interfaces/include/color_interfaces/msg/color_flag.hpp
[3.066s] -- Up-to-date: /root/deepracer_ws/color-detection-project/color_detection_ws/install/color_interfaces/include/color_interfaces/msg/detail
[3.066s] -- Up-to-date: /root/deepracer_ws/color-detection-project/color_detection_ws/install/color_interfaces/include/color_interfaces/msg/detail/color_flag__builder.hpp
[3.067s] -- Up-to-date: /root/deepracer_ws/color-detection-project/color_detection_ws/install/color_interfaces/include/color_interfaces/msg/detail/color_flag__struct.hpp
[3.067s] -- Up-to-date: /root/deepracer_ws/color-detection-project/color_detection_ws/install/color_interfaces/include/color_interfaces/msg/detail/color_flag__traits.hpp
[3.071s] -- Up-to-date: /root/deepracer_ws/color-detection-project/color_detection_ws/install/color_interfaces/include/color_interfaces
[3.073s] -- Up-to-date: /root/deepracer_ws/color-detection-project/color_detection_ws/install/color_interfaces/include/color_interfaces/msg
[3.074s] -- Up-to-date: /root/deepracer_ws/color-detection-project/color_detection_ws/install/color_interfaces/include/color_interfaces/msg/detail
[3.074s] -- Up-to-date: /root/deepracer_ws/color-detection-project/color_detection_ws/install/color_interfaces/include/color_interfaces/msg/detail/color_flag__rosidl_typesupport_introspection_cpp.hpp
[3.074s] -- Up-to-date: /root/deepracer_ws/color-detection-project/color_detection_ws/install/color_interfaces/include/color_interfaces/msg/detail/color_flag__type_support.cpp
[3.075s] -- Up-to-date: /root/deepracer_ws/color-detection-project/color_detection_ws/install/color_interfaces/lib/libcolor_interfaces__rosidl_typesupport_introspection_cpp.so
[3.075s] -- Up-to-date: /root/deepracer_ws/color-detection-project/color_detection_ws/install/color_interfaces/lib/libcolor_interfaces__rosidl_typesupport_cpp.so
[3.075s] -- Up-to-date: /root/deepracer_ws/color-detection-project/color_detection_ws/install/color_interfaces/share/color_interfaces/environment/pythonpath.sh
[3.083s] -- Up-to-date: /root/deepracer_ws/color-detection-project/color_detection_ws/install/color_interfaces/share/color_interfaces/environment/pythonpath.dsv
[3.085s] -- Up-to-date: /root/deepracer_ws/color-detection-project/color_detection_ws/install/color_interfaces/lib/python3.8/site-packages/color_interfaces/__init__.py
[3.219s] -- Up-to-date: /root/deepracer_ws/color-detection-project/color_detection_ws/install/color_interfaces/lib/python3.8/site-packages/color_interfaces/msg
[3.220s] -- Up-to-date: /root/deepracer_ws/color-detection-project/color_detection_ws/install/color_interfaces/lib/python3.8/site-packages/color_interfaces/msg/__init__.py
[3.220s] -- Up-to-date: /root/deepracer_ws/color-detection-project/color_detection_ws/install/color_interfaces/lib/python3.8/site-packages/color_interfaces/msg/_color_flag.py
[3.220s] -- Up-to-date: /root/deepracer_ws/color-detection-project/color_detection_ws/install/color_interfaces/lib/python3.8/site-packages/color_interfaces/msg/_color_flag_s.c
[3.221s] -- Up-to-date: /root/deepracer_ws/color-detection-project/color_detection_ws/install/color_interfaces/lib/python3.8/site-packages/color_interfaces/color_interfaces_s__rosidl_typesupport_fastrtps_c.cpython-38-x86_64-linux-gnu.so
[3.227s] -- Up-to-date: /root/deepracer_ws/color-detection-project/color_detection_ws/install/color_interfaces/lib/python3.8/site-packages/color_interfaces/color_interfaces_s__rosidl_typesupport_introspection_c.cpython-38-x86_64-linux-gnu.so
[3.235s] -- Up-to-date: /root/deepracer_ws/color-detection-project/color_detection_ws/install/color_interfaces/lib/python3.8/site-packages/color_interfaces/color_interfaces_s__rosidl_typesupport_c.cpython-38-x86_64-linux-gnu.so
[3.235s] -- Up-to-date: /root/deepracer_ws/color-detection-project/color_detection_ws/install/color_interfaces/lib/libcolor_interfaces__python.so
[3.235s] -- Up-to-date: /root/deepracer_ws/color-detection-project/color_detection_ws/install/color_interfaces/share/color_interfaces/msg/ColorFlag.idl
[3.236s] -- Up-to-date: /root/deepracer_ws/color-detection-project/color_detection_ws/install/color_interfaces/share/color_interfaces/msg/ColorFlag.msg
[3.236s] -- Up-to-date: /root/deepracer_ws/color-detection-project/color_detection_ws/install/color_interfaces/share/ament_index/resource_index/package_run_dependencies/color_interfaces
[3.236s] -- Up-to-date: /root/deepracer_ws/color-detection-project/color_detection_ws/install/color_interfaces/share/ament_index/resource_index/parent_prefix_path/color_interfaces
[3.237s] -- Up-to-date: /root/deepracer_ws/color-detection-project/color_detection_ws/install/color_interfaces/share/color_interfaces/environment/ament_prefix_path.sh
[3.237s] -- Up-to-date: /root/deepracer_ws/color-detection-project/color_detection_ws/install/color_interfaces/share/color_interfaces/environment/ament_prefix_path.dsv
[3.237s] -- Up-to-date: /root/deepracer_ws/color-detection-project/color_detection_ws/install/color_interfaces/share/color_interfaces/environment/path.sh
[3.238s] -- Up-to-date: /root/deepracer_ws/color-detection-project/color_detection_ws/install/color_interfaces/share/color_interfaces/environment/path.dsv
[3.238s] -- Up-to-date: /root/deepracer_ws/color-detection-project/color_detection_ws/install/color_interfaces/share/color_interfaces/local_setup.bash
[3.238s] -- Up-to-date: /root/deepracer_ws/color-detection-project/color_detection_ws/install/color_interfaces/share/color_interfaces/local_setup.sh
[3.238s] -- Up-to-date: /root/deepracer_ws/color-detection-project/color_detection_ws/install/color_interfaces/share/color_interfaces/local_setup.zsh
[3.239s] -- Up-to-date: /root/deepracer_ws/color-detection-project/color_detection_ws/install/color_interfaces/share/color_interfaces/local_setup.dsv
[3.239s] -- Installing: /root/deepracer_ws/color-detection-project/color_detection_ws/install/color_interfaces/share/color_interfaces/package.dsv
[3.239s] -- Up-to-date: /root/deepracer_ws/color-detection-project/color_detection_ws/install/color_interfaces/share/ament_index/resource_index/packages/color_interfaces
[3.240s] -- Up-to-date: /root/deepracer_ws/color-detection-project/color_detection_ws/install/color_interfaces/share/color_interfaces/cmake/color_interfaces__rosidl_generator_cExport.cmake
[3.240s] -- Up-to-date: /root/deepracer_ws/color-detection-project/color_detection_ws/install/color_interfaces/share/color_interfaces/cmake/color_interfaces__rosidl_generator_cExport-noconfig.cmake
[3.240s] -- Up-to-date: /root/deepracer_ws/color-detection-project/color_detection_ws/install/color_interfaces/share/color_interfaces/cmake/color_interfaces__rosidl_typesupport_introspection_cExport.cmake
[3.241s] -- Up-to-date: /root/deepracer_ws/color-detection-project/color_detection_ws/install/color_interfaces/share/color_interfaces/cmake/color_interfaces__rosidl_typesupport_introspection_cExport-noconfig.cmake
[3.250s] -- Up-to-date: /root/deepracer_ws/color-detection-project/color_detection_ws/install/color_interfaces/share/color_interfaces/cmake/color_interfaces__rosidl_typesupport_cExport.cmake
[3.250s] -- Up-to-date: /root/deepracer_ws/color-detection-project/color_detection_ws/install/color_interfaces/share/color_interfaces/cmake/color_interfaces__rosidl_typesupport_cExport-noconfig.cmake
[3.251s] -- Up-to-date: /root/deepracer_ws/color-detection-project/color_detection_ws/install/color_interfaces/share/color_interfaces/cmake/color_interfaces__rosidl_generator_cppExport.cmake
[3.252s] -- Up-to-date: /root/deepracer_ws/color-detection-project/color_detection_ws/install/color_interfaces/share/color_interfaces/cmake/color_interfaces__rosidl_typesupport_introspection_cppExport.cmake
[3.253s] -- Up-to-date: /root/deepracer_ws/color-detection-project/color_detection_ws/install/color_interfaces/share/color_interfaces/cmake/color_interfaces__rosidl_typesupport_introspection_cppExport-noconfig.cmake
[3.255s] -- Up-to-date: /root/deepracer_ws/color-detection-project/color_detection_ws/install/color_interfaces/share/color_interfaces/cmake/color_interfaces__rosidl_typesupport_cppExport.cmake
[3.256s] -- Up-to-date: /root/deepracer_ws/color-detection-project/color_detection_ws/install/color_interfaces/share/color_interfaces/cmake/color_interfaces__rosidl_typesupport_cppExport-noconfig.cmake
[3.258s] -- Up-to-date: /root/deepracer_ws/color-detection-project/color_detection_ws/install/color_interfaces/share/color_interfaces/cmake/rosidl_cmake-extras.cmake
[3.259s] -- Up-to-date: /root/deepracer_ws/color-detection-project/color_detection_ws/install/color_interfaces/share/color_interfaces/cmake/ament_cmake_export_dependencies-extras.cmake
[3.260s] -- Up-to-date: /root/deepracer_ws/color-detection-project/color_detection_ws/install/color_interfaces/share/color_interfaces/cmake/ament_cmake_export_libraries-extras.cmake
[3.260s] -- Up-to-date: /root/deepracer_ws/color-detection-project/color_detection_ws/install/color_interfaces/share/color_interfaces/cmake/ament_cmake_export_targets-extras.cmake
[3.260s] -- Up-to-date: /root/deepracer_ws/color-detection-project/color_detection_ws/install/color_interfaces/share/color_interfaces/cmake/ament_cmake_export_include_directories-extras.cmake
[3.261s] -- Up-to-date: /root/deepracer_ws/color-detection-project/color_detection_ws/install/color_interfaces/share/color_interfaces/cmake/rosidl_cmake_export_typesupport_libraries-extras.cmake
[3.261s] -- Up-to-date: /root/deepracer_ws/color-detection-project/color_detection_ws/install/color_interfaces/share/color_interfaces/cmake/rosidl_cmake_export_typesupport_targets-extras.cmake
[3.261s] -- Up-to-date: /root/deepracer_ws/color-detection-project/color_detection_ws/install/color_interfaces/share/color_interfaces/cmake/color_interfacesConfig.cmake
[3.262s] -- Up-to-date: /root/deepracer_ws/color-detection-project/color_detection_ws/install/color_interfaces/share/color_interfaces/cmake/color_interfacesConfig-version.cmake
[3.262s] -- Up-to-date: /root/deepracer_ws/color-detection-project/color_detection_ws/install/color_interfaces/share/color_interfaces/package.xml
[3.284s] Invoked command in '/root/deepracer_ws/color-detection-project/color_detection_ws/build/color_interfaces' returned '0': CMAKE_PREFIX_PATH=/opt/ros/foxy /usr/bin/cmake --install /root/deepracer_ws/color-detection-project/color_detection_ws/build/color_interfaces
