[1.569s] DEBUG:colcon:Command line arguments: ['/usr/bin/colcon', 'build']
[1.569s] DEBUG:colcon:Parsed command line arguments: Namespace(allow_overriding=[], ament_cmake_args=None, base_paths=['.'], build_base='build', catkin_cmake_args=None, catkin_skip_building_tests=False, cmake_args=None, cmake_clean_cache=False, cmake_clean_first=False, cmake_force_configure=False, cmake_target=None, cmake_target_skip_unavailable=False, continue_on_error=False, event_handlers=None, executor='parallel', ignore_user_meta=False, install_base='install', log_base=None, log_level=None, main=<bound method BuildVerb.main of <colcon_core.verb.build.BuildVerb object at 0x7fe782d387c0>>, merge_install=False, metas=['./colcon.meta'], packages_above=None, packages_above_and_dependencies=None, packages_above_depth=None, packages_end=None, packages_ignore=None, packages_ignore_regex=None, packages_select=None, packages_select_build_failed=False, packages_select_by_dep=None, packages_select_regex=None, packages_select_test_failures=False, packages_skip=None, packages_skip_build_finished=False, packages_skip_by_dep=None, packages_skip_regex=None, packages_skip_test_passed=False, packages_skip_up_to=None, packages_start=None, packages_up_to=None, packages_up_to_regex=None, parallel_workers=2, paths=None, symlink_install=False, test_result_base=None, verb_extension=<colcon_core.verb.build.BuildVerb object at 0x7fe782d387c0>, verb_name='build', verb_parser=<colcon_defaults.argument_parser.defaults.DefaultArgumentsDecorator object at 0x7fe782d434c0>)
[1.903s] Level 1:colcon.colcon_core.package_discovery:discover_packages(colcon_meta) check parameters
[1.904s] Level 1:colcon.colcon_core.package_discovery:discover_packages(recursive) check parameters
[1.904s] Level 1:colcon.colcon_core.package_discovery:discover_packages(ignore) check parameters
[1.904s] Level 1:colcon.colcon_core.package_discovery:discover_packages(path) check parameters
[1.904s] Level 1:colcon.colcon_core.package_discovery:discover_packages(colcon_meta) discover
[1.904s] Level 1:colcon.colcon_core.package_discovery:discover_packages(recursive) discover
[1.905s] INFO:colcon.colcon_core.package_discovery:Crawling recursively for packages in '/root/deepracer_ws/color-detection-project/color_detection_ws'
[1.905s] Level 1:colcon.colcon_core.package_identification:_identify(.) by extensions ['ignore', 'ignore_ament_install']
[1.906s] Level 1:colcon.colcon_core.package_identification:_identify(.) by extension 'ignore'
[1.907s] Level 1:colcon.colcon_core.package_identification:_identify(.) by extension 'ignore_ament_install'
[1.907s] Level 1:colcon.colcon_core.package_identification:_identify(.) by extensions ['colcon_pkg']
[1.907s] Level 1:colcon.colcon_core.package_identification:_identify(.) by extension 'colcon_pkg'
[1.907s] Level 1:colcon.colcon_core.package_identification:_identify(.) by extensions ['colcon_meta']
[1.907s] Level 1:colcon.colcon_core.package_identification:_identify(.) by extension 'colcon_meta'
[1.908s] Level 1:colcon.colcon_core.package_identification:_identify(.) by extensions ['ros']
[1.908s] Level 1:colcon.colcon_core.package_identification:_identify(.) by extension 'ros'
[1.949s] Level 1:colcon.colcon_core.package_identification:_identify(.) by extensions ['cmake', 'python']
[1.950s] Level 1:colcon.colcon_core.package_identification:_identify(.) by extension 'cmake'
[1.950s] Level 1:colcon.colcon_core.package_identification:_identify(.) by extension 'python'
[1.950s] Level 1:colcon.colcon_core.package_identification:_identify(.) by extensions ['python_setup_py']
[1.950s] Level 1:colcon.colcon_core.package_identification:_identify(.) by extension 'python_setup_py'
[1.951s] Level 1:colcon.colcon_core.package_identification:_identify(build) by extensions ['ignore', 'ignore_ament_install']
[1.951s] Level 1:colcon.colcon_core.package_identification:_identify(build) by extension 'ignore'
[1.951s] Level 1:colcon.colcon_core.package_identification:_identify(build) ignored
[1.952s] Level 1:colcon.colcon_core.package_identification:_identify(install) by extensions ['ignore', 'ignore_ament_install']
[1.952s] Level 1:colcon.colcon_core.package_identification:_identify(install) by extension 'ignore'
[1.953s] Level 1:colcon.colcon_core.package_identification:_identify(install) ignored
[1.953s] Level 1:colcon.colcon_core.package_identification:_identify(log) by extensions ['ignore', 'ignore_ament_install']
[1.953s] Level 1:colcon.colcon_core.package_identification:_identify(log) by extension 'ignore'
[1.954s] Level 1:colcon.colcon_core.package_identification:_identify(log) ignored
[1.954s] Level 1:colcon.colcon_core.package_identification:_identify(src) by extensions ['ignore', 'ignore_ament_install']
[1.954s] Level 1:colcon.colcon_core.package_identification:_identify(src) by extension 'ignore'
[1.955s] Level 1:colcon.colcon_core.package_identification:_identify(src) by extension 'ignore_ament_install'
[1.955s] Level 1:colcon.colcon_core.package_identification:_identify(src) by extensions ['colcon_pkg']
[1.955s] Level 1:colcon.colcon_core.package_identification:_identify(src) by extension 'colcon_pkg'
[1.955s] Level 1:colcon.colcon_core.package_identification:_identify(src) by extensions ['colcon_meta']
[1.955s] Level 1:colcon.colcon_core.package_identification:_identify(src) by extension 'colcon_meta'
[1.955s] Level 1:colcon.colcon_core.package_identification:_identify(src) by extensions ['ros']
[1.956s] Level 1:colcon.colcon_core.package_identification:_identify(src) by extension 'ros'
[1.956s] Level 1:colcon.colcon_core.package_identification:_identify(src) by extensions ['cmake', 'python']
[1.956s] Level 1:colcon.colcon_core.package_identification:_identify(src) by extension 'cmake'
[1.956s] Level 1:colcon.colcon_core.package_identification:_identify(src) by extension 'python'
[1.956s] Level 1:colcon.colcon_core.package_identification:_identify(src) by extensions ['python_setup_py']
[1.957s] Level 1:colcon.colcon_core.package_identification:_identify(src) by extension 'python_setup_py'
[1.957s] Level 1:colcon.colcon_core.package_identification:_identify(src/color_filter_pkg) by extensions ['ignore', 'ignore_ament_install']
[1.958s] Level 1:colcon.colcon_core.package_identification:_identify(src/color_filter_pkg) by extension 'ignore'
[1.958s] Level 1:colcon.colcon_core.package_identification:_identify(src/color_filter_pkg) by extension 'ignore_ament_install'
[1.958s] Level 1:colcon.colcon_core.package_identification:_identify(src/color_filter_pkg) by extensions ['colcon_pkg']
[1.958s] Level 1:colcon.colcon_core.package_identification:_identify(src/color_filter_pkg) by extension 'colcon_pkg'
[1.958s] Level 1:colcon.colcon_core.package_identification:_identify(src/color_filter_pkg) by extensions ['colcon_meta']
[1.959s] Level 1:colcon.colcon_core.package_identification:_identify(src/color_filter_pkg) by extension 'colcon_meta'
[1.959s] Level 1:colcon.colcon_core.package_identification:_identify(src/color_filter_pkg) by extensions ['ros']
[1.959s] Level 1:colcon.colcon_core.package_identification:_identify(src/color_filter_pkg) by extension 'ros'
[2.133s] DEBUG:colcon.colcon_core.package_identification:Failed to parse potential ROS package manifest in'src/color_filter_pkg': Error(s) in package 'src/color_filter_pkg/package.xml':
The manifest contains invalid XML:
not well-formed (invalid token): line 7, column 21
[2.138s] Level 1:colcon.colcon_core.package_identification:_identify(src/color_filter_pkg) by extensions ['cmake', 'python']
[2.139s] Level 1:colcon.colcon_core.package_identification:_identify(src/color_filter_pkg) by extension 'cmake'
[2.139s] Level 1:colcon.colcon_core.package_identification:_identify(src/color_filter_pkg) by extension 'python'
[2.140s] DEBUG:colcon.colcon_core.package_identification:Python package in 'src/color_filter_pkg' passes arguments to the setup() function which requires a different identification extension than 'python'
[2.140s] Level 1:colcon.colcon_core.package_identification:_identify(src/color_filter_pkg) by extensions ['python_setup_py']
[2.140s] Level 1:colcon.colcon_core.package_identification:_identify(src/color_filter_pkg) by extension 'python_setup_py'
[3.114s] DEBUG:colcon.colcon_core.package_identification:Package 'src/color_filter_pkg' with type 'python' and name 'color_filter_pkg'
[3.115s] Level 1:colcon.colcon_core.package_identification:_identify(src/color_interfaces) by extensions ['ignore', 'ignore_ament_install']
[3.115s] Level 1:colcon.colcon_core.package_identification:_identify(src/color_interfaces) by extension 'ignore'
[3.116s] Level 1:colcon.colcon_core.package_identification:_identify(src/color_interfaces) by extension 'ignore_ament_install'
[3.116s] Level 1:colcon.colcon_core.package_identification:_identify(src/color_interfaces) by extensions ['colcon_pkg']
[3.116s] Level 1:colcon.colcon_core.package_identification:_identify(src/color_interfaces) by extension 'colcon_pkg'
[3.116s] Level 1:colcon.colcon_core.package_identification:_identify(src/color_interfaces) by extensions ['colcon_meta']
[3.117s] Level 1:colcon.colcon_core.package_identification:_identify(src/color_interfaces) by extension 'colcon_meta'
[3.117s] Level 1:colcon.colcon_core.package_identification:_identify(src/color_interfaces) by extensions ['ros']
[3.117s] Level 1:colcon.colcon_core.package_identification:_identify(src/color_interfaces) by extension 'ros'
[3.119s] DEBUG:colcon.colcon_core.package_identification:Failed to parse potential ROS package manifest in'src/color_interfaces': Error(s) in package 'src/color_interfaces/package.xml':
The manifest contains invalid XML:
not well-formed (invalid token): line 7, column 21
[3.119s] Level 1:colcon.colcon_core.package_identification:_identify(src/color_interfaces) by extensions ['cmake', 'python']
[3.119s] Level 1:colcon.colcon_core.package_identification:_identify(src/color_interfaces) by extension 'cmake'
[3.126s] Level 1:colcon.colcon_core.package_identification:_identify(src/color_interfaces) by extension 'python'
[3.126s] DEBUG:colcon.colcon_core.package_identification:Package 'src/color_interfaces' with type 'cmake' and name 'color_interfaces'
[3.127s] Level 1:colcon.colcon_core.package_identification:_identify(src/led_color_pkg) by extensions ['ignore', 'ignore_ament_install']
[3.127s] Level 1:colcon.colcon_core.package_identification:_identify(src/led_color_pkg) by extension 'ignore'
[3.128s] Level 1:colcon.colcon_core.package_identification:_identify(src/led_color_pkg) by extension 'ignore_ament_install'
[3.128s] Level 1:colcon.colcon_core.package_identification:_identify(src/led_color_pkg) by extensions ['colcon_pkg']
[3.128s] Level 1:colcon.colcon_core.package_identification:_identify(src/led_color_pkg) by extension 'colcon_pkg'
[3.128s] Level 1:colcon.colcon_core.package_identification:_identify(src/led_color_pkg) by extensions ['colcon_meta']
[3.128s] Level 1:colcon.colcon_core.package_identification:_identify(src/led_color_pkg) by extension 'colcon_meta'
[3.128s] Level 1:colcon.colcon_core.package_identification:_identify(src/led_color_pkg) by extensions ['ros']
[3.129s] Level 1:colcon.colcon_core.package_identification:_identify(src/led_color_pkg) by extension 'ros'
[3.130s] DEBUG:colcon.colcon_core.package_identification:Failed to parse potential ROS package manifest in'src/led_color_pkg': Error(s) in package 'src/led_color_pkg/package.xml':
The manifest contains invalid XML:
not well-formed (invalid token): line 7, column 21
[3.131s] Level 1:colcon.colcon_core.package_identification:_identify(src/led_color_pkg) by extensions ['cmake', 'python']
[3.131s] Level 1:colcon.colcon_core.package_identification:_identify(src/led_color_pkg) by extension 'cmake'
[3.131s] Level 1:colcon.colcon_core.package_identification:_identify(src/led_color_pkg) by extension 'python'
[3.132s] DEBUG:colcon.colcon_core.package_identification:Python package in 'src/led_color_pkg' passes arguments to the setup() function which requires a different identification extension than 'python'
[3.132s] Level 1:colcon.colcon_core.package_identification:_identify(src/led_color_pkg) by extensions ['python_setup_py']
[3.132s] Level 1:colcon.colcon_core.package_identification:_identify(src/led_color_pkg) by extension 'python_setup_py'
[4.099s] DEBUG:colcon.colcon_core.package_identification:Package 'src/led_color_pkg' with type 'python' and name 'led_color_pkg'
[4.100s] Level 1:colcon.colcon_core.package_identification:_identify(src/navigation_pkg) by extensions ['ignore', 'ignore_ament_install']
[4.101s] Level 1:colcon.colcon_core.package_identification:_identify(src/navigation_pkg) by extension 'ignore'
[4.101s] Level 1:colcon.colcon_core.package_identification:_identify(src/navigation_pkg) by extension 'ignore_ament_install'
[4.101s] Level 1:colcon.colcon_core.package_identification:_identify(src/navigation_pkg) by extensions ['colcon_pkg']
[4.102s] Level 1:colcon.colcon_core.package_identification:_identify(src/navigation_pkg) by extension 'colcon_pkg'
[4.102s] Level 1:colcon.colcon_core.package_identification:_identify(src/navigation_pkg) by extensions ['colcon_meta']
[4.102s] Level 1:colcon.colcon_core.package_identification:_identify(src/navigation_pkg) by extension 'colcon_meta'
[4.102s] Level 1:colcon.colcon_core.package_identification:_identify(src/navigation_pkg) by extensions ['ros']
[4.102s] Level 1:colcon.colcon_core.package_identification:_identify(src/navigation_pkg) by extension 'ros'
[4.107s] DEBUG:colcon.colcon_core.package_identification:Failed to parse potential ROS package manifest in'src/navigation_pkg': Error(s) in package 'src/navigation_pkg/package.xml':
The manifest contains invalid XML:
not well-formed (invalid token): line 7, column 21
[4.108s] Level 1:colcon.colcon_core.package_identification:_identify(src/navigation_pkg) by extensions ['cmake', 'python']
[4.108s] Level 1:colcon.colcon_core.package_identification:_identify(src/navigation_pkg) by extension 'cmake'
[4.108s] Level 1:colcon.colcon_core.package_identification:_identify(src/navigation_pkg) by extension 'python'
[4.109s] DEBUG:colcon.colcon_core.package_identification:Python package in 'src/navigation_pkg' passes arguments to the setup() function which requires a different identification extension than 'python'
[4.109s] Level 1:colcon.colcon_core.package_identification:_identify(src/navigation_pkg) by extensions ['python_setup_py']
[4.109s] Level 1:colcon.colcon_core.package_identification:_identify(src/navigation_pkg) by extension 'python_setup_py'
[5.051s] DEBUG:colcon.colcon_core.package_identification:Package 'src/navigation_pkg' with type 'python' and name 'navigation_pkg'
[5.052s] Level 1:colcon.colcon_core.package_discovery:discover_packages(recursive) using defaults
[5.052s] Level 1:colcon.colcon_core.package_discovery:discover_packages(ignore) discover
[5.052s] Level 1:colcon.colcon_core.package_discovery:discover_packages(ignore) using defaults
[5.053s] Level 1:colcon.colcon_core.package_discovery:discover_packages(path) discover
[5.053s] Level 1:colcon.colcon_core.package_discovery:discover_packages(path) using defaults
[5.322s] Level 1:colcon.colcon_core.package_discovery:discover_packages(prefix_path) check parameters
[5.322s] Level 1:colcon.colcon_core.package_discovery:discover_packages(prefix_path) discover
[5.348s] DEBUG:colcon.colcon_installed_package_information.package_discovery:Found 5 installed packages in /root/deepracer_ws/video_filtering_project/video_filtering_ws/install
[5.354s] DEBUG:colcon.colcon_installed_package_information.package_discovery:Found 19 installed packages in /opt/aws/deepracer/lib
[5.358s] Level 1:colcon.colcon_core.package_discovery:discover_packages(prefix_path) using defaults
[5.385s] Level 5:colcon.colcon_core.verb:set package 'color_filter_pkg' build argument 'cmake_args' from command line to 'None'
[5.386s] Level 5:colcon.colcon_core.verb:set package 'color_filter_pkg' build argument 'cmake_target' from command line to 'None'
[5.386s] Level 5:colcon.colcon_core.verb:set package 'color_filter_pkg' build argument 'cmake_target_skip_unavailable' from command line to 'False'
[5.386s] Level 5:colcon.colcon_core.verb:set package 'color_filter_pkg' build argument 'cmake_clean_cache' from command line to 'False'
[5.386s] Level 5:colcon.colcon_core.verb:set package 'color_filter_pkg' build argument 'cmake_clean_first' from command line to 'False'
[5.386s] Level 5:colcon.colcon_core.verb:set package 'color_filter_pkg' build argument 'cmake_force_configure' from command line to 'False'
[5.386s] Level 5:colcon.colcon_core.verb:set package 'color_filter_pkg' build argument 'ament_cmake_args' from command line to 'None'
[5.386s] Level 5:colcon.colcon_core.verb:set package 'color_filter_pkg' build argument 'catkin_cmake_args' from command line to 'None'
[5.386s] Level 5:colcon.colcon_core.verb:set package 'color_filter_pkg' build argument 'catkin_skip_building_tests' from command line to 'False'
[5.387s] DEBUG:colcon.colcon_core.verb:Building package 'color_filter_pkg' with the following arguments: {'ament_cmake_args': None, 'build_base': '/root/deepracer_ws/color-detection-project/color_detection_ws/build/color_filter_pkg', 'catkin_cmake_args': None, 'catkin_skip_building_tests': False, 'cmake_args': None, 'cmake_clean_cache': False, 'cmake_clean_first': False, 'cmake_force_configure': False, 'cmake_target': None, 'cmake_target_skip_unavailable': False, 'install_base': '/root/deepracer_ws/color-detection-project/color_detection_ws/install/color_filter_pkg', 'merge_install': False, 'path': '/root/deepracer_ws/color-detection-project/color_detection_ws/src/color_filter_pkg', 'symlink_install': False, 'test_result_base': None}
[5.402s] Level 5:colcon.colcon_core.verb:set package 'color_interfaces' build argument 'cmake_args' from command line to 'None'
[5.403s] Level 5:colcon.colcon_core.verb:set package 'color_interfaces' build argument 'cmake_target' from command line to 'None'
[5.403s] Level 5:colcon.colcon_core.verb:set package 'color_interfaces' build argument 'cmake_target_skip_unavailable' from command line to 'False'
[5.403s] Level 5:colcon.colcon_core.verb:set package 'color_interfaces' build argument 'cmake_clean_cache' from command line to 'False'
[5.403s] Level 5:colcon.colcon_core.verb:set package 'color_interfaces' build argument 'cmake_clean_first' from command line to 'False'
[5.403s] Level 5:colcon.colcon_core.verb:set package 'color_interfaces' build argument 'cmake_force_configure' from command line to 'False'
[5.403s] Level 5:colcon.colcon_core.verb:set package 'color_interfaces' build argument 'ament_cmake_args' from command line to 'None'
[5.403s] Level 5:colcon.colcon_core.verb:set package 'color_interfaces' build argument 'catkin_cmake_args' from command line to 'None'
[5.403s] Level 5:colcon.colcon_core.verb:set package 'color_interfaces' build argument 'catkin_skip_building_tests' from command line to 'False'
[5.404s] DEBUG:colcon.colcon_core.verb:Building package 'color_interfaces' with the following arguments: {'ament_cmake_args': None, 'build_base': '/root/deepracer_ws/color-detection-project/color_detection_ws/build/color_interfaces', 'catkin_cmake_args': None, 'catkin_skip_building_tests': False, 'cmake_args': None, 'cmake_clean_cache': False, 'cmake_clean_first': False, 'cmake_force_configure': False, 'cmake_target': None, 'cmake_target_skip_unavailable': False, 'install_base': '/root/deepracer_ws/color-detection-project/color_detection_ws/install/color_interfaces', 'merge_install': False, 'path': '/root/deepracer_ws/color-detection-project/color_detection_ws/src/color_interfaces', 'symlink_install': False, 'test_result_base': None}
[5.420s] Level 5:colcon.colcon_core.verb:set package 'led_color_pkg' build argument 'cmake_args' from command line to 'None'
[5.420s] Level 5:colcon.colcon_core.verb:set package 'led_color_pkg' build argument 'cmake_target' from command line to 'None'
[5.420s] Level 5:colcon.colcon_core.verb:set package 'led_color_pkg' build argument 'cmake_target_skip_unavailable' from command line to 'False'
[5.420s] Level 5:colcon.colcon_core.verb:set package 'led_color_pkg' build argument 'cmake_clean_cache' from command line to 'False'
[5.420s] Level 5:colcon.colcon_core.verb:set package 'led_color_pkg' build argument 'cmake_clean_first' from command line to 'False'
[5.421s] Level 5:colcon.colcon_core.verb:set package 'led_color_pkg' build argument 'cmake_force_configure' from command line to 'False'
[5.421s] Level 5:colcon.colcon_core.verb:set package 'led_color_pkg' build argument 'ament_cmake_args' from command line to 'None'
[5.421s] Level 5:colcon.colcon_core.verb:set package 'led_color_pkg' build argument 'catkin_cmake_args' from command line to 'None'
[5.421s] Level 5:colcon.colcon_core.verb:set package 'led_color_pkg' build argument 'catkin_skip_building_tests' from command line to 'False'
[5.421s] DEBUG:colcon.colcon_core.verb:Building package 'led_color_pkg' with the following arguments: {'ament_cmake_args': None, 'build_base': '/root/deepracer_ws/color-detection-project/color_detection_ws/build/led_color_pkg', 'catkin_cmake_args': None, 'catkin_skip_building_tests': False, 'cmake_args': None, 'cmake_clean_cache': False, 'cmake_clean_first': False, 'cmake_force_configure': False, 'cmake_target': None, 'cmake_target_skip_unavailable': False, 'install_base': '/root/deepracer_ws/color-detection-project/color_detection_ws/install/led_color_pkg', 'merge_install': False, 'path': '/root/deepracer_ws/color-detection-project/color_detection_ws/src/led_color_pkg', 'symlink_install': False, 'test_result_base': None}
[5.442s] Level 5:colcon.colcon_core.verb:set package 'navigation_pkg' build argument 'cmake_args' from command line to 'None'
[5.443s] Level 5:colcon.colcon_core.verb:set package 'navigation_pkg' build argument 'cmake_target' from command line to 'None'
[5.443s] Level 5:colcon.colcon_core.verb:set package 'navigation_pkg' build argument 'cmake_target_skip_unavailable' from command line to 'False'
[5.443s] Level 5:colcon.colcon_core.verb:set package 'navigation_pkg' build argument 'cmake_clean_cache' from command line to 'False'
[5.443s] Level 5:colcon.colcon_core.verb:set package 'navigation_pkg' build argument 'cmake_clean_first' from command line to 'False'
[5.443s] Level 5:colcon.colcon_core.verb:set package 'navigation_pkg' build argument 'cmake_force_configure' from command line to 'False'
[5.443s] Level 5:colcon.colcon_core.verb:set package 'navigation_pkg' build argument 'ament_cmake_args' from command line to 'None'
[5.444s] Level 5:colcon.colcon_core.verb:set package 'navigation_pkg' build argument 'catkin_cmake_args' from command line to 'None'
[5.444s] Level 5:colcon.colcon_core.verb:set package 'navigation_pkg' build argument 'catkin_skip_building_tests' from command line to 'False'
[5.444s] DEBUG:colcon.colcon_core.verb:Building package 'navigation_pkg' with the following arguments: {'ament_cmake_args': None, 'build_base': '/root/deepracer_ws/color-detection-project/color_detection_ws/build/navigation_pkg', 'catkin_cmake_args': None, 'catkin_skip_building_tests': False, 'cmake_args': None, 'cmake_clean_cache': False, 'cmake_clean_first': False, 'cmake_force_configure': False, 'cmake_target': None, 'cmake_target_skip_unavailable': False, 'install_base': '/root/deepracer_ws/color-detection-project/color_detection_ws/install/navigation_pkg', 'merge_install': False, 'path': '/root/deepracer_ws/color-detection-project/color_detection_ws/src/navigation_pkg', 'symlink_install': False, 'test_result_base': None}
[5.447s] INFO:colcon.colcon_core.executor:Executing jobs using 'parallel' executor
[5.466s] DEBUG:colcon.colcon_parallel_executor.executor.parallel:run_until_complete
[5.469s] INFO:colcon.colcon_core.task.python.build:Building Python package in '/root/deepracer_ws/color-detection-project/color_detection_ws/src/color_filter_pkg'
[5.658s] INFO:colcon.colcon_core.plugin_system:Skipping extension 'colcon_core.shell.bat': Not used on non-Windows systems
[5.659s] INFO:colcon.colcon_core.shell:Skip shell extension 'powershell' for command environment: Not usable outside of PowerShell
[5.659s] DEBUG:colcon.colcon_core.shell:Skip shell extension 'dsv' for command environment
[5.686s] DEBUG:colcon.colcon_core.shell:Ignoring prefix path '/opt/ros/foxy'
[5.694s] INFO:colcon.colcon_cmake.task.cmake.build:Building CMake package in '/root/deepracer_ws/color-detection-project/color_detection_ws/src/color_interfaces'
[5.710s] INFO:colcon.colcon_core.shell:Skip shell extension 'powershell' for command environment: Not usable outside of PowerShell
[5.710s] DEBUG:colcon.colcon_core.shell:Skip shell extension 'dsv' for command environment
[5.740s] DEBUG:colcon.colcon_core.shell:Ignoring prefix path '/opt/ros/foxy'
[6.917s] DEBUG:colcon.colcon_core.event_handler.log_command:Invoking command in '/root/deepracer_ws/color-detection-project/color_detection_ws/build/color_interfaces': /usr/bin/cmake /root/deepracer_ws/color-detection-project/color_detection_ws/src/color_interfaces -DCMAKE_INSTALL_PREFIX=/root/deepracer_ws/color-detection-project/color_detection_ws/install/color_interfaces
[9.862s] DEBUG:colcon.colcon_core.event_handler.log_command:Invoking command in '/root/deepracer_ws/color-detection-project/color_detection_ws/src/color_filter_pkg': PYTHONPATH=/root/deepracer_ws/color-detection-project/color_detection_ws/install/color_filter_pkg/lib/python3.8/site-packages:${PYTHONPATH} /usr/bin/python3 setup.py egg_info --egg-base ../../build/color_filter_pkg build --build-base /root/deepracer_ws/color-detection-project/color_detection_ws/build/color_filter_pkg/build install --prefix /root/deepracer_ws/color-detection-project/color_detection_ws/install/color_filter_pkg --record /root/deepracer_ws/color-detection-project/color_detection_ws/build/color_filter_pkg/install.log --single-version-externally-managed
[11.589s] DEBUG:colcon.colcon_core.event_handler.log_command:Invoked command in '/root/deepracer_ws/color-detection-project/color_detection_ws/src/color_filter_pkg' returned '0': PYTHONPATH=/root/deepracer_ws/color-detection-project/color_detection_ws/install/color_filter_pkg/lib/python3.8/site-packages:${PYTHONPATH} /usr/bin/python3 setup.py egg_info --egg-base ../../build/color_filter_pkg build --build-base /root/deepracer_ws/color-detection-project/color_detection_ws/build/color_filter_pkg/build install --prefix /root/deepracer_ws/color-detection-project/color_detection_ws/install/color_filter_pkg --record /root/deepracer_ws/color-detection-project/color_detection_ws/build/color_filter_pkg/install.log --single-version-externally-managed
[11.766s] Level 1:colcon.colcon_core.environment:checking '/root/deepracer_ws/color-detection-project/color_detection_ws/install/color_filter_pkg' for CMake module files
[11.768s] Level 1:colcon.colcon_core.environment:checking '/root/deepracer_ws/color-detection-project/color_detection_ws/install/color_filter_pkg' for CMake config files
[11.805s] Level 1:colcon.colcon_core.environment:checking '/root/deepracer_ws/color-detection-project/color_detection_ws/install/color_filter_pkg/lib'
[11.806s] Level 1:colcon.colcon_core.environment:checking '/root/deepracer_ws/color-detection-project/color_detection_ws/install/color_filter_pkg/bin'
[11.806s] Level 1:colcon.colcon_core.environment:checking '/root/deepracer_ws/color-detection-project/color_detection_ws/install/color_filter_pkg/lib/pkgconfig/color_filter_pkg.pc'
[11.807s] Level 1:colcon.colcon_core.environment:checking '/root/deepracer_ws/color-detection-project/color_detection_ws/install/color_filter_pkg/lib/python3.8/site-packages'
[11.808s] Level 1:colcon.colcon_core.shell:create_environment_hook('color_filter_pkg', 'pythonpath')
[11.815s] INFO:colcon.colcon_core.shell:Creating environment hook '/root/deepracer_ws/color-detection-project/color_detection_ws/install/color_filter_pkg/share/color_filter_pkg/hook/pythonpath.ps1'
[11.818s] INFO:colcon.colcon_core.shell:Creating environment descriptor '/root/deepracer_ws/color-detection-project/color_detection_ws/install/color_filter_pkg/share/color_filter_pkg/hook/pythonpath.dsv'
[11.820s] INFO:colcon.colcon_core.shell:Creating environment hook '/root/deepracer_ws/color-detection-project/color_detection_ws/install/color_filter_pkg/share/color_filter_pkg/hook/pythonpath.sh'
[11.823s] Level 1:colcon.colcon_core.environment:checking '/root/deepracer_ws/color-detection-project/color_detection_ws/install/color_filter_pkg/bin'
[11.824s] Level 1:colcon.colcon_core.environment:create_environment_scripts_only(color_filter_pkg)
[11.831s] INFO:colcon.colcon_core.shell:Creating package script '/root/deepracer_ws/color-detection-project/color_detection_ws/install/color_filter_pkg/share/color_filter_pkg/package.ps1'
[11.999s] INFO:colcon.colcon_core.shell:Creating package descriptor '/root/deepracer_ws/color-detection-project/color_detection_ws/install/color_filter_pkg/share/color_filter_pkg/package.dsv'
[12.002s] INFO:colcon.colcon_core.shell:Creating package script '/root/deepracer_ws/color-detection-project/color_detection_ws/install/color_filter_pkg/share/color_filter_pkg/package.sh'
[12.006s] INFO:colcon.colcon_core.shell:Creating package script '/root/deepracer_ws/color-detection-project/color_detection_ws/install/color_filter_pkg/share/color_filter_pkg/package.bash'
[12.009s] INFO:colcon.colcon_core.shell:Creating package script '/root/deepracer_ws/color-detection-project/color_detection_ws/install/color_filter_pkg/share/color_filter_pkg/package.zsh'
[12.012s] Level 1:colcon.colcon_core.environment:create_file_with_runtime_dependencies(/root/deepracer_ws/color-detection-project/color_detection_ws/install/color_filter_pkg/share/colcon-core/packages/color_filter_pkg)
[12.014s] INFO:colcon.colcon_core.task.python.build:Building Python package in '/root/deepracer_ws/color-detection-project/color_detection_ws/src/led_color_pkg'
[12.023s] INFO:colcon.colcon_core.shell:Skip shell extension 'powershell' for command environment: Not usable outside of PowerShell
[12.023s] DEBUG:colcon.colcon_core.shell:Skip shell extension 'dsv' for command environment
[12.065s] DEBUG:colcon.colcon_core.shell:Ignoring prefix path '/opt/ros/foxy'
[14.856s] DEBUG:colcon.colcon_core.event_handler.log_command:Invoking command in '/root/deepracer_ws/color-detection-project/color_detection_ws/src/led_color_pkg': PYTHONPATH=/root/deepracer_ws/color-detection-project/color_detection_ws/install/led_color_pkg/lib/python3.8/site-packages:${PYTHONPATH} /usr/bin/python3 setup.py egg_info --egg-base ../../build/led_color_pkg build --build-base /root/deepracer_ws/color-detection-project/color_detection_ws/build/led_color_pkg/build install --prefix /root/deepracer_ws/color-detection-project/color_detection_ws/install/led_color_pkg --record /root/deepracer_ws/color-detection-project/color_detection_ws/build/led_color_pkg/install.log --single-version-externally-managed
[16.622s] DEBUG:colcon.colcon_core.event_handler.log_command:Invoked command in '/root/deepracer_ws/color-detection-project/color_detection_ws/src/led_color_pkg' returned '0': PYTHONPATH=/root/deepracer_ws/color-detection-project/color_detection_ws/install/led_color_pkg/lib/python3.8/site-packages:${PYTHONPATH} /usr/bin/python3 setup.py egg_info --egg-base ../../build/led_color_pkg build --build-base /root/deepracer_ws/color-detection-project/color_detection_ws/build/led_color_pkg/build install --prefix /root/deepracer_ws/color-detection-project/color_detection_ws/install/led_color_pkg --record /root/deepracer_ws/color-detection-project/color_detection_ws/build/led_color_pkg/install.log --single-version-externally-managed
[16.623s] Level 1:colcon.colcon_core.environment:checking '/root/deepracer_ws/color-detection-project/color_detection_ws/install/led_color_pkg' for CMake module files
[16.624s] Level 1:colcon.colcon_core.environment:checking '/root/deepracer_ws/color-detection-project/color_detection_ws/install/led_color_pkg' for CMake config files
[16.626s] Level 1:colcon.colcon_core.environment:checking '/root/deepracer_ws/color-detection-project/color_detection_ws/install/led_color_pkg/lib'
[16.627s] Level 1:colcon.colcon_core.environment:checking '/root/deepracer_ws/color-detection-project/color_detection_ws/install/led_color_pkg/bin'
[16.627s] Level 1:colcon.colcon_core.environment:checking '/root/deepracer_ws/color-detection-project/color_detection_ws/install/led_color_pkg/lib/pkgconfig/led_color_pkg.pc'
[16.628s] Level 1:colcon.colcon_core.environment:checking '/root/deepracer_ws/color-detection-project/color_detection_ws/install/led_color_pkg/lib/python3.8/site-packages'
[16.628s] Level 1:colcon.colcon_core.shell:create_environment_hook('led_color_pkg', 'pythonpath')
[16.644s] INFO:colcon.colcon_core.shell:Creating environment hook '/root/deepracer_ws/color-detection-project/color_detection_ws/install/led_color_pkg/share/led_color_pkg/hook/pythonpath.ps1'
[16.646s] INFO:colcon.colcon_core.shell:Creating environment descriptor '/root/deepracer_ws/color-detection-project/color_detection_ws/install/led_color_pkg/share/led_color_pkg/hook/pythonpath.dsv'
[16.648s] INFO:colcon.colcon_core.shell:Creating environment hook '/root/deepracer_ws/color-detection-project/color_detection_ws/install/led_color_pkg/share/led_color_pkg/hook/pythonpath.sh'
[16.650s] Level 1:colcon.colcon_core.environment:checking '/root/deepracer_ws/color-detection-project/color_detection_ws/install/led_color_pkg/bin'
[16.651s] Level 1:colcon.colcon_core.environment:create_environment_scripts_only(led_color_pkg)
[16.659s] INFO:colcon.colcon_core.shell:Creating package script '/root/deepracer_ws/color-detection-project/color_detection_ws/install/led_color_pkg/share/led_color_pkg/package.ps1'
[16.662s] INFO:colcon.colcon_core.shell:Creating package descriptor '/root/deepracer_ws/color-detection-project/color_detection_ws/install/led_color_pkg/share/led_color_pkg/package.dsv'
[16.664s] INFO:colcon.colcon_core.shell:Creating package script '/root/deepracer_ws/color-detection-project/color_detection_ws/install/led_color_pkg/share/led_color_pkg/package.sh'
[16.673s] INFO:colcon.colcon_core.shell:Creating package script '/root/deepracer_ws/color-detection-project/color_detection_ws/install/led_color_pkg/share/led_color_pkg/package.bash'
[16.675s] INFO:colcon.colcon_core.shell:Creating package script '/root/deepracer_ws/color-detection-project/color_detection_ws/install/led_color_pkg/share/led_color_pkg/package.zsh'
[16.676s] Level 1:colcon.colcon_core.environment:create_file_with_runtime_dependencies(/root/deepracer_ws/color-detection-project/color_detection_ws/install/led_color_pkg/share/colcon-core/packages/led_color_pkg)
[16.679s] INFO:colcon.colcon_core.task.python.build:Building Python package in '/root/deepracer_ws/color-detection-project/color_detection_ws/src/navigation_pkg'
[16.687s] INFO:colcon.colcon_core.shell:Skip shell extension 'powershell' for command environment: Not usable outside of PowerShell
[16.687s] DEBUG:colcon.colcon_core.shell:Skip shell extension 'dsv' for command environment
[16.725s] DEBUG:colcon.colcon_core.shell:Ignoring prefix path '/opt/ros/foxy'
[17.983s] DEBUG:colcon.colcon_core.event_handler.log_command:Invoked command in '/root/deepracer_ws/color-detection-project/color_detection_ws/build/color_interfaces' returned '1': /usr/bin/cmake /root/deepracer_ws/color-detection-project/color_detection_ws/src/color_interfaces -DCMAKE_INSTALL_PREFIX=/root/deepracer_ws/color-detection-project/color_detection_ws/install/color_interfaces
[19.739s] DEBUG:colcon.colcon_parallel_executor.executor.parallel:closing loop
[19.741s] DEBUG:colcon.colcon_parallel_executor.executor.parallel:loop closed
[19.741s] DEBUG:colcon.colcon_parallel_executor.executor.parallel:run_until_complete finished with '1'
[19.742s] DEBUG:colcon.colcon_core.event_reactor:joining thread
[19.936s] INFO:colcon.colcon_core.plugin_system:Skipping extension 'colcon_notification.desktop_notification.terminal_notifier': Not used on non-Darwin systems
[19.937s] INFO:colcon.colcon_core.plugin_system:Skipping extension 'colcon_notification.desktop_notification.win32': Not used on non-Windows systems
[19.937s] INFO:colcon.colcon_notification.desktop_notification:Sending desktop notification using 'notify2'
[19.984s] DEBUG:colcon.colcon_notification.desktop_notification.notify2:Failed to initialize notify2: org.freedesktop.DBus.Error.ServiceUnknown: The name org.freedesktop.Notifications was not provided by any .service files
[19.985s] DEBUG:colcon.colcon_core.event_reactor:joined thread
[19.994s] INFO:colcon.colcon_core.shell:Creating prefix script '/root/deepracer_ws/color-detection-project/color_detection_ws/install/local_setup.ps1'
[20.007s] INFO:colcon.colcon_core.shell:Creating prefix util module '/root/deepracer_ws/color-detection-project/color_detection_ws/install/_local_setup_util_ps1.py'
[20.015s] INFO:colcon.colcon_core.shell:Creating prefix chain script '/root/deepracer_ws/color-detection-project/color_detection_ws/install/setup.ps1'
[20.033s] INFO:colcon.colcon_core.shell:Creating prefix script '/root/deepracer_ws/color-detection-project/color_detection_ws/install/local_setup.sh'
[20.042s] INFO:colcon.colcon_core.shell:Creating prefix util module '/root/deepracer_ws/color-detection-project/color_detection_ws/install/_local_setup_util_sh.py'
[20.044s] INFO:colcon.colcon_core.shell:Creating prefix chain script '/root/deepracer_ws/color-detection-project/color_detection_ws/install/setup.sh'
[20.060s] INFO:colcon.colcon_core.shell:Creating prefix script '/root/deepracer_ws/color-detection-project/color_detection_ws/install/local_setup.bash'
[20.063s] INFO:colcon.colcon_core.shell:Creating prefix chain script '/root/deepracer_ws/color-detection-project/color_detection_ws/install/setup.bash'
[20.085s] INFO:colcon.colcon_core.shell:Creating prefix script '/root/deepracer_ws/color-detection-project/color_detection_ws/install/local_setup.zsh'
[20.091s] INFO:colcon.colcon_core.shell:Creating prefix chain script '/root/deepracer_ws/color-detection-project/color_detection_ws/install/setup.zsh'
