running egg_info
writing ../../build/navigation_pkg/navigation_pkg.egg-info/PKG-INFO
writing dependency_links to ../../build/navigation_pkg/navigation_pkg.egg-info/dependency_links.txt
writing entry points to ../../build/navigation_pkg/navigation_pkg.egg-info/entry_points.txt
writing requirements to ../../build/navigation_pkg/navigation_pkg.egg-info/requires.txt
writing top-level names to ../../build/navigation_pkg/navigation_pkg.egg-info/top_level.txt
reading manifest file '../../build/navigation_pkg/navigation_pkg.egg-info/SOURCES.txt'
writing manifest file '../../build/navigation_pkg/navigation_pkg.egg-info/SOURCES.txt'
running build
running build_py
copying navigation_pkg/navigation_color_node.py -> /root/deepracer_ws/color-detection-project/color_detection_ws/build/navigation_pkg/build/lib/navigation_pkg
running install
running install_lib
copying /root/deepracer_ws/color-detection-project/color_detection_ws/build/navigation_pkg/build/lib/navigation_pkg/navigation_color_node.py -> /root/deepracer_ws/color-detection-project/color_detection_ws/install/navigation_pkg/lib/python3.8/site-packages/navigation_pkg
byte-compiling /root/deepracer_ws/color-detection-project/color_detection_ws/install/navigation_pkg/lib/python3.8/site-packages/navigation_pkg/navigation_color_node.py to navigation_color_node.cpython-38.pyc
running install_data
running install_egg_info
removing '/root/deepracer_ws/color-detection-project/color_detection_ws/install/navigation_pkg/lib/python3.8/site-packages/navigation_pkg-0.0.0-py3.8.egg-info' (and everything under it)
Copying ../../build/navigation_pkg/navigation_pkg.egg-info to /root/deepracer_ws/color-detection-project/color_detection_ws/install/navigation_pkg/lib/python3.8/site-packages/navigation_pkg-0.0.0-py3.8.egg-info
running install_scripts
Installing navigation_color_node script to /root/deepracer_ws/color-detection-project/color_detection_ws/install/navigation_pkg/lib/navigation_pkg
writing list of installed files to '/root/deepracer_ws/color-detection-project/color_detection_ws/build/navigation_pkg/install.log'
