[4.806s] Invoking command in '/root/deepracer_ws/color-detection-project/color_detection_ws/src/color_filter_pkg': PYTHONPATH=/root/deepracer_ws/color-detection-project/color_detection_ws/install/color_filter_pkg/lib/python3.8/site-packages:${PYTHONPATH} /usr/bin/python3 setup.py egg_info --egg-base ../../build/color_filter_pkg build --build-base /root/deepracer_ws/color-detection-project/color_detection_ws/build/color_filter_pkg/build install --prefix /root/deepracer_ws/color-detection-project/color_detection_ws/install/color_filter_pkg --record /root/deepracer_ws/color-detection-project/color_detection_ws/build/color_filter_pkg/install.log --single-version-externally-managed
[5.822s] running egg_info
[5.824s] writing ../../build/color_filter_pkg/color_filter_pkg.egg-info/PKG-INFO
[5.825s] writing dependency_links to ../../build/color_filter_pkg/color_filter_pkg.egg-info/dependency_links.txt
[5.826s] writing entry points to ../../build/color_filter_pkg/color_filter_pkg.egg-info/entry_points.txt
[5.826s] writing requirements to ../../build/color_filter_pkg/color_filter_pkg.egg-info/requires.txt
[5.827s] writing top-level names to ../../build/color_filter_pkg/color_filter_pkg.egg-info/top_level.txt
[6.015s] reading manifest file '../../build/color_filter_pkg/color_filter_pkg.egg-info/SOURCES.txt'
[6.019s] writing manifest file '../../build/color_filter_pkg/color_filter_pkg.egg-info/SOURCES.txt'
[6.019s] running build
[6.020s] running build_py
[6.025s] running install
[6.025s] running install_lib
[6.027s] running install_data
[6.029s] running install_egg_info
[6.035s] removing '/root/deepracer_ws/color-detection-project/color_detection_ws/install/color_filter_pkg/lib/python3.8/site-packages/color_filter_pkg-0.0.0-py3.8.egg-info' (and everything under it)
[6.045s] Copying ../../build/color_filter_pkg/color_filter_pkg.egg-info to /root/deepracer_ws/color-detection-project/color_detection_ws/install/color_filter_pkg/lib/python3.8/site-packages/color_filter_pkg-0.0.0-py3.8.egg-info
[6.049s] running install_scripts
[6.124s] Installing color_filter_node script to /root/deepracer_ws/color-detection-project/color_detection_ws/install/color_filter_pkg/lib/color_filter_pkg
[6.125s] writing list of installed files to '/root/deepracer_ws/color-detection-project/color_detection_ws/build/color_filter_pkg/install.log'
[6.233s] Invoked command in '/root/deepracer_ws/color-detection-project/color_detection_ws/src/color_filter_pkg' returned '0': PYTHONPATH=/root/deepracer_ws/color-detection-project/color_detection_ws/install/color_filter_pkg/lib/python3.8/site-packages:${PYTHONPATH} /usr/bin/python3 setup.py egg_info --egg-base ../../build/color_filter_pkg build --build-base /root/deepracer_ws/color-detection-project/color_detection_ws/build/color_filter_pkg/build install --prefix /root/deepracer_ws/color-detection-project/color_detection_ws/install/color_filter_pkg --record /root/deepracer_ws/color-detection-project/color_detection_ws/build/color_filter_pkg/install.log --single-version-externally-managed
