[4.246s] Invoking command in '/root/deepracer_ws/color-detection-project/color_detection_ws/src/color_filter_pkg': PYTHONPATH=/root/deepracer_ws/color-detection-project/color_detection_ws/install/color_filter_pkg/lib/python3.8/site-packages:${PYTHONPATH} /usr/bin/python3 setup.py egg_info --egg-base ../../build/color_filter_pkg build --build-base /root/deepracer_ws/color-detection-project/color_detection_ws/build/color_filter_pkg/build install --prefix /root/deepracer_ws/color-detection-project/color_detection_ws/install/color_filter_pkg --record /root/deepracer_ws/color-detection-project/color_detection_ws/build/color_filter_pkg/install.log --single-version-externally-managed
[5.726s] running egg_info
[5.729s] writing ../../build/color_filter_pkg/color_filter_pkg.egg-info/PKG-INFO
[5.731s] writing dependency_links to ../../build/color_filter_pkg/color_filter_pkg.egg-info/dependency_links.txt
[5.732s] writing entry points to ../../build/color_filter_pkg/color_filter_pkg.egg-info/entry_points.txt
[5.734s] writing requirements to ../../build/color_filter_pkg/color_filter_pkg.egg-info/requires.txt
[5.736s] writing top-level names to ../../build/color_filter_pkg/color_filter_pkg.egg-info/top_level.txt
[5.871s] reading manifest file '../../build/color_filter_pkg/color_filter_pkg.egg-info/SOURCES.txt'
[5.875s] writing manifest file '../../build/color_filter_pkg/color_filter_pkg.egg-info/SOURCES.txt'
[5.877s] running build
[5.877s] running build_py
[5.879s] running install
[5.883s] running install_lib
[5.891s] running install_data
[5.894s] running install_egg_info
[5.901s] removing '/root/deepracer_ws/color-detection-project/color_detection_ws/install/color_filter_pkg/lib/python3.8/site-packages/color_filter_pkg-0.0.0-py3.8.egg-info' (and everything under it)
[5.903s] Copying ../../build/color_filter_pkg/color_filter_pkg.egg-info to /root/deepracer_ws/color-detection-project/color_detection_ws/install/color_filter_pkg/lib/python3.8/site-packages/color_filter_pkg-0.0.0-py3.8.egg-info
[5.907s] running install_scripts
[5.975s] Installing color_filter_node script to /root/deepracer_ws/color-detection-project/color_detection_ws/install/color_filter_pkg/lib/color_filter_pkg
[5.978s] writing list of installed files to '/root/deepracer_ws/color-detection-project/color_detection_ws/build/color_filter_pkg/install.log'
[6.064s] Invoked command in '/root/deepracer_ws/color-detection-project/color_detection_ws/src/color_filter_pkg' returned '0': PYTHONPATH=/root/deepracer_ws/color-detection-project/color_detection_ws/install/color_filter_pkg/lib/python3.8/site-packages:${PYTHONPATH} /usr/bin/python3 setup.py egg_info --egg-base ../../build/color_filter_pkg build --build-base /root/deepracer_ws/color-detection-project/color_detection_ws/build/color_filter_pkg/build install --prefix /root/deepracer_ws/color-detection-project/color_detection_ws/install/color_filter_pkg --record /root/deepracer_ws/color-detection-project/color_detection_ws/build/color_filter_pkg/install.log --single-version-externally-managed
