[3.435s] Invoking command in '/root/deepracer_ws/color-detection-project/color_detection_ws/src/led_color_pkg': PYTHONPATH=/root/deepracer_ws/color-detection-project/color_detection_ws/install/led_color_pkg/lib/python3.8/site-packages:${PYTHONPATH} /usr/bin/python3 setup.py egg_info --egg-base ../../build/led_color_pkg build --build-base /root/deepracer_ws/color-detection-project/color_detection_ws/build/led_color_pkg/build install --prefix /root/deepracer_ws/color-detection-project/color_detection_ws/install/led_color_pkg --record /root/deepracer_ws/color-detection-project/color_detection_ws/build/led_color_pkg/install.log --single-version-externally-managed
[4.758s] running egg_info
[4.764s] writing ../../build/led_color_pkg/led_color_pkg.egg-info/PKG-INFO
[4.764s] writing dependency_links to ../../build/led_color_pkg/led_color_pkg.egg-info/dependency_links.txt
[4.765s] writing entry points to ../../build/led_color_pkg/led_color_pkg.egg-info/entry_points.txt
[4.765s] writing requirements to ../../build/led_color_pkg/led_color_pkg.egg-info/requires.txt
[4.766s] writing top-level names to ../../build/led_color_pkg/led_color_pkg.egg-info/top_level.txt
[4.951s] reading manifest file '../../build/led_color_pkg/led_color_pkg.egg-info/SOURCES.txt'
[4.954s] writing manifest file '../../build/led_color_pkg/led_color_pkg.egg-info/SOURCES.txt'
[4.955s] running build
[4.955s] running build_py
[4.956s] running install
[4.965s] running install_lib
[4.970s] running install_data
[4.972s] running install_egg_info
[4.986s] removing '/root/deepracer_ws/color-detection-project/color_detection_ws/install/led_color_pkg/lib/python3.8/site-packages/led_color_pkg-0.0.0-py3.8.egg-info' (and everything under it)
[4.995s] Copying ../../build/led_color_pkg/led_color_pkg.egg-info to /root/deepracer_ws/color-detection-project/color_detection_ws/install/led_color_pkg/lib/python3.8/site-packages/led_color_pkg-0.0.0-py3.8.egg-info
[4.999s] running install_scripts
[5.137s] Installing led_color_node script to /root/deepracer_ws/color-detection-project/color_detection_ws/install/led_color_pkg/lib/led_color_pkg
[5.138s] writing list of installed files to '/root/deepracer_ws/color-detection-project/color_detection_ws/build/led_color_pkg/install.log'
[5.306s] Invoked command in '/root/deepracer_ws/color-detection-project/color_detection_ws/src/led_color_pkg' returned '0': PYTHONPATH=/root/deepracer_ws/color-detection-project/color_detection_ws/install/led_color_pkg/lib/python3.8/site-packages:${PYTHONPATH} /usr/bin/python3 setup.py egg_info --egg-base ../../build/led_color_pkg build --build-base /root/deepracer_ws/color-detection-project/color_detection_ws/build/led_color_pkg/build install --prefix /root/deepracer_ws/color-detection-project/color_detection_ws/install/led_color_pkg --record /root/deepracer_ws/color-detection-project/color_detection_ws/build/led_color_pkg/install.log --single-version-externally-managed
