[0.945s] Invoking command in '/root/deepracer_ws/color-detection-project/color_detection_ws/build/color_interfaces': CMAKE_PREFIX_PATH=/opt/ros/foxy /usr/bin/cmake --build /root/deepracer_ws/color-detection-project/color_detection_ws/build/color_interfaces -- -j2 -l2
[1.116s] [  3%] Built target color_interfaces__cpp
[1.142s] [ 12%] Built target color_interfaces__rosidl_generator_c
[1.223s] [ 22%] Built target color_interfaces__rosidl_typesupport_cpp
[1.294s] [ 32%] Built target color_interfaces__rosidl_typesupport_fastrtps_cpp
[1.322s] [ 41%] Built target color_interfaces__rosidl_typesupport_introspection_c
[1.409s] [ 51%] Built target color_interfaces__rosidl_typesupport_c
[1.431s] [ 61%] Built target color_interfaces__rosidl_typesupport_introspection_cpp
[1.503s] [ 70%] Built target color_interfaces__rosidl_typesupport_fastrtps_c
[1.554s] [ 70%] Built target color_interfaces
[1.614s] [ 74%] Built target color_interfaces__py
[1.687s] [ 80%] Built target color_interfaces__python
[1.754s] [ 87%] Built target color_interfaces__rosidl_typesupport_introspection_c__pyext
[1.815s] [ 93%] Built target color_interfaces__rosidl_typesupport_c__pyext
[1.844s] [100%] Built target color_interfaces__rosidl_typesupport_fastrtps_c__pyext
[1.883s] Invoked command in '/root/deepracer_ws/color-detection-project/color_detection_ws/build/color_interfaces' returned '0': CMAKE_PREFIX_PATH=/opt/ros/foxy /usr/bin/cmake --build /root/deepracer_ws/color-detection-project/color_detection_ws/build/color_interfaces -- -j2 -l2
[2.025s] Invoking command in '/root/deepracer_ws/color-detection-project/color_detection_ws/build/color_interfaces': CMAKE_PREFIX_PATH=/opt/ros/foxy /usr/bin/cmake --install /root/deepracer_ws/color-detection-project/color_detection_ws/build/color_interfaces
[2.057s] -- Install configuration: ""
[2.057s] -- Up-to-date: /root/deepracer_ws/color-detection-project/color_detection_ws/install/color_interfaces/share/ament_index/resource_index/rosidl_interfaces/color_interfaces
[2.058s] -- Up-to-date: /root/deepracer_ws/color-detection-project/color_detection_ws/install/color_interfaces/include/color_interfaces
[2.059s] -- Up-to-date: /root/deepracer_ws/color-detection-project/color_detection_ws/install/color_interfaces/include/color_interfaces/msg
[2.059s] -- Up-to-date: /root/deepracer_ws/color-detection-project/color_detection_ws/install/color_interfaces/include/color_interfaces/msg/color_flag.h
[2.059s] -- Up-to-date: /root/deepracer_ws/color-detection-project/color_detection_ws/install/color_interfaces/include/color_interfaces/msg/detail
[2.060s] -- Up-to-date: /root/deepracer_ws/color-detection-project/color_detection_ws/install/color_interfaces/include/color_interfaces/msg/detail/color_flag__functions.c
[2.060s] -- Up-to-date: /root/deepracer_ws/color-detection-project/color_detection_ws/install/color_interfaces/include/color_interfaces/msg/detail/color_flag__functions.h
[2.060s] -- Up-to-date: /root/deepracer_ws/color-detection-project/color_detection_ws/install/color_interfaces/include/color_interfaces/msg/detail/color_flag__struct.h
[2.061s] -- Up-to-date: /root/deepracer_ws/color-detection-project/color_detection_ws/install/color_interfaces/include/color_interfaces/msg/detail/color_flag__type_support.h
[2.061s] -- Up-to-date: /root/deepracer_ws/color-detection-project/color_detection_ws/install/color_interfaces/include/color_interfaces/msg/rosidl_generator_c__visibility_control.h
[2.061s] -- Up-to-date: /root/deepracer_ws/color-detection-project/color_detection_ws/install/color_interfaces/share/color_interfaces/environment/library_path.sh
[2.063s] -- Up-to-date: /root/deepracer_ws/color-detection-project/color_detection_ws/install/color_interfaces/share/color_interfaces/environment/library_path.dsv
[2.065s] -- Up-to-date: /root/deepracer_ws/color-detection-project/color_detection_ws/install/color_interfaces/lib/libcolor_interfaces__rosidl_generator_c.so
[2.066s] -- Up-to-date: /root/deepracer_ws/color-detection-project/color_detection_ws/install/color_interfaces/include/color_interfaces
[2.067s] -- Up-to-date: /root/deepracer_ws/color-detection-project/color_detection_ws/install/color_interfaces/include/color_interfaces/msg
[2.068s] -- Up-to-date: /root/deepracer_ws/color-detection-project/color_detection_ws/install/color_interfaces/include/color_interfaces/msg/detail
[2.080s] -- Up-to-date: /root/deepracer_ws/color-detection-project/color_detection_ws/install/color_interfaces/include/color_interfaces/msg/detail/color_flag__rosidl_typesupport_fastrtps_c.h
[2.080s] -- Up-to-date: /root/deepracer_ws/color-detection-project/color_detection_ws/install/color_interfaces/include/color_interfaces/msg/rosidl_typesupport_fastrtps_c__visibility_control.h
[2.080s] -- Up-to-date: /root/deepracer_ws/color-detection-project/color_detection_ws/install/color_interfaces/lib/libcolor_interfaces__rosidl_typesupport_fastrtps_c.so
[2.081s] -- Up-to-date: /root/deepracer_ws/color-detection-project/color_detection_ws/install/color_interfaces/include/color_interfaces
[2.081s] -- Up-to-date: /root/deepracer_ws/color-detection-project/color_detection_ws/install/color_interfaces/include/color_interfaces/msg
[2.081s] -- Up-to-date: /root/deepracer_ws/color-detection-project/color_detection_ws/install/color_interfaces/include/color_interfaces/msg/detail
[2.082s] -- Up-to-date: /root/deepracer_ws/color-detection-project/color_detection_ws/install/color_interfaces/include/color_interfaces/msg/detail/color_flag__rosidl_typesupport_fastrtps_cpp.hpp
[2.082s] -- Up-to-date: /root/deepracer_ws/color-detection-project/color_detection_ws/install/color_interfaces/include/color_interfaces/msg/detail/dds_fastrtps
[2.082s] -- Up-to-date: /root/deepracer_ws/color-detection-project/color_detection_ws/install/color_interfaces/include/color_interfaces/msg/rosidl_typesupport_fastrtps_cpp__visibility_control.h
[2.082s] -- Up-to-date: /root/deepracer_ws/color-detection-project/color_detection_ws/install/color_interfaces/lib/libcolor_interfaces__rosidl_typesupport_fastrtps_cpp.so
[2.083s] -- Up-to-date: /root/deepracer_ws/color-detection-project/color_detection_ws/install/color_interfaces/include/color_interfaces
[2.083s] -- Up-to-date: /root/deepracer_ws/color-detection-project/color_detection_ws/install/color_interfaces/include/color_interfaces/msg
[2.083s] -- Up-to-date: /root/deepracer_ws/color-detection-project/color_detection_ws/install/color_interfaces/include/color_interfaces/msg/detail
[2.084s] -- Up-to-date: /root/deepracer_ws/color-detection-project/color_detection_ws/install/color_interfaces/include/color_interfaces/msg/detail/color_flag__rosidl_typesupport_introspection_c.h
[2.084s] -- Up-to-date: /root/deepracer_ws/color-detection-project/color_detection_ws/install/color_interfaces/include/color_interfaces/msg/detail/color_flag__type_support.c
[2.084s] -- Up-to-date: /root/deepracer_ws/color-detection-project/color_detection_ws/install/color_interfaces/include/color_interfaces/msg/rosidl_typesupport_introspection_c__visibility_control.h
[2.085s] -- Up-to-date: /root/deepracer_ws/color-detection-project/color_detection_ws/install/color_interfaces/lib/libcolor_interfaces__rosidl_typesupport_introspection_c.so
[2.085s] -- Up-to-date: /root/deepracer_ws/color-detection-project/color_detection_ws/install/color_interfaces/lib/libcolor_interfaces__rosidl_typesupport_c.so
[2.085s] -- Up-to-date: /root/deepracer_ws/color-detection-project/color_detection_ws/install/color_interfaces/include/color_interfaces
[2.085s] -- Up-to-date: /root/deepracer_ws/color-detection-project/color_detection_ws/install/color_interfaces/include/color_interfaces/msg
[2.086s] -- Up-to-date: /root/deepracer_ws/color-detection-project/color_detection_ws/install/color_interfaces/include/color_interfaces/msg/color_flag.hpp
[2.086s] -- Up-to-date: /root/deepracer_ws/color-detection-project/color_detection_ws/install/color_interfaces/include/color_interfaces/msg/detail
[2.086s] -- Up-to-date: /root/deepracer_ws/color-detection-project/color_detection_ws/install/color_interfaces/include/color_interfaces/msg/detail/color_flag__builder.hpp
[2.087s] -- Up-to-date: /root/deepracer_ws/color-detection-project/color_detection_ws/install/color_interfaces/include/color_interfaces/msg/detail/color_flag__struct.hpp
[2.087s] -- Up-to-date: /root/deepracer_ws/color-detection-project/color_detection_ws/install/color_interfaces/include/color_interfaces/msg/detail/color_flag__traits.hpp
[2.087s] -- Up-to-date: /root/deepracer_ws/color-detection-project/color_detection_ws/install/color_interfaces/include/color_interfaces
[2.096s] -- Up-to-date: /root/deepracer_ws/color-detection-project/color_detection_ws/install/color_interfaces/include/color_interfaces/msg
[2.096s] -- Up-to-date: /root/deepracer_ws/color-detection-project/color_detection_ws/install/color_interfaces/include/color_interfaces/msg/detail
[2.097s] -- Up-to-date: /root/deepracer_ws/color-detection-project/color_detection_ws/install/color_interfaces/include/color_interfaces/msg/detail/color_flag__rosidl_typesupport_introspection_cpp.hpp
[2.097s] -- Up-to-date: /root/deepracer_ws/color-detection-project/color_detection_ws/install/color_interfaces/include/color_interfaces/msg/detail/color_flag__type_support.cpp
[2.097s] -- Up-to-date: /root/deepracer_ws/color-detection-project/color_detection_ws/install/color_interfaces/lib/libcolor_interfaces__rosidl_typesupport_introspection_cpp.so
[2.097s] -- Up-to-date: /root/deepracer_ws/color-detection-project/color_detection_ws/install/color_interfaces/lib/libcolor_interfaces__rosidl_typesupport_cpp.so
[2.098s] -- Up-to-date: /root/deepracer_ws/color-detection-project/color_detection_ws/install/color_interfaces/share/color_interfaces/environment/pythonpath.sh
[2.098s] -- Up-to-date: /root/deepracer_ws/color-detection-project/color_detection_ws/install/color_interfaces/share/color_interfaces/environment/pythonpath.dsv
[2.098s] -- Up-to-date: /root/deepracer_ws/color-detection-project/color_detection_ws/install/color_interfaces/lib/python3.8/site-packages/color_interfaces/__init__.py
[2.204s] -- Up-to-date: /root/deepracer_ws/color-detection-project/color_detection_ws/install/color_interfaces/lib/python3.8/site-packages/color_interfaces/msg
[2.205s] -- Up-to-date: /root/deepracer_ws/color-detection-project/color_detection_ws/install/color_interfaces/lib/python3.8/site-packages/color_interfaces/msg/__init__.py
[2.205s] -- Up-to-date: /root/deepracer_ws/color-detection-project/color_detection_ws/install/color_interfaces/lib/python3.8/site-packages/color_interfaces/msg/_color_flag.py
[2.205s] -- Up-to-date: /root/deepracer_ws/color-detection-project/color_detection_ws/install/color_interfaces/lib/python3.8/site-packages/color_interfaces/msg/_color_flag_s.c
[2.206s] -- Up-to-date: /root/deepracer_ws/color-detection-project/color_detection_ws/install/color_interfaces/lib/python3.8/site-packages/color_interfaces/color_interfaces_s__rosidl_typesupport_fastrtps_c.cpython-38-x86_64-linux-gnu.so
[2.206s] -- Up-to-date: /root/deepracer_ws/color-detection-project/color_detection_ws/install/color_interfaces/lib/python3.8/site-packages/color_interfaces/color_interfaces_s__rosidl_typesupport_introspection_c.cpython-38-x86_64-linux-gnu.so
[2.207s] -- Up-to-date: /root/deepracer_ws/color-detection-project/color_detection_ws/install/color_interfaces/lib/python3.8/site-packages/color_interfaces/color_interfaces_s__rosidl_typesupport_c.cpython-38-x86_64-linux-gnu.so
[2.209s] -- Up-to-date: /root/deepracer_ws/color-detection-project/color_detection_ws/install/color_interfaces/lib/libcolor_interfaces__python.so
[2.209s] -- Up-to-date: /root/deepracer_ws/color-detection-project/color_detection_ws/install/color_interfaces/share/color_interfaces/msg/ColorFlag.idl
[2.210s] -- Up-to-date: /root/deepracer_ws/color-detection-project/color_detection_ws/install/color_interfaces/share/color_interfaces/msg/ColorFlag.msg
[2.210s] -- Up-to-date: /root/deepracer_ws/color-detection-project/color_detection_ws/install/color_interfaces/share/ament_index/resource_index/package_run_dependencies/color_interfaces
[2.211s] -- Up-to-date: /root/deepracer_ws/color-detection-project/color_detection_ws/install/color_interfaces/share/ament_index/resource_index/parent_prefix_path/color_interfaces
[2.212s] -- Up-to-date: /root/deepracer_ws/color-detection-project/color_detection_ws/install/color_interfaces/share/color_interfaces/environment/ament_prefix_path.sh
[2.212s] -- Up-to-date: /root/deepracer_ws/color-detection-project/color_detection_ws/install/color_interfaces/share/color_interfaces/environment/ament_prefix_path.dsv
[2.213s] -- Up-to-date: /root/deepracer_ws/color-detection-project/color_detection_ws/install/color_interfaces/share/color_interfaces/environment/path.sh
[2.214s] -- Up-to-date: /root/deepracer_ws/color-detection-project/color_detection_ws/install/color_interfaces/share/color_interfaces/environment/path.dsv
[2.214s] -- Up-to-date: /root/deepracer_ws/color-detection-project/color_detection_ws/install/color_interfaces/share/color_interfaces/local_setup.bash
[2.216s] -- Up-to-date: /root/deepracer_ws/color-detection-project/color_detection_ws/install/color_interfaces/share/color_interfaces/local_setup.sh
[2.218s] -- Up-to-date: /root/deepracer_ws/color-detection-project/color_detection_ws/install/color_interfaces/share/color_interfaces/local_setup.zsh
[2.219s] -- Up-to-date: /root/deepracer_ws/color-detection-project/color_detection_ws/install/color_interfaces/share/color_interfaces/local_setup.dsv
[2.220s] -- Installing: /root/deepracer_ws/color-detection-project/color_detection_ws/install/color_interfaces/share/color_interfaces/package.dsv
[2.221s] -- Up-to-date: /root/deepracer_ws/color-detection-project/color_detection_ws/install/color_interfaces/share/ament_index/resource_index/packages/color_interfaces
[2.223s] -- Up-to-date: /root/deepracer_ws/color-detection-project/color_detection_ws/install/color_interfaces/share/color_interfaces/cmake/color_interfaces__rosidl_generator_cExport.cmake
[2.224s] -- Up-to-date: /root/deepracer_ws/color-detection-project/color_detection_ws/install/color_interfaces/share/color_interfaces/cmake/color_interfaces__rosidl_generator_cExport-noconfig.cmake
[2.224s] -- Up-to-date: /root/deepracer_ws/color-detection-project/color_detection_ws/install/color_interfaces/share/color_interfaces/cmake/color_interfaces__rosidl_typesupport_introspection_cExport.cmake
[2.224s] -- Up-to-date: /root/deepracer_ws/color-detection-project/color_detection_ws/install/color_interfaces/share/color_interfaces/cmake/color_interfaces__rosidl_typesupport_introspection_cExport-noconfig.cmake
[2.225s] -- Up-to-date: /root/deepracer_ws/color-detection-project/color_detection_ws/install/color_interfaces/share/color_interfaces/cmake/color_interfaces__rosidl_typesupport_cExport.cmake
[2.225s] -- Up-to-date: /root/deepracer_ws/color-detection-project/color_detection_ws/install/color_interfaces/share/color_interfaces/cmake/color_interfaces__rosidl_typesupport_cExport-noconfig.cmake
[2.225s] -- Up-to-date: /root/deepracer_ws/color-detection-project/color_detection_ws/install/color_interfaces/share/color_interfaces/cmake/color_interfaces__rosidl_generator_cppExport.cmake
[2.225s] -- Up-to-date: /root/deepracer_ws/color-detection-project/color_detection_ws/install/color_interfaces/share/color_interfaces/cmake/color_interfaces__rosidl_typesupport_introspection_cppExport.cmake
[2.236s] -- Up-to-date: /root/deepracer_ws/color-detection-project/color_detection_ws/install/color_interfaces/share/color_interfaces/cmake/color_interfaces__rosidl_typesupport_introspection_cppExport-noconfig.cmake
[2.236s] -- Up-to-date: /root/deepracer_ws/color-detection-project/color_detection_ws/install/color_interfaces/share/color_interfaces/cmake/color_interfaces__rosidl_typesupport_cppExport.cmake
[2.236s] -- Up-to-date: /root/deepracer_ws/color-detection-project/color_detection_ws/install/color_interfaces/share/color_interfaces/cmake/color_interfaces__rosidl_typesupport_cppExport-noconfig.cmake
[2.237s] -- Up-to-date: /root/deepracer_ws/color-detection-project/color_detection_ws/install/color_interfaces/share/color_interfaces/cmake/rosidl_cmake-extras.cmake
[2.237s] -- Up-to-date: /root/deepracer_ws/color-detection-project/color_detection_ws/install/color_interfaces/share/color_interfaces/cmake/ament_cmake_export_dependencies-extras.cmake
[2.237s] -- Up-to-date: /root/deepracer_ws/color-detection-project/color_detection_ws/install/color_interfaces/share/color_interfaces/cmake/ament_cmake_export_libraries-extras.cmake
[2.238s] -- Up-to-date: /root/deepracer_ws/color-detection-project/color_detection_ws/install/color_interfaces/share/color_interfaces/cmake/ament_cmake_export_targets-extras.cmake
[2.238s] -- Up-to-date: /root/deepracer_ws/color-detection-project/color_detection_ws/install/color_interfaces/share/color_interfaces/cmake/ament_cmake_export_include_directories-extras.cmake
[2.238s] -- Up-to-date: /root/deepracer_ws/color-detection-project/color_detection_ws/install/color_interfaces/share/color_interfaces/cmake/rosidl_cmake_export_typesupport_libraries-extras.cmake
[2.239s] -- Up-to-date: /root/deepracer_ws/color-detection-project/color_detection_ws/install/color_interfaces/share/color_interfaces/cmake/rosidl_cmake_export_typesupport_targets-extras.cmake
[2.239s] -- Up-to-date: /root/deepracer_ws/color-detection-project/color_detection_ws/install/color_interfaces/share/color_interfaces/cmake/color_interfacesConfig.cmake
[2.239s] -- Up-to-date: /root/deepracer_ws/color-detection-project/color_detection_ws/install/color_interfaces/share/color_interfaces/cmake/color_interfacesConfig-version.cmake
[2.239s] -- Up-to-date: /root/deepracer_ws/color-detection-project/color_detection_ws/install/color_interfaces/share/color_interfaces/package.xml
[2.240s] Invoked command in '/root/deepracer_ws/color-detection-project/color_detection_ws/build/color_interfaces' returned '0': CMAKE_PREFIX_PATH=/opt/ros/foxy /usr/bin/cmake --install /root/deepracer_ws/color-detection-project/color_detection_ws/build/color_interfaces
