[0.703s] DEBUG:colcon:Command line arguments: ['/usr/bin/colcon', 'build']
[0.703s] DEBUG:colcon:Parsed command line arguments: Namespace(allow_overriding=[], ament_cmake_args=None, base_paths=['.'], build_base='build', catkin_cmake_args=None, catkin_skip_building_tests=False, cmake_args=None, cmake_clean_cache=False, cmake_clean_first=False, cmake_force_configure=False, cmake_target=None, cmake_target_skip_unavailable=False, continue_on_error=False, event_handlers=None, executor='parallel', ignore_user_meta=False, install_base='install', log_base=None, log_level=None, main=<bound method BuildVerb.main of <colcon_core.verb.build.BuildVerb object at 0x7f4f98e7b250>>, merge_install=False, metas=['./colcon.meta'], packages_above=None, packages_above_and_dependencies=None, packages_above_depth=None, packages_end=None, packages_ignore=None, packages_ignore_regex=None, packages_select=None, packages_select_build_failed=False, packages_select_by_dep=None, packages_select_regex=None, packages_select_test_failures=False, packages_skip=None, packages_skip_build_finished=False, packages_skip_by_dep=None, packages_skip_regex=None, packages_skip_test_passed=False, packages_skip_up_to=None, packages_start=None, packages_up_to=None, packages_up_to_regex=None, parallel_workers=2, paths=None, symlink_install=False, test_result_base=None, verb_extension=<colcon_core.verb.build.BuildVerb object at 0x7f4f98e7b250>, verb_name='build', verb_parser=<colcon_defaults.argument_parser.defaults.DefaultArgumentsDecorator object at 0x7f4f98e7b790>)
[0.809s] Level 1:colcon.colcon_core.package_discovery:discover_packages(colcon_meta) check parameters
[0.810s] Level 1:colcon.colcon_core.package_discovery:discover_packages(recursive) check parameters
[0.810s] Level 1:colcon.colcon_core.package_discovery:discover_packages(ignore) check parameters
[0.810s] Level 1:colcon.colcon_core.package_discovery:discover_packages(path) check parameters
[0.810s] Level 1:colcon.colcon_core.package_discovery:discover_packages(colcon_meta) discover
[0.810s] Level 1:colcon.colcon_core.package_discovery:discover_packages(recursive) discover
[0.810s] INFO:colcon.colcon_core.package_discovery:Crawling recursively for packages in '/root/deepracer_ws/color-detection-project/color_detection_ws'
[0.811s] Level 1:colcon.colcon_core.package_identification:_identify(.) by extensions ['ignore', 'ignore_ament_install']
[0.811s] Level 1:colcon.colcon_core.package_identification:_identify(.) by extension 'ignore'
[0.812s] Level 1:colcon.colcon_core.package_identification:_identify(.) by extension 'ignore_ament_install'
[0.812s] Level 1:colcon.colcon_core.package_identification:_identify(.) by extensions ['colcon_pkg']
[0.812s] Level 1:colcon.colcon_core.package_identification:_identify(.) by extension 'colcon_pkg'
[0.812s] Level 1:colcon.colcon_core.package_identification:_identify(.) by extensions ['colcon_meta']
[0.812s] Level 1:colcon.colcon_core.package_identification:_identify(.) by extension 'colcon_meta'
[0.812s] Level 1:colcon.colcon_core.package_identification:_identify(.) by extensions ['ros']
[0.813s] Level 1:colcon.colcon_core.package_identification:_identify(.) by extension 'ros'
[0.852s] Level 1:colcon.colcon_core.package_identification:_identify(.) by extensions ['cmake', 'python']
[0.852s] Level 1:colcon.colcon_core.package_identification:_identify(.) by extension 'cmake'
[0.853s] Level 1:colcon.colcon_core.package_identification:_identify(.) by extension 'python'
[0.853s] Level 1:colcon.colcon_core.package_identification:_identify(.) by extensions ['python_setup_py']
[0.853s] Level 1:colcon.colcon_core.package_identification:_identify(.) by extension 'python_setup_py'
[0.853s] Level 1:colcon.colcon_core.package_identification:_identify(build) by extensions ['ignore', 'ignore_ament_install']
[0.854s] Level 1:colcon.colcon_core.package_identification:_identify(build) by extension 'ignore'
[0.854s] Level 1:colcon.colcon_core.package_identification:_identify(build) ignored
[0.855s] Level 1:colcon.colcon_core.package_identification:_identify(install) by extensions ['ignore', 'ignore_ament_install']
[0.855s] Level 1:colcon.colcon_core.package_identification:_identify(install) by extension 'ignore'
[0.855s] Level 1:colcon.colcon_core.package_identification:_identify(install) ignored
[0.856s] Level 1:colcon.colcon_core.package_identification:_identify(log) by extensions ['ignore', 'ignore_ament_install']
[0.856s] Level 1:colcon.colcon_core.package_identification:_identify(log) by extension 'ignore'
[0.856s] Level 1:colcon.colcon_core.package_identification:_identify(log) ignored
[0.856s] Level 1:colcon.colcon_core.package_identification:_identify(src) by extensions ['ignore', 'ignore_ament_install']
[0.857s] Level 1:colcon.colcon_core.package_identification:_identify(src) by extension 'ignore'
[0.857s] Level 1:colcon.colcon_core.package_identification:_identify(src) by extension 'ignore_ament_install'
[0.857s] Level 1:colcon.colcon_core.package_identification:_identify(src) by extensions ['colcon_pkg']
[0.857s] Level 1:colcon.colcon_core.package_identification:_identify(src) by extension 'colcon_pkg'
[0.858s] Level 1:colcon.colcon_core.package_identification:_identify(src) by extensions ['colcon_meta']
[0.858s] Level 1:colcon.colcon_core.package_identification:_identify(src) by extension 'colcon_meta'
[0.858s] Level 1:colcon.colcon_core.package_identification:_identify(src) by extensions ['ros']
[0.858s] Level 1:colcon.colcon_core.package_identification:_identify(src) by extension 'ros'
[0.858s] Level 1:colcon.colcon_core.package_identification:_identify(src) by extensions ['cmake', 'python']
[0.859s] Level 1:colcon.colcon_core.package_identification:_identify(src) by extension 'cmake'
[0.859s] Level 1:colcon.colcon_core.package_identification:_identify(src) by extension 'python'
[0.859s] Level 1:colcon.colcon_core.package_identification:_identify(src) by extensions ['python_setup_py']
[0.859s] Level 1:colcon.colcon_core.package_identification:_identify(src) by extension 'python_setup_py'
[0.859s] Level 1:colcon.colcon_core.package_identification:_identify(src/color_filter_pkg) by extensions ['ignore', 'ignore_ament_install']
[0.860s] Level 1:colcon.colcon_core.package_identification:_identify(src/color_filter_pkg) by extension 'ignore'
[0.860s] Level 1:colcon.colcon_core.package_identification:_identify(src/color_filter_pkg) by extension 'ignore_ament_install'
[0.860s] Level 1:colcon.colcon_core.package_identification:_identify(src/color_filter_pkg) by extensions ['colcon_pkg']
[0.861s] Level 1:colcon.colcon_core.package_identification:_identify(src/color_filter_pkg) by extension 'colcon_pkg'
[0.861s] Level 1:colcon.colcon_core.package_identification:_identify(src/color_filter_pkg) by extensions ['colcon_meta']
[0.861s] Level 1:colcon.colcon_core.package_identification:_identify(src/color_filter_pkg) by extension 'colcon_meta'
[0.861s] Level 1:colcon.colcon_core.package_identification:_identify(src/color_filter_pkg) by extensions ['ros']
[0.861s] Level 1:colcon.colcon_core.package_identification:_identify(src/color_filter_pkg) by extension 'ros'
[0.873s] DEBUG:colcon.colcon_core.package_identification:Package 'src/color_filter_pkg' with type 'ros.ament_python' and name 'color_filter_pkg'
[0.874s] Level 1:colcon.colcon_core.package_identification:_identify(src/color_interfaces) by extensions ['ignore', 'ignore_ament_install']
[0.874s] Level 1:colcon.colcon_core.package_identification:_identify(src/color_interfaces) by extension 'ignore'
[0.875s] Level 1:colcon.colcon_core.package_identification:_identify(src/color_interfaces) by extension 'ignore_ament_install'
[0.875s] Level 1:colcon.colcon_core.package_identification:_identify(src/color_interfaces) by extensions ['colcon_pkg']
[0.875s] Level 1:colcon.colcon_core.package_identification:_identify(src/color_interfaces) by extension 'colcon_pkg'
[0.875s] Level 1:colcon.colcon_core.package_identification:_identify(src/color_interfaces) by extensions ['colcon_meta']
[0.875s] Level 1:colcon.colcon_core.package_identification:_identify(src/color_interfaces) by extension 'colcon_meta'
[0.875s] Level 1:colcon.colcon_core.package_identification:_identify(src/color_interfaces) by extensions ['ros']
[0.876s] Level 1:colcon.colcon_core.package_identification:_identify(src/color_interfaces) by extension 'ros'
[0.878s] DEBUG:colcon.colcon_core.package_identification:Package 'src/color_interfaces' with type 'ros.ament_cmake' and name 'color_interfaces'
[0.878s] Level 1:colcon.colcon_core.package_identification:_identify(src/led_color_pkg) by extensions ['ignore', 'ignore_ament_install']
[0.879s] Level 1:colcon.colcon_core.package_identification:_identify(src/led_color_pkg) by extension 'ignore'
[0.879s] Level 1:colcon.colcon_core.package_identification:_identify(src/led_color_pkg) by extension 'ignore_ament_install'
[0.879s] Level 1:colcon.colcon_core.package_identification:_identify(src/led_color_pkg) by extensions ['colcon_pkg']
[0.879s] Level 1:colcon.colcon_core.package_identification:_identify(src/led_color_pkg) by extension 'colcon_pkg'
[0.879s] Level 1:colcon.colcon_core.package_identification:_identify(src/led_color_pkg) by extensions ['colcon_meta']
[0.880s] Level 1:colcon.colcon_core.package_identification:_identify(src/led_color_pkg) by extension 'colcon_meta'
[0.880s] Level 1:colcon.colcon_core.package_identification:_identify(src/led_color_pkg) by extensions ['ros']
[0.880s] Level 1:colcon.colcon_core.package_identification:_identify(src/led_color_pkg) by extension 'ros'
[0.882s] DEBUG:colcon.colcon_core.package_identification:Package 'src/led_color_pkg' with type 'ros.ament_python' and name 'led_color_pkg'
[0.883s] Level 1:colcon.colcon_core.package_identification:_identify(src/navigation_pkg) by extensions ['ignore', 'ignore_ament_install']
[0.883s] Level 1:colcon.colcon_core.package_identification:_identify(src/navigation_pkg) by extension 'ignore'
[0.884s] Level 1:colcon.colcon_core.package_identification:_identify(src/navigation_pkg) by extension 'ignore_ament_install'
[0.884s] Level 1:colcon.colcon_core.package_identification:_identify(src/navigation_pkg) by extensions ['colcon_pkg']
[0.884s] Level 1:colcon.colcon_core.package_identification:_identify(src/navigation_pkg) by extension 'colcon_pkg'
[0.884s] Level 1:colcon.colcon_core.package_identification:_identify(src/navigation_pkg) by extensions ['colcon_meta']
[0.884s] Level 1:colcon.colcon_core.package_identification:_identify(src/navigation_pkg) by extension 'colcon_meta'
[0.885s] Level 1:colcon.colcon_core.package_identification:_identify(src/navigation_pkg) by extensions ['ros']
[0.885s] Level 1:colcon.colcon_core.package_identification:_identify(src/navigation_pkg) by extension 'ros'
[0.887s] DEBUG:colcon.colcon_core.package_identification:Package 'src/navigation_pkg' with type 'ros.ament_python' and name 'navigation_pkg'
[0.887s] Level 1:colcon.colcon_core.package_discovery:discover_packages(recursive) using defaults
[0.887s] Level 1:colcon.colcon_core.package_discovery:discover_packages(ignore) discover
[0.888s] Level 1:colcon.colcon_core.package_discovery:discover_packages(ignore) using defaults
[0.888s] Level 1:colcon.colcon_core.package_discovery:discover_packages(path) discover
[0.888s] Level 1:colcon.colcon_core.package_discovery:discover_packages(path) using defaults
[0.963s] Level 1:colcon.colcon_core.package_discovery:discover_packages(prefix_path) check parameters
[0.963s] Level 1:colcon.colcon_core.package_discovery:discover_packages(prefix_path) discover
[0.978s] Level 1:colcon.colcon_core.package_discovery:discover_packages(prefix_path) using defaults
[0.996s] Level 5:colcon.colcon_core.verb:set package 'color_filter_pkg' build argument 'cmake_args' from command line to 'None'
[0.997s] Level 5:colcon.colcon_core.verb:set package 'color_filter_pkg' build argument 'cmake_target' from command line to 'None'
[0.997s] Level 5:colcon.colcon_core.verb:set package 'color_filter_pkg' build argument 'cmake_target_skip_unavailable' from command line to 'False'
[0.997s] Level 5:colcon.colcon_core.verb:set package 'color_filter_pkg' build argument 'cmake_clean_cache' from command line to 'False'
[0.997s] Level 5:colcon.colcon_core.verb:set package 'color_filter_pkg' build argument 'cmake_clean_first' from command line to 'False'
[0.997s] Level 5:colcon.colcon_core.verb:set package 'color_filter_pkg' build argument 'cmake_force_configure' from command line to 'False'
[0.997s] Level 5:colcon.colcon_core.verb:set package 'color_filter_pkg' build argument 'ament_cmake_args' from command line to 'None'
[0.997s] Level 5:colcon.colcon_core.verb:set package 'color_filter_pkg' build argument 'catkin_cmake_args' from command line to 'None'
[0.998s] Level 5:colcon.colcon_core.verb:set package 'color_filter_pkg' build argument 'catkin_skip_building_tests' from command line to 'False'
[0.998s] DEBUG:colcon.colcon_core.verb:Building package 'color_filter_pkg' with the following arguments: {'ament_cmake_args': None, 'build_base': '/root/deepracer_ws/color-detection-project/color_detection_ws/build/color_filter_pkg', 'catkin_cmake_args': None, 'catkin_skip_building_tests': False, 'cmake_args': None, 'cmake_clean_cache': False, 'cmake_clean_first': False, 'cmake_force_configure': False, 'cmake_target': None, 'cmake_target_skip_unavailable': False, 'install_base': '/root/deepracer_ws/color-detection-project/color_detection_ws/install/color_filter_pkg', 'merge_install': False, 'path': '/root/deepracer_ws/color-detection-project/color_detection_ws/src/color_filter_pkg', 'symlink_install': False, 'test_result_base': None}
[1.013s] Level 5:colcon.colcon_core.verb:set package 'color_interfaces' build argument 'cmake_args' from command line to 'None'
[1.013s] Level 5:colcon.colcon_core.verb:set package 'color_interfaces' build argument 'cmake_target' from command line to 'None'
[1.013s] Level 5:colcon.colcon_core.verb:set package 'color_interfaces' build argument 'cmake_target_skip_unavailable' from command line to 'False'
[1.013s] Level 5:colcon.colcon_core.verb:set package 'color_interfaces' build argument 'cmake_clean_cache' from command line to 'False'
[1.014s] Level 5:colcon.colcon_core.verb:set package 'color_interfaces' build argument 'cmake_clean_first' from command line to 'False'
[1.014s] Level 5:colcon.colcon_core.verb:set package 'color_interfaces' build argument 'cmake_force_configure' from command line to 'False'
[1.014s] Level 5:colcon.colcon_core.verb:set package 'color_interfaces' build argument 'ament_cmake_args' from command line to 'None'
[1.014s] Level 5:colcon.colcon_core.verb:set package 'color_interfaces' build argument 'catkin_cmake_args' from command line to 'None'
[1.014s] Level 5:colcon.colcon_core.verb:set package 'color_interfaces' build argument 'catkin_skip_building_tests' from command line to 'False'
[1.014s] DEBUG:colcon.colcon_core.verb:Building package 'color_interfaces' with the following arguments: {'ament_cmake_args': None, 'build_base': '/root/deepracer_ws/color-detection-project/color_detection_ws/build/color_interfaces', 'catkin_cmake_args': None, 'catkin_skip_building_tests': False, 'cmake_args': None, 'cmake_clean_cache': False, 'cmake_clean_first': False, 'cmake_force_configure': False, 'cmake_target': None, 'cmake_target_skip_unavailable': False, 'install_base': '/root/deepracer_ws/color-detection-project/color_detection_ws/install/color_interfaces', 'merge_install': False, 'path': '/root/deepracer_ws/color-detection-project/color_detection_ws/src/color_interfaces', 'symlink_install': False, 'test_result_base': None}
[1.029s] Level 5:colcon.colcon_core.verb:set package 'led_color_pkg' build argument 'cmake_args' from command line to 'None'
[1.030s] Level 5:colcon.colcon_core.verb:set package 'led_color_pkg' build argument 'cmake_target' from command line to 'None'
[1.030s] Level 5:colcon.colcon_core.verb:set package 'led_color_pkg' build argument 'cmake_target_skip_unavailable' from command line to 'False'
[1.030s] Level 5:colcon.colcon_core.verb:set package 'led_color_pkg' build argument 'cmake_clean_cache' from command line to 'False'
[1.030s] Level 5:colcon.colcon_core.verb:set package 'led_color_pkg' build argument 'cmake_clean_first' from command line to 'False'
[1.030s] Level 5:colcon.colcon_core.verb:set package 'led_color_pkg' build argument 'cmake_force_configure' from command line to 'False'
[1.030s] Level 5:colcon.colcon_core.verb:set package 'led_color_pkg' build argument 'ament_cmake_args' from command line to 'None'
[1.030s] Level 5:colcon.colcon_core.verb:set package 'led_color_pkg' build argument 'catkin_cmake_args' from command line to 'None'
[1.030s] Level 5:colcon.colcon_core.verb:set package 'led_color_pkg' build argument 'catkin_skip_building_tests' from command line to 'False'
[1.030s] DEBUG:colcon.colcon_core.verb:Building package 'led_color_pkg' with the following arguments: {'ament_cmake_args': None, 'build_base': '/root/deepracer_ws/color-detection-project/color_detection_ws/build/led_color_pkg', 'catkin_cmake_args': None, 'catkin_skip_building_tests': False, 'cmake_args': None, 'cmake_clean_cache': False, 'cmake_clean_first': False, 'cmake_force_configure': False, 'cmake_target': None, 'cmake_target_skip_unavailable': False, 'install_base': '/root/deepracer_ws/color-detection-project/color_detection_ws/install/led_color_pkg', 'merge_install': False, 'path': '/root/deepracer_ws/color-detection-project/color_detection_ws/src/led_color_pkg', 'symlink_install': False, 'test_result_base': None}
[1.046s] Level 5:colcon.colcon_core.verb:set package 'navigation_pkg' build argument 'cmake_args' from command line to 'None'
[1.046s] Level 5:colcon.colcon_core.verb:set package 'navigation_pkg' build argument 'cmake_target' from command line to 'None'
[1.046s] Level 5:colcon.colcon_core.verb:set package 'navigation_pkg' build argument 'cmake_target_skip_unavailable' from command line to 'False'
[1.046s] Level 5:colcon.colcon_core.verb:set package 'navigation_pkg' build argument 'cmake_clean_cache' from command line to 'False'
[1.047s] Level 5:colcon.colcon_core.verb:set package 'navigation_pkg' build argument 'cmake_clean_first' from command line to 'False'
[1.047s] Level 5:colcon.colcon_core.verb:set package 'navigation_pkg' build argument 'cmake_force_configure' from command line to 'False'
[1.047s] Level 5:colcon.colcon_core.verb:set package 'navigation_pkg' build argument 'ament_cmake_args' from command line to 'None'
[1.047s] Level 5:colcon.colcon_core.verb:set package 'navigation_pkg' build argument 'catkin_cmake_args' from command line to 'None'
[1.047s] Level 5:colcon.colcon_core.verb:set package 'navigation_pkg' build argument 'catkin_skip_building_tests' from command line to 'False'
[1.047s] DEBUG:colcon.colcon_core.verb:Building package 'navigation_pkg' with the following arguments: {'ament_cmake_args': None, 'build_base': '/root/deepracer_ws/color-detection-project/color_detection_ws/build/navigation_pkg', 'catkin_cmake_args': None, 'catkin_skip_building_tests': False, 'cmake_args': None, 'cmake_clean_cache': False, 'cmake_clean_first': False, 'cmake_force_configure': False, 'cmake_target': None, 'cmake_target_skip_unavailable': False, 'install_base': '/root/deepracer_ws/color-detection-project/color_detection_ws/install/navigation_pkg', 'merge_install': False, 'path': '/root/deepracer_ws/color-detection-project/color_detection_ws/src/navigation_pkg', 'symlink_install': False, 'test_result_base': None}
[1.050s] INFO:colcon.colcon_core.executor:Executing jobs using 'parallel' executor
[1.071s] DEBUG:colcon.colcon_parallel_executor.executor.parallel:run_until_complete
[1.072s] INFO:colcon.colcon_ros.task.ament_python.build:Building ROS package in '/root/deepracer_ws/color-detection-project/color_detection_ws/src/color_filter_pkg' with build type 'ament_python'
[1.073s] Level 1:colcon.colcon_core.shell:create_environment_hook('color_filter_pkg', 'ament_prefix_path')
[1.094s] INFO:colcon.colcon_core.plugin_system:Skipping extension 'colcon_core.shell.bat': Not used on non-Windows systems
[1.095s] INFO:colcon.colcon_core.shell:Creating environment hook '/root/deepracer_ws/color-detection-project/color_detection_ws/install/color_filter_pkg/share/color_filter_pkg/hook/ament_prefix_path.ps1'
[1.097s] INFO:colcon.colcon_core.shell:Creating environment descriptor '/root/deepracer_ws/color-detection-project/color_detection_ws/install/color_filter_pkg/share/color_filter_pkg/hook/ament_prefix_path.dsv'
[1.099s] INFO:colcon.colcon_core.shell:Creating environment hook '/root/deepracer_ws/color-detection-project/color_detection_ws/install/color_filter_pkg/share/color_filter_pkg/hook/ament_prefix_path.sh'
[1.112s] INFO:colcon.colcon_core.shell:Skip shell extension 'powershell' for command environment: Not usable outside of PowerShell
[1.113s] DEBUG:colcon.colcon_core.shell:Skip shell extension 'dsv' for command environment
[1.124s] DEBUG:colcon.colcon_core.shell:Ignoring prefix path '/opt/ros/foxy'
[1.131s] INFO:colcon.colcon_ros.task.ament_cmake.build:Building ROS package in '/root/deepracer_ws/color-detection-project/color_detection_ws/src/color_interfaces' with build type 'ament_cmake'
[1.132s] INFO:colcon.colcon_cmake.task.cmake.build:Building CMake package in '/root/deepracer_ws/color-detection-project/color_detection_ws/src/color_interfaces'
[1.141s] INFO:colcon.colcon_core.shell:Skip shell extension 'powershell' for command environment: Not usable outside of PowerShell
[1.141s] DEBUG:colcon.colcon_core.shell:Skip shell extension 'dsv' for command environment
[1.163s] DEBUG:colcon.colcon_core.shell:Ignoring prefix path '/opt/ros/foxy'
[2.099s] INFO:colcon.colcon_core.task.python.build:Building Python package in '/root/deepracer_ws/color-detection-project/color_detection_ws/src/color_filter_pkg'
[2.106s] INFO:colcon.colcon_core.shell:Skip shell extension 'powershell' for command environment: Not usable outside of PowerShell
[2.107s] DEBUG:colcon.colcon_core.shell:Skip shell extension 'dsv' for command environment
[2.117s] DEBUG:colcon.colcon_core.shell:Ignoring prefix path '/opt/ros/foxy'
[2.148s] DEBUG:colcon.colcon_core.event_handler.log_command:Invoking command in '/root/deepracer_ws/color-detection-project/color_detection_ws/build/color_interfaces': CMAKE_PREFIX_PATH=/opt/ros/foxy /usr/bin/cmake --build /root/deepracer_ws/color-detection-project/color_detection_ws/build/color_interfaces -- -j2 -l2
[3.595s] DEBUG:colcon.colcon_core.event_handler.log_command:Invoking command in '/root/deepracer_ws/color-detection-project/color_detection_ws/src/color_filter_pkg': PYTHONPATH=/root/deepracer_ws/color-detection-project/color_detection_ws/install/color_filter_pkg/lib/python3.8/site-packages:${PYTHONPATH} /usr/bin/python3 setup.py egg_info --egg-base ../../build/color_filter_pkg build --build-base /root/deepracer_ws/color-detection-project/color_detection_ws/build/color_filter_pkg/build install --prefix /root/deepracer_ws/color-detection-project/color_detection_ws/install/color_filter_pkg --record /root/deepracer_ws/color-detection-project/color_detection_ws/build/color_filter_pkg/install.log --single-version-externally-managed
[4.754s] DEBUG:colcon.colcon_core.event_handler.log_command:Invoked command in '/root/deepracer_ws/color-detection-project/color_detection_ws/src/color_filter_pkg' returned '0': PYTHONPATH=/root/deepracer_ws/color-detection-project/color_detection_ws/install/color_filter_pkg/lib/python3.8/site-packages:${PYTHONPATH} /usr/bin/python3 setup.py egg_info --egg-base ../../build/color_filter_pkg build --build-base /root/deepracer_ws/color-detection-project/color_detection_ws/build/color_filter_pkg/build install --prefix /root/deepracer_ws/color-detection-project/color_detection_ws/install/color_filter_pkg --record /root/deepracer_ws/color-detection-project/color_detection_ws/build/color_filter_pkg/install.log --single-version-externally-managed
[4.769s] Level 1:colcon.colcon_core.environment:checking '/root/deepracer_ws/color-detection-project/color_detection_ws/install/color_filter_pkg' for CMake module files
[4.771s] Level 1:colcon.colcon_core.environment:checking '/root/deepracer_ws/color-detection-project/color_detection_ws/install/color_filter_pkg' for CMake config files
[4.773s] Level 1:colcon.colcon_core.environment:checking '/root/deepracer_ws/color-detection-project/color_detection_ws/install/color_filter_pkg/lib'
[4.774s] Level 1:colcon.colcon_core.environment:checking '/root/deepracer_ws/color-detection-project/color_detection_ws/install/color_filter_pkg/bin'
[4.775s] Level 1:colcon.colcon_core.environment:checking '/root/deepracer_ws/color-detection-project/color_detection_ws/install/color_filter_pkg/lib/pkgconfig/color_filter_pkg.pc'
[4.776s] Level 1:colcon.colcon_core.environment:checking '/root/deepracer_ws/color-detection-project/color_detection_ws/install/color_filter_pkg/lib/python3.8/site-packages'
[4.776s] Level 1:colcon.colcon_core.shell:create_environment_hook('color_filter_pkg', 'pythonpath')
[4.783s] INFO:colcon.colcon_core.shell:Creating environment hook '/root/deepracer_ws/color-detection-project/color_detection_ws/install/color_filter_pkg/share/color_filter_pkg/hook/pythonpath.ps1'
[4.787s] INFO:colcon.colcon_core.shell:Creating environment descriptor '/root/deepracer_ws/color-detection-project/color_detection_ws/install/color_filter_pkg/share/color_filter_pkg/hook/pythonpath.dsv'
[4.788s] INFO:colcon.colcon_core.shell:Creating environment hook '/root/deepracer_ws/color-detection-project/color_detection_ws/install/color_filter_pkg/share/color_filter_pkg/hook/pythonpath.sh'
[4.792s] Level 1:colcon.colcon_core.environment:checking '/root/deepracer_ws/color-detection-project/color_detection_ws/install/color_filter_pkg/bin'
[4.792s] Level 1:colcon.colcon_core.environment:create_environment_scripts_only(color_filter_pkg)
[4.799s] INFO:colcon.colcon_core.shell:Creating package script '/root/deepracer_ws/color-detection-project/color_detection_ws/install/color_filter_pkg/share/color_filter_pkg/package.ps1'
[4.803s] INFO:colcon.colcon_core.shell:Creating package descriptor '/root/deepracer_ws/color-detection-project/color_detection_ws/install/color_filter_pkg/share/color_filter_pkg/package.dsv'
[4.807s] INFO:colcon.colcon_core.shell:Creating package script '/root/deepracer_ws/color-detection-project/color_detection_ws/install/color_filter_pkg/share/color_filter_pkg/package.sh'
[4.811s] INFO:colcon.colcon_core.shell:Creating package script '/root/deepracer_ws/color-detection-project/color_detection_ws/install/color_filter_pkg/share/color_filter_pkg/package.bash'
[4.814s] INFO:colcon.colcon_core.shell:Creating package script '/root/deepracer_ws/color-detection-project/color_detection_ws/install/color_filter_pkg/share/color_filter_pkg/package.zsh'
[4.819s] Level 1:colcon.colcon_core.environment:create_file_with_runtime_dependencies(/root/deepracer_ws/color-detection-project/color_detection_ws/install/color_filter_pkg/share/colcon-core/packages/color_filter_pkg)
[4.821s] INFO:colcon.colcon_ros.task.ament_python.build:Building ROS package in '/root/deepracer_ws/color-detection-project/color_detection_ws/src/led_color_pkg' with build type 'ament_python'
[4.822s] Level 1:colcon.colcon_core.shell:create_environment_hook('led_color_pkg', 'ament_prefix_path')
[4.869s] INFO:colcon.colcon_core.shell:Creating environment hook '/root/deepracer_ws/color-detection-project/color_detection_ws/install/led_color_pkg/share/led_color_pkg/hook/ament_prefix_path.ps1'
[4.872s] INFO:colcon.colcon_core.shell:Creating environment descriptor '/root/deepracer_ws/color-detection-project/color_detection_ws/install/led_color_pkg/share/led_color_pkg/hook/ament_prefix_path.dsv'
[4.874s] INFO:colcon.colcon_core.shell:Creating environment hook '/root/deepracer_ws/color-detection-project/color_detection_ws/install/led_color_pkg/share/led_color_pkg/hook/ament_prefix_path.sh'
[4.898s] INFO:colcon.colcon_core.shell:Skip shell extension 'powershell' for command environment: Not usable outside of PowerShell
[4.899s] DEBUG:colcon.colcon_core.shell:Skip shell extension 'dsv' for command environment
[4.918s] DEBUG:colcon.colcon_core.shell:Ignoring prefix path '/opt/ros/foxy'
[6.193s] INFO:colcon.colcon_core.task.python.build:Building Python package in '/root/deepracer_ws/color-detection-project/color_detection_ws/src/led_color_pkg'
[6.201s] INFO:colcon.colcon_core.shell:Skip shell extension 'powershell' for command environment: Not usable outside of PowerShell
[6.201s] DEBUG:colcon.colcon_core.shell:Skip shell extension 'dsv' for command environment
[6.233s] DEBUG:colcon.colcon_core.shell:Ignoring prefix path '/opt/ros/foxy'
[8.306s] DEBUG:colcon.colcon_core.event_handler.log_command:Invoking command in '/root/deepracer_ws/color-detection-project/color_detection_ws/src/led_color_pkg': PYTHONPATH=/root/deepracer_ws/color-detection-project/color_detection_ws/install/led_color_pkg/lib/python3.8/site-packages:${PYTHONPATH} /usr/bin/python3 setup.py egg_info --egg-base ../../build/led_color_pkg build --build-base /root/deepracer_ws/color-detection-project/color_detection_ws/build/led_color_pkg/build install --prefix /root/deepracer_ws/color-detection-project/color_detection_ws/install/led_color_pkg --record /root/deepracer_ws/color-detection-project/color_detection_ws/build/led_color_pkg/install.log --single-version-externally-managed
[10.177s] DEBUG:colcon.colcon_core.event_handler.log_command:Invoked command in '/root/deepracer_ws/color-detection-project/color_detection_ws/src/led_color_pkg' returned '0': PYTHONPATH=/root/deepracer_ws/color-detection-project/color_detection_ws/install/led_color_pkg/lib/python3.8/site-packages:${PYTHONPATH} /usr/bin/python3 setup.py egg_info --egg-base ../../build/led_color_pkg build --build-base /root/deepracer_ws/color-detection-project/color_detection_ws/build/led_color_pkg/build install --prefix /root/deepracer_ws/color-detection-project/color_detection_ws/install/led_color_pkg --record /root/deepracer_ws/color-detection-project/color_detection_ws/build/led_color_pkg/install.log --single-version-externally-managed
[10.184s] Level 1:colcon.colcon_core.environment:checking '/root/deepracer_ws/color-detection-project/color_detection_ws/install/led_color_pkg' for CMake module files
[10.186s] Level 1:colcon.colcon_core.environment:checking '/root/deepracer_ws/color-detection-project/color_detection_ws/install/led_color_pkg' for CMake config files
[10.204s] Level 1:colcon.colcon_core.environment:checking '/root/deepracer_ws/color-detection-project/color_detection_ws/install/led_color_pkg/lib'
[10.205s] Level 1:colcon.colcon_core.environment:checking '/root/deepracer_ws/color-detection-project/color_detection_ws/install/led_color_pkg/bin'
[10.205s] Level 1:colcon.colcon_core.environment:checking '/root/deepracer_ws/color-detection-project/color_detection_ws/install/led_color_pkg/lib/pkgconfig/led_color_pkg.pc'
[10.206s] Level 1:colcon.colcon_core.environment:checking '/root/deepracer_ws/color-detection-project/color_detection_ws/install/led_color_pkg/lib/python3.8/site-packages'
[10.206s] Level 1:colcon.colcon_core.shell:create_environment_hook('led_color_pkg', 'pythonpath')
[10.218s] INFO:colcon.colcon_core.shell:Creating environment hook '/root/deepracer_ws/color-detection-project/color_detection_ws/install/led_color_pkg/share/led_color_pkg/hook/pythonpath.ps1'
[10.228s] INFO:colcon.colcon_core.shell:Creating environment descriptor '/root/deepracer_ws/color-detection-project/color_detection_ws/install/led_color_pkg/share/led_color_pkg/hook/pythonpath.dsv'
[10.229s] INFO:colcon.colcon_core.shell:Creating environment hook '/root/deepracer_ws/color-detection-project/color_detection_ws/install/led_color_pkg/share/led_color_pkg/hook/pythonpath.sh'
[10.232s] Level 1:colcon.colcon_core.environment:checking '/root/deepracer_ws/color-detection-project/color_detection_ws/install/led_color_pkg/bin'
[10.232s] Level 1:colcon.colcon_core.environment:create_environment_scripts_only(led_color_pkg)
[10.248s] INFO:colcon.colcon_core.shell:Creating package script '/root/deepracer_ws/color-detection-project/color_detection_ws/install/led_color_pkg/share/led_color_pkg/package.ps1'
[10.252s] INFO:colcon.colcon_core.shell:Creating package descriptor '/root/deepracer_ws/color-detection-project/color_detection_ws/install/led_color_pkg/share/led_color_pkg/package.dsv'
[10.254s] INFO:colcon.colcon_core.shell:Creating package script '/root/deepracer_ws/color-detection-project/color_detection_ws/install/led_color_pkg/share/led_color_pkg/package.sh'
[10.260s] INFO:colcon.colcon_core.shell:Creating package script '/root/deepracer_ws/color-detection-project/color_detection_ws/install/led_color_pkg/share/led_color_pkg/package.bash'
[10.262s] INFO:colcon.colcon_core.shell:Creating package script '/root/deepracer_ws/color-detection-project/color_detection_ws/install/led_color_pkg/share/led_color_pkg/package.zsh'
[10.263s] Level 1:colcon.colcon_core.environment:create_file_with_runtime_dependencies(/root/deepracer_ws/color-detection-project/color_detection_ws/install/led_color_pkg/share/colcon-core/packages/led_color_pkg)
[10.272s] INFO:colcon.colcon_ros.task.ament_python.build:Building ROS package in '/root/deepracer_ws/color-detection-project/color_detection_ws/src/navigation_pkg' with build type 'ament_python'
[10.277s] Level 1:colcon.colcon_core.shell:create_environment_hook('navigation_pkg', 'ament_prefix_path')
[10.283s] INFO:colcon.colcon_core.shell:Creating environment hook '/root/deepracer_ws/color-detection-project/color_detection_ws/install/navigation_pkg/share/navigation_pkg/hook/ament_prefix_path.ps1'
[10.293s] INFO:colcon.colcon_core.shell:Creating environment descriptor '/root/deepracer_ws/color-detection-project/color_detection_ws/install/navigation_pkg/share/navigation_pkg/hook/ament_prefix_path.dsv'
[10.295s] INFO:colcon.colcon_core.shell:Creating environment hook '/root/deepracer_ws/color-detection-project/color_detection_ws/install/navigation_pkg/share/navigation_pkg/hook/ament_prefix_path.sh'
[10.315s] INFO:colcon.colcon_core.shell:Skip shell extension 'powershell' for command environment: Not usable outside of PowerShell
[10.324s] DEBUG:colcon.colcon_core.shell:Skip shell extension 'dsv' for command environment
[10.343s] DEBUG:colcon.colcon_core.shell:Ignoring prefix path '/opt/ros/foxy'
[11.402s] INFO:colcon.colcon_core.task.python.build:Building Python package in '/root/deepracer_ws/color-detection-project/color_detection_ws/src/navigation_pkg'
[11.410s] INFO:colcon.colcon_core.shell:Skip shell extension 'powershell' for command environment: Not usable outside of PowerShell
[11.410s] DEBUG:colcon.colcon_core.shell:Skip shell extension 'dsv' for command environment
[11.421s] DEBUG:colcon.colcon_core.shell:Ignoring prefix path '/opt/ros/foxy'
[13.508s] DEBUG:colcon.colcon_core.event_handler.log_command:Invoking command in '/root/deepracer_ws/color-detection-project/color_detection_ws/src/navigation_pkg': PYTHONPATH=/root/deepracer_ws/color-detection-project/color_detection_ws/install/navigation_pkg/lib/python3.8/site-packages:${PYTHONPATH} /usr/bin/python3 setup.py egg_info --egg-base ../../build/navigation_pkg build --build-base /root/deepracer_ws/color-detection-project/color_detection_ws/build/navigation_pkg/build install --prefix /root/deepracer_ws/color-detection-project/color_detection_ws/install/navigation_pkg --record /root/deepracer_ws/color-detection-project/color_detection_ws/build/navigation_pkg/install.log --single-version-externally-managed
[13.623s] DEBUG:colcon.colcon_core.event_handler.log_command:Invoked command in '/root/deepracer_ws/color-detection-project/color_detection_ws/build/color_interfaces' returned '0': CMAKE_PREFIX_PATH=/opt/ros/foxy /usr/bin/cmake --build /root/deepracer_ws/color-detection-project/color_detection_ws/build/color_interfaces -- -j2 -l2
[13.826s] DEBUG:colcon.colcon_core.event_handler.log_command:Invoking command in '/root/deepracer_ws/color-detection-project/color_detection_ws/build/color_interfaces': CMAKE_PREFIX_PATH=/opt/ros/foxy /usr/bin/cmake --install /root/deepracer_ws/color-detection-project/color_detection_ws/build/color_interfaces
[14.407s] Level 1:colcon.colcon_core.environment:create_environment_scripts_only(color_interfaces)
[14.414s] DEBUG:colcon.colcon_core.event_handler.log_command:Invoked command in '/root/deepracer_ws/color-detection-project/color_detection_ws/build/color_interfaces' returned '0': CMAKE_PREFIX_PATH=/opt/ros/foxy /usr/bin/cmake --install /root/deepracer_ws/color-detection-project/color_detection_ws/build/color_interfaces
[14.420s] Level 1:colcon.colcon_core.environment:checking '/root/deepracer_ws/color-detection-project/color_detection_ws/install/color_interfaces' for CMake module files
[14.423s] Level 1:colcon.colcon_core.environment:checking '/root/deepracer_ws/color-detection-project/color_detection_ws/install/color_interfaces' for CMake config files
[14.425s] Level 1:colcon.colcon_core.shell:create_environment_hook('color_interfaces', 'cmake_prefix_path')
[14.434s] INFO:colcon.colcon_core.shell:Creating environment hook '/root/deepracer_ws/color-detection-project/color_detection_ws/install/color_interfaces/share/color_interfaces/hook/cmake_prefix_path.ps1'
[14.443s] INFO:colcon.colcon_core.shell:Creating environment descriptor '/root/deepracer_ws/color-detection-project/color_detection_ws/install/color_interfaces/share/color_interfaces/hook/cmake_prefix_path.dsv'
[14.446s] INFO:colcon.colcon_core.shell:Creating environment hook '/root/deepracer_ws/color-detection-project/color_detection_ws/install/color_interfaces/share/color_interfaces/hook/cmake_prefix_path.sh'
[14.448s] Level 1:colcon.colcon_core.environment:checking '/root/deepracer_ws/color-detection-project/color_detection_ws/install/color_interfaces/lib'
[14.449s] Level 1:colcon.colcon_core.shell:create_environment_hook('color_interfaces', 'ld_library_path_lib')
[14.456s] INFO:colcon.colcon_core.shell:Creating environment hook '/root/deepracer_ws/color-detection-project/color_detection_ws/install/color_interfaces/share/color_interfaces/hook/ld_library_path_lib.ps1'
[14.458s] INFO:colcon.colcon_core.shell:Creating environment descriptor '/root/deepracer_ws/color-detection-project/color_detection_ws/install/color_interfaces/share/color_interfaces/hook/ld_library_path_lib.dsv'
[14.460s] INFO:colcon.colcon_core.shell:Creating environment hook '/root/deepracer_ws/color-detection-project/color_detection_ws/install/color_interfaces/share/color_interfaces/hook/ld_library_path_lib.sh'
[14.461s] Level 1:colcon.colcon_core.environment:checking '/root/deepracer_ws/color-detection-project/color_detection_ws/install/color_interfaces/bin'
[14.462s] Level 1:colcon.colcon_core.environment:checking '/root/deepracer_ws/color-detection-project/color_detection_ws/install/color_interfaces/lib/pkgconfig/color_interfaces.pc'
[14.463s] Level 1:colcon.colcon_core.environment:checking '/root/deepracer_ws/color-detection-project/color_detection_ws/install/color_interfaces/lib/python3.8/site-packages'
[14.463s] Level 1:colcon.colcon_core.shell:create_environment_hook('color_interfaces', 'pythonpath')
[14.470s] INFO:colcon.colcon_core.shell:Creating environment hook '/root/deepracer_ws/color-detection-project/color_detection_ws/install/color_interfaces/share/color_interfaces/hook/pythonpath.ps1'
[14.471s] INFO:colcon.colcon_core.shell:Creating environment descriptor '/root/deepracer_ws/color-detection-project/color_detection_ws/install/color_interfaces/share/color_interfaces/hook/pythonpath.dsv'
[14.473s] INFO:colcon.colcon_core.shell:Creating environment hook '/root/deepracer_ws/color-detection-project/color_detection_ws/install/color_interfaces/share/color_interfaces/hook/pythonpath.sh'
[14.475s] Level 1:colcon.colcon_core.environment:checking '/root/deepracer_ws/color-detection-project/color_detection_ws/install/color_interfaces/bin'
[14.484s] INFO:colcon.colcon_core.shell:Creating package script '/root/deepracer_ws/color-detection-project/color_detection_ws/install/color_interfaces/share/color_interfaces/package.ps1'
[14.487s] INFO:colcon.colcon_core.shell:Creating package descriptor '/root/deepracer_ws/color-detection-project/color_detection_ws/install/color_interfaces/share/color_interfaces/package.dsv'
[14.489s] INFO:colcon.colcon_core.shell:Creating package script '/root/deepracer_ws/color-detection-project/color_detection_ws/install/color_interfaces/share/color_interfaces/package.sh'
[14.497s] INFO:colcon.colcon_core.shell:Creating package script '/root/deepracer_ws/color-detection-project/color_detection_ws/install/color_interfaces/share/color_interfaces/package.bash'
[14.499s] INFO:colcon.colcon_core.shell:Creating package script '/root/deepracer_ws/color-detection-project/color_detection_ws/install/color_interfaces/share/color_interfaces/package.zsh'
[14.501s] Level 1:colcon.colcon_core.environment:create_file_with_runtime_dependencies(/root/deepracer_ws/color-detection-project/color_detection_ws/install/color_interfaces/share/colcon-core/packages/color_interfaces)
[14.679s] Level 1:colcon.colcon_core.environment:create_environment_scripts_only(color_interfaces)
[14.689s] Level 1:colcon.colcon_core.environment:checking '/root/deepracer_ws/color-detection-project/color_detection_ws/install/color_interfaces' for CMake module files
[14.691s] Level 1:colcon.colcon_core.environment:checking '/root/deepracer_ws/color-detection-project/color_detection_ws/install/color_interfaces' for CMake config files
[14.693s] Level 1:colcon.colcon_core.shell:create_environment_hook('color_interfaces', 'cmake_prefix_path')
[14.700s] INFO:colcon.colcon_core.shell:Creating environment hook '/root/deepracer_ws/color-detection-project/color_detection_ws/install/color_interfaces/share/color_interfaces/hook/cmake_prefix_path.ps1'
[14.703s] INFO:colcon.colcon_core.shell:Creating environment descriptor '/root/deepracer_ws/color-detection-project/color_detection_ws/install/color_interfaces/share/color_interfaces/hook/cmake_prefix_path.dsv'
[14.704s] INFO:colcon.colcon_core.shell:Creating environment hook '/root/deepracer_ws/color-detection-project/color_detection_ws/install/color_interfaces/share/color_interfaces/hook/cmake_prefix_path.sh'
[14.707s] Level 1:colcon.colcon_core.environment:checking '/root/deepracer_ws/color-detection-project/color_detection_ws/install/color_interfaces/lib'
[14.707s] Level 1:colcon.colcon_core.shell:create_environment_hook('color_interfaces', 'ld_library_path_lib')
[14.715s] INFO:colcon.colcon_core.shell:Creating environment hook '/root/deepracer_ws/color-detection-project/color_detection_ws/install/color_interfaces/share/color_interfaces/hook/ld_library_path_lib.ps1'
[14.717s] INFO:colcon.colcon_core.shell:Creating environment descriptor '/root/deepracer_ws/color-detection-project/color_detection_ws/install/color_interfaces/share/color_interfaces/hook/ld_library_path_lib.dsv'
[14.719s] INFO:colcon.colcon_core.shell:Creating environment hook '/root/deepracer_ws/color-detection-project/color_detection_ws/install/color_interfaces/share/color_interfaces/hook/ld_library_path_lib.sh'
[14.720s] Level 1:colcon.colcon_core.environment:checking '/root/deepracer_ws/color-detection-project/color_detection_ws/install/color_interfaces/bin'
[14.721s] Level 1:colcon.colcon_core.environment:checking '/root/deepracer_ws/color-detection-project/color_detection_ws/install/color_interfaces/lib/pkgconfig/color_interfaces.pc'
[14.721s] Level 1:colcon.colcon_core.environment:checking '/root/deepracer_ws/color-detection-project/color_detection_ws/install/color_interfaces/lib/python3.8/site-packages'
[14.722s] Level 1:colcon.colcon_core.shell:create_environment_hook('color_interfaces', 'pythonpath')
[14.730s] INFO:colcon.colcon_core.shell:Creating environment hook '/root/deepracer_ws/color-detection-project/color_detection_ws/install/color_interfaces/share/color_interfaces/hook/pythonpath.ps1'
[14.732s] INFO:colcon.colcon_core.shell:Creating environment descriptor '/root/deepracer_ws/color-detection-project/color_detection_ws/install/color_interfaces/share/color_interfaces/hook/pythonpath.dsv'
[14.733s] INFO:colcon.colcon_core.shell:Creating environment hook '/root/deepracer_ws/color-detection-project/color_detection_ws/install/color_interfaces/share/color_interfaces/hook/pythonpath.sh'
[14.735s] Level 1:colcon.colcon_core.environment:checking '/root/deepracer_ws/color-detection-project/color_detection_ws/install/color_interfaces/bin'
[14.749s] INFO:colcon.colcon_core.shell:Creating package script '/root/deepracer_ws/color-detection-project/color_detection_ws/install/color_interfaces/share/color_interfaces/package.ps1'
[14.753s] INFO:colcon.colcon_core.shell:Creating package descriptor '/root/deepracer_ws/color-detection-project/color_detection_ws/install/color_interfaces/share/color_interfaces/package.dsv'
[14.755s] INFO:colcon.colcon_core.shell:Creating package script '/root/deepracer_ws/color-detection-project/color_detection_ws/install/color_interfaces/share/color_interfaces/package.sh'
[14.758s] INFO:colcon.colcon_core.shell:Creating package script '/root/deepracer_ws/color-detection-project/color_detection_ws/install/color_interfaces/share/color_interfaces/package.bash'
[14.760s] INFO:colcon.colcon_core.shell:Creating package script '/root/deepracer_ws/color-detection-project/color_detection_ws/install/color_interfaces/share/color_interfaces/package.zsh'
[14.762s] Level 1:colcon.colcon_core.environment:create_file_with_runtime_dependencies(/root/deepracer_ws/color-detection-project/color_detection_ws/install/color_interfaces/share/colcon-core/packages/color_interfaces)
[14.777s] Level 1:colcon.colcon_core.environment:checking '/root/deepracer_ws/color-detection-project/color_detection_ws/install/navigation_pkg' for CMake module files
[14.779s] DEBUG:colcon.colcon_core.event_handler.log_command:Invoked command in '/root/deepracer_ws/color-detection-project/color_detection_ws/src/navigation_pkg' returned '0': PYTHONPATH=/root/deepracer_ws/color-detection-project/color_detection_ws/install/navigation_pkg/lib/python3.8/site-packages:${PYTHONPATH} /usr/bin/python3 setup.py egg_info --egg-base ../../build/navigation_pkg build --build-base /root/deepracer_ws/color-detection-project/color_detection_ws/build/navigation_pkg/build install --prefix /root/deepracer_ws/color-detection-project/color_detection_ws/install/navigation_pkg --record /root/deepracer_ws/color-detection-project/color_detection_ws/build/navigation_pkg/install.log --single-version-externally-managed
[14.781s] Level 1:colcon.colcon_core.environment:checking '/root/deepracer_ws/color-detection-project/color_detection_ws/install/navigation_pkg' for CMake config files
[14.783s] Level 1:colcon.colcon_core.environment:checking '/root/deepracer_ws/color-detection-project/color_detection_ws/install/navigation_pkg/lib'
[14.784s] Level 1:colcon.colcon_core.environment:checking '/root/deepracer_ws/color-detection-project/color_detection_ws/install/navigation_pkg/bin'
[14.784s] Level 1:colcon.colcon_core.environment:checking '/root/deepracer_ws/color-detection-project/color_detection_ws/install/navigation_pkg/lib/pkgconfig/navigation_pkg.pc'
[14.785s] Level 1:colcon.colcon_core.environment:checking '/root/deepracer_ws/color-detection-project/color_detection_ws/install/navigation_pkg/lib/python3.8/site-packages'
[14.785s] Level 1:colcon.colcon_core.shell:create_environment_hook('navigation_pkg', 'pythonpath')
[14.792s] INFO:colcon.colcon_core.shell:Creating environment hook '/root/deepracer_ws/color-detection-project/color_detection_ws/install/navigation_pkg/share/navigation_pkg/hook/pythonpath.ps1'
[14.794s] INFO:colcon.colcon_core.shell:Creating environment descriptor '/root/deepracer_ws/color-detection-project/color_detection_ws/install/navigation_pkg/share/navigation_pkg/hook/pythonpath.dsv'
[14.795s] INFO:colcon.colcon_core.shell:Creating environment hook '/root/deepracer_ws/color-detection-project/color_detection_ws/install/navigation_pkg/share/navigation_pkg/hook/pythonpath.sh'
[14.797s] Level 1:colcon.colcon_core.environment:checking '/root/deepracer_ws/color-detection-project/color_detection_ws/install/navigation_pkg/bin'
[14.798s] Level 1:colcon.colcon_core.environment:create_environment_scripts_only(navigation_pkg)
[14.805s] INFO:colcon.colcon_core.shell:Creating package script '/root/deepracer_ws/color-detection-project/color_detection_ws/install/navigation_pkg/share/navigation_pkg/package.ps1'
[14.808s] INFO:colcon.colcon_core.shell:Creating package descriptor '/root/deepracer_ws/color-detection-project/color_detection_ws/install/navigation_pkg/share/navigation_pkg/package.dsv'
[14.810s] INFO:colcon.colcon_core.shell:Creating package script '/root/deepracer_ws/color-detection-project/color_detection_ws/install/navigation_pkg/share/navigation_pkg/package.sh'
[14.812s] INFO:colcon.colcon_core.shell:Creating package script '/root/deepracer_ws/color-detection-project/color_detection_ws/install/navigation_pkg/share/navigation_pkg/package.bash'
[14.813s] INFO:colcon.colcon_core.shell:Creating package script '/root/deepracer_ws/color-detection-project/color_detection_ws/install/navigation_pkg/share/navigation_pkg/package.zsh'
[14.815s] Level 1:colcon.colcon_core.environment:create_file_with_runtime_dependencies(/root/deepracer_ws/color-detection-project/color_detection_ws/install/navigation_pkg/share/colcon-core/packages/navigation_pkg)
[14.816s] DEBUG:colcon.colcon_parallel_executor.executor.parallel:closing loop
[14.818s] DEBUG:colcon.colcon_parallel_executor.executor.parallel:loop closed
[14.819s] DEBUG:colcon.colcon_parallel_executor.executor.parallel:run_until_complete finished with '0'
[14.819s] DEBUG:colcon.colcon_core.event_reactor:joining thread
[14.852s] INFO:colcon.colcon_core.plugin_system:Skipping extension 'colcon_notification.desktop_notification.terminal_notifier': Not used on non-Darwin systems
[14.854s] INFO:colcon.colcon_core.plugin_system:Skipping extension 'colcon_notification.desktop_notification.win32': Not used on non-Windows systems
[14.854s] INFO:colcon.colcon_notification.desktop_notification:Sending desktop notification using 'notify2'
[14.872s] DEBUG:colcon.colcon_notification.desktop_notification.notify2:Failed to initialize notify2: org.freedesktop.DBus.Error.ServiceUnknown: The name org.freedesktop.Notifications was not provided by any .service files
[14.872s] DEBUG:colcon.colcon_core.event_reactor:joined thread
[14.883s] INFO:colcon.colcon_core.shell:Creating prefix script '/root/deepracer_ws/color-detection-project/color_detection_ws/install/local_setup.ps1'
[14.887s] INFO:colcon.colcon_core.shell:Creating prefix util module '/root/deepracer_ws/color-detection-project/color_detection_ws/install/_local_setup_util_ps1.py'
[14.892s] INFO:colcon.colcon_core.shell:Creating prefix chain script '/root/deepracer_ws/color-detection-project/color_detection_ws/install/setup.ps1'
[14.903s] INFO:colcon.colcon_core.shell:Creating prefix script '/root/deepracer_ws/color-detection-project/color_detection_ws/install/local_setup.sh'
[14.906s] INFO:colcon.colcon_core.shell:Creating prefix util module '/root/deepracer_ws/color-detection-project/color_detection_ws/install/_local_setup_util_sh.py'
[14.908s] INFO:colcon.colcon_core.shell:Creating prefix chain script '/root/deepracer_ws/color-detection-project/color_detection_ws/install/setup.sh'
[14.919s] INFO:colcon.colcon_core.shell:Creating prefix script '/root/deepracer_ws/color-detection-project/color_detection_ws/install/local_setup.bash'
[14.921s] INFO:colcon.colcon_core.shell:Creating prefix chain script '/root/deepracer_ws/color-detection-project/color_detection_ws/install/setup.bash'
[14.932s] INFO:colcon.colcon_core.shell:Creating prefix script '/root/deepracer_ws/color-detection-project/color_detection_ws/install/local_setup.zsh'
[14.934s] INFO:colcon.colcon_core.shell:Creating prefix chain script '/root/deepracer_ws/color-detection-project/color_detection_ws/install/setup.zsh'
