running egg_info
writing ../../build/color_filter_pkg/color_filter_pkg.egg-info/PKG-INFO
writing dependency_links to ../../build/color_filter_pkg/color_filter_pkg.egg-info/dependency_links.txt
writing entry points to ../../build/color_filter_pkg/color_filter_pkg.egg-info/entry_points.txt
writing requirements to ../../build/color_filter_pkg/color_filter_pkg.egg-info/requires.txt
writing top-level names to ../../build/color_filter_pkg/color_filter_pkg.egg-info/top_level.txt
reading manifest file '../../build/color_filter_pkg/color_filter_pkg.egg-info/SOURCES.txt'
writing manifest file '../../build/color_filter_pkg/color_filter_pkg.egg-info/SOURCES.txt'
running build
running build_py
copying color_filter_pkg/color_filter_node.py -> /root/deepracer_ws/color-detection-project/color_detection_ws/build/color_filter_pkg/build/lib/color_filter_pkg
running install
running install_lib
copying /root/deepracer_ws/color-detection-project/color_detection_ws/build/color_filter_pkg/build/lib/color_filter_pkg/color_filter_node.py -> /root/deepracer_ws/color-detection-project/color_detection_ws/install/color_filter_pkg/lib/python3.8/site-packages/color_filter_pkg
byte-compiling /root/deepracer_ws/color-detection-project/color_detection_ws/install/color_filter_pkg/lib/python3.8/site-packages/color_filter_pkg/color_filter_node.py to color_filter_node.cpython-38.pyc
running install_data
running install_egg_info
removing '/root/deepracer_ws/color-detection-project/color_detection_ws/install/color_filter_pkg/lib/python3.8/site-packages/color_filter_pkg-0.0.0-py3.8.egg-info' (and everything under it)
Copying ../../build/color_filter_pkg/color_filter_pkg.egg-info to /root/deepracer_ws/color-detection-project/color_detection_ws/install/color_filter_pkg/lib/python3.8/site-packages/color_filter_pkg-0.0.0-py3.8.egg-info
running install_scripts
Installing color_filter_node script to /root/deepracer_ws/color-detection-project/color_detection_ws/install/color_filter_pkg/lib/color_filter_pkg
writing list of installed files to '/root/deepracer_ws/color-detection-project/color_detection_ws/build/color_filter_pkg/install.log'
