[0.843s] DEBUG:colcon:Command line arguments: ['/usr/bin/colcon', 'build']
[0.844s] DEBUG:colcon:Parsed command line arguments: Namespace(allow_overriding=[], ament_cmake_args=None, base_paths=['.'], build_base='build', catkin_cmake_args=None, catkin_skip_building_tests=False, cmake_args=None, cmake_clean_cache=False, cmake_clean_first=False, cmake_force_configure=False, cmake_target=None, cmake_target_skip_unavailable=False, continue_on_error=False, event_handlers=None, executor='parallel', ignore_user_meta=False, install_base='install', log_base=None, log_level=None, main=<bound method BuildVerb.main of <colcon_core.verb.build.BuildVerb object at 0x7fe322a2d190>>, merge_install=False, metas=['./colcon.meta'], packages_above=None, packages_above_and_dependencies=None, packages_above_depth=None, packages_end=None, packages_ignore=None, packages_ignore_regex=None, packages_select=None, packages_select_build_failed=False, packages_select_by_dep=None, packages_select_regex=None, packages_select_test_failures=False, packages_skip=None, packages_skip_build_finished=False, packages_skip_by_dep=None, packages_skip_regex=None, packages_skip_test_passed=False, packages_skip_up_to=None, packages_start=None, packages_up_to=None, packages_up_to_regex=None, parallel_workers=2, paths=None, symlink_install=False, test_result_base=None, verb_extension=<colcon_core.verb.build.BuildVerb object at 0x7fe322a2d190>, verb_name='build', verb_parser=<colcon_defaults.argument_parser.defaults.DefaultArgumentsDecorator object at 0x7fe322a2d6d0>)
[0.959s] Level 1:colcon.colcon_core.package_discovery:discover_packages(colcon_meta) check parameters
[0.959s] Level 1:colcon.colcon_core.package_discovery:discover_packages(recursive) check parameters
[0.959s] Level 1:colcon.colcon_core.package_discovery:discover_packages(ignore) check parameters
[0.960s] Level 1:colcon.colcon_core.package_discovery:discover_packages(path) check parameters
[0.960s] Level 1:colcon.colcon_core.package_discovery:discover_packages(colcon_meta) discover
[0.961s] Level 1:colcon.colcon_core.package_discovery:discover_packages(recursive) discover
[0.961s] INFO:colcon.colcon_core.package_discovery:Crawling recursively for packages in '/root/deepracer_ws/color-detection-project/color_detection_ws'
[0.962s] Level 1:colcon.colcon_core.package_identification:_identify(.) by extensions ['ignore', 'ignore_ament_install']
[0.962s] Level 1:colcon.colcon_core.package_identification:_identify(.) by extension 'ignore'
[0.963s] Level 1:colcon.colcon_core.package_identification:_identify(.) by extension 'ignore_ament_install'
[0.963s] Level 1:colcon.colcon_core.package_identification:_identify(.) by extensions ['colcon_pkg']
[0.963s] Level 1:colcon.colcon_core.package_identification:_identify(.) by extension 'colcon_pkg'
[0.963s] Level 1:colcon.colcon_core.package_identification:_identify(.) by extensions ['colcon_meta']
[0.963s] Level 1:colcon.colcon_core.package_identification:_identify(.) by extension 'colcon_meta'
[0.964s] Level 1:colcon.colcon_core.package_identification:_identify(.) by extensions ['ros']
[0.964s] Level 1:colcon.colcon_core.package_identification:_identify(.) by extension 'ros'
[1.006s] Level 1:colcon.colcon_core.package_identification:_identify(.) by extensions ['cmake', 'python']
[1.007s] Level 1:colcon.colcon_core.package_identification:_identify(.) by extension 'cmake'
[1.007s] Level 1:colcon.colcon_core.package_identification:_identify(.) by extension 'python'
[1.007s] Level 1:colcon.colcon_core.package_identification:_identify(.) by extensions ['python_setup_py']
[1.007s] Level 1:colcon.colcon_core.package_identification:_identify(.) by extension 'python_setup_py'
[1.008s] Level 1:colcon.colcon_core.package_identification:_identify(build) by extensions ['ignore', 'ignore_ament_install']
[1.008s] Level 1:colcon.colcon_core.package_identification:_identify(build) by extension 'ignore'
[1.008s] Level 1:colcon.colcon_core.package_identification:_identify(build) ignored
[1.009s] Level 1:colcon.colcon_core.package_identification:_identify(install) by extensions ['ignore', 'ignore_ament_install']
[1.009s] Level 1:colcon.colcon_core.package_identification:_identify(install) by extension 'ignore'
[1.010s] Level 1:colcon.colcon_core.package_identification:_identify(install) ignored
[1.010s] Level 1:colcon.colcon_core.package_identification:_identify(log) by extensions ['ignore', 'ignore_ament_install']
[1.010s] Level 1:colcon.colcon_core.package_identification:_identify(log) by extension 'ignore'
[1.011s] Level 1:colcon.colcon_core.package_identification:_identify(log) ignored
[1.011s] Level 1:colcon.colcon_core.package_identification:_identify(src) by extensions ['ignore', 'ignore_ament_install']
[1.011s] Level 1:colcon.colcon_core.package_identification:_identify(src) by extension 'ignore'
[1.011s] Level 1:colcon.colcon_core.package_identification:_identify(src) by extension 'ignore_ament_install'
[1.012s] Level 1:colcon.colcon_core.package_identification:_identify(src) by extensions ['colcon_pkg']
[1.012s] Level 1:colcon.colcon_core.package_identification:_identify(src) by extension 'colcon_pkg'
[1.012s] Level 1:colcon.colcon_core.package_identification:_identify(src) by extensions ['colcon_meta']
[1.012s] Level 1:colcon.colcon_core.package_identification:_identify(src) by extension 'colcon_meta'
[1.012s] Level 1:colcon.colcon_core.package_identification:_identify(src) by extensions ['ros']
[1.013s] Level 1:colcon.colcon_core.package_identification:_identify(src) by extension 'ros'
[1.013s] Level 1:colcon.colcon_core.package_identification:_identify(src) by extensions ['cmake', 'python']
[1.013s] Level 1:colcon.colcon_core.package_identification:_identify(src) by extension 'cmake'
[1.013s] Level 1:colcon.colcon_core.package_identification:_identify(src) by extension 'python'
[1.013s] Level 1:colcon.colcon_core.package_identification:_identify(src) by extensions ['python_setup_py']
[1.013s] Level 1:colcon.colcon_core.package_identification:_identify(src) by extension 'python_setup_py'
[1.014s] Level 1:colcon.colcon_core.package_identification:_identify(src/color_filter_pkg) by extensions ['ignore', 'ignore_ament_install']
[1.014s] Level 1:colcon.colcon_core.package_identification:_identify(src/color_filter_pkg) by extension 'ignore'
[1.015s] Level 1:colcon.colcon_core.package_identification:_identify(src/color_filter_pkg) by extension 'ignore_ament_install'
[1.015s] Level 1:colcon.colcon_core.package_identification:_identify(src/color_filter_pkg) by extensions ['colcon_pkg']
[1.015s] Level 1:colcon.colcon_core.package_identification:_identify(src/color_filter_pkg) by extension 'colcon_pkg'
[1.015s] Level 1:colcon.colcon_core.package_identification:_identify(src/color_filter_pkg) by extensions ['colcon_meta']
[1.015s] Level 1:colcon.colcon_core.package_identification:_identify(src/color_filter_pkg) by extension 'colcon_meta'
[1.015s] Level 1:colcon.colcon_core.package_identification:_identify(src/color_filter_pkg) by extensions ['ros']
[1.015s] Level 1:colcon.colcon_core.package_identification:_identify(src/color_filter_pkg) by extension 'ros'
[1.029s] DEBUG:colcon.colcon_core.package_identification:Package 'src/color_filter_pkg' with type 'ros.ament_python' and name 'color_filter_pkg'
[1.029s] Level 1:colcon.colcon_core.package_identification:_identify(src/color_interfaces) by extensions ['ignore', 'ignore_ament_install']
[1.030s] Level 1:colcon.colcon_core.package_identification:_identify(src/color_interfaces) by extension 'ignore'
[1.030s] Level 1:colcon.colcon_core.package_identification:_identify(src/color_interfaces) by extension 'ignore_ament_install'
[1.030s] Level 1:colcon.colcon_core.package_identification:_identify(src/color_interfaces) by extensions ['colcon_pkg']
[1.030s] Level 1:colcon.colcon_core.package_identification:_identify(src/color_interfaces) by extension 'colcon_pkg'
[1.030s] Level 1:colcon.colcon_core.package_identification:_identify(src/color_interfaces) by extensions ['colcon_meta']
[1.031s] Level 1:colcon.colcon_core.package_identification:_identify(src/color_interfaces) by extension 'colcon_meta'
[1.031s] Level 1:colcon.colcon_core.package_identification:_identify(src/color_interfaces) by extensions ['ros']
[1.031s] Level 1:colcon.colcon_core.package_identification:_identify(src/color_interfaces) by extension 'ros'
[1.033s] DEBUG:colcon.colcon_core.package_identification:Package 'src/color_interfaces' with type 'ros.ament_cmake' and name 'color_interfaces'
[1.034s] Level 1:colcon.colcon_core.package_identification:_identify(src/led_color_pkg) by extensions ['ignore', 'ignore_ament_install']
[1.034s] Level 1:colcon.colcon_core.package_identification:_identify(src/led_color_pkg) by extension 'ignore'
[1.034s] Level 1:colcon.colcon_core.package_identification:_identify(src/led_color_pkg) by extension 'ignore_ament_install'
[1.034s] Level 1:colcon.colcon_core.package_identification:_identify(src/led_color_pkg) by extensions ['colcon_pkg']
[1.035s] Level 1:colcon.colcon_core.package_identification:_identify(src/led_color_pkg) by extension 'colcon_pkg'
[1.035s] Level 1:colcon.colcon_core.package_identification:_identify(src/led_color_pkg) by extensions ['colcon_meta']
[1.035s] Level 1:colcon.colcon_core.package_identification:_identify(src/led_color_pkg) by extension 'colcon_meta'
[1.035s] Level 1:colcon.colcon_core.package_identification:_identify(src/led_color_pkg) by extensions ['ros']
[1.035s] Level 1:colcon.colcon_core.package_identification:_identify(src/led_color_pkg) by extension 'ros'
[1.038s] DEBUG:colcon.colcon_core.package_identification:Package 'src/led_color_pkg' with type 'ros.ament_python' and name 'led_color_pkg'
[1.038s] Level 1:colcon.colcon_core.package_identification:_identify(src/navigation_pkg) by extensions ['ignore', 'ignore_ament_install']
[1.039s] Level 1:colcon.colcon_core.package_identification:_identify(src/navigation_pkg) by extension 'ignore'
[1.039s] Level 1:colcon.colcon_core.package_identification:_identify(src/navigation_pkg) by extension 'ignore_ament_install'
[1.039s] Level 1:colcon.colcon_core.package_identification:_identify(src/navigation_pkg) by extensions ['colcon_pkg']
[1.039s] Level 1:colcon.colcon_core.package_identification:_identify(src/navigation_pkg) by extension 'colcon_pkg'
[1.040s] Level 1:colcon.colcon_core.package_identification:_identify(src/navigation_pkg) by extensions ['colcon_meta']
[1.040s] Level 1:colcon.colcon_core.package_identification:_identify(src/navigation_pkg) by extension 'colcon_meta'
[1.040s] Level 1:colcon.colcon_core.package_identification:_identify(src/navigation_pkg) by extensions ['ros']
[1.040s] Level 1:colcon.colcon_core.package_identification:_identify(src/navigation_pkg) by extension 'ros'
[1.042s] DEBUG:colcon.colcon_core.package_identification:Package 'src/navigation_pkg' with type 'ros.ament_python' and name 'navigation_pkg'
[1.043s] Level 1:colcon.colcon_core.package_discovery:discover_packages(recursive) using defaults
[1.043s] Level 1:colcon.colcon_core.package_discovery:discover_packages(ignore) discover
[1.043s] Level 1:colcon.colcon_core.package_discovery:discover_packages(ignore) using defaults
[1.043s] Level 1:colcon.colcon_core.package_discovery:discover_packages(path) discover
[1.043s] Level 1:colcon.colcon_core.package_discovery:discover_packages(path) using defaults
[1.127s] Level 1:colcon.colcon_core.package_discovery:discover_packages(prefix_path) check parameters
[1.127s] Level 1:colcon.colcon_core.package_discovery:discover_packages(prefix_path) discover
[1.149s] DEBUG:colcon.colcon_installed_package_information.package_discovery:Found 5 installed packages in /root/deepracer_ws/video_filtering_project/video_filtering_ws/install
[1.156s] DEBUG:colcon.colcon_installed_package_information.package_discovery:Found 19 installed packages in /opt/aws/deepracer/lib
[1.161s] Level 1:colcon.colcon_core.package_discovery:discover_packages(prefix_path) using defaults
[1.185s] Level 5:colcon.colcon_core.verb:set package 'color_filter_pkg' build argument 'cmake_args' from command line to 'None'
[1.185s] Level 5:colcon.colcon_core.verb:set package 'color_filter_pkg' build argument 'cmake_target' from command line to 'None'
[1.185s] Level 5:colcon.colcon_core.verb:set package 'color_filter_pkg' build argument 'cmake_target_skip_unavailable' from command line to 'False'
[1.185s] Level 5:colcon.colcon_core.verb:set package 'color_filter_pkg' build argument 'cmake_clean_cache' from command line to 'False'
[1.186s] Level 5:colcon.colcon_core.verb:set package 'color_filter_pkg' build argument 'cmake_clean_first' from command line to 'False'
[1.186s] Level 5:colcon.colcon_core.verb:set package 'color_filter_pkg' build argument 'cmake_force_configure' from command line to 'False'
[1.186s] Level 5:colcon.colcon_core.verb:set package 'color_filter_pkg' build argument 'ament_cmake_args' from command line to 'None'
[1.186s] Level 5:colcon.colcon_core.verb:set package 'color_filter_pkg' build argument 'catkin_cmake_args' from command line to 'None'
[1.186s] Level 5:colcon.colcon_core.verb:set package 'color_filter_pkg' build argument 'catkin_skip_building_tests' from command line to 'False'
[1.186s] DEBUG:colcon.colcon_core.verb:Building package 'color_filter_pkg' with the following arguments: {'ament_cmake_args': None, 'build_base': '/root/deepracer_ws/color-detection-project/color_detection_ws/build/color_filter_pkg', 'catkin_cmake_args': None, 'catkin_skip_building_tests': False, 'cmake_args': None, 'cmake_clean_cache': False, 'cmake_clean_first': False, 'cmake_force_configure': False, 'cmake_target': None, 'cmake_target_skip_unavailable': False, 'install_base': '/root/deepracer_ws/color-detection-project/color_detection_ws/install/color_filter_pkg', 'merge_install': False, 'path': '/root/deepracer_ws/color-detection-project/color_detection_ws/src/color_filter_pkg', 'symlink_install': False, 'test_result_base': None}
[1.203s] Level 5:colcon.colcon_core.verb:set package 'color_interfaces' build argument 'cmake_args' from command line to 'None'
[1.203s] Level 5:colcon.colcon_core.verb:set package 'color_interfaces' build argument 'cmake_target' from command line to 'None'
[1.204s] Level 5:colcon.colcon_core.verb:set package 'color_interfaces' build argument 'cmake_target_skip_unavailable' from command line to 'False'
[1.204s] Level 5:colcon.colcon_core.verb:set package 'color_interfaces' build argument 'cmake_clean_cache' from command line to 'False'
[1.204s] Level 5:colcon.colcon_core.verb:set package 'color_interfaces' build argument 'cmake_clean_first' from command line to 'False'
[1.204s] Level 5:colcon.colcon_core.verb:set package 'color_interfaces' build argument 'cmake_force_configure' from command line to 'False'
[1.204s] Level 5:colcon.colcon_core.verb:set package 'color_interfaces' build argument 'ament_cmake_args' from command line to 'None'
[1.204s] Level 5:colcon.colcon_core.verb:set package 'color_interfaces' build argument 'catkin_cmake_args' from command line to 'None'
[1.204s] Level 5:colcon.colcon_core.verb:set package 'color_interfaces' build argument 'catkin_skip_building_tests' from command line to 'False'
[1.204s] DEBUG:colcon.colcon_core.verb:Building package 'color_interfaces' with the following arguments: {'ament_cmake_args': None, 'build_base': '/root/deepracer_ws/color-detection-project/color_detection_ws/build/color_interfaces', 'catkin_cmake_args': None, 'catkin_skip_building_tests': False, 'cmake_args': None, 'cmake_clean_cache': False, 'cmake_clean_first': False, 'cmake_force_configure': False, 'cmake_target': None, 'cmake_target_skip_unavailable': False, 'install_base': '/root/deepracer_ws/color-detection-project/color_detection_ws/install/color_interfaces', 'merge_install': False, 'path': '/root/deepracer_ws/color-detection-project/color_detection_ws/src/color_interfaces', 'symlink_install': False, 'test_result_base': None}
[1.220s] Level 5:colcon.colcon_core.verb:set package 'led_color_pkg' build argument 'cmake_args' from command line to 'None'
[1.221s] Level 5:colcon.colcon_core.verb:set package 'led_color_pkg' build argument 'cmake_target' from command line to 'None'
[1.221s] Level 5:colcon.colcon_core.verb:set package 'led_color_pkg' build argument 'cmake_target_skip_unavailable' from command line to 'False'
[1.221s] Level 5:colcon.colcon_core.verb:set package 'led_color_pkg' build argument 'cmake_clean_cache' from command line to 'False'
[1.221s] Level 5:colcon.colcon_core.verb:set package 'led_color_pkg' build argument 'cmake_clean_first' from command line to 'False'
[1.221s] Level 5:colcon.colcon_core.verb:set package 'led_color_pkg' build argument 'cmake_force_configure' from command line to 'False'
[1.221s] Level 5:colcon.colcon_core.verb:set package 'led_color_pkg' build argument 'ament_cmake_args' from command line to 'None'
[1.221s] Level 5:colcon.colcon_core.verb:set package 'led_color_pkg' build argument 'catkin_cmake_args' from command line to 'None'
[1.221s] Level 5:colcon.colcon_core.verb:set package 'led_color_pkg' build argument 'catkin_skip_building_tests' from command line to 'False'
[1.222s] DEBUG:colcon.colcon_core.verb:Building package 'led_color_pkg' with the following arguments: {'ament_cmake_args': None, 'build_base': '/root/deepracer_ws/color-detection-project/color_detection_ws/build/led_color_pkg', 'catkin_cmake_args': None, 'catkin_skip_building_tests': False, 'cmake_args': None, 'cmake_clean_cache': False, 'cmake_clean_first': False, 'cmake_force_configure': False, 'cmake_target': None, 'cmake_target_skip_unavailable': False, 'install_base': '/root/deepracer_ws/color-detection-project/color_detection_ws/install/led_color_pkg', 'merge_install': False, 'path': '/root/deepracer_ws/color-detection-project/color_detection_ws/src/led_color_pkg', 'symlink_install': False, 'test_result_base': None}
[1.239s] Level 5:colcon.colcon_core.verb:set package 'navigation_pkg' build argument 'cmake_args' from command line to 'None'
[1.239s] Level 5:colcon.colcon_core.verb:set package 'navigation_pkg' build argument 'cmake_target' from command line to 'None'
[1.239s] Level 5:colcon.colcon_core.verb:set package 'navigation_pkg' build argument 'cmake_target_skip_unavailable' from command line to 'False'
[1.239s] Level 5:colcon.colcon_core.verb:set package 'navigation_pkg' build argument 'cmake_clean_cache' from command line to 'False'
[1.240s] Level 5:colcon.colcon_core.verb:set package 'navigation_pkg' build argument 'cmake_clean_first' from command line to 'False'
[1.240s] Level 5:colcon.colcon_core.verb:set package 'navigation_pkg' build argument 'cmake_force_configure' from command line to 'False'
[1.240s] Level 5:colcon.colcon_core.verb:set package 'navigation_pkg' build argument 'ament_cmake_args' from command line to 'None'
[1.240s] Level 5:colcon.colcon_core.verb:set package 'navigation_pkg' build argument 'catkin_cmake_args' from command line to 'None'
[1.240s] Level 5:colcon.colcon_core.verb:set package 'navigation_pkg' build argument 'catkin_skip_building_tests' from command line to 'False'
[1.240s] DEBUG:colcon.colcon_core.verb:Building package 'navigation_pkg' with the following arguments: {'ament_cmake_args': None, 'build_base': '/root/deepracer_ws/color-detection-project/color_detection_ws/build/navigation_pkg', 'catkin_cmake_args': None, 'catkin_skip_building_tests': False, 'cmake_args': None, 'cmake_clean_cache': False, 'cmake_clean_first': False, 'cmake_force_configure': False, 'cmake_target': None, 'cmake_target_skip_unavailable': False, 'install_base': '/root/deepracer_ws/color-detection-project/color_detection_ws/install/navigation_pkg', 'merge_install': False, 'path': '/root/deepracer_ws/color-detection-project/color_detection_ws/src/navigation_pkg', 'symlink_install': False, 'test_result_base': None}
[1.243s] INFO:colcon.colcon_core.executor:Executing jobs using 'parallel' executor
[1.263s] DEBUG:colcon.colcon_parallel_executor.executor.parallel:run_until_complete
[1.264s] INFO:colcon.colcon_ros.task.ament_python.build:Building ROS package in '/root/deepracer_ws/color-detection-project/color_detection_ws/src/color_filter_pkg' with build type 'ament_python'
[1.265s] Level 1:colcon.colcon_core.shell:create_environment_hook('color_filter_pkg', 'ament_prefix_path')
[1.286s] INFO:colcon.colcon_core.plugin_system:Skipping extension 'colcon_core.shell.bat': Not used on non-Windows systems
[1.287s] INFO:colcon.colcon_core.shell:Creating environment hook '/root/deepracer_ws/color-detection-project/color_detection_ws/install/color_filter_pkg/share/color_filter_pkg/hook/ament_prefix_path.ps1'
[1.290s] INFO:colcon.colcon_core.shell:Creating environment descriptor '/root/deepracer_ws/color-detection-project/color_detection_ws/install/color_filter_pkg/share/color_filter_pkg/hook/ament_prefix_path.dsv'
[1.291s] INFO:colcon.colcon_core.shell:Creating environment hook '/root/deepracer_ws/color-detection-project/color_detection_ws/install/color_filter_pkg/share/color_filter_pkg/hook/ament_prefix_path.sh'
[1.301s] INFO:colcon.colcon_core.shell:Skip shell extension 'powershell' for command environment: Not usable outside of PowerShell
[1.302s] DEBUG:colcon.colcon_core.shell:Skip shell extension 'dsv' for command environment
[1.327s] DEBUG:colcon.colcon_core.shell:Ignoring prefix path '/opt/ros/foxy'
[1.336s] INFO:colcon.colcon_ros.task.ament_cmake.build:Building ROS package in '/root/deepracer_ws/color-detection-project/color_detection_ws/src/color_interfaces' with build type 'ament_cmake'
[1.338s] INFO:colcon.colcon_cmake.task.cmake.build:Building CMake package in '/root/deepracer_ws/color-detection-project/color_detection_ws/src/color_interfaces'
[1.348s] INFO:colcon.colcon_core.shell:Skip shell extension 'powershell' for command environment: Not usable outside of PowerShell
[1.349s] DEBUG:colcon.colcon_core.shell:Skip shell extension 'dsv' for command environment
[1.376s] DEBUG:colcon.colcon_core.shell:Ignoring prefix path '/opt/ros/foxy'
[2.363s] INFO:colcon.colcon_core.task.python.build:Building Python package in '/root/deepracer_ws/color-detection-project/color_detection_ws/src/color_filter_pkg'
[2.371s] INFO:colcon.colcon_core.shell:Skip shell extension 'powershell' for command environment: Not usable outside of PowerShell
[2.371s] DEBUG:colcon.colcon_core.shell:Skip shell extension 'dsv' for command environment
[2.398s] DEBUG:colcon.colcon_core.shell:Ignoring prefix path '/opt/ros/foxy'
[2.421s] DEBUG:colcon.colcon_core.event_handler.log_command:Invoking command in '/root/deepracer_ws/color-detection-project/color_detection_ws/build/color_interfaces': CMAKE_PREFIX_PATH=/root/deepracer_ws/video_filtering_project/video_filtering_ws/install/vision_interfaces_pkg:/opt/aws/deepracer/lib/deepracer_launcher:/opt/aws/deepracer/lib/web_video_server:/opt/aws/deepracer/lib/ctrl_pkg:/opt/aws/deepracer/lib/servo_pkg:/opt/aws/deepracer/lib/sensor_fusion_pkg:/opt/aws/deepracer/lib/rplidar_ros2:/opt/aws/deepracer/lib/rplidar_ros:/opt/aws/deepracer/lib/inference_pkg:/opt/aws/deepracer/lib/i2c_pkg:/opt/aws/deepracer/lib/camera_pkg:/opt/aws/deepracer/lib/deepracer_interfaces_pkg:/root/deepracer_ws/video_filtering_project/video_filtering_ws/install/nav_pkg:/root/deepracer_ws/video_filtering_project/video_filtering_ws/install/leds_pkg:/root/deepracer_ws/video_filtering_project/video_filtering_ws/install/filters_pkg:/opt/aws/deepracer/lib/webserver_pkg:/opt/aws/deepracer/lib/deepracer_systems_pkg:/opt/aws/deepracer/lib/usb_monitor_pkg:/opt/aws/deepracer/lib/status_led_pkg:/opt/aws/deepracer/lib/model_optimizer_pkg:/opt/aws/deepracer/lib/device_info_pkg:/opt/aws/deepracer/lib/deepracer_navigation_pkg:/opt/ros/foxy:/opt/aws/deepracer/lib/async_web_server_cpp /usr/bin/cmake --build /root/deepracer_ws/color-detection-project/color_detection_ws/build/color_interfaces -- -j2 -l2
[3.479s] DEBUG:colcon.colcon_core.event_handler.log_command:Invoked command in '/root/deepracer_ws/color-detection-project/color_detection_ws/build/color_interfaces' returned '0': CMAKE_PREFIX_PATH=/root/deepracer_ws/video_filtering_project/video_filtering_ws/install/vision_interfaces_pkg:/opt/aws/deepracer/lib/deepracer_launcher:/opt/aws/deepracer/lib/web_video_server:/opt/aws/deepracer/lib/ctrl_pkg:/opt/aws/deepracer/lib/servo_pkg:/opt/aws/deepracer/lib/sensor_fusion_pkg:/opt/aws/deepracer/lib/rplidar_ros2:/opt/aws/deepracer/lib/rplidar_ros:/opt/aws/deepracer/lib/inference_pkg:/opt/aws/deepracer/lib/i2c_pkg:/opt/aws/deepracer/lib/camera_pkg:/opt/aws/deepracer/lib/deepracer_interfaces_pkg:/root/deepracer_ws/video_filtering_project/video_filtering_ws/install/nav_pkg:/root/deepracer_ws/video_filtering_project/video_filtering_ws/install/leds_pkg:/root/deepracer_ws/video_filtering_project/video_filtering_ws/install/filters_pkg:/opt/aws/deepracer/lib/webserver_pkg:/opt/aws/deepracer/lib/deepracer_systems_pkg:/opt/aws/deepracer/lib/usb_monitor_pkg:/opt/aws/deepracer/lib/status_led_pkg:/opt/aws/deepracer/lib/model_optimizer_pkg:/opt/aws/deepracer/lib/device_info_pkg:/opt/aws/deepracer/lib/deepracer_navigation_pkg:/opt/ros/foxy:/opt/aws/deepracer/lib/async_web_server_cpp /usr/bin/cmake --build /root/deepracer_ws/color-detection-project/color_detection_ws/build/color_interfaces -- -j2 -l2
[3.674s] DEBUG:colcon.colcon_core.event_handler.log_command:Invoking command in '/root/deepracer_ws/color-detection-project/color_detection_ws/build/color_interfaces': CMAKE_PREFIX_PATH=/root/deepracer_ws/video_filtering_project/video_filtering_ws/install/vision_interfaces_pkg:/opt/aws/deepracer/lib/deepracer_launcher:/opt/aws/deepracer/lib/web_video_server:/opt/aws/deepracer/lib/ctrl_pkg:/opt/aws/deepracer/lib/servo_pkg:/opt/aws/deepracer/lib/sensor_fusion_pkg:/opt/aws/deepracer/lib/rplidar_ros2:/opt/aws/deepracer/lib/rplidar_ros:/opt/aws/deepracer/lib/inference_pkg:/opt/aws/deepracer/lib/i2c_pkg:/opt/aws/deepracer/lib/camera_pkg:/opt/aws/deepracer/lib/deepracer_interfaces_pkg:/root/deepracer_ws/video_filtering_project/video_filtering_ws/install/nav_pkg:/root/deepracer_ws/video_filtering_project/video_filtering_ws/install/leds_pkg:/root/deepracer_ws/video_filtering_project/video_filtering_ws/install/filters_pkg:/opt/aws/deepracer/lib/webserver_pkg:/opt/aws/deepracer/lib/deepracer_systems_pkg:/opt/aws/deepracer/lib/usb_monitor_pkg:/opt/aws/deepracer/lib/status_led_pkg:/opt/aws/deepracer/lib/model_optimizer_pkg:/opt/aws/deepracer/lib/device_info_pkg:/opt/aws/deepracer/lib/deepracer_navigation_pkg:/opt/ros/foxy:/opt/aws/deepracer/lib/async_web_server_cpp /usr/bin/cmake --install /root/deepracer_ws/color-detection-project/color_detection_ws/build/color_interfaces
[3.884s] Level 1:colcon.colcon_core.environment:create_environment_scripts_only(color_interfaces)
[3.917s] Level 1:colcon.colcon_core.environment:checking '/root/deepracer_ws/color-detection-project/color_detection_ws/install/color_interfaces' for CMake module files
[3.920s] Level 1:colcon.colcon_core.environment:checking '/root/deepracer_ws/color-detection-project/color_detection_ws/install/color_interfaces' for CMake config files
[3.921s] Level 1:colcon.colcon_core.shell:create_environment_hook('color_interfaces', 'cmake_prefix_path')
[3.932s] INFO:colcon.colcon_core.shell:Creating environment hook '/root/deepracer_ws/color-detection-project/color_detection_ws/install/color_interfaces/share/color_interfaces/hook/cmake_prefix_path.ps1'
[3.934s] INFO:colcon.colcon_core.shell:Creating environment descriptor '/root/deepracer_ws/color-detection-project/color_detection_ws/install/color_interfaces/share/color_interfaces/hook/cmake_prefix_path.dsv'
[3.938s] INFO:colcon.colcon_core.shell:Creating environment hook '/root/deepracer_ws/color-detection-project/color_detection_ws/install/color_interfaces/share/color_interfaces/hook/cmake_prefix_path.sh'
[3.942s] DEBUG:colcon.colcon_core.event_handler.log_command:Invoked command in '/root/deepracer_ws/color-detection-project/color_detection_ws/build/color_interfaces' returned '0': CMAKE_PREFIX_PATH=/root/deepracer_ws/video_filtering_project/video_filtering_ws/install/vision_interfaces_pkg:/opt/aws/deepracer/lib/deepracer_launcher:/opt/aws/deepracer/lib/web_video_server:/opt/aws/deepracer/lib/ctrl_pkg:/opt/aws/deepracer/lib/servo_pkg:/opt/aws/deepracer/lib/sensor_fusion_pkg:/opt/aws/deepracer/lib/rplidar_ros2:/opt/aws/deepracer/lib/rplidar_ros:/opt/aws/deepracer/lib/inference_pkg:/opt/aws/deepracer/lib/i2c_pkg:/opt/aws/deepracer/lib/camera_pkg:/opt/aws/deepracer/lib/deepracer_interfaces_pkg:/root/deepracer_ws/video_filtering_project/video_filtering_ws/install/nav_pkg:/root/deepracer_ws/video_filtering_project/video_filtering_ws/install/leds_pkg:/root/deepracer_ws/video_filtering_project/video_filtering_ws/install/filters_pkg:/opt/aws/deepracer/lib/webserver_pkg:/opt/aws/deepracer/lib/deepracer_systems_pkg:/opt/aws/deepracer/lib/usb_monitor_pkg:/opt/aws/deepracer/lib/status_led_pkg:/opt/aws/deepracer/lib/model_optimizer_pkg:/opt/aws/deepracer/lib/device_info_pkg:/opt/aws/deepracer/lib/deepracer_navigation_pkg:/opt/ros/foxy:/opt/aws/deepracer/lib/async_web_server_cpp /usr/bin/cmake --install /root/deepracer_ws/color-detection-project/color_detection_ws/build/color_interfaces
[3.944s] Level 1:colcon.colcon_core.environment:checking '/root/deepracer_ws/color-detection-project/color_detection_ws/install/color_interfaces/lib'
[3.945s] Level 1:colcon.colcon_core.shell:create_environment_hook('color_interfaces', 'ld_library_path_lib')
[3.952s] INFO:colcon.colcon_core.shell:Creating environment hook '/root/deepracer_ws/color-detection-project/color_detection_ws/install/color_interfaces/share/color_interfaces/hook/ld_library_path_lib.ps1'
[3.954s] INFO:colcon.colcon_core.shell:Creating environment descriptor '/root/deepracer_ws/color-detection-project/color_detection_ws/install/color_interfaces/share/color_interfaces/hook/ld_library_path_lib.dsv'
[3.955s] INFO:colcon.colcon_core.shell:Creating environment hook '/root/deepracer_ws/color-detection-project/color_detection_ws/install/color_interfaces/share/color_interfaces/hook/ld_library_path_lib.sh'
[3.960s] Level 1:colcon.colcon_core.environment:checking '/root/deepracer_ws/color-detection-project/color_detection_ws/install/color_interfaces/bin'
[3.961s] Level 1:colcon.colcon_core.environment:checking '/root/deepracer_ws/color-detection-project/color_detection_ws/install/color_interfaces/lib/pkgconfig/color_interfaces.pc'
[3.962s] Level 1:colcon.colcon_core.environment:checking '/root/deepracer_ws/color-detection-project/color_detection_ws/install/color_interfaces/lib/python3.8/site-packages'
[3.962s] Level 1:colcon.colcon_core.shell:create_environment_hook('color_interfaces', 'pythonpath')
[3.969s] INFO:colcon.colcon_core.shell:Creating environment hook '/root/deepracer_ws/color-detection-project/color_detection_ws/install/color_interfaces/share/color_interfaces/hook/pythonpath.ps1'
[3.971s] INFO:colcon.colcon_core.shell:Creating environment descriptor '/root/deepracer_ws/color-detection-project/color_detection_ws/install/color_interfaces/share/color_interfaces/hook/pythonpath.dsv'
[3.972s] INFO:colcon.colcon_core.shell:Creating environment hook '/root/deepracer_ws/color-detection-project/color_detection_ws/install/color_interfaces/share/color_interfaces/hook/pythonpath.sh'
[3.974s] Level 1:colcon.colcon_core.environment:checking '/root/deepracer_ws/color-detection-project/color_detection_ws/install/color_interfaces/bin'
[3.982s] INFO:colcon.colcon_core.shell:Creating package script '/root/deepracer_ws/color-detection-project/color_detection_ws/install/color_interfaces/share/color_interfaces/package.ps1'
[3.993s] INFO:colcon.colcon_core.shell:Creating package descriptor '/root/deepracer_ws/color-detection-project/color_detection_ws/install/color_interfaces/share/color_interfaces/package.dsv'
[3.995s] INFO:colcon.colcon_core.shell:Creating package script '/root/deepracer_ws/color-detection-project/color_detection_ws/install/color_interfaces/share/color_interfaces/package.sh'
[4.002s] INFO:colcon.colcon_core.shell:Creating package script '/root/deepracer_ws/color-detection-project/color_detection_ws/install/color_interfaces/share/color_interfaces/package.bash'
[4.005s] INFO:colcon.colcon_core.shell:Creating package script '/root/deepracer_ws/color-detection-project/color_detection_ws/install/color_interfaces/share/color_interfaces/package.zsh'
[4.008s] Level 1:colcon.colcon_core.environment:create_file_with_runtime_dependencies(/root/deepracer_ws/color-detection-project/color_detection_ws/install/color_interfaces/share/colcon-core/packages/color_interfaces)
[4.163s] Level 1:colcon.colcon_core.environment:create_environment_scripts_only(color_interfaces)
[4.173s] Level 1:colcon.colcon_core.environment:checking '/root/deepracer_ws/color-detection-project/color_detection_ws/install/color_interfaces' for CMake module files
[4.175s] Level 1:colcon.colcon_core.environment:checking '/root/deepracer_ws/color-detection-project/color_detection_ws/install/color_interfaces' for CMake config files
[4.177s] Level 1:colcon.colcon_core.shell:create_environment_hook('color_interfaces', 'cmake_prefix_path')
[4.203s] INFO:colcon.colcon_core.shell:Creating environment hook '/root/deepracer_ws/color-detection-project/color_detection_ws/install/color_interfaces/share/color_interfaces/hook/cmake_prefix_path.ps1'
[4.205s] INFO:colcon.colcon_core.shell:Creating environment descriptor '/root/deepracer_ws/color-detection-project/color_detection_ws/install/color_interfaces/share/color_interfaces/hook/cmake_prefix_path.dsv'
[4.207s] INFO:colcon.colcon_core.shell:Creating environment hook '/root/deepracer_ws/color-detection-project/color_detection_ws/install/color_interfaces/share/color_interfaces/hook/cmake_prefix_path.sh'
[4.209s] Level 1:colcon.colcon_core.environment:checking '/root/deepracer_ws/color-detection-project/color_detection_ws/install/color_interfaces/lib'
[4.210s] Level 1:colcon.colcon_core.shell:create_environment_hook('color_interfaces', 'ld_library_path_lib')
[4.218s] INFO:colcon.colcon_core.shell:Creating environment hook '/root/deepracer_ws/color-detection-project/color_detection_ws/install/color_interfaces/share/color_interfaces/hook/ld_library_path_lib.ps1'
[4.226s] INFO:colcon.colcon_core.shell:Creating environment descriptor '/root/deepracer_ws/color-detection-project/color_detection_ws/install/color_interfaces/share/color_interfaces/hook/ld_library_path_lib.dsv'
[4.228s] INFO:colcon.colcon_core.shell:Creating environment hook '/root/deepracer_ws/color-detection-project/color_detection_ws/install/color_interfaces/share/color_interfaces/hook/ld_library_path_lib.sh'
[4.230s] Level 1:colcon.colcon_core.environment:checking '/root/deepracer_ws/color-detection-project/color_detection_ws/install/color_interfaces/bin'
[4.230s] Level 1:colcon.colcon_core.environment:checking '/root/deepracer_ws/color-detection-project/color_detection_ws/install/color_interfaces/lib/pkgconfig/color_interfaces.pc'
[4.231s] Level 1:colcon.colcon_core.environment:checking '/root/deepracer_ws/color-detection-project/color_detection_ws/install/color_interfaces/lib/python3.8/site-packages'
[4.231s] Level 1:colcon.colcon_core.shell:create_environment_hook('color_interfaces', 'pythonpath')
[4.238s] INFO:colcon.colcon_core.shell:Creating environment hook '/root/deepracer_ws/color-detection-project/color_detection_ws/install/color_interfaces/share/color_interfaces/hook/pythonpath.ps1'
[4.241s] INFO:colcon.colcon_core.shell:Creating environment descriptor '/root/deepracer_ws/color-detection-project/color_detection_ws/install/color_interfaces/share/color_interfaces/hook/pythonpath.dsv'
[4.242s] INFO:colcon.colcon_core.shell:Creating environment hook '/root/deepracer_ws/color-detection-project/color_detection_ws/install/color_interfaces/share/color_interfaces/hook/pythonpath.sh'
[4.244s] Level 1:colcon.colcon_core.environment:checking '/root/deepracer_ws/color-detection-project/color_detection_ws/install/color_interfaces/bin'
[4.303s] INFO:colcon.colcon_core.shell:Creating package script '/root/deepracer_ws/color-detection-project/color_detection_ws/install/color_interfaces/share/color_interfaces/package.ps1'
[4.306s] INFO:colcon.colcon_core.shell:Creating package descriptor '/root/deepracer_ws/color-detection-project/color_detection_ws/install/color_interfaces/share/color_interfaces/package.dsv'
[4.309s] INFO:colcon.colcon_core.shell:Creating package script '/root/deepracer_ws/color-detection-project/color_detection_ws/install/color_interfaces/share/color_interfaces/package.sh'
[4.311s] INFO:colcon.colcon_core.shell:Creating package script '/root/deepracer_ws/color-detection-project/color_detection_ws/install/color_interfaces/share/color_interfaces/package.bash'
[4.313s] INFO:colcon.colcon_core.shell:Creating package script '/root/deepracer_ws/color-detection-project/color_detection_ws/install/color_interfaces/share/color_interfaces/package.zsh'
[4.315s] Level 1:colcon.colcon_core.environment:create_file_with_runtime_dependencies(/root/deepracer_ws/color-detection-project/color_detection_ws/install/color_interfaces/share/colcon-core/packages/color_interfaces)
[4.318s] INFO:colcon.colcon_ros.task.ament_python.build:Building ROS package in '/root/deepracer_ws/color-detection-project/color_detection_ws/src/led_color_pkg' with build type 'ament_python'
[4.326s] Level 1:colcon.colcon_core.shell:create_environment_hook('led_color_pkg', 'ament_prefix_path')
[4.349s] INFO:colcon.colcon_core.shell:Creating environment hook '/root/deepracer_ws/color-detection-project/color_detection_ws/install/led_color_pkg/share/led_color_pkg/hook/ament_prefix_path.ps1'
[4.351s] INFO:colcon.colcon_core.shell:Creating environment descriptor '/root/deepracer_ws/color-detection-project/color_detection_ws/install/led_color_pkg/share/led_color_pkg/hook/ament_prefix_path.dsv'
[4.360s] INFO:colcon.colcon_core.shell:Creating environment hook '/root/deepracer_ws/color-detection-project/color_detection_ws/install/led_color_pkg/share/led_color_pkg/hook/ament_prefix_path.sh'
[4.368s] INFO:colcon.colcon_core.shell:Skip shell extension 'powershell' for command environment: Not usable outside of PowerShell
[4.369s] DEBUG:colcon.colcon_core.shell:Skip shell extension 'dsv' for command environment
[4.415s] DEBUG:colcon.colcon_core.shell:Ignoring prefix path '/opt/ros/foxy'
[5.452s] INFO:colcon.colcon_core.task.python.build:Building Python package in '/root/deepracer_ws/color-detection-project/color_detection_ws/src/led_color_pkg'
[5.460s] INFO:colcon.colcon_core.shell:Skip shell extension 'powershell' for command environment: Not usable outside of PowerShell
[5.460s] DEBUG:colcon.colcon_core.shell:Skip shell extension 'dsv' for command environment
[5.487s] DEBUG:colcon.colcon_core.shell:Ignoring prefix path '/opt/ros/foxy'
[5.514s] DEBUG:colcon.colcon_core.event_handler.log_command:Invoking command in '/root/deepracer_ws/color-detection-project/color_detection_ws/src/color_filter_pkg': PYTHONPATH=/root/deepracer_ws/color-detection-project/color_detection_ws/install/color_filter_pkg/lib/python3.8/site-packages:${PYTHONPATH} /usr/bin/python3 setup.py egg_info --egg-base ../../build/color_filter_pkg build --build-base /root/deepracer_ws/color-detection-project/color_detection_ws/build/color_filter_pkg/build install --prefix /root/deepracer_ws/color-detection-project/color_detection_ws/install/color_filter_pkg --record /root/deepracer_ws/color-detection-project/color_detection_ws/build/color_filter_pkg/install.log --single-version-externally-managed
[7.337s] Level 1:colcon.colcon_core.environment:checking '/root/deepracer_ws/color-detection-project/color_detection_ws/install/color_filter_pkg' for CMake module files
[7.337s] DEBUG:colcon.colcon_core.event_handler.log_command:Invoked command in '/root/deepracer_ws/color-detection-project/color_detection_ws/src/color_filter_pkg' returned '0': PYTHONPATH=/root/deepracer_ws/color-detection-project/color_detection_ws/install/color_filter_pkg/lib/python3.8/site-packages:${PYTHONPATH} /usr/bin/python3 setup.py egg_info --egg-base ../../build/color_filter_pkg build --build-base /root/deepracer_ws/color-detection-project/color_detection_ws/build/color_filter_pkg/build install --prefix /root/deepracer_ws/color-detection-project/color_detection_ws/install/color_filter_pkg --record /root/deepracer_ws/color-detection-project/color_detection_ws/build/color_filter_pkg/install.log --single-version-externally-managed
[7.340s] Level 1:colcon.colcon_core.environment:checking '/root/deepracer_ws/color-detection-project/color_detection_ws/install/color_filter_pkg' for CMake config files
[7.343s] Level 1:colcon.colcon_core.environment:checking '/root/deepracer_ws/color-detection-project/color_detection_ws/install/color_filter_pkg/lib'
[7.343s] Level 1:colcon.colcon_core.environment:checking '/root/deepracer_ws/color-detection-project/color_detection_ws/install/color_filter_pkg/bin'
[7.343s] Level 1:colcon.colcon_core.environment:checking '/root/deepracer_ws/color-detection-project/color_detection_ws/install/color_filter_pkg/lib/pkgconfig/color_filter_pkg.pc'
[7.344s] Level 1:colcon.colcon_core.environment:checking '/root/deepracer_ws/color-detection-project/color_detection_ws/install/color_filter_pkg/lib/python3.8/site-packages'
[7.345s] Level 1:colcon.colcon_core.shell:create_environment_hook('color_filter_pkg', 'pythonpath')
[7.358s] INFO:colcon.colcon_core.shell:Creating environment hook '/root/deepracer_ws/color-detection-project/color_detection_ws/install/color_filter_pkg/share/color_filter_pkg/hook/pythonpath.ps1'
[7.360s] INFO:colcon.colcon_core.shell:Creating environment descriptor '/root/deepracer_ws/color-detection-project/color_detection_ws/install/color_filter_pkg/share/color_filter_pkg/hook/pythonpath.dsv'
[7.361s] INFO:colcon.colcon_core.shell:Creating environment hook '/root/deepracer_ws/color-detection-project/color_detection_ws/install/color_filter_pkg/share/color_filter_pkg/hook/pythonpath.sh'
[7.363s] Level 1:colcon.colcon_core.environment:checking '/root/deepracer_ws/color-detection-project/color_detection_ws/install/color_filter_pkg/bin'
[7.364s] Level 1:colcon.colcon_core.environment:create_environment_scripts_only(color_filter_pkg)
[7.371s] INFO:colcon.colcon_core.shell:Creating package script '/root/deepracer_ws/color-detection-project/color_detection_ws/install/color_filter_pkg/share/color_filter_pkg/package.ps1'
[7.373s] INFO:colcon.colcon_core.shell:Creating package descriptor '/root/deepracer_ws/color-detection-project/color_detection_ws/install/color_filter_pkg/share/color_filter_pkg/package.dsv'
[7.375s] INFO:colcon.colcon_core.shell:Creating package script '/root/deepracer_ws/color-detection-project/color_detection_ws/install/color_filter_pkg/share/color_filter_pkg/package.sh'
[7.378s] INFO:colcon.colcon_core.shell:Creating package script '/root/deepracer_ws/color-detection-project/color_detection_ws/install/color_filter_pkg/share/color_filter_pkg/package.bash'
[7.379s] INFO:colcon.colcon_core.shell:Creating package script '/root/deepracer_ws/color-detection-project/color_detection_ws/install/color_filter_pkg/share/color_filter_pkg/package.zsh'
[7.381s] Level 1:colcon.colcon_core.environment:create_file_with_runtime_dependencies(/root/deepracer_ws/color-detection-project/color_detection_ws/install/color_filter_pkg/share/colcon-core/packages/color_filter_pkg)
[7.382s] INFO:colcon.colcon_ros.task.ament_python.build:Building ROS package in '/root/deepracer_ws/color-detection-project/color_detection_ws/src/navigation_pkg' with build type 'ament_python'
[7.383s] Level 1:colcon.colcon_core.shell:create_environment_hook('navigation_pkg', 'ament_prefix_path')
[7.410s] INFO:colcon.colcon_core.shell:Creating environment hook '/root/deepracer_ws/color-detection-project/color_detection_ws/install/navigation_pkg/share/navigation_pkg/hook/ament_prefix_path.ps1'
[7.413s] INFO:colcon.colcon_core.shell:Creating environment descriptor '/root/deepracer_ws/color-detection-project/color_detection_ws/install/navigation_pkg/share/navigation_pkg/hook/ament_prefix_path.dsv'
[7.436s] INFO:colcon.colcon_core.shell:Creating environment hook '/root/deepracer_ws/color-detection-project/color_detection_ws/install/navigation_pkg/share/navigation_pkg/hook/ament_prefix_path.sh'
[7.460s] INFO:colcon.colcon_core.shell:Skip shell extension 'powershell' for command environment: Not usable outside of PowerShell
[7.460s] DEBUG:colcon.colcon_core.shell:Skip shell extension 'dsv' for command environment
[7.492s] DEBUG:colcon.colcon_core.shell:Ignoring prefix path '/opt/ros/foxy'
[8.647s] INFO:colcon.colcon_core.task.python.build:Building Python package in '/root/deepracer_ws/color-detection-project/color_detection_ws/src/navigation_pkg'
[8.662s] INFO:colcon.colcon_core.shell:Skip shell extension 'powershell' for command environment: Not usable outside of PowerShell
[8.662s] DEBUG:colcon.colcon_core.shell:Skip shell extension 'dsv' for command environment
[8.696s] DEBUG:colcon.colcon_core.shell:Ignoring prefix path '/opt/ros/foxy'
[8.716s] DEBUG:colcon.colcon_core.event_handler.log_command:Invoking command in '/root/deepracer_ws/color-detection-project/color_detection_ws/src/led_color_pkg': PYTHONPATH=/root/deepracer_ws/color-detection-project/color_detection_ws/install/led_color_pkg/lib/python3.8/site-packages:${PYTHONPATH} /usr/bin/python3 setup.py egg_info --egg-base ../../build/led_color_pkg build --build-base /root/deepracer_ws/color-detection-project/color_detection_ws/build/led_color_pkg/build install --prefix /root/deepracer_ws/color-detection-project/color_detection_ws/install/led_color_pkg --record /root/deepracer_ws/color-detection-project/color_detection_ws/build/led_color_pkg/install.log --single-version-externally-managed
[10.058s] DEBUG:colcon.colcon_core.event_handler.log_command:Invoked command in '/root/deepracer_ws/color-detection-project/color_detection_ws/src/led_color_pkg' returned '0': PYTHONPATH=/root/deepracer_ws/color-detection-project/color_detection_ws/install/led_color_pkg/lib/python3.8/site-packages:${PYTHONPATH} /usr/bin/python3 setup.py egg_info --egg-base ../../build/led_color_pkg build --build-base /root/deepracer_ws/color-detection-project/color_detection_ws/build/led_color_pkg/build install --prefix /root/deepracer_ws/color-detection-project/color_detection_ws/install/led_color_pkg --record /root/deepracer_ws/color-detection-project/color_detection_ws/build/led_color_pkg/install.log --single-version-externally-managed
[10.068s] Level 1:colcon.colcon_core.environment:checking '/root/deepracer_ws/color-detection-project/color_detection_ws/install/led_color_pkg' for CMake module files
[10.071s] Level 1:colcon.colcon_core.environment:checking '/root/deepracer_ws/color-detection-project/color_detection_ws/install/led_color_pkg' for CMake config files
[10.073s] Level 1:colcon.colcon_core.environment:checking '/root/deepracer_ws/color-detection-project/color_detection_ws/install/led_color_pkg/lib'
[10.073s] Level 1:colcon.colcon_core.environment:checking '/root/deepracer_ws/color-detection-project/color_detection_ws/install/led_color_pkg/bin'
[10.073s] Level 1:colcon.colcon_core.environment:checking '/root/deepracer_ws/color-detection-project/color_detection_ws/install/led_color_pkg/lib/pkgconfig/led_color_pkg.pc'
[10.074s] Level 1:colcon.colcon_core.environment:checking '/root/deepracer_ws/color-detection-project/color_detection_ws/install/led_color_pkg/lib/python3.8/site-packages'
[10.075s] Level 1:colcon.colcon_core.shell:create_environment_hook('led_color_pkg', 'pythonpath')
[10.082s] INFO:colcon.colcon_core.shell:Creating environment hook '/root/deepracer_ws/color-detection-project/color_detection_ws/install/led_color_pkg/share/led_color_pkg/hook/pythonpath.ps1'
[10.093s] INFO:colcon.colcon_core.shell:Creating environment descriptor '/root/deepracer_ws/color-detection-project/color_detection_ws/install/led_color_pkg/share/led_color_pkg/hook/pythonpath.dsv'
[10.095s] INFO:colcon.colcon_core.shell:Creating environment hook '/root/deepracer_ws/color-detection-project/color_detection_ws/install/led_color_pkg/share/led_color_pkg/hook/pythonpath.sh'
[10.097s] Level 1:colcon.colcon_core.environment:checking '/root/deepracer_ws/color-detection-project/color_detection_ws/install/led_color_pkg/bin'
[10.097s] Level 1:colcon.colcon_core.environment:create_environment_scripts_only(led_color_pkg)
[10.107s] INFO:colcon.colcon_core.shell:Creating package script '/root/deepracer_ws/color-detection-project/color_detection_ws/install/led_color_pkg/share/led_color_pkg/package.ps1'
[10.110s] INFO:colcon.colcon_core.shell:Creating package descriptor '/root/deepracer_ws/color-detection-project/color_detection_ws/install/led_color_pkg/share/led_color_pkg/package.dsv'
[10.112s] INFO:colcon.colcon_core.shell:Creating package script '/root/deepracer_ws/color-detection-project/color_detection_ws/install/led_color_pkg/share/led_color_pkg/package.sh'
[10.115s] INFO:colcon.colcon_core.shell:Creating package script '/root/deepracer_ws/color-detection-project/color_detection_ws/install/led_color_pkg/share/led_color_pkg/package.bash'
[10.116s] INFO:colcon.colcon_core.shell:Creating package script '/root/deepracer_ws/color-detection-project/color_detection_ws/install/led_color_pkg/share/led_color_pkg/package.zsh'
[10.125s] Level 1:colcon.colcon_core.environment:create_file_with_runtime_dependencies(/root/deepracer_ws/color-detection-project/color_detection_ws/install/led_color_pkg/share/colcon-core/packages/led_color_pkg)
[10.874s] DEBUG:colcon.colcon_core.event_handler.log_command:Invoking command in '/root/deepracer_ws/color-detection-project/color_detection_ws/src/navigation_pkg': PYTHONPATH=/root/deepracer_ws/color-detection-project/color_detection_ws/install/navigation_pkg/lib/python3.8/site-packages:${PYTHONPATH} /usr/bin/python3 setup.py egg_info --egg-base ../../build/navigation_pkg build --build-base /root/deepracer_ws/color-detection-project/color_detection_ws/build/navigation_pkg/build install --prefix /root/deepracer_ws/color-detection-project/color_detection_ws/install/navigation_pkg --record /root/deepracer_ws/color-detection-project/color_detection_ws/build/navigation_pkg/install.log --single-version-externally-managed
[12.214s] DEBUG:colcon.colcon_core.event_handler.log_command:Invoked command in '/root/deepracer_ws/color-detection-project/color_detection_ws/src/navigation_pkg' returned '0': PYTHONPATH=/root/deepracer_ws/color-detection-project/color_detection_ws/install/navigation_pkg/lib/python3.8/site-packages:${PYTHONPATH} /usr/bin/python3 setup.py egg_info --egg-base ../../build/navigation_pkg build --build-base /root/deepracer_ws/color-detection-project/color_detection_ws/build/navigation_pkg/build install --prefix /root/deepracer_ws/color-detection-project/color_detection_ws/install/navigation_pkg --record /root/deepracer_ws/color-detection-project/color_detection_ws/build/navigation_pkg/install.log --single-version-externally-managed
[12.219s] Level 1:colcon.colcon_core.environment:checking '/root/deepracer_ws/color-detection-project/color_detection_ws/install/navigation_pkg' for CMake module files
[12.222s] Level 1:colcon.colcon_core.environment:checking '/root/deepracer_ws/color-detection-project/color_detection_ws/install/navigation_pkg' for CMake config files
[12.224s] Level 1:colcon.colcon_core.environment:checking '/root/deepracer_ws/color-detection-project/color_detection_ws/install/navigation_pkg/lib'
[12.224s] Level 1:colcon.colcon_core.environment:checking '/root/deepracer_ws/color-detection-project/color_detection_ws/install/navigation_pkg/bin'
[12.225s] Level 1:colcon.colcon_core.environment:checking '/root/deepracer_ws/color-detection-project/color_detection_ws/install/navigation_pkg/lib/pkgconfig/navigation_pkg.pc'
[12.226s] Level 1:colcon.colcon_core.environment:checking '/root/deepracer_ws/color-detection-project/color_detection_ws/install/navigation_pkg/lib/python3.8/site-packages'
[12.226s] Level 1:colcon.colcon_core.shell:create_environment_hook('navigation_pkg', 'pythonpath')
[12.234s] INFO:colcon.colcon_core.shell:Creating environment hook '/root/deepracer_ws/color-detection-project/color_detection_ws/install/navigation_pkg/share/navigation_pkg/hook/pythonpath.ps1'
[12.236s] INFO:colcon.colcon_core.shell:Creating environment descriptor '/root/deepracer_ws/color-detection-project/color_detection_ws/install/navigation_pkg/share/navigation_pkg/hook/pythonpath.dsv'
[12.237s] INFO:colcon.colcon_core.shell:Creating environment hook '/root/deepracer_ws/color-detection-project/color_detection_ws/install/navigation_pkg/share/navigation_pkg/hook/pythonpath.sh'
[12.239s] Level 1:colcon.colcon_core.environment:checking '/root/deepracer_ws/color-detection-project/color_detection_ws/install/navigation_pkg/bin'
[12.240s] Level 1:colcon.colcon_core.environment:create_environment_scripts_only(navigation_pkg)
[12.248s] INFO:colcon.colcon_core.shell:Creating package script '/root/deepracer_ws/color-detection-project/color_detection_ws/install/navigation_pkg/share/navigation_pkg/package.ps1'
[12.251s] INFO:colcon.colcon_core.shell:Creating package descriptor '/root/deepracer_ws/color-detection-project/color_detection_ws/install/navigation_pkg/share/navigation_pkg/package.dsv'
[12.253s] INFO:colcon.colcon_core.shell:Creating package script '/root/deepracer_ws/color-detection-project/color_detection_ws/install/navigation_pkg/share/navigation_pkg/package.sh'
[12.255s] INFO:colcon.colcon_core.shell:Creating package script '/root/deepracer_ws/color-detection-project/color_detection_ws/install/navigation_pkg/share/navigation_pkg/package.bash'
[12.257s] INFO:colcon.colcon_core.shell:Creating package script '/root/deepracer_ws/color-detection-project/color_detection_ws/install/navigation_pkg/share/navigation_pkg/package.zsh'
[12.259s] Level 1:colcon.colcon_core.environment:create_file_with_runtime_dependencies(/root/deepracer_ws/color-detection-project/color_detection_ws/install/navigation_pkg/share/colcon-core/packages/navigation_pkg)
[12.261s] DEBUG:colcon.colcon_parallel_executor.executor.parallel:closing loop
[12.262s] DEBUG:colcon.colcon_parallel_executor.executor.parallel:loop closed
[12.262s] DEBUG:colcon.colcon_parallel_executor.executor.parallel:run_until_complete finished with '0'
[12.263s] DEBUG:colcon.colcon_core.event_reactor:joining thread
[12.289s] INFO:colcon.colcon_core.plugin_system:Skipping extension 'colcon_notification.desktop_notification.terminal_notifier': Not used on non-Darwin systems
[12.290s] INFO:colcon.colcon_core.plugin_system:Skipping extension 'colcon_notification.desktop_notification.win32': Not used on non-Windows systems
[12.290s] INFO:colcon.colcon_notification.desktop_notification:Sending desktop notification using 'notify2'
[12.303s] DEBUG:colcon.colcon_notification.desktop_notification.notify2:Failed to initialize notify2: org.freedesktop.DBus.Error.ServiceUnknown: The name org.freedesktop.Notifications was not provided by any .service files
[12.304s] DEBUG:colcon.colcon_core.event_reactor:joined thread
[12.316s] INFO:colcon.colcon_core.shell:Creating prefix script '/root/deepracer_ws/color-detection-project/color_detection_ws/install/local_setup.ps1'
[12.325s] INFO:colcon.colcon_core.shell:Creating prefix util module '/root/deepracer_ws/color-detection-project/color_detection_ws/install/_local_setup_util_ps1.py'
[12.331s] INFO:colcon.colcon_core.shell:Creating prefix chain script '/root/deepracer_ws/color-detection-project/color_detection_ws/install/setup.ps1'
[12.349s] INFO:colcon.colcon_core.shell:Creating prefix script '/root/deepracer_ws/color-detection-project/color_detection_ws/install/local_setup.sh'
[12.352s] INFO:colcon.colcon_core.shell:Creating prefix util module '/root/deepracer_ws/color-detection-project/color_detection_ws/install/_local_setup_util_sh.py'
[12.355s] INFO:colcon.colcon_core.shell:Creating prefix chain script '/root/deepracer_ws/color-detection-project/color_detection_ws/install/setup.sh'
[12.372s] INFO:colcon.colcon_core.shell:Creating prefix script '/root/deepracer_ws/color-detection-project/color_detection_ws/install/local_setup.bash'
[12.375s] INFO:colcon.colcon_core.shell:Creating prefix chain script '/root/deepracer_ws/color-detection-project/color_detection_ws/install/setup.bash'
[12.391s] INFO:colcon.colcon_core.shell:Creating prefix script '/root/deepracer_ws/color-detection-project/color_detection_ws/install/local_setup.zsh'
[12.394s] INFO:colcon.colcon_core.shell:Creating prefix chain script '/root/deepracer_ws/color-detection-project/color_detection_ws/install/setup.zsh'
