running egg_info
creating ../../../build/navigation_pkg/navigation_pkg.egg-info
writing ../../../build/navigation_pkg/navigation_pkg.egg-info/PKG-INFO
writing dependency_links to ../../../build/navigation_pkg/navigation_pkg.egg-info/dependency_links.txt
writing entry points to ../../../build/navigation_pkg/navigation_pkg.egg-info/entry_points.txt
writing requirements to ../../../build/navigation_pkg/navigation_pkg.egg-info/requires.txt
writing top-level names to ../../../build/navigation_pkg/navigation_pkg.egg-info/top_level.txt
writing manifest file '../../../build/navigation_pkg/navigation_pkg.egg-info/SOURCES.txt'
reading manifest file '../../../build/navigation_pkg/navigation_pkg.egg-info/SOURCES.txt'
writing manifest file '../../../build/navigation_pkg/navigation_pkg.egg-info/SOURCES.txt'
running build
running build_py
creating /root/deepracer_ws/color-detection-project/build/navigation_pkg/build
creating /root/deepracer_ws/color-detection-project/build/navigation_pkg/build/lib
creating /root/deepracer_ws/color-detection-project/build/navigation_pkg/build/lib/navigation_pkg
copying navigation_pkg/__init__.py -> /root/deepracer_ws/color-detection-project/build/navigation_pkg/build/lib/navigation_pkg
copying navigation_pkg/navigation_color_node.py -> /root/deepracer_ws/color-detection-project/build/navigation_pkg/build/lib/navigation_pkg
running install
running install_lib
creating /root/deepracer_ws/color-detection-project/install/navigation_pkg/lib/python3.8/site-packages/navigation_pkg
copying /root/deepracer_ws/color-detection-project/build/navigation_pkg/build/lib/navigation_pkg/__init__.py -> /root/deepracer_ws/color-detection-project/install/navigation_pkg/lib/python3.8/site-packages/navigation_pkg
copying /root/deepracer_ws/color-detection-project/build/navigation_pkg/build/lib/navigation_pkg/navigation_color_node.py -> /root/deepracer_ws/color-detection-project/install/navigation_pkg/lib/python3.8/site-packages/navigation_pkg
byte-compiling /root/deepracer_ws/color-detection-project/install/navigation_pkg/lib/python3.8/site-packages/navigation_pkg/__init__.py to __init__.cpython-38.pyc
byte-compiling /root/deepracer_ws/color-detection-project/install/navigation_pkg/lib/python3.8/site-packages/navigation_pkg/navigation_color_node.py to navigation_color_node.cpython-38.pyc
running install_data
creating /root/deepracer_ws/color-detection-project/install/navigation_pkg/share/ament_index
creating /root/deepracer_ws/color-detection-project/install/navigation_pkg/share/ament_index/resource_index
creating /root/deepracer_ws/color-detection-project/install/navigation_pkg/share/ament_index/resource_index/packages
copying resource/navigation_pkg -> /root/deepracer_ws/color-detection-project/install/navigation_pkg/share/ament_index/resource_index/packages
copying package.xml -> /root/deepracer_ws/color-detection-project/install/navigation_pkg/share/navigation_pkg
running install_egg_info
Copying ../../../build/navigation_pkg/navigation_pkg.egg-info to /root/deepracer_ws/color-detection-project/install/navigation_pkg/lib/python3.8/site-packages/navigation_pkg-0.0.0-py3.8.egg-info
running install_scripts
Installing navigation_color_node script to /root/deepracer_ws/color-detection-project/install/navigation_pkg/lib/navigation_pkg
writing list of installed files to '/root/deepracer_ws/color-detection-project/build/navigation_pkg/install.log'
