[3.117s] Invoking command in '/root/deepracer_ws/color-detection-project/color_detection_ws/src/navigation_pkg': PYTHONPATH=/root/deepracer_ws/color-detection-project/install/navigation_pkg/lib/python3.8/site-packages:${PYTHONPATH} /usr/bin/python3 setup.py egg_info --egg-base ../../../build/navigation_pkg build --build-base /root/deepracer_ws/color-detection-project/build/navigation_pkg/build install --prefix /root/deepracer_ws/color-detection-project/install/navigation_pkg --record /root/deepracer_ws/color-detection-project/build/navigation_pkg/install.log --single-version-externally-managed
[4.324s] running egg_info
[4.328s] creating ../../../build/navigation_pkg/navigation_pkg.egg-info
[4.329s] writing ../../../build/navigation_pkg/navigation_pkg.egg-info/PKG-INFO
[4.330s] writing dependency_links to ../../../build/navigation_pkg/navigation_pkg.egg-info/dependency_links.txt
[4.331s] writing entry points to ../../../build/navigation_pkg/navigation_pkg.egg-info/entry_points.txt
[4.331s] writing requirements to ../../../build/navigation_pkg/navigation_pkg.egg-info/requires.txt
[4.331s] writing top-level names to ../../../build/navigation_pkg/navigation_pkg.egg-info/top_level.txt
[4.341s] writing manifest file '../../../build/navigation_pkg/navigation_pkg.egg-info/SOURCES.txt'
[4.488s] reading manifest file '../../../build/navigation_pkg/navigation_pkg.egg-info/SOURCES.txt'
[4.492s] writing manifest file '../../../build/navigation_pkg/navigation_pkg.egg-info/SOURCES.txt'
[4.497s] running build
[4.497s] running build_py
[4.498s] creating /root/deepracer_ws/color-detection-project/build/navigation_pkg/build
[4.498s] creating /root/deepracer_ws/color-detection-project/build/navigation_pkg/build/lib
[4.498s] creating /root/deepracer_ws/color-detection-project/build/navigation_pkg/build/lib/navigation_pkg
[4.498s] copying navigation_pkg/__init__.py -> /root/deepracer_ws/color-detection-project/build/navigation_pkg/build/lib/navigation_pkg
[4.499s] copying navigation_pkg/navigation_color_node.py -> /root/deepracer_ws/color-detection-project/build/navigation_pkg/build/lib/navigation_pkg
[4.499s] running install
[4.508s] running install_lib
[4.511s] creating /root/deepracer_ws/color-detection-project/install/navigation_pkg/lib/python3.8/site-packages/navigation_pkg
[4.512s] copying /root/deepracer_ws/color-detection-project/build/navigation_pkg/build/lib/navigation_pkg/__init__.py -> /root/deepracer_ws/color-detection-project/install/navigation_pkg/lib/python3.8/site-packages/navigation_pkg
[4.512s] copying /root/deepracer_ws/color-detection-project/build/navigation_pkg/build/lib/navigation_pkg/navigation_color_node.py -> /root/deepracer_ws/color-detection-project/install/navigation_pkg/lib/python3.8/site-packages/navigation_pkg
[4.513s] byte-compiling /root/deepracer_ws/color-detection-project/install/navigation_pkg/lib/python3.8/site-packages/navigation_pkg/__init__.py to __init__.cpython-38.pyc
[4.518s] byte-compiling /root/deepracer_ws/color-detection-project/install/navigation_pkg/lib/python3.8/site-packages/navigation_pkg/navigation_color_node.py to navigation_color_node.cpython-38.pyc
[4.538s] running install_data
[4.539s] creating /root/deepracer_ws/color-detection-project/install/navigation_pkg/share/ament_index
[4.543s] creating /root/deepracer_ws/color-detection-project/install/navigation_pkg/share/ament_index/resource_index
[4.543s] creating /root/deepracer_ws/color-detection-project/install/navigation_pkg/share/ament_index/resource_index/packages
[4.543s] copying resource/navigation_pkg -> /root/deepracer_ws/color-detection-project/install/navigation_pkg/share/ament_index/resource_index/packages
[4.544s] copying package.xml -> /root/deepracer_ws/color-detection-project/install/navigation_pkg/share/navigation_pkg
[4.544s] running install_egg_info
[4.557s] Copying ../../../build/navigation_pkg/navigation_pkg.egg-info to /root/deepracer_ws/color-detection-project/install/navigation_pkg/lib/python3.8/site-packages/navigation_pkg-0.0.0-py3.8.egg-info
[4.561s] running install_scripts
[4.641s] Installing navigation_color_node script to /root/deepracer_ws/color-detection-project/install/navigation_pkg/lib/navigation_pkg
[4.642s] writing list of installed files to '/root/deepracer_ws/color-detection-project/build/navigation_pkg/install.log'
[4.721s] Invoked command in '/root/deepracer_ws/color-detection-project/color_detection_ws/src/navigation_pkg' returned '0': PYTHONPATH=/root/deepracer_ws/color-detection-project/install/navigation_pkg/lib/python3.8/site-packages:${PYTHONPATH} /usr/bin/python3 setup.py egg_info --egg-base ../../../build/navigation_pkg build --build-base /root/deepracer_ws/color-detection-project/build/navigation_pkg/build install --prefix /root/deepracer_ws/color-detection-project/install/navigation_pkg --record /root/deepracer_ws/color-detection-project/build/navigation_pkg/install.log --single-version-externally-managed
