[1.423s] DEBUG:colcon:Command line arguments: ['/usr/bin/colcon', 'build', '--packages-select', 'navigation_pkg']
[1.423s] DEBUG:colcon:Parsed command line arguments: Namespace(allow_overriding=[], ament_cmake_args=None, base_paths=['.'], build_base='build', catkin_cmake_args=None, catkin_skip_building_tests=False, cmake_args=None, cmake_clean_cache=False, cmake_clean_first=False, cmake_force_configure=False, cmake_target=None, cmake_target_skip_unavailable=False, continue_on_error=False, event_handlers=None, executor='parallel', ignore_user_meta=False, install_base='install', log_base=None, log_level=None, main=<bound method BuildVerb.main of <colcon_core.verb.build.BuildVerb object at 0x7f76abae9130>>, merge_install=False, metas=['./colcon.meta'], packages_above=None, packages_above_and_dependencies=None, packages_above_depth=None, packages_end=None, packages_ignore=None, packages_ignore_regex=None, packages_select=['navigation_pkg'], packages_select_build_failed=False, packages_select_by_dep=None, packages_select_regex=None, packages_select_test_failures=False, packages_skip=None, packages_skip_build_finished=False, packages_skip_by_dep=None, packages_skip_regex=None, packages_skip_test_passed=False, packages_skip_up_to=None, packages_start=None, packages_up_to=None, packages_up_to_regex=None, parallel_workers=2, paths=None, symlink_install=False, test_result_base=None, verb_extension=<colcon_core.verb.build.BuildVerb object at 0x7f76abae9130>, verb_name='build', verb_parser=<colcon_defaults.argument_parser.defaults.DefaultArgumentsDecorator object at 0x7f76abae9670>)
[1.574s] Level 1:colcon.colcon_core.package_discovery:discover_packages(colcon_meta) check parameters
[1.575s] Level 1:colcon.colcon_core.package_discovery:discover_packages(recursive) check parameters
[1.575s] Level 1:colcon.colcon_core.package_discovery:discover_packages(ignore) check parameters
[1.575s] Level 1:colcon.colcon_core.package_discovery:discover_packages(path) check parameters
[1.575s] Level 1:colcon.colcon_core.package_discovery:discover_packages(colcon_meta) discover
[1.576s] Level 1:colcon.colcon_core.package_discovery:discover_packages(recursive) discover
[1.576s] INFO:colcon.colcon_core.package_discovery:Crawling recursively for packages in '/root/deepracer_ws/color-detection-project'
[1.576s] Level 1:colcon.colcon_core.package_identification:_identify(.) by extensions ['ignore', 'ignore_ament_install']
[1.576s] Level 1:colcon.colcon_core.package_identification:_identify(.) by extension 'ignore'
[1.577s] Level 1:colcon.colcon_core.package_identification:_identify(.) by extension 'ignore_ament_install'
[1.577s] Level 1:colcon.colcon_core.package_identification:_identify(.) by extensions ['colcon_pkg']
[1.577s] Level 1:colcon.colcon_core.package_identification:_identify(.) by extension 'colcon_pkg'
[1.577s] Level 1:colcon.colcon_core.package_identification:_identify(.) by extensions ['colcon_meta']
[1.577s] Level 1:colcon.colcon_core.package_identification:_identify(.) by extension 'colcon_meta'
[1.578s] Level 1:colcon.colcon_core.package_identification:_identify(.) by extensions ['ros']
[1.578s] Level 1:colcon.colcon_core.package_identification:_identify(.) by extension 'ros'
[1.622s] Level 1:colcon.colcon_core.package_identification:_identify(.) by extensions ['cmake', 'python']
[1.622s] Level 1:colcon.colcon_core.package_identification:_identify(.) by extension 'cmake'
[1.623s] Level 1:colcon.colcon_core.package_identification:_identify(.) by extension 'python'
[1.625s] Level 1:colcon.colcon_core.package_identification:_identify(.) by extensions ['python_setup_py']
[1.625s] Level 1:colcon.colcon_core.package_identification:_identify(.) by extension 'python_setup_py'
[1.625s] Level 1:colcon.colcon_core.package_identification:_identify(build) by extensions ['ignore', 'ignore_ament_install']
[1.626s] Level 1:colcon.colcon_core.package_identification:_identify(build) by extension 'ignore'
[1.626s] Level 1:colcon.colcon_core.package_identification:_identify(build) ignored
[1.626s] Level 1:colcon.colcon_core.package_identification:_identify(color_detection_ws) by extensions ['ignore', 'ignore_ament_install']
[1.627s] Level 1:colcon.colcon_core.package_identification:_identify(color_detection_ws) by extension 'ignore'
[1.627s] Level 1:colcon.colcon_core.package_identification:_identify(color_detection_ws) by extension 'ignore_ament_install'
[1.627s] Level 1:colcon.colcon_core.package_identification:_identify(color_detection_ws) by extensions ['colcon_pkg']
[1.628s] Level 1:colcon.colcon_core.package_identification:_identify(color_detection_ws) by extension 'colcon_pkg'
[1.628s] Level 1:colcon.colcon_core.package_identification:_identify(color_detection_ws) by extensions ['colcon_meta']
[1.628s] Level 1:colcon.colcon_core.package_identification:_identify(color_detection_ws) by extension 'colcon_meta'
[1.628s] Level 1:colcon.colcon_core.package_identification:_identify(color_detection_ws) by extensions ['ros']
[1.628s] Level 1:colcon.colcon_core.package_identification:_identify(color_detection_ws) by extension 'ros'
[1.628s] Level 1:colcon.colcon_core.package_identification:_identify(color_detection_ws) by extensions ['cmake', 'python']
[1.629s] Level 1:colcon.colcon_core.package_identification:_identify(color_detection_ws) by extension 'cmake'
[1.629s] Level 1:colcon.colcon_core.package_identification:_identify(color_detection_ws) by extension 'python'
[1.629s] Level 1:colcon.colcon_core.package_identification:_identify(color_detection_ws) by extensions ['python_setup_py']
[1.629s] Level 1:colcon.colcon_core.package_identification:_identify(color_detection_ws) by extension 'python_setup_py'
[1.629s] Level 1:colcon.colcon_core.package_identification:_identify(color_detection_ws/build) by extensions ['ignore', 'ignore_ament_install']
[1.630s] Level 1:colcon.colcon_core.package_identification:_identify(color_detection_ws/build) by extension 'ignore'
[1.630s] Level 1:colcon.colcon_core.package_identification:_identify(color_detection_ws/build) ignored
[1.630s] Level 1:colcon.colcon_core.package_identification:_identify(color_detection_ws/install) by extensions ['ignore', 'ignore_ament_install']
[1.631s] Level 1:colcon.colcon_core.package_identification:_identify(color_detection_ws/install) by extension 'ignore'
[1.631s] Level 1:colcon.colcon_core.package_identification:_identify(color_detection_ws/install) ignored
[1.631s] Level 1:colcon.colcon_core.package_identification:_identify(color_detection_ws/log) by extensions ['ignore', 'ignore_ament_install']
[1.632s] Level 1:colcon.colcon_core.package_identification:_identify(color_detection_ws/log) by extension 'ignore'
[1.632s] Level 1:colcon.colcon_core.package_identification:_identify(color_detection_ws/log) ignored
[1.632s] Level 1:colcon.colcon_core.package_identification:_identify(color_detection_ws/src) by extensions ['ignore', 'ignore_ament_install']
[1.633s] Level 1:colcon.colcon_core.package_identification:_identify(color_detection_ws/src) by extension 'ignore'
[1.633s] Level 1:colcon.colcon_core.package_identification:_identify(color_detection_ws/src) by extension 'ignore_ament_install'
[1.633s] Level 1:colcon.colcon_core.package_identification:_identify(color_detection_ws/src) by extensions ['colcon_pkg']
[1.633s] Level 1:colcon.colcon_core.package_identification:_identify(color_detection_ws/src) by extension 'colcon_pkg'
[1.633s] Level 1:colcon.colcon_core.package_identification:_identify(color_detection_ws/src) by extensions ['colcon_meta']
[1.633s] Level 1:colcon.colcon_core.package_identification:_identify(color_detection_ws/src) by extension 'colcon_meta'
[1.634s] Level 1:colcon.colcon_core.package_identification:_identify(color_detection_ws/src) by extensions ['ros']
[1.634s] Level 1:colcon.colcon_core.package_identification:_identify(color_detection_ws/src) by extension 'ros'
[1.634s] Level 1:colcon.colcon_core.package_identification:_identify(color_detection_ws/src) by extensions ['cmake', 'python']
[1.634s] Level 1:colcon.colcon_core.package_identification:_identify(color_detection_ws/src) by extension 'cmake'
[1.634s] Level 1:colcon.colcon_core.package_identification:_identify(color_detection_ws/src) by extension 'python'
[1.635s] Level 1:colcon.colcon_core.package_identification:_identify(color_detection_ws/src) by extensions ['python_setup_py']
[1.635s] Level 1:colcon.colcon_core.package_identification:_identify(color_detection_ws/src) by extension 'python_setup_py'
[1.635s] Level 1:colcon.colcon_core.package_identification:_identify(color_detection_ws/src/color_filter_pkg) by extensions ['ignore', 'ignore_ament_install']
[1.636s] Level 1:colcon.colcon_core.package_identification:_identify(color_detection_ws/src/color_filter_pkg) by extension 'ignore'
[1.636s] Level 1:colcon.colcon_core.package_identification:_identify(color_detection_ws/src/color_filter_pkg) by extension 'ignore_ament_install'
[1.636s] Level 1:colcon.colcon_core.package_identification:_identify(color_detection_ws/src/color_filter_pkg) by extensions ['colcon_pkg']
[1.636s] Level 1:colcon.colcon_core.package_identification:_identify(color_detection_ws/src/color_filter_pkg) by extension 'colcon_pkg'
[1.636s] Level 1:colcon.colcon_core.package_identification:_identify(color_detection_ws/src/color_filter_pkg) by extensions ['colcon_meta']
[1.637s] Level 1:colcon.colcon_core.package_identification:_identify(color_detection_ws/src/color_filter_pkg) by extension 'colcon_meta'
[1.637s] Level 1:colcon.colcon_core.package_identification:_identify(color_detection_ws/src/color_filter_pkg) by extensions ['ros']
[1.637s] Level 1:colcon.colcon_core.package_identification:_identify(color_detection_ws/src/color_filter_pkg) by extension 'ros'
[1.649s] DEBUG:colcon.colcon_core.package_identification:Package 'color_detection_ws/src/color_filter_pkg' with type 'ros.ament_python' and name 'color_filter_pkg'
[1.649s] Level 1:colcon.colcon_core.package_identification:_identify(color_detection_ws/src/color_interfaces) by extensions ['ignore', 'ignore_ament_install']
[1.650s] Level 1:colcon.colcon_core.package_identification:_identify(color_detection_ws/src/color_interfaces) by extension 'ignore'
[1.650s] Level 1:colcon.colcon_core.package_identification:_identify(color_detection_ws/src/color_interfaces) by extension 'ignore_ament_install'
[1.650s] Level 1:colcon.colcon_core.package_identification:_identify(color_detection_ws/src/color_interfaces) by extensions ['colcon_pkg']
[1.650s] Level 1:colcon.colcon_core.package_identification:_identify(color_detection_ws/src/color_interfaces) by extension 'colcon_pkg'
[1.651s] Level 1:colcon.colcon_core.package_identification:_identify(color_detection_ws/src/color_interfaces) by extensions ['colcon_meta']
[1.651s] Level 1:colcon.colcon_core.package_identification:_identify(color_detection_ws/src/color_interfaces) by extension 'colcon_meta'
[1.651s] Level 1:colcon.colcon_core.package_identification:_identify(color_detection_ws/src/color_interfaces) by extensions ['ros']
[1.656s] Level 1:colcon.colcon_core.package_identification:_identify(color_detection_ws/src/color_interfaces) by extension 'ros'
[1.660s] DEBUG:colcon.colcon_core.package_identification:Package 'color_detection_ws/src/color_interfaces' with type 'ros.ament_cmake' and name 'color_interfaces'
[1.660s] Level 1:colcon.colcon_core.package_identification:_identify(color_detection_ws/src/led_color_pkg) by extensions ['ignore', 'ignore_ament_install']
[1.661s] Level 1:colcon.colcon_core.package_identification:_identify(color_detection_ws/src/led_color_pkg) by extension 'ignore'
[1.661s] Level 1:colcon.colcon_core.package_identification:_identify(color_detection_ws/src/led_color_pkg) by extension 'ignore_ament_install'
[1.661s] Level 1:colcon.colcon_core.package_identification:_identify(color_detection_ws/src/led_color_pkg) by extensions ['colcon_pkg']
[1.661s] Level 1:colcon.colcon_core.package_identification:_identify(color_detection_ws/src/led_color_pkg) by extension 'colcon_pkg'
[1.661s] Level 1:colcon.colcon_core.package_identification:_identify(color_detection_ws/src/led_color_pkg) by extensions ['colcon_meta']
[1.661s] Level 1:colcon.colcon_core.package_identification:_identify(color_detection_ws/src/led_color_pkg) by extension 'colcon_meta'
[1.662s] Level 1:colcon.colcon_core.package_identification:_identify(color_detection_ws/src/led_color_pkg) by extensions ['ros']
[1.662s] Level 1:colcon.colcon_core.package_identification:_identify(color_detection_ws/src/led_color_pkg) by extension 'ros'
[1.664s] DEBUG:colcon.colcon_core.package_identification:Package 'color_detection_ws/src/led_color_pkg' with type 'ros.ament_python' and name 'led_color_pkg'
[1.665s] Level 1:colcon.colcon_core.package_identification:_identify(color_detection_ws/src/navigation_pkg) by extensions ['ignore', 'ignore_ament_install']
[1.665s] Level 1:colcon.colcon_core.package_identification:_identify(color_detection_ws/src/navigation_pkg) by extension 'ignore'
[1.665s] Level 1:colcon.colcon_core.package_identification:_identify(color_detection_ws/src/navigation_pkg) by extension 'ignore_ament_install'
[1.666s] Level 1:colcon.colcon_core.package_identification:_identify(color_detection_ws/src/navigation_pkg) by extensions ['colcon_pkg']
[1.666s] Level 1:colcon.colcon_core.package_identification:_identify(color_detection_ws/src/navigation_pkg) by extension 'colcon_pkg'
[1.666s] Level 1:colcon.colcon_core.package_identification:_identify(color_detection_ws/src/navigation_pkg) by extensions ['colcon_meta']
[1.666s] Level 1:colcon.colcon_core.package_identification:_identify(color_detection_ws/src/navigation_pkg) by extension 'colcon_meta'
[1.666s] Level 1:colcon.colcon_core.package_identification:_identify(color_detection_ws/src/navigation_pkg) by extensions ['ros']
[1.666s] Level 1:colcon.colcon_core.package_identification:_identify(color_detection_ws/src/navigation_pkg) by extension 'ros'
[1.669s] DEBUG:colcon.colcon_core.package_identification:Package 'color_detection_ws/src/navigation_pkg' with type 'ros.ament_python' and name 'navigation_pkg'
[1.669s] Level 1:colcon.colcon_core.package_identification:_identify(install) by extensions ['ignore', 'ignore_ament_install']
[1.670s] Level 1:colcon.colcon_core.package_identification:_identify(install) by extension 'ignore'
[1.670s] Level 1:colcon.colcon_core.package_identification:_identify(install) ignored
[1.670s] Level 1:colcon.colcon_core.package_identification:_identify(log) by extensions ['ignore', 'ignore_ament_install']
[1.671s] Level 1:colcon.colcon_core.package_identification:_identify(log) by extension 'ignore'
[1.671s] Level 1:colcon.colcon_core.package_identification:_identify(log) ignored
[1.671s] Level 1:colcon.colcon_core.package_discovery:discover_packages(recursive) using defaults
[1.671s] Level 1:colcon.colcon_core.package_discovery:discover_packages(ignore) discover
[1.671s] Level 1:colcon.colcon_core.package_discovery:discover_packages(ignore) using defaults
[1.671s] Level 1:colcon.colcon_core.package_discovery:discover_packages(path) discover
[1.672s] Level 1:colcon.colcon_core.package_discovery:discover_packages(path) using defaults
[1.914s] INFO:colcon.colcon_core.package_selection:Skipping not selected package 'color_filter_pkg' in 'color_detection_ws/src/color_filter_pkg'
[1.915s] INFO:colcon.colcon_core.package_selection:Skipping not selected package 'color_interfaces' in 'color_detection_ws/src/color_interfaces'
[1.915s] INFO:colcon.colcon_core.package_selection:Skipping not selected package 'led_color_pkg' in 'color_detection_ws/src/led_color_pkg'
[1.918s] Level 1:colcon.colcon_core.package_discovery:discover_packages(prefix_path) check parameters
[1.918s] Level 1:colcon.colcon_core.package_discovery:discover_packages(prefix_path) discover
[1.934s] Level 1:colcon.colcon_core.package_discovery:discover_packages(prefix_path) using defaults
[1.953s] Level 5:colcon.colcon_core.verb:set package 'navigation_pkg' build argument 'cmake_args' from command line to 'None'
[1.953s] Level 5:colcon.colcon_core.verb:set package 'navigation_pkg' build argument 'cmake_target' from command line to 'None'
[1.953s] Level 5:colcon.colcon_core.verb:set package 'navigation_pkg' build argument 'cmake_target_skip_unavailable' from command line to 'False'
[1.953s] Level 5:colcon.colcon_core.verb:set package 'navigation_pkg' build argument 'cmake_clean_cache' from command line to 'False'
[1.953s] Level 5:colcon.colcon_core.verb:set package 'navigation_pkg' build argument 'cmake_clean_first' from command line to 'False'
[1.953s] Level 5:colcon.colcon_core.verb:set package 'navigation_pkg' build argument 'cmake_force_configure' from command line to 'False'
[1.953s] Level 5:colcon.colcon_core.verb:set package 'navigation_pkg' build argument 'ament_cmake_args' from command line to 'None'
[1.953s] Level 5:colcon.colcon_core.verb:set package 'navigation_pkg' build argument 'catkin_cmake_args' from command line to 'None'
[1.954s] Level 5:colcon.colcon_core.verb:set package 'navigation_pkg' build argument 'catkin_skip_building_tests' from command line to 'False'
[1.954s] DEBUG:colcon.colcon_core.verb:Building package 'navigation_pkg' with the following arguments: {'ament_cmake_args': None, 'build_base': '/root/deepracer_ws/color-detection-project/build/navigation_pkg', 'catkin_cmake_args': None, 'catkin_skip_building_tests': False, 'cmake_args': None, 'cmake_clean_cache': False, 'cmake_clean_first': False, 'cmake_force_configure': False, 'cmake_target': None, 'cmake_target_skip_unavailable': False, 'install_base': '/root/deepracer_ws/color-detection-project/install/navigation_pkg', 'merge_install': False, 'path': '/root/deepracer_ws/color-detection-project/color_detection_ws/src/navigation_pkg', 'symlink_install': False, 'test_result_base': None}
[1.957s] INFO:colcon.colcon_core.executor:Executing jobs using 'parallel' executor
[1.975s] DEBUG:colcon.colcon_parallel_executor.executor.parallel:run_until_complete
[1.976s] INFO:colcon.colcon_ros.task.ament_python.build:Building ROS package in '/root/deepracer_ws/color-detection-project/color_detection_ws/src/navigation_pkg' with build type 'ament_python'
[1.977s] Level 1:colcon.colcon_core.shell:create_environment_hook('navigation_pkg', 'ament_prefix_path')
[2.049s] INFO:colcon.colcon_core.plugin_system:Skipping extension 'colcon_core.shell.bat': Not used on non-Windows systems
[2.057s] INFO:colcon.colcon_core.shell:Creating environment hook '/root/deepracer_ws/color-detection-project/install/navigation_pkg/share/navigation_pkg/hook/ament_prefix_path.ps1'
[2.063s] INFO:colcon.colcon_core.shell:Creating environment descriptor '/root/deepracer_ws/color-detection-project/install/navigation_pkg/share/navigation_pkg/hook/ament_prefix_path.dsv'
[2.065s] INFO:colcon.colcon_core.shell:Creating environment hook '/root/deepracer_ws/color-detection-project/install/navigation_pkg/share/navigation_pkg/hook/ament_prefix_path.sh'
[2.089s] INFO:colcon.colcon_core.shell:Skip shell extension 'powershell' for command environment: Not usable outside of PowerShell
[2.089s] DEBUG:colcon.colcon_core.shell:Skip shell extension 'dsv' for command environment
[2.119s] DEBUG:colcon.colcon_core.shell:Ignoring prefix path '/opt/ros/foxy'
[3.134s] INFO:colcon.colcon_core.task.python.build:Building Python package in '/root/deepracer_ws/color-detection-project/color_detection_ws/src/navigation_pkg'
[3.141s] INFO:colcon.colcon_core.shell:Skip shell extension 'powershell' for command environment: Not usable outside of PowerShell
[3.142s] DEBUG:colcon.colcon_core.shell:Skip shell extension 'dsv' for command environment
[3.154s] DEBUG:colcon.colcon_core.shell:Ignoring prefix path '/opt/ros/foxy'
[5.100s] DEBUG:colcon.colcon_core.event_handler.log_command:Invoking command in '/root/deepracer_ws/color-detection-project/color_detection_ws/src/navigation_pkg': PYTHONPATH=/root/deepracer_ws/color-detection-project/install/navigation_pkg/lib/python3.8/site-packages:${PYTHONPATH} /usr/bin/python3 setup.py egg_info --egg-base ../../../build/navigation_pkg build --build-base /root/deepracer_ws/color-detection-project/build/navigation_pkg/build install --prefix /root/deepracer_ws/color-detection-project/install/navigation_pkg --record /root/deepracer_ws/color-detection-project/build/navigation_pkg/install.log --single-version-externally-managed
[6.704s] DEBUG:colcon.colcon_core.event_handler.log_command:Invoked command in '/root/deepracer_ws/color-detection-project/color_detection_ws/src/navigation_pkg' returned '0': PYTHONPATH=/root/deepracer_ws/color-detection-project/install/navigation_pkg/lib/python3.8/site-packages:${PYTHONPATH} /usr/bin/python3 setup.py egg_info --egg-base ../../../build/navigation_pkg build --build-base /root/deepracer_ws/color-detection-project/build/navigation_pkg/build install --prefix /root/deepracer_ws/color-detection-project/install/navigation_pkg --record /root/deepracer_ws/color-detection-project/build/navigation_pkg/install.log --single-version-externally-managed
[6.721s] Level 1:colcon.colcon_core.environment:checking '/root/deepracer_ws/color-detection-project/install/navigation_pkg' for CMake module files
[6.724s] Level 1:colcon.colcon_core.environment:checking '/root/deepracer_ws/color-detection-project/install/navigation_pkg' for CMake config files
[6.727s] Level 1:colcon.colcon_core.environment:checking '/root/deepracer_ws/color-detection-project/install/navigation_pkg/lib'
[6.727s] Level 1:colcon.colcon_core.environment:checking '/root/deepracer_ws/color-detection-project/install/navigation_pkg/bin'
[6.728s] Level 1:colcon.colcon_core.environment:checking '/root/deepracer_ws/color-detection-project/install/navigation_pkg/lib/pkgconfig/navigation_pkg.pc'
[6.729s] Level 1:colcon.colcon_core.environment:checking '/root/deepracer_ws/color-detection-project/install/navigation_pkg/lib/python3.8/site-packages'
[6.729s] Level 1:colcon.colcon_core.shell:create_environment_hook('navigation_pkg', 'pythonpath')
[6.736s] INFO:colcon.colcon_core.shell:Creating environment hook '/root/deepracer_ws/color-detection-project/install/navigation_pkg/share/navigation_pkg/hook/pythonpath.ps1'
[6.737s] INFO:colcon.colcon_core.shell:Creating environment descriptor '/root/deepracer_ws/color-detection-project/install/navigation_pkg/share/navigation_pkg/hook/pythonpath.dsv'
[6.739s] INFO:colcon.colcon_core.shell:Creating environment hook '/root/deepracer_ws/color-detection-project/install/navigation_pkg/share/navigation_pkg/hook/pythonpath.sh'
[6.741s] Level 1:colcon.colcon_core.environment:checking '/root/deepracer_ws/color-detection-project/install/navigation_pkg/bin'
[6.741s] Level 1:colcon.colcon_core.environment:create_environment_scripts_only(navigation_pkg)
[6.748s] INFO:colcon.colcon_core.shell:Creating package script '/root/deepracer_ws/color-detection-project/install/navigation_pkg/share/navigation_pkg/package.ps1'
[6.757s] INFO:colcon.colcon_core.shell:Creating package descriptor '/root/deepracer_ws/color-detection-project/install/navigation_pkg/share/navigation_pkg/package.dsv'
[6.760s] INFO:colcon.colcon_core.shell:Creating package script '/root/deepracer_ws/color-detection-project/install/navigation_pkg/share/navigation_pkg/package.sh'
[6.763s] INFO:colcon.colcon_core.shell:Creating package script '/root/deepracer_ws/color-detection-project/install/navigation_pkg/share/navigation_pkg/package.bash'
[6.766s] INFO:colcon.colcon_core.shell:Creating package script '/root/deepracer_ws/color-detection-project/install/navigation_pkg/share/navigation_pkg/package.zsh'
[6.769s] Level 1:colcon.colcon_core.environment:create_file_with_runtime_dependencies(/root/deepracer_ws/color-detection-project/install/navigation_pkg/share/colcon-core/packages/navigation_pkg)
[6.770s] DEBUG:colcon.colcon_parallel_executor.executor.parallel:closing loop
[6.772s] DEBUG:colcon.colcon_parallel_executor.executor.parallel:loop closed
[6.772s] DEBUG:colcon.colcon_parallel_executor.executor.parallel:run_until_complete finished with '0'
[6.772s] DEBUG:colcon.colcon_core.event_reactor:joining thread
[6.834s] INFO:colcon.colcon_core.plugin_system:Skipping extension 'colcon_notification.desktop_notification.terminal_notifier': Not used on non-Darwin systems
[6.835s] INFO:colcon.colcon_core.plugin_system:Skipping extension 'colcon_notification.desktop_notification.win32': Not used on non-Windows systems
[6.835s] INFO:colcon.colcon_notification.desktop_notification:Sending desktop notification using 'notify2'
[6.861s] DEBUG:colcon.colcon_notification.desktop_notification.notify2:Failed to initialize notify2: org.freedesktop.DBus.Error.ServiceUnknown: The name org.freedesktop.Notifications was not provided by any .service files
[6.861s] DEBUG:colcon.colcon_core.event_reactor:joined thread
[6.870s] INFO:colcon.colcon_core.shell:Creating prefix script '/root/deepracer_ws/color-detection-project/install/local_setup.ps1'
[6.874s] INFO:colcon.colcon_core.shell:Creating prefix util module '/root/deepracer_ws/color-detection-project/install/_local_setup_util_ps1.py'
[6.882s] INFO:colcon.colcon_core.shell:Creating prefix chain script '/root/deepracer_ws/color-detection-project/install/setup.ps1'
[6.900s] INFO:colcon.colcon_core.shell:Creating prefix script '/root/deepracer_ws/color-detection-project/install/local_setup.sh'
[6.902s] INFO:colcon.colcon_core.shell:Creating prefix util module '/root/deepracer_ws/color-detection-project/install/_local_setup_util_sh.py'
[6.904s] INFO:colcon.colcon_core.shell:Creating prefix chain script '/root/deepracer_ws/color-detection-project/install/setup.sh'
[6.915s] INFO:colcon.colcon_core.shell:Creating prefix script '/root/deepracer_ws/color-detection-project/install/local_setup.bash'
[6.917s] INFO:colcon.colcon_core.shell:Creating prefix chain script '/root/deepracer_ws/color-detection-project/install/setup.bash'
[6.929s] INFO:colcon.colcon_core.shell:Creating prefix script '/root/deepracer_ws/color-detection-project/install/local_setup.zsh'
[6.931s] INFO:colcon.colcon_core.shell:Creating prefix chain script '/root/deepracer_ws/color-detection-project/install/setup.zsh'
