[1.084s] Invoking command in '/root/deepracer_ws/color-detection-project/color_detection_ws/build/color_interfaces': CMAKE_PREFIX_PATH=/root/deepracer_ws/video_filtering_project/video_filtering_ws/install/vision_interfaces_pkg:/opt/aws/deepracer/lib/deepracer_launcher:/opt/aws/deepracer/lib/web_video_server:/opt/aws/deepracer/lib/ctrl_pkg:/opt/aws/deepracer/lib/servo_pkg:/opt/aws/deepracer/lib/sensor_fusion_pkg:/opt/aws/deepracer/lib/rplidar_ros2:/opt/aws/deepracer/lib/rplidar_ros:/opt/aws/deepracer/lib/inference_pkg:/opt/aws/deepracer/lib/i2c_pkg:/opt/aws/deepracer/lib/camera_pkg:/opt/aws/deepracer/lib/deepracer_interfaces_pkg:/root/deepracer_ws/video_filtering_project/video_filtering_ws/install/nav_pkg:/root/deepracer_ws/video_filtering_project/video_filtering_ws/install/leds_pkg:/root/deepracer_ws/video_filtering_project/video_filtering_ws/install/filters_pkg:/opt/aws/deepracer/lib/webserver_pkg:/opt/aws/deepracer/lib/deepracer_systems_pkg:/opt/aws/deepracer/lib/usb_monitor_pkg:/opt/aws/deepracer/lib/status_led_pkg:/opt/aws/deepracer/lib/model_optimizer_pkg:/opt/aws/deepracer/lib/device_info_pkg:/opt/aws/deepracer/lib/deepracer_navigation_pkg:/opt/ros/foxy:/opt/aws/deepracer/lib/async_web_server_cpp /usr/bin/cmake --build /root/deepracer_ws/color-detection-project/color_detection_ws/build/color_interfaces -- -j2 -l2
[1.361s] [  3%] Built target color_interfaces__cpp
[1.377s] [ 12%] Built target color_interfaces__rosidl_generator_c
[1.473s] [ 22%] Built target color_interfaces__rosidl_typesupport_cpp
[1.545s] [ 32%] Built target color_interfaces__rosidl_typesupport_fastrtps_cpp
[1.629s] [ 41%] Built target color_interfaces__rosidl_typesupport_introspection_c
[1.630s] [ 51%] Built target color_interfaces__rosidl_typesupport_c
[1.705s] [ 61%] Built target color_interfaces__rosidl_typesupport_introspection_cpp
[1.744s] [ 70%] Built target color_interfaces__rosidl_typesupport_fastrtps_c
[1.799s] [ 70%] Built target color_interfaces
[1.856s] [ 74%] Built target color_interfaces__py
[1.924s] [ 80%] Built target color_interfaces__python
[2.000s] [ 87%] Built target color_interfaces__rosidl_typesupport_introspection_c__pyext
[2.092s] [ 93%] Built target color_interfaces__rosidl_typesupport_c__pyext
[2.109s] [100%] Built target color_interfaces__rosidl_typesupport_fastrtps_c__pyext
[2.141s] Invoked command in '/root/deepracer_ws/color-detection-project/color_detection_ws/build/color_interfaces' returned '0': CMAKE_PREFIX_PATH=/root/deepracer_ws/video_filtering_project/video_filtering_ws/install/vision_interfaces_pkg:/opt/aws/deepracer/lib/deepracer_launcher:/opt/aws/deepracer/lib/web_video_server:/opt/aws/deepracer/lib/ctrl_pkg:/opt/aws/deepracer/lib/servo_pkg:/opt/aws/deepracer/lib/sensor_fusion_pkg:/opt/aws/deepracer/lib/rplidar_ros2:/opt/aws/deepracer/lib/rplidar_ros:/opt/aws/deepracer/lib/inference_pkg:/opt/aws/deepracer/lib/i2c_pkg:/opt/aws/deepracer/lib/camera_pkg:/opt/aws/deepracer/lib/deepracer_interfaces_pkg:/root/deepracer_ws/video_filtering_project/video_filtering_ws/install/nav_pkg:/root/deepracer_ws/video_filtering_project/video_filtering_ws/install/leds_pkg:/root/deepracer_ws/video_filtering_project/video_filtering_ws/install/filters_pkg:/opt/aws/deepracer/lib/webserver_pkg:/opt/aws/deepracer/lib/deepracer_systems_pkg:/opt/aws/deepracer/lib/usb_monitor_pkg:/opt/aws/deepracer/lib/status_led_pkg:/opt/aws/deepracer/lib/model_optimizer_pkg:/opt/aws/deepracer/lib/device_info_pkg:/opt/aws/deepracer/lib/deepracer_navigation_pkg:/opt/ros/foxy:/opt/aws/deepracer/lib/async_web_server_cpp /usr/bin/cmake --build /root/deepracer_ws/color-detection-project/color_detection_ws/build/color_interfaces -- -j2 -l2
[2.337s] Invoking command in '/root/deepracer_ws/color-detection-project/color_detection_ws/build/color_interfaces': CMAKE_PREFIX_PATH=/root/deepracer_ws/video_filtering_project/video_filtering_ws/install/vision_interfaces_pkg:/opt/aws/deepracer/lib/deepracer_launcher:/opt/aws/deepracer/lib/web_video_server:/opt/aws/deepracer/lib/ctrl_pkg:/opt/aws/deepracer/lib/servo_pkg:/opt/aws/deepracer/lib/sensor_fusion_pkg:/opt/aws/deepracer/lib/rplidar_ros2:/opt/aws/deepracer/lib/rplidar_ros:/opt/aws/deepracer/lib/inference_pkg:/opt/aws/deepracer/lib/i2c_pkg:/opt/aws/deepracer/lib/camera_pkg:/opt/aws/deepracer/lib/deepracer_interfaces_pkg:/root/deepracer_ws/video_filtering_project/video_filtering_ws/install/nav_pkg:/root/deepracer_ws/video_filtering_project/video_filtering_ws/install/leds_pkg:/root/deepracer_ws/video_filtering_project/video_filtering_ws/install/filters_pkg:/opt/aws/deepracer/lib/webserver_pkg:/opt/aws/deepracer/lib/deepracer_systems_pkg:/opt/aws/deepracer/lib/usb_monitor_pkg:/opt/aws/deepracer/lib/status_led_pkg:/opt/aws/deepracer/lib/model_optimizer_pkg:/opt/aws/deepracer/lib/device_info_pkg:/opt/aws/deepracer/lib/deepracer_navigation_pkg:/opt/ros/foxy:/opt/aws/deepracer/lib/async_web_server_cpp /usr/bin/cmake --install /root/deepracer_ws/color-detection-project/color_detection_ws/build/color_interfaces
[2.364s] -- Install configuration: ""
[2.365s] -- Up-to-date: /root/deepracer_ws/color-detection-project/color_detection_ws/install/color_interfaces/share/ament_index/resource_index/rosidl_interfaces/color_interfaces
[2.365s] -- Up-to-date: /root/deepracer_ws/color-detection-project/color_detection_ws/install/color_interfaces/include/color_interfaces
[2.366s] -- Up-to-date: /root/deepracer_ws/color-detection-project/color_detection_ws/install/color_interfaces/include/color_interfaces/msg
[2.366s] -- Up-to-date: /root/deepracer_ws/color-detection-project/color_detection_ws/install/color_interfaces/include/color_interfaces/msg/rosidl_generator_c__visibility_control.h
[2.367s] -- Up-to-date: /root/deepracer_ws/color-detection-project/color_detection_ws/install/color_interfaces/include/color_interfaces/msg/color_flag.h
[2.368s] -- Up-to-date: /root/deepracer_ws/color-detection-project/color_detection_ws/install/color_interfaces/include/color_interfaces/msg/detail
[2.368s] -- Up-to-date: /root/deepracer_ws/color-detection-project/color_detection_ws/install/color_interfaces/include/color_interfaces/msg/detail/color_flag__functions.c
[2.369s] -- Up-to-date: /root/deepracer_ws/color-detection-project/color_detection_ws/install/color_interfaces/include/color_interfaces/msg/detail/color_flag__functions.h
[2.369s] -- Up-to-date: /root/deepracer_ws/color-detection-project/color_detection_ws/install/color_interfaces/include/color_interfaces/msg/detail/color_flag__struct.h
[2.371s] -- Up-to-date: /root/deepracer_ws/color-detection-project/color_detection_ws/install/color_interfaces/include/color_interfaces/msg/detail/color_flag__type_support.h
[2.373s] -- Up-to-date: /root/deepracer_ws/color-detection-project/color_detection_ws/install/color_interfaces/share/color_interfaces/environment/library_path.sh
[2.374s] -- Up-to-date: /root/deepracer_ws/color-detection-project/color_detection_ws/install/color_interfaces/share/color_interfaces/environment/library_path.dsv
[2.376s] -- Up-to-date: /root/deepracer_ws/color-detection-project/color_detection_ws/install/color_interfaces/lib/libcolor_interfaces__rosidl_generator_c.so
[2.378s] -- Up-to-date: /root/deepracer_ws/color-detection-project/color_detection_ws/install/color_interfaces/include/color_interfaces
[2.389s] -- Up-to-date: /root/deepracer_ws/color-detection-project/color_detection_ws/install/color_interfaces/include/color_interfaces/msg
[2.390s] -- Up-to-date: /root/deepracer_ws/color-detection-project/color_detection_ws/install/color_interfaces/include/color_interfaces/msg/rosidl_typesupport_fastrtps_c__visibility_control.h
[2.390s] -- Up-to-date: /root/deepracer_ws/color-detection-project/color_detection_ws/install/color_interfaces/include/color_interfaces/msg/detail
[2.390s] -- Up-to-date: /root/deepracer_ws/color-detection-project/color_detection_ws/install/color_interfaces/include/color_interfaces/msg/detail/color_flag__rosidl_typesupport_fastrtps_c.h
[2.391s] -- Up-to-date: /root/deepracer_ws/color-detection-project/color_detection_ws/install/color_interfaces/lib/libcolor_interfaces__rosidl_typesupport_fastrtps_c.so
[2.391s] -- Up-to-date: /root/deepracer_ws/color-detection-project/color_detection_ws/install/color_interfaces/include/color_interfaces
[2.393s] -- Up-to-date: /root/deepracer_ws/color-detection-project/color_detection_ws/install/color_interfaces/include/color_interfaces/msg
[2.394s] -- Up-to-date: /root/deepracer_ws/color-detection-project/color_detection_ws/install/color_interfaces/include/color_interfaces/msg/rosidl_typesupport_fastrtps_cpp__visibility_control.h
[2.394s] -- Up-to-date: /root/deepracer_ws/color-detection-project/color_detection_ws/install/color_interfaces/include/color_interfaces/msg/detail
[2.395s] -- Up-to-date: /root/deepracer_ws/color-detection-project/color_detection_ws/install/color_interfaces/include/color_interfaces/msg/detail/color_flag__rosidl_typesupport_fastrtps_cpp.hpp
[2.395s] -- Up-to-date: /root/deepracer_ws/color-detection-project/color_detection_ws/install/color_interfaces/include/color_interfaces/msg/detail/dds_fastrtps
[2.395s] -- Up-to-date: /root/deepracer_ws/color-detection-project/color_detection_ws/install/color_interfaces/lib/libcolor_interfaces__rosidl_typesupport_fastrtps_cpp.so
[2.396s] -- Up-to-date: /root/deepracer_ws/color-detection-project/color_detection_ws/install/color_interfaces/include/color_interfaces
[2.396s] -- Up-to-date: /root/deepracer_ws/color-detection-project/color_detection_ws/install/color_interfaces/include/color_interfaces/msg
[2.396s] -- Up-to-date: /root/deepracer_ws/color-detection-project/color_detection_ws/install/color_interfaces/include/color_interfaces/msg/rosidl_typesupport_introspection_c__visibility_control.h
[2.396s] -- Up-to-date: /root/deepracer_ws/color-detection-project/color_detection_ws/install/color_interfaces/include/color_interfaces/msg/detail
[2.397s] -- Up-to-date: /root/deepracer_ws/color-detection-project/color_detection_ws/install/color_interfaces/include/color_interfaces/msg/detail/color_flag__rosidl_typesupport_introspection_c.h
[2.397s] -- Up-to-date: /root/deepracer_ws/color-detection-project/color_detection_ws/install/color_interfaces/include/color_interfaces/msg/detail/color_flag__type_support.c
[2.397s] -- Up-to-date: /root/deepracer_ws/color-detection-project/color_detection_ws/install/color_interfaces/lib/libcolor_interfaces__rosidl_typesupport_introspection_c.so
[2.398s] -- Up-to-date: /root/deepracer_ws/color-detection-project/color_detection_ws/install/color_interfaces/lib/libcolor_interfaces__rosidl_typesupport_c.so
[2.398s] -- Up-to-date: /root/deepracer_ws/color-detection-project/color_detection_ws/install/color_interfaces/include/color_interfaces
[2.398s] -- Up-to-date: /root/deepracer_ws/color-detection-project/color_detection_ws/install/color_interfaces/include/color_interfaces/msg
[2.399s] -- Up-to-date: /root/deepracer_ws/color-detection-project/color_detection_ws/install/color_interfaces/include/color_interfaces/msg/color_flag.hpp
[2.399s] -- Up-to-date: /root/deepracer_ws/color-detection-project/color_detection_ws/install/color_interfaces/include/color_interfaces/msg/detail
[2.399s] -- Up-to-date: /root/deepracer_ws/color-detection-project/color_detection_ws/install/color_interfaces/include/color_interfaces/msg/detail/color_flag__builder.hpp
[2.405s] -- Up-to-date: /root/deepracer_ws/color-detection-project/color_detection_ws/install/color_interfaces/include/color_interfaces/msg/detail/color_flag__struct.hpp
[2.406s] -- Up-to-date: /root/deepracer_ws/color-detection-project/color_detection_ws/install/color_interfaces/include/color_interfaces/msg/detail/color_flag__traits.hpp
[2.406s] -- Up-to-date: /root/deepracer_ws/color-detection-project/color_detection_ws/install/color_interfaces/include/color_interfaces
[2.406s] -- Up-to-date: /root/deepracer_ws/color-detection-project/color_detection_ws/install/color_interfaces/include/color_interfaces/msg
[2.407s] -- Up-to-date: /root/deepracer_ws/color-detection-project/color_detection_ws/install/color_interfaces/include/color_interfaces/msg/detail
[2.407s] -- Up-to-date: /root/deepracer_ws/color-detection-project/color_detection_ws/install/color_interfaces/include/color_interfaces/msg/detail/color_flag__rosidl_typesupport_introspection_cpp.hpp
[2.407s] -- Up-to-date: /root/deepracer_ws/color-detection-project/color_detection_ws/install/color_interfaces/include/color_interfaces/msg/detail/color_flag__type_support.cpp
[2.408s] -- Up-to-date: /root/deepracer_ws/color-detection-project/color_detection_ws/install/color_interfaces/lib/libcolor_interfaces__rosidl_typesupport_introspection_cpp.so
[2.408s] -- Up-to-date: /root/deepracer_ws/color-detection-project/color_detection_ws/install/color_interfaces/lib/libcolor_interfaces__rosidl_typesupport_cpp.so
[2.408s] -- Up-to-date: /root/deepracer_ws/color-detection-project/color_detection_ws/install/color_interfaces/share/color_interfaces/environment/pythonpath.sh
[2.409s] -- Up-to-date: /root/deepracer_ws/color-detection-project/color_detection_ws/install/color_interfaces/share/color_interfaces/environment/pythonpath.dsv
[2.409s] -- Up-to-date: /root/deepracer_ws/color-detection-project/color_detection_ws/install/color_interfaces/lib/python3.8/site-packages/color_interfaces/__init__.py
[2.533s] -- Up-to-date: /root/deepracer_ws/color-detection-project/color_detection_ws/install/color_interfaces/lib/python3.8/site-packages/color_interfaces/msg
[2.533s] -- Up-to-date: /root/deepracer_ws/color-detection-project/color_detection_ws/install/color_interfaces/lib/python3.8/site-packages/color_interfaces/msg/_color_flag.py
[2.534s] -- Up-to-date: /root/deepracer_ws/color-detection-project/color_detection_ws/install/color_interfaces/lib/python3.8/site-packages/color_interfaces/msg/_color_flag_s.c
[2.534s] -- Up-to-date: /root/deepracer_ws/color-detection-project/color_detection_ws/install/color_interfaces/lib/python3.8/site-packages/color_interfaces/msg/__init__.py
[2.535s] -- Up-to-date: /root/deepracer_ws/color-detection-project/color_detection_ws/install/color_interfaces/lib/python3.8/site-packages/color_interfaces/color_interfaces_s__rosidl_typesupport_fastrtps_c.cpython-38-x86_64-linux-gnu.so
[2.535s] -- Up-to-date: /root/deepracer_ws/color-detection-project/color_detection_ws/install/color_interfaces/lib/python3.8/site-packages/color_interfaces/color_interfaces_s__rosidl_typesupport_introspection_c.cpython-38-x86_64-linux-gnu.so
[2.536s] -- Up-to-date: /root/deepracer_ws/color-detection-project/color_detection_ws/install/color_interfaces/lib/python3.8/site-packages/color_interfaces/color_interfaces_s__rosidl_typesupport_c.cpython-38-x86_64-linux-gnu.so
[2.536s] -- Up-to-date: /root/deepracer_ws/color-detection-project/color_detection_ws/install/color_interfaces/lib/libcolor_interfaces__python.so
[2.537s] -- Up-to-date: /root/deepracer_ws/color-detection-project/color_detection_ws/install/color_interfaces/share/color_interfaces/msg/ColorFlag.idl
[2.537s] -- Up-to-date: /root/deepracer_ws/color-detection-project/color_detection_ws/install/color_interfaces/share/color_interfaces/msg/ColorFlag.msg
[2.537s] -- Up-to-date: /root/deepracer_ws/color-detection-project/color_detection_ws/install/color_interfaces/share/ament_index/resource_index/package_run_dependencies/color_interfaces
[2.539s] -- Up-to-date: /root/deepracer_ws/color-detection-project/color_detection_ws/install/color_interfaces/share/ament_index/resource_index/parent_prefix_path/color_interfaces
[2.540s] -- Up-to-date: /root/deepracer_ws/color-detection-project/color_detection_ws/install/color_interfaces/share/color_interfaces/environment/ament_prefix_path.sh
[2.543s] -- Up-to-date: /root/deepracer_ws/color-detection-project/color_detection_ws/install/color_interfaces/share/color_interfaces/environment/ament_prefix_path.dsv
[2.543s] -- Up-to-date: /root/deepracer_ws/color-detection-project/color_detection_ws/install/color_interfaces/share/color_interfaces/environment/path.sh
[2.544s] -- Up-to-date: /root/deepracer_ws/color-detection-project/color_detection_ws/install/color_interfaces/share/color_interfaces/environment/path.dsv
[2.544s] -- Up-to-date: /root/deepracer_ws/color-detection-project/color_detection_ws/install/color_interfaces/share/color_interfaces/local_setup.bash
[2.544s] -- Up-to-date: /root/deepracer_ws/color-detection-project/color_detection_ws/install/color_interfaces/share/color_interfaces/local_setup.sh
[2.544s] -- Up-to-date: /root/deepracer_ws/color-detection-project/color_detection_ws/install/color_interfaces/share/color_interfaces/local_setup.zsh
[2.545s] -- Up-to-date: /root/deepracer_ws/color-detection-project/color_detection_ws/install/color_interfaces/share/color_interfaces/local_setup.dsv
[2.545s] -- Installing: /root/deepracer_ws/color-detection-project/color_detection_ws/install/color_interfaces/share/color_interfaces/package.dsv
[2.545s] -- Up-to-date: /root/deepracer_ws/color-detection-project/color_detection_ws/install/color_interfaces/share/ament_index/resource_index/packages/color_interfaces
[2.556s] -- Up-to-date: /root/deepracer_ws/color-detection-project/color_detection_ws/install/color_interfaces/share/color_interfaces/cmake/color_interfaces__rosidl_generator_cExport.cmake
[2.557s] -- Up-to-date: /root/deepracer_ws/color-detection-project/color_detection_ws/install/color_interfaces/share/color_interfaces/cmake/color_interfaces__rosidl_generator_cExport-noconfig.cmake
[2.557s] -- Up-to-date: /root/deepracer_ws/color-detection-project/color_detection_ws/install/color_interfaces/share/color_interfaces/cmake/color_interfaces__rosidl_typesupport_introspection_cExport.cmake
[2.558s] -- Up-to-date: /root/deepracer_ws/color-detection-project/color_detection_ws/install/color_interfaces/share/color_interfaces/cmake/color_interfaces__rosidl_typesupport_introspection_cExport-noconfig.cmake
[2.558s] -- Up-to-date: /root/deepracer_ws/color-detection-project/color_detection_ws/install/color_interfaces/share/color_interfaces/cmake/color_interfaces__rosidl_typesupport_cExport.cmake
[2.558s] -- Up-to-date: /root/deepracer_ws/color-detection-project/color_detection_ws/install/color_interfaces/share/color_interfaces/cmake/color_interfaces__rosidl_typesupport_cExport-noconfig.cmake
[2.559s] -- Up-to-date: /root/deepracer_ws/color-detection-project/color_detection_ws/install/color_interfaces/share/color_interfaces/cmake/color_interfaces__rosidl_generator_cppExport.cmake
[2.559s] -- Up-to-date: /root/deepracer_ws/color-detection-project/color_detection_ws/install/color_interfaces/share/color_interfaces/cmake/color_interfaces__rosidl_typesupport_introspection_cppExport.cmake
[2.559s] -- Up-to-date: /root/deepracer_ws/color-detection-project/color_detection_ws/install/color_interfaces/share/color_interfaces/cmake/color_interfaces__rosidl_typesupport_introspection_cppExport-noconfig.cmake
[2.560s] -- Up-to-date: /root/deepracer_ws/color-detection-project/color_detection_ws/install/color_interfaces/share/color_interfaces/cmake/color_interfaces__rosidl_typesupport_cppExport.cmake
[2.566s] -- Up-to-date: /root/deepracer_ws/color-detection-project/color_detection_ws/install/color_interfaces/share/color_interfaces/cmake/color_interfaces__rosidl_typesupport_cppExport-noconfig.cmake
[2.570s] -- Up-to-date: /root/deepracer_ws/color-detection-project/color_detection_ws/install/color_interfaces/share/color_interfaces/cmake/rosidl_cmake-extras.cmake
[2.575s] -- Up-to-date: /root/deepracer_ws/color-detection-project/color_detection_ws/install/color_interfaces/share/color_interfaces/cmake/ament_cmake_export_dependencies-extras.cmake
[2.598s] -- Up-to-date: /root/deepracer_ws/color-detection-project/color_detection_ws/install/color_interfaces/share/color_interfaces/cmake/ament_cmake_export_libraries-extras.cmake
[2.600s] -- Up-to-date: /root/deepracer_ws/color-detection-project/color_detection_ws/install/color_interfaces/share/color_interfaces/cmake/ament_cmake_export_targets-extras.cmake
[2.600s] -- Up-to-date: /root/deepracer_ws/color-detection-project/color_detection_ws/install/color_interfaces/share/color_interfaces/cmake/ament_cmake_export_include_directories-extras.cmake
[2.601s] -- Up-to-date: /root/deepracer_ws/color-detection-project/color_detection_ws/install/color_interfaces/share/color_interfaces/cmake/rosidl_cmake_export_typesupport_libraries-extras.cmake
[2.602s] -- Up-to-date: /root/deepracer_ws/color-detection-project/color_detection_ws/install/color_interfaces/share/color_interfaces/cmake/rosidl_cmake_export_typesupport_targets-extras.cmake
[2.603s] -- Up-to-date: /root/deepracer_ws/color-detection-project/color_detection_ws/install/color_interfaces/share/color_interfaces/cmake/color_interfacesConfig.cmake
[2.604s] -- Up-to-date: /root/deepracer_ws/color-detection-project/color_detection_ws/install/color_interfaces/share/color_interfaces/cmake/color_interfacesConfig-version.cmake
[2.604s] -- Up-to-date: /root/deepracer_ws/color-detection-project/color_detection_ws/install/color_interfaces/share/color_interfaces/package.xml
[2.605s] Invoked command in '/root/deepracer_ws/color-detection-project/color_detection_ws/build/color_interfaces' returned '0': CMAKE_PREFIX_PATH=/root/deepracer_ws/video_filtering_project/video_filtering_ws/install/vision_interfaces_pkg:/opt/aws/deepracer/lib/deepracer_launcher:/opt/aws/deepracer/lib/web_video_server:/opt/aws/deepracer/lib/ctrl_pkg:/opt/aws/deepracer/lib/servo_pkg:/opt/aws/deepracer/lib/sensor_fusion_pkg:/opt/aws/deepracer/lib/rplidar_ros2:/opt/aws/deepracer/lib/rplidar_ros:/opt/aws/deepracer/lib/inference_pkg:/opt/aws/deepracer/lib/i2c_pkg:/opt/aws/deepracer/lib/camera_pkg:/opt/aws/deepracer/lib/deepracer_interfaces_pkg:/root/deepracer_ws/video_filtering_project/video_filtering_ws/install/nav_pkg:/root/deepracer_ws/video_filtering_project/video_filtering_ws/install/leds_pkg:/root/deepracer_ws/video_filtering_project/video_filtering_ws/install/filters_pkg:/opt/aws/deepracer/lib/webserver_pkg:/opt/aws/deepracer/lib/deepracer_systems_pkg:/opt/aws/deepracer/lib/usb_monitor_pkg:/opt/aws/deepracer/lib/status_led_pkg:/opt/aws/deepracer/lib/model_optimizer_pkg:/opt/aws/deepracer/lib/device_info_pkg:/opt/aws/deepracer/lib/deepracer_navigation_pkg:/opt/ros/foxy:/opt/aws/deepracer/lib/async_web_server_cpp /usr/bin/cmake --install /root/deepracer_ws/color-detection-project/color_detection_ws/build/color_interfaces
